2020-03-26 20:03:45.948 DEBUG [main]com.jg.blog.DemoApplication.logStarting:53 -Running with Spring Boot v2.1.13.RELEASE, Spring v5.1.14.RELEASE
2020-03-26 20:04:23.656 DEBUG [http-nio-1000-exec-2]com.jg.blog.mapper.AdminMapper.getByUserName.debug:159 -==>  Preparing: select name, header, signature, username, password from bl_admin where username =? 
2020-03-26 20:04:23.681 DEBUG [http-nio-1000-exec-2]com.jg.blog.mapper.AdminMapper.getByUserName.debug:159 -==> Parameters: admin(String)
2020-03-26 20:04:23.733 DEBUG [http-nio-1000-exec-2]com.jg.blog.mapper.AdminMapper.getByUserName.debug:159 -<==      Total: 1
2020-03-26 20:04:23.831 DEBUG [http-nio-1000-exec-2]com.jg.blog.mapper.LogMapper.save.debug:159 -==>  Preparing: insert into bl_log(log_url, log_params, log_status, log_message, log_method, log_time, log_result, log_ip)values (?,?,?,?,?,?,?,?) 
2020-03-26 20:04:23.835 DEBUG [http-nio-1000-exec-2]com.jg.blog.mapper.LogMapper.save.debug:159 -==> Parameters: /admin/login(String), [Admin(id=null, name=null, header=null, signature=null, comment=null, username=admin, password=123456)](String), 1(Integer), null, POST(String), 391(Long), {"code":20000,"data":{"token":"0A9D47CA53FE244349242E2DA5FA1AF2"},"msg":"操作成功"}(String), 0:0:0:0:0:0:0:1(String)
2020-03-26 20:04:23.852 DEBUG [http-nio-1000-exec-2]com.jg.blog.mapper.LogMapper.save.debug:159 -<==    Updates: 1
2020-03-26 20:04:52.764 DEBUG [http-nio-1000-exec-3]com.jg.blog.mapper.TypeMapper.getByName.debug:159 -==>  Preparing: select type_id, type_name, type_blog_count from bl_type where deleted = 0 and type_name = ? 
2020-03-26 20:04:52.765 DEBUG [http-nio-1000-exec-3]com.jg.blog.mapper.TypeMapper.getByName.debug:159 -==> Parameters: java(String)
2020-03-26 20:04:52.777 DEBUG [http-nio-1000-exec-3]com.jg.blog.mapper.TypeMapper.getByName.debug:159 -<==      Total: 1
2020-03-26 20:04:52.779 DEBUG [http-nio-1000-exec-3]com.jg.blog.mapper.LogMapper.save.debug:159 -==>  Preparing: insert into bl_log(log_url, log_params, log_status, log_message, log_method, log_time, log_result, log_ip)values (?,?,?,?,?,?,?,?) 
2020-03-26 20:04:52.781 DEBUG [http-nio-1000-exec-3]com.jg.blog.mapper.LogMapper.save.debug:159 -==> Parameters: /type/save(String), [com.jg.blog.pojo.Type@5a818e80](String), 0(Integer), com.jg.blog.exception.BlogException: 该分类已存在
	at com.jg.blog.service.impl.TypeServiceImpl.save(TypeServiceImpl.java:35)
	at com.jg.blog.controller.TypeController.save(TypeController.java:31)
	at com.jg.blog.controller.TypeController$$FastClassBySpringCGLIB$$e1d28180.invoke(<generated>)
	at com.jg.blog.aspect.RequestAspect.doAround(RequestAspect.java:67)
	at com.jg.blog.controller.TypeController$$EnhancerBySpringCGLIB$$88048379.save(<generated>)
(String), POST(String), 0(Long), null, 0:0:0:0:0:0:0:1(String)
2020-03-26 20:04:52.786 DEBUG [http-nio-1000-exec-3]com.jg.blog.mapper.LogMapper.save.debug:159 -<==    Updates: 1
2020-03-26 20:05:03.714 DEBUG [http-nio-1000-exec-4]com.jg.blog.mapper.TypeMapper.getByName.debug:159 -==>  Preparing: select type_id, type_name, type_blog_count from bl_type where deleted = 0 and type_name = ? 
2020-03-26 20:05:03.714 DEBUG [http-nio-1000-exec-4]com.jg.blog.mapper.TypeMapper.getByName.debug:159 -==> Parameters: springboot(String)
2020-03-26 20:05:03.716 DEBUG [http-nio-1000-exec-4]com.jg.blog.mapper.TypeMapper.getByName.debug:159 -<==      Total: 0
2020-03-26 20:05:03.717 DEBUG [http-nio-1000-exec-4]com.jg.blog.mapper.TypeMapper.insert.debug:159 -==>  Preparing: insert into bl_type(type_name) values( ? ) 
2020-03-26 20:05:03.718 DEBUG [http-nio-1000-exec-4]com.jg.blog.mapper.TypeMapper.insert.debug:159 -==> Parameters: springboot(String)
2020-03-26 20:05:03.725 DEBUG [http-nio-1000-exec-4]com.jg.blog.mapper.TypeMapper.insert.debug:159 -<==    Updates: 1
2020-03-26 20:05:03.726 DEBUG [http-nio-1000-exec-4]com.jg.blog.mapper.LogMapper.save.debug:159 -==>  Preparing: insert into bl_log(log_url, log_params, log_status, log_message, log_method, log_time, log_result, log_ip)values (?,?,?,?,?,?,?,?) 
2020-03-26 20:05:03.727 DEBUG [http-nio-1000-exec-4]com.jg.blog.mapper.LogMapper.save.debug:159 -==> Parameters: /type/save(String), [com.jg.blog.pojo.Type@4f8797ba](String), 1(Integer), null, POST(String), 13(Long), {"code":20000,"msg":"添加成功"}(String), 0:0:0:0:0:0:0:1(String)
2020-03-26 20:05:03.733 DEBUG [http-nio-1000-exec-4]com.jg.blog.mapper.LogMapper.save.debug:159 -<==    Updates: 1
2020-03-26 20:05:27.765 DEBUG [http-nio-1000-exec-5]com.jg.blog.mapper.TypeMapper.getByName.debug:159 -==>  Preparing: select type_id, type_name, type_blog_count from bl_type where deleted = 0 and type_name = ? 
2020-03-26 20:05:27.766 DEBUG [http-nio-1000-exec-5]com.jg.blog.mapper.TypeMapper.getByName.debug:159 -==> Parameters: vue(String)
2020-03-26 20:05:27.767 DEBUG [http-nio-1000-exec-5]com.jg.blog.mapper.TypeMapper.getByName.debug:159 -<==      Total: 0
2020-03-26 20:05:27.768 DEBUG [http-nio-1000-exec-5]com.jg.blog.mapper.TypeMapper.insert.debug:159 -==>  Preparing: insert into bl_type(type_name) values( ? ) 
2020-03-26 20:05:27.768 DEBUG [http-nio-1000-exec-5]com.jg.blog.mapper.TypeMapper.insert.debug:159 -==> Parameters: vue(String)
2020-03-26 20:05:27.775 DEBUG [http-nio-1000-exec-5]com.jg.blog.mapper.TypeMapper.insert.debug:159 -<==    Updates: 1
2020-03-26 20:05:27.778 DEBUG [http-nio-1000-exec-5]com.jg.blog.mapper.LogMapper.save.debug:159 -==>  Preparing: insert into bl_log(log_url, log_params, log_status, log_message, log_method, log_time, log_result, log_ip)values (?,?,?,?,?,?,?,?) 
2020-03-26 20:05:27.779 DEBUG [http-nio-1000-exec-5]com.jg.blog.mapper.LogMapper.save.debug:159 -==> Parameters: /type/save(String), [com.jg.blog.pojo.Type@7d022ba1](String), 1(Integer), null, POST(String), 13(Long), {"code":20000,"msg":"添加成功"}(String), 0:0:0:0:0:0:0:1(String)
2020-03-26 20:05:27.786 DEBUG [http-nio-1000-exec-5]com.jg.blog.mapper.LogMapper.save.debug:159 -<==    Updates: 1
2020-03-26 20:07:36.776 DEBUG [http-nio-1000-exec-10]com.jg.blog.mapper.TypeMapper.getAll.debug:159 -==>  Preparing: select type_id, type_name, type_blog_count, enable from bl_type where deleted = 0 
2020-03-26 20:07:36.777 DEBUG [http-nio-1000-exec-10]com.jg.blog.mapper.TypeMapper.getAll.debug:159 -==> Parameters: 
2020-03-26 20:07:36.779 DEBUG [http-nio-1000-exec-10]com.jg.blog.mapper.TypeMapper.getAll.debug:159 -<==      Total: 3
2020-03-26 20:07:36.782 DEBUG [http-nio-1000-exec-10]com.jg.blog.mapper.LogMapper.save.debug:159 -==>  Preparing: insert into bl_log(log_url, log_params, log_status, log_message, log_method, log_time, log_result, log_ip)values (?,?,?,?,?,?,?,?) 
2020-03-26 20:07:36.783 DEBUG [http-nio-1000-exec-10]com.jg.blog.mapper.LogMapper.save.debug:159 -==> Parameters: /type/listBack(String), [](String), 1(Integer), null, GET(String), 13(Long), {"code":20000,"msg":"操作成功"}(String), 0:0:0:0:0:0:0:1(String)
2020-03-26 20:07:36.789 DEBUG [http-nio-1000-exec-10]com.jg.blog.mapper.LogMapper.save.debug:159 -<==    Updates: 1
2020-03-26 20:15:02.593 DEBUG [http-nio-1000-exec-3]com.jg.blog.mapper.TypeMapper.getTypeList.debug:159 -==>  Preparing: select type_id, type_name, type_blog_count from bl_type where deleted = 0 and enable = 1 
2020-03-26 20:15:02.593 DEBUG [http-nio-1000-exec-3]com.jg.blog.mapper.TypeMapper.getTypeList.debug:159 -==> Parameters: 
2020-03-26 20:15:02.596 DEBUG [http-nio-1000-exec-3]com.jg.blog.mapper.TypeMapper.getTypeList.debug:159 -<==      Total: 3
2020-03-26 20:15:02.597 DEBUG [http-nio-1000-exec-3]com.jg.blog.mapper.LogMapper.save.debug:159 -==>  Preparing: insert into bl_log(log_url, log_params, log_status, log_message, log_method, log_time, log_result, log_ip)values (?,?,?,?,?,?,?,?) 
2020-03-26 20:15:02.598 DEBUG [http-nio-1000-exec-3]com.jg.blog.mapper.LogMapper.save.debug:159 -==> Parameters: /type/getList(String), [](String), 1(Integer), com.jg.blog.exception.BlogException: 该分类已存在
	at com.jg.blog.service.impl.TypeServiceImpl.save(TypeServiceImpl.java:35)
	at com.jg.blog.controller.TypeController.save(TypeController.java:31)
	at com.jg.blog.controller.TypeController$$FastClassBySpringCGLIB$$e1d28180.invoke(<generated>)
	at com.jg.blog.aspect.RequestAspect.doAround(RequestAspect.java:67)
	at com.jg.blog.controller.TypeController$$EnhancerBySpringCGLIB$$88048379.save(<generated>)
(String), GET(String), 10(Long), {"code":20000,"msg":"操作成功"}(String), 0:0:0:0:0:0:0:1(String)
2020-03-26 20:15:02.605 DEBUG [http-nio-1000-exec-3]com.jg.blog.mapper.LogMapper.save.debug:159 -<==    Updates: 1
2020-03-26 20:16:09.817 DEBUG [http-nio-1000-exec-6]com.jg.blog.mapper.TypeMapper.getTypeList.debug:159 -==>  Preparing: select type_id, type_name, type_blog_count from bl_type where deleted = 0 and enable = 1 
2020-03-26 20:16:09.818 DEBUG [http-nio-1000-exec-6]com.jg.blog.mapper.TypeMapper.getTypeList.debug:159 -==> Parameters: 
2020-03-26 20:16:09.819 DEBUG [http-nio-1000-exec-6]com.jg.blog.mapper.TypeMapper.getTypeList.debug:159 -<==      Total: 3
2020-03-26 20:16:09.821 DEBUG [http-nio-1000-exec-6]com.jg.blog.mapper.LogMapper.save.debug:159 -==>  Preparing: insert into bl_log(log_url, log_params, log_status, log_message, log_method, log_time, log_result, log_ip)values (?,?,?,?,?,?,?,?) 
2020-03-26 20:16:09.824 DEBUG [http-nio-1000-exec-6]com.jg.blog.mapper.LogMapper.save.debug:159 -==> Parameters: /type/getList(String), [](String), 1(Integer), null, GET(String), 10(Long), {"code":20000,"msg":"操作成功"}(String), 0:0:0:0:0:0:0:1(String)
2020-03-26 20:16:09.833 DEBUG [http-nio-1000-exec-6]com.jg.blog.mapper.LogMapper.save.debug:159 -<==    Updates: 1
2020-03-26 20:16:35.005 DEBUG [http-nio-1000-exec-7]com.jg.blog.mapper.TypeMapper.getTypeList.debug:159 -==>  Preparing: select type_id, type_name, type_blog_count from bl_type where deleted = 0 and enable = 1 
2020-03-26 20:16:35.005 DEBUG [http-nio-1000-exec-7]com.jg.blog.mapper.TypeMapper.getTypeList.debug:159 -==> Parameters: 
2020-03-26 20:16:35.008 DEBUG [http-nio-1000-exec-7]com.jg.blog.mapper.TypeMapper.getTypeList.debug:159 -<==      Total: 3
2020-03-26 20:16:35.010 DEBUG [http-nio-1000-exec-7]com.jg.blog.mapper.LogMapper.save.debug:159 -==>  Preparing: insert into bl_log(log_url, log_params, log_status, log_message, log_method, log_time, log_result, log_ip)values (?,?,?,?,?,?,?,?) 
2020-03-26 20:16:35.011 DEBUG [http-nio-1000-exec-7]com.jg.blog.mapper.LogMapper.save.debug:159 -==> Parameters: /type/getList(String), [](String), 1(Integer), null, GET(String), 7(Long), {"code":20000,"msg":"操作成功"}(String), 0:0:0:0:0:0:0:1(String)
2020-03-26 20:16:35.016 DEBUG [http-nio-1000-exec-7]com.jg.blog.mapper.LogMapper.save.debug:159 -<==    Updates: 1
2020-03-26 20:17:31.872 DEBUG [main]com.jg.blog.DemoApplication.logStarting:53 -Running with Spring Boot v2.1.13.RELEASE, Spring v5.1.14.RELEASE
2020-03-26 20:18:35.945 DEBUG [http-nio-1000-exec-1]com.jg.blog.mapper.AdminMapper.getByUserName.debug:159 -==>  Preparing: select name, header, signature, username, password from bl_admin where username =? 
2020-03-26 20:18:35.967 DEBUG [http-nio-1000-exec-1]com.jg.blog.mapper.AdminMapper.getByUserName.debug:159 -==> Parameters: admin(String)
2020-03-26 20:18:35.987 DEBUG [http-nio-1000-exec-1]com.jg.blog.mapper.AdminMapper.getByUserName.debug:159 -<==      Total: 1
2020-03-26 20:18:36.049 DEBUG [http-nio-1000-exec-1]com.jg.blog.mapper.LogMapper.save.debug:159 -==>  Preparing: insert into bl_log(log_url, log_params, log_status, log_message, log_method, log_time, log_result, log_ip)values (?,?,?,?,?,?,?,?) 
2020-03-26 20:18:36.052 DEBUG [http-nio-1000-exec-1]com.jg.blog.mapper.LogMapper.save.debug:159 -==> Parameters: /admin/login(String), [Admin(id=null, name=null, header=null, signature=null, comment=null, username=admin, password=123456)](String), 1(Integer), null, POST(String), 169(Long), {"code":20000,"data":{"token":"5B61D485E6C8759EF2724A69D0D770B2"},"msg":"操作成功"}(String), 0:0:0:0:0:0:0:1(String)
2020-03-26 20:18:36.057 DEBUG [http-nio-1000-exec-1]com.jg.blog.mapper.LogMapper.save.debug:159 -<==    Updates: 1
2020-03-26 20:18:57.395 DEBUG [http-nio-1000-exec-3]com.jg.blog.mapper.TypeMapper.getTypeList.debug:159 -==>  Preparing: select type_id, type_name, type_blog_count from bl_type where deleted = 0 and enable = 1 
2020-03-26 20:18:57.396 DEBUG [http-nio-1000-exec-3]com.jg.blog.mapper.TypeMapper.getTypeList.debug:159 -==> Parameters: 
2020-03-26 20:18:57.401 DEBUG [http-nio-1000-exec-3]com.jg.blog.mapper.TypeMapper.getTypeList.debug:159 -<==      Total: 3
2020-03-26 20:18:57.406 DEBUG [http-nio-1000-exec-3]com.jg.blog.mapper.LogMapper.save.debug:159 -==>  Preparing: insert into bl_log(log_url, log_params, log_status, log_message, log_method, log_time, log_result, log_ip)values (?,?,?,?,?,?,?,?) 
2020-03-26 20:18:57.407 DEBUG [http-nio-1000-exec-3]com.jg.blog.mapper.LogMapper.save.debug:159 -==> Parameters: /type/getList(String), [](String), 1(Integer), null, GET(String), 11(Long), {"code":20000,"data":[{"typeBlogCount":0,"typeId":6,"typeName":"java"},{"typeBlogCount":0,"typeId":7,"typeName":"springboot"},{"typeBlogCount":0,"typeId":8,"typeName":"vue"}],"msg":"操作成功"}(String), 0:0:0:0:0:0:0:1(String)
2020-03-26 20:18:57.412 DEBUG [http-nio-1000-exec-3]com.jg.blog.mapper.LogMapper.save.debug:159 -<==    Updates: 1
2020-03-26 20:24:21.520 DEBUG [main]com.jg.blog.DemoApplication.logStarting:53 -Running with Spring Boot v2.1.13.RELEASE, Spring v5.1.14.RELEASE
2020-03-26 20:24:35.231 DEBUG [main]com.jg.blog.DemoApplication.logStarting:53 -Running with Spring Boot v2.1.13.RELEASE, Spring v5.1.14.RELEASE
2020-03-26 20:24:53.224 DEBUG [http-nio-1000-exec-1]com.jg.blog.mapper.AdminMapper.getByUserName.debug:159 -==>  Preparing: select name, header, signature, username, password from bl_admin where username =? 
2020-03-26 20:24:53.258 DEBUG [http-nio-1000-exec-1]com.jg.blog.mapper.AdminMapper.getByUserName.debug:159 -==> Parameters: admin(String)
2020-03-26 20:24:53.294 DEBUG [http-nio-1000-exec-1]com.jg.blog.mapper.AdminMapper.getByUserName.debug:159 -<==      Total: 1
2020-03-26 20:24:53.408 DEBUG [http-nio-1000-exec-1]com.jg.blog.mapper.LogMapper.save.debug:159 -==>  Preparing: insert into bl_log(log_url, log_params, log_status, log_message, log_method, log_time, log_result, log_ip)values (?,?,?,?,?,?,?,?) 
2020-03-26 20:24:53.410 DEBUG [http-nio-1000-exec-1]com.jg.blog.mapper.LogMapper.save.debug:159 -==> Parameters: /admin/login(String), [Admin(id=null, name=null, header=null, signature=null, comment=null, username=admin, password=123456)](String), 1(Integer), null, POST(String), 291(Long), {"code":20000,"data":{"token":"42091B6146C8BC88F44EE967C92A1396"},"msg":"操作成功"}(String), 0:0:0:0:0:0:0:1(String)
2020-03-26 20:24:53.418 DEBUG [http-nio-1000-exec-1]com.jg.blog.mapper.LogMapper.save.debug:159 -<==    Updates: 1
2020-03-26 20:27:18.376 DEBUG [http-nio-1000-exec-8]com.jg.blog.mapper.TypeMapper.getTypeList.debug:159 -==>  Preparing: select type_id, type_name, type_blog_count from bl_type where deleted = 0 and enable = 1 
2020-03-26 20:27:18.377 DEBUG [http-nio-1000-exec-8]com.jg.blog.mapper.TypeMapper.getTypeList.debug:159 -==> Parameters: 
2020-03-26 20:27:18.379 DEBUG [http-nio-1000-exec-8]com.jg.blog.mapper.TypeMapper.getTypeList.debug:159 -<==      Total: 3
2020-03-26 20:27:18.386 DEBUG [http-nio-1000-exec-8]com.jg.blog.mapper.LogMapper.save.debug:159 -==>  Preparing: insert into bl_log(log_url, log_params, log_status, log_message, log_method, log_time, log_result, log_ip)values (?,?,?,?,?,?,?,?) 
2020-03-26 20:27:18.387 DEBUG [http-nio-1000-exec-8]com.jg.blog.mapper.LogMapper.save.debug:159 -==> Parameters: /type/getList(String), [](String), 1(Integer), null, GET(String), 14(Long), {"code":20000,"data":[{"typeBlogCount":0,"typeId":6,"typeName":"java"},{"typeBlogCount":0,"typeId":7,"typeName":"springboot"},{"typeBlogCount":0,"typeId":8,"typeName":"vue"}],"msg":"操作成功"}(String), 0:0:0:0:0:0:0:1(String)
2020-03-26 20:27:18.393 DEBUG [http-nio-1000-exec-8]com.jg.blog.mapper.LogMapper.save.debug:159 -<==    Updates: 1
2020-03-26 20:29:53.779 DEBUG [main]com.jg.blog.DemoApplication.logStarting:53 -Running with Spring Boot v2.1.13.RELEASE, Spring v5.1.14.RELEASE
2020-03-26 20:30:59.957 DEBUG [http-nio-1000-exec-3]com.jg.blog.mapper.AdminMapper.getByUserName.debug:159 -==>  Preparing: select name, header, signature, username, password from bl_admin where username =? 
2020-03-26 20:30:59.979 DEBUG [http-nio-1000-exec-3]com.jg.blog.mapper.AdminMapper.getByUserName.debug:159 -==> Parameters: admin(String)
2020-03-26 20:31:00.001 DEBUG [http-nio-1000-exec-3]com.jg.blog.mapper.AdminMapper.getByUserName.debug:159 -<==      Total: 1
2020-03-26 20:31:00.010 DEBUG [http-nio-1000-exec-3]com.jg.blog.mapper.LogMapper.save.debug:159 -==>  Preparing: insert into bl_log(log_url, log_params, log_status, log_message, log_method, log_time, log_result, log_ip)values (?,?,?,?,?,?,?,?) 
2020-03-26 20:31:00.012 DEBUG [http-nio-1000-exec-3]com.jg.blog.mapper.LogMapper.save.debug:159 -==> Parameters: /admin/login(String), [Admin(id=null, name=null, header=null, signature=null, comment=null, username=admin, password=123456)](String), 1(Integer), null, POST(String), 196(Long), {"code":20000,"data":{"token":"C4DC279F3C54417E1785F223FB7033EC"},"msg":"操作成功"}(String), 0:0:0:0:0:0:0:1(String)
2020-03-26 20:31:00.017 DEBUG [http-nio-1000-exec-3]com.jg.blog.mapper.LogMapper.save.debug:159 -<==    Updates: 1
2020-03-26 20:36:18.711 DEBUG [main]com.jg.blog.DemoApplication.logStarting:53 -Running with Spring Boot v2.1.13.RELEASE, Spring v5.1.14.RELEASE
2020-03-26 20:41:59.849 DEBUG [http-nio-1000-exec-3]com.jg.blog.mapper.AdminMapper.getByUserName.debug:159 -==>  Preparing: select name, header, signature, username, password from bl_admin where username =? 
2020-03-26 20:41:59.875 DEBUG [http-nio-1000-exec-3]com.jg.blog.mapper.AdminMapper.getByUserName.debug:159 -==> Parameters: admin(String)
2020-03-26 20:41:59.900 DEBUG [http-nio-1000-exec-3]com.jg.blog.mapper.AdminMapper.getByUserName.debug:159 -<==      Total: 1
2020-03-26 20:41:59.908 DEBUG [http-nio-1000-exec-3]com.jg.blog.mapper.LogMapper.save.debug:159 -==>  Preparing: insert into bl_log(log_url, log_params, log_status, log_message, log_method, log_time, log_result, log_ip)values (?,?,?,?,?,?,?,?) 
2020-03-26 20:41:59.910 DEBUG [http-nio-1000-exec-3]com.jg.blog.mapper.LogMapper.save.debug:159 -==> Parameters: /admin/login(String), [Admin(id=null, name=null, header=null, signature=null, comment=null, username=admin, password=123456)](String), 1(Integer), null, POST(String), 187(Long), {"code":20000,"data":{"token":"758934CB203F63EB23436D20BD198090"},"msg":"操作成功"}(String), 0:0:0:0:0:0:0:1(String)
2020-03-26 20:41:59.917 DEBUG [http-nio-1000-exec-3]com.jg.blog.mapper.LogMapper.save.debug:159 -<==    Updates: 1
2020-03-26 20:46:34.415 DEBUG [main]com.jg.blog.DemoApplication.logStarting:53 -Running with Spring Boot v2.1.13.RELEASE, Spring v5.1.14.RELEASE
2020-03-26 20:47:27.795 DEBUG [main]com.jg.blog.DemoApplication.logStarting:53 -Running with Spring Boot v2.1.13.RELEASE, Spring v5.1.14.RELEASE
2020-03-26 20:48:08.603 DEBUG [main]com.jg.blog.DemoApplication.logStarting:53 -Running with Spring Boot v2.1.13.RELEASE, Spring v5.1.14.RELEASE
2020-03-26 20:48:58.427 DEBUG [main]com.jg.blog.DemoApplication.logStarting:53 -Running with Spring Boot v2.1.13.RELEASE, Spring v5.1.14.RELEASE
2020-03-26 20:49:39.889 DEBUG [main]com.jg.blog.DemoApplication.logStarting:53 -Running with Spring Boot v2.1.13.RELEASE, Spring v5.1.14.RELEASE
2020-03-26 20:49:52.013 DEBUG [http-nio-1000-exec-1]com.jg.blog.mapper.AdminMapper.getByUserName.debug:159 -==>  Preparing: select name, header, signature, username, password from bl_admin where username =? 
2020-03-26 20:49:52.043 DEBUG [http-nio-1000-exec-1]com.jg.blog.mapper.AdminMapper.getByUserName.debug:159 -==> Parameters: admin(String)
2020-03-26 20:49:52.066 DEBUG [http-nio-1000-exec-1]com.jg.blog.mapper.AdminMapper.getByUserName.debug:159 -<==      Total: 1
2020-03-26 20:49:52.160 DEBUG [http-nio-1000-exec-1]com.jg.blog.mapper.LogMapper.save.debug:159 -==>  Preparing: insert into bl_log(log_url, log_params, log_status, log_message, log_method, log_time, log_result, log_ip)values (?,?,?,?,?,?,?,?) 
2020-03-26 20:49:52.164 DEBUG [http-nio-1000-exec-1]com.jg.blog.mapper.LogMapper.save.debug:159 -==> Parameters: /admin/login(String), [Admin(id=null, name=null, header=null, signature=null, comment=null, username=admin, password=123456)](String), 1(Integer), null, POST(String), 282(Long), {"code":20000,"data":{"token":"28CE0BB254C95F2030CB55B900333F7A"},"msg":"操作成功"}(String), 0:0:0:0:0:0:0:1(String)
2020-03-26 20:49:52.173 DEBUG [http-nio-1000-exec-1]com.jg.blog.mapper.LogMapper.save.debug:159 -<==    Updates: 1
2020-03-26 20:50:29.519 DEBUG [http-nio-1000-exec-3]com.jg.blog.mapper.TypeMapper.getTypeList.debug:159 -==>  Preparing: select type_id, type_name, type_blog_count from bl_type where deleted = 0 and enable = 1 
2020-03-26 20:50:29.520 DEBUG [http-nio-1000-exec-3]com.jg.blog.mapper.TypeMapper.getTypeList.debug:159 -==> Parameters: 
2020-03-26 20:50:29.522 DEBUG [http-nio-1000-exec-3]com.jg.blog.mapper.TypeMapper.getTypeList.debug:159 -<==      Total: 3
2020-03-26 20:50:29.528 DEBUG [http-nio-1000-exec-3]com.jg.blog.mapper.LogMapper.save.debug:159 -==>  Preparing: insert into bl_log(log_url, log_params, log_status, log_message, log_method, log_time, log_result, log_ip)values (?,?,?,?,?,?,?,?) 
2020-03-26 20:50:29.529 DEBUG [http-nio-1000-exec-3]com.jg.blog.mapper.LogMapper.save.debug:159 -==> Parameters: /type/getList(String), [](String), 1(Integer), null, GET(String), 10(Long), {"code":20000,"data":[{"typeBlogCount":0,"typeId":6,"typeName":"java"},{"typeBlogCount":0,"typeId":7,"typeName":"springboot"},{"typeBlogCount":0,"typeId":8,"typeName":"vue"}],"msg":"操作成功"}(String), 0:0:0:0:0:0:0:1(String)
2020-03-26 20:50:29.536 DEBUG [http-nio-1000-exec-3]com.jg.blog.mapper.LogMapper.save.debug:159 -<==    Updates: 1
2020-03-26 20:52:32.927 DEBUG [http-nio-1000-exec-7]com.jg.blog.mapper.TypeMapper.getTypeList.debug:159 -==>  Preparing: select type_id, type_name, type_blog_count from bl_type where deleted = 0 and enable = 1 
2020-03-26 20:52:32.927 DEBUG [http-nio-1000-exec-7]com.jg.blog.mapper.TypeMapper.getTypeList.debug:159 -==> Parameters: 
2020-03-26 20:52:32.930 DEBUG [http-nio-1000-exec-7]com.jg.blog.mapper.TypeMapper.getTypeList.debug:159 -<==      Total: 3
2020-03-26 20:52:32.931 DEBUG [http-nio-1000-exec-7]com.jg.blog.mapper.LogMapper.save.debug:159 -==>  Preparing: insert into bl_log(log_url, log_params, log_status, log_message, log_method, log_time, log_result, log_ip)values (?,?,?,?,?,?,?,?) 
2020-03-26 20:52:32.933 DEBUG [http-nio-1000-exec-7]com.jg.blog.mapper.LogMapper.save.debug:159 -==> Parameters: /type/getList(String), [](String), 1(Integer), null, GET(String), 11(Long), {"code":20000,"data":[{"typeBlogCount":0,"typeId":6,"typeName":"java"},{"typeBlogCount":0,"typeId":7,"typeName":"springboot"},{"typeBlogCount":0,"typeId":8,"typeName":"vue"}],"msg":"操作成功"}(String), 0:0:0:0:0:0:0:1(String)
2020-03-26 20:52:32.939 DEBUG [http-nio-1000-exec-7]com.jg.blog.mapper.LogMapper.save.debug:159 -<==    Updates: 1
2020-03-26 20:52:51.600 DEBUG [http-nio-1000-exec-8]com.jg.blog.mapper.TypeMapper.getByName.debug:159 -==>  Preparing: select type_id, type_name, type_blog_count from bl_type where deleted = 0 and type_name = ? 
2020-03-26 20:52:51.601 DEBUG [http-nio-1000-exec-8]com.jg.blog.mapper.TypeMapper.getByName.debug:159 -==> Parameters: java(String)
2020-03-26 20:52:51.602 DEBUG [http-nio-1000-exec-8]com.jg.blog.mapper.TypeMapper.getByName.debug:159 -<==      Total: 1
2020-03-26 20:52:51.604 DEBUG [http-nio-1000-exec-8]com.jg.blog.mapper.LogMapper.save.debug:159 -==>  Preparing: insert into bl_log(log_url, log_params, log_status, log_message, log_method, log_time, log_result, log_ip)values (?,?,?,?,?,?,?,?) 
2020-03-26 20:52:51.605 DEBUG [http-nio-1000-exec-8]com.jg.blog.mapper.LogMapper.save.debug:159 -==> Parameters: /type/save(String), [com.jg.blog.pojo.Type@38b46c70](String), 0(Integer), com.jg.blog.exception.BlogException: 该分类已存在
	at com.jg.blog.service.impl.TypeServiceImpl.save(TypeServiceImpl.java:35)
	at com.jg.blog.controller.TypeController.save(TypeController.java:31)
	at com.jg.blog.controller.TypeController$$FastClassBySpringCGLIB$$e1d28180.invoke(<generated>)
	at com.jg.blog.aspect.RequestAspect.doAround(RequestAspect.java:67)
	at com.jg.blog.controller.TypeController$$EnhancerBySpringCGLIB$$53971be.save(<generated>)
(String), POST(String), 0(Long), null, 0:0:0:0:0:0:0:1(String)
2020-03-26 20:52:51.610 DEBUG [http-nio-1000-exec-8]com.jg.blog.mapper.LogMapper.save.debug:159 -<==    Updates: 1
2020-03-26 20:53:59.593 DEBUG [http-nio-1000-exec-2]com.jg.blog.mapper.TypeMapper.update.debug:159 -==>  Preparing: update bl_type SET type_name = ? where type_id = ? 
2020-03-26 20:53:59.594 DEBUG [http-nio-1000-exec-2]com.jg.blog.mapper.TypeMapper.update.debug:159 -==> Parameters: 不要学了(String), 1(Integer)
2020-03-26 20:53:59.595 DEBUG [http-nio-1000-exec-2]com.jg.blog.mapper.TypeMapper.update.debug:159 -<==    Updates: 0
2020-03-26 20:53:59.596 DEBUG [http-nio-1000-exec-2]com.jg.blog.mapper.LogMapper.save.debug:159 -==>  Preparing: insert into bl_log(log_url, log_params, log_status, log_message, log_method, log_time, log_result, log_ip)values (?,?,?,?,?,?,?,?) 
2020-03-26 20:53:59.597 DEBUG [http-nio-1000-exec-2]com.jg.blog.mapper.LogMapper.save.debug:159 -==> Parameters: /type/update(String), [com.jg.blog.pojo.Type@6029e225](String), 1(Integer), null, PUT(String), 465(Long), {"code":20000,"msg":"更新成功"}(String), 0:0:0:0:0:0:0:1(String)
2020-03-26 20:53:59.603 DEBUG [http-nio-1000-exec-2]com.jg.blog.mapper.LogMapper.save.debug:159 -<==    Updates: 1
2020-03-26 20:55:47.817 DEBUG [http-nio-1000-exec-4]com.jg.blog.mapper.TypeMapper.getById.debug:159 -==>  Preparing: select type_id, type_name, type_blog_count, enable from bl_type where type_id = ? and deleted = 0 
2020-03-26 20:55:47.818 DEBUG [http-nio-1000-exec-4]com.jg.blog.mapper.TypeMapper.getById.debug:159 -==> Parameters: 6(Integer)
2020-03-26 20:55:47.820 DEBUG [http-nio-1000-exec-4]com.jg.blog.mapper.TypeMapper.getById.debug:159 -<==      Total: 1
2020-03-26 20:55:47.821 DEBUG [http-nio-1000-exec-4]com.jg.blog.mapper.TypeMapper.update.debug:159 -==>  Preparing: update bl_type SET type_name = ?, enable = ? where type_id = ? 
2020-03-26 20:55:47.822 DEBUG [http-nio-1000-exec-4]com.jg.blog.mapper.TypeMapper.update.debug:159 -==> Parameters: java(String), 1(Integer), 6(Integer)
2020-03-26 20:55:47.823 DEBUG [http-nio-1000-exec-4]com.jg.blog.mapper.TypeMapper.update.debug:159 -<==    Updates: 1
2020-03-26 20:55:47.825 DEBUG [http-nio-1000-exec-4]com.jg.blog.mapper.LogMapper.save.debug:159 -==>  Preparing: insert into bl_log(log_url, log_params, log_status, log_message, log_method, log_time, log_result, log_ip)values (?,?,?,?,?,?,?,?) 
2020-03-26 20:55:47.825 DEBUG [http-nio-1000-exec-4]com.jg.blog.mapper.LogMapper.save.debug:159 -==> Parameters: /type/enable/6(String), [6](String), 1(Integer), null, PUT(String), 13(Long), {"code":20000,"msg":"已启动"}(String), 0:0:0:0:0:0:0:1(String)
2020-03-26 20:55:47.832 DEBUG [http-nio-1000-exec-4]com.jg.blog.mapper.LogMapper.save.debug:159 -<==    Updates: 1
2020-03-26 20:55:52.504 DEBUG [http-nio-1000-exec-5]com.jg.blog.mapper.TypeMapper.getById.debug:159 -==>  Preparing: select type_id, type_name, type_blog_count, enable from bl_type where type_id = ? and deleted = 0 
2020-03-26 20:55:52.504 DEBUG [http-nio-1000-exec-5]com.jg.blog.mapper.TypeMapper.getById.debug:159 -==> Parameters: 6(Integer)
2020-03-26 20:55:52.508 DEBUG [http-nio-1000-exec-5]com.jg.blog.mapper.TypeMapper.getById.debug:159 -<==      Total: 1
2020-03-26 20:55:52.509 DEBUG [http-nio-1000-exec-5]com.jg.blog.mapper.TypeMapper.update.debug:159 -==>  Preparing: update bl_type SET type_name = ?, enable = ? where type_id = ? 
2020-03-26 20:55:52.510 DEBUG [http-nio-1000-exec-5]com.jg.blog.mapper.TypeMapper.update.debug:159 -==> Parameters: java(String), 1(Integer), 6(Integer)
2020-03-26 20:55:52.511 DEBUG [http-nio-1000-exec-5]com.jg.blog.mapper.TypeMapper.update.debug:159 -<==    Updates: 1
2020-03-26 20:55:52.512 DEBUG [http-nio-1000-exec-5]com.jg.blog.mapper.LogMapper.save.debug:159 -==>  Preparing: insert into bl_log(log_url, log_params, log_status, log_message, log_method, log_time, log_result, log_ip)values (?,?,?,?,?,?,?,?) 
2020-03-26 20:55:52.514 DEBUG [http-nio-1000-exec-5]com.jg.blog.mapper.LogMapper.save.debug:159 -==> Parameters: /type/enable/6(String), [6](String), 1(Integer), null, PUT(String), 9(Long), {"code":20000,"msg":"已启动"}(String), 0:0:0:0:0:0:0:1(String)
2020-03-26 20:55:52.520 DEBUG [http-nio-1000-exec-5]com.jg.blog.mapper.LogMapper.save.debug:159 -<==    Updates: 1
2020-03-26 21:10:42.856 DEBUG [http-nio-1000-exec-8]com.jg.blog.mapper.TypeMapper.getById.debug:159 -==>  Preparing: select type_id, type_name, type_blog_count, enable from bl_type where type_id = ? and deleted = 0 
2020-03-26 21:10:42.856 DEBUG [http-nio-1000-exec-8]com.jg.blog.mapper.TypeMapper.getById.debug:159 -==> Parameters: 6(Integer)
2020-03-26 21:10:42.858 DEBUG [http-nio-1000-exec-8]com.jg.blog.mapper.TypeMapper.getById.debug:159 -<==      Total: 1
2020-03-26 21:10:42.859 DEBUG [http-nio-1000-exec-8]com.jg.blog.mapper.TypeMapper.update.debug:159 -==>  Preparing: update bl_type SET type_name = ?, enable = ? where type_id = ? 
2020-03-26 21:10:42.860 DEBUG [http-nio-1000-exec-8]com.jg.blog.mapper.TypeMapper.update.debug:159 -==> Parameters: java(String), 1(Integer), 6(Integer)
2020-03-26 21:10:42.862 DEBUG [http-nio-1000-exec-8]com.jg.blog.mapper.TypeMapper.update.debug:159 -<==    Updates: 1
2020-03-26 21:10:42.864 DEBUG [http-nio-1000-exec-8]com.jg.blog.mapper.LogMapper.save.debug:159 -==>  Preparing: insert into bl_log(log_url, log_params, log_status, log_message, log_method, log_time, log_result, log_ip)values (?,?,?,?,?,?,?,?) 
2020-03-26 21:10:42.864 DEBUG [http-nio-1000-exec-8]com.jg.blog.mapper.LogMapper.save.debug:159 -==> Parameters: /type/disable/6(String), [6](String), 1(Integer), com.jg.blog.exception.BlogException: 该分类已存在
	at com.jg.blog.service.impl.TypeServiceImpl.save(TypeServiceImpl.java:35)
	at com.jg.blog.controller.TypeController.save(TypeController.java:31)
	at com.jg.blog.controller.TypeController$$FastClassBySpringCGLIB$$e1d28180.invoke(<generated>)
	at com.jg.blog.aspect.RequestAspect.doAround(RequestAspect.java:67)
	at com.jg.blog.controller.TypeController$$EnhancerBySpringCGLIB$$53971be.save(<generated>)
(String), PUT(String), 13(Long), {"code":20000,"msg":"已弃用"}(String), 0:0:0:0:0:0:0:1(String)
2020-03-26 21:10:42.869 DEBUG [http-nio-1000-exec-8]com.jg.blog.mapper.LogMapper.save.debug:159 -<==    Updates: 1
2020-03-26 21:10:47.409 DEBUG [http-nio-1000-exec-9]com.jg.blog.mapper.TypeMapper.getById.debug:159 -==>  Preparing: select type_id, type_name, type_blog_count, enable from bl_type where type_id = ? and deleted = 0 
2020-03-26 21:10:47.410 DEBUG [http-nio-1000-exec-9]com.jg.blog.mapper.TypeMapper.getById.debug:159 -==> Parameters: 6(Integer)
2020-03-26 21:10:47.411 DEBUG [http-nio-1000-exec-9]com.jg.blog.mapper.TypeMapper.getById.debug:159 -<==      Total: 1
2020-03-26 21:10:47.412 DEBUG [http-nio-1000-exec-9]com.jg.blog.mapper.TypeMapper.update.debug:159 -==>  Preparing: update bl_type SET type_name = ?, enable = ? where type_id = ? 
2020-03-26 21:10:47.413 DEBUG [http-nio-1000-exec-9]com.jg.blog.mapper.TypeMapper.update.debug:159 -==> Parameters: java(String), 1(Integer), 6(Integer)
2020-03-26 21:10:47.414 DEBUG [http-nio-1000-exec-9]com.jg.blog.mapper.TypeMapper.update.debug:159 -<==    Updates: 1
2020-03-26 21:10:47.416 DEBUG [http-nio-1000-exec-9]com.jg.blog.mapper.LogMapper.save.debug:159 -==>  Preparing: insert into bl_log(log_url, log_params, log_status, log_message, log_method, log_time, log_result, log_ip)values (?,?,?,?,?,?,?,?) 
2020-03-26 21:10:47.416 DEBUG [http-nio-1000-exec-9]com.jg.blog.mapper.LogMapper.save.debug:159 -==> Parameters: /type/disable/6(String), [6](String), 1(Integer), null, PUT(String), 8(Long), {"code":20000,"msg":"已弃用"}(String), 0:0:0:0:0:0:0:1(String)
2020-03-26 21:10:47.422 DEBUG [http-nio-1000-exec-9]com.jg.blog.mapper.LogMapper.save.debug:159 -<==    Updates: 1
2020-03-26 21:11:16.477 DEBUG [http-nio-1000-exec-2]com.jg.blog.mapper.TypeMapper.deleteById.debug:159 -==>  Preparing: update bl_type set deleted = 1 where type_id = ? 
2020-03-26 21:11:16.478 DEBUG [http-nio-1000-exec-2]com.jg.blog.mapper.TypeMapper.deleteById.debug:159 -==> Parameters: 6(Integer)
2020-03-26 21:11:16.486 DEBUG [http-nio-1000-exec-2]com.jg.blog.mapper.TypeMapper.deleteById.debug:159 -<==    Updates: 1
2020-03-26 21:11:16.487 DEBUG [http-nio-1000-exec-2]com.jg.blog.mapper.LogMapper.save.debug:159 -==>  Preparing: insert into bl_log(log_url, log_params, log_status, log_message, log_method, log_time, log_result, log_ip)values (?,?,?,?,?,?,?,?) 
2020-03-26 21:11:16.488 DEBUG [http-nio-1000-exec-2]com.jg.blog.mapper.LogMapper.save.debug:159 -==> Parameters: /type/delete/6(String), [6](String), 1(Integer), null, DELETE(String), 11(Long), {"code":20000,"msg":"删除成功"}(String), 0:0:0:0:0:0:0:1(String)
2020-03-26 21:11:16.495 DEBUG [http-nio-1000-exec-2]com.jg.blog.mapper.LogMapper.save.debug:159 -<==    Updates: 1
