2020-03-31 14:43:33.508 INFO  [main]com.jg.blog.DemoApplication.logStarting:50 -Starting DemoApplication on DESKTOP-BVT926S with PID 884 (F:\javaBlog\blog\target\classes started by 76773 in F:\javaBlog\blog)
2020-03-31 14:43:33.609 INFO  [main]com.jg.blog.DemoApplication.logStartupProfileInfo:648 -No active profile set, falling back to default profiles: default
2020-03-31 14:43:36.419 INFO  [main]o.s.c.s.PostProcessorRegistrationDelegate$BeanPostProcessorChecker.postProcessAfterInitialization:330 -Bean 'shiroConfig' of type [com.jg.blog.config.ShiroConfig$$EnhancerBySpringCGLIB$$92ad93de] is not eligible for getting processed by all BeanPostProcessors (for example: not eligible for auto-proxying)
2020-03-31 14:43:36.490 INFO  [main]o.s.c.s.PostProcessorRegistrationDelegate$BeanPostProcessorChecker.postProcessAfterInitialization:330 -Bean 'mybatis-org.mybatis.spring.boot.autoconfigure.MybatisProperties' of type [org.mybatis.spring.boot.autoconfigure.MybatisProperties] is not eligible for getting processed by all BeanPostProcessors (for example: not eligible for auto-proxying)
2020-03-31 14:43:36.503 INFO  [main]o.s.c.s.PostProcessorRegistrationDelegate$BeanPostProcessorChecker.postProcessAfterInitialization:330 -Bean 'org.mybatis.spring.boot.autoconfigure.MybatisAutoConfiguration' of type [org.mybatis.spring.boot.autoconfigure.MybatisAutoConfiguration$$EnhancerBySpringCGLIB$$7900d25a] is not eligible for getting processed by all BeanPostProcessors (for example: not eligible for auto-proxying)
2020-03-31 14:43:36.507 INFO  [main]o.s.c.s.PostProcessorRegistrationDelegate$BeanPostProcessorChecker.postProcessAfterInitialization:330 -Bean 'com.alibaba.druid.spring.boot.autoconfigure.DruidDataSourceAutoConfigure' of type [com.alibaba.druid.spring.boot.autoconfigure.DruidDataSourceAutoConfigure$$EnhancerBySpringCGLIB$$5fd8769c] is not eligible for getting processed by all BeanPostProcessors (for example: not eligible for auto-proxying)
2020-03-31 14:43:36.510 INFO  [main]c.a.d.s.boot.autoconfigure.DruidDataSourceAutoConfigure.dataSource:56 -Init DruidDataSource
2020-03-31 14:43:36.585 INFO  [main]o.s.c.s.PostProcessorRegistrationDelegate$BeanPostProcessorChecker.postProcessAfterInitialization:330 -Bean 'spring.datasource-org.springframework.boot.autoconfigure.jdbc.DataSourceProperties' of type [org.springframework.boot.autoconfigure.jdbc.DataSourceProperties] is not eligible for getting processed by all BeanPostProcessors (for example: not eligible for auto-proxying)
2020-03-31 14:43:36.609 INFO  [main]o.s.c.s.PostProcessorRegistrationDelegate$BeanPostProcessorChecker.postProcessAfterInitialization:330 -Bean 'com.alibaba.druid.spring.boot.autoconfigure.stat.DruidFilterConfiguration' of type [com.alibaba.druid.spring.boot.autoconfigure.stat.DruidFilterConfiguration] is not eligible for getting processed by all BeanPostProcessors (for example: not eligible for auto-proxying)
2020-03-31 14:43:36.648 INFO  [main]o.s.c.s.PostProcessorRegistrationDelegate$BeanPostProcessorChecker.postProcessAfterInitialization:330 -Bean 'statFilter' of type [com.alibaba.druid.filter.stat.StatFilter] is not eligible for getting processed by all BeanPostProcessors (for example: not eligible for auto-proxying)
2020-03-31 14:43:36.929 INFO  [main]com.alibaba.druid.pool.DruidDataSource.init:930 -{dataSource-1} inited
2020-03-31 14:43:36.930 INFO  [main]o.s.c.s.PostProcessorRegistrationDelegate$BeanPostProcessorChecker.postProcessAfterInitialization:330 -Bean 'dataSource' of type [com.alibaba.druid.spring.boot.autoconfigure.DruidDataSourceWrapper] is not eligible for getting processed by all BeanPostProcessors (for example: not eligible for auto-proxying)
2020-03-31 14:43:36.992 INFO  [main]o.s.c.s.PostProcessorRegistrationDelegate$BeanPostProcessorChecker.postProcessAfterInitialization:330 -Bean 'org.springframework.boot.autoconfigure.jdbc.DataSourceInitializerInvoker' of type [org.springframework.boot.autoconfigure.jdbc.DataSourceInitializerInvoker] is not eligible for getting processed by all BeanPostProcessors (for example: not eligible for auto-proxying)
2020-03-31 14:43:37.514 INFO  [main]o.s.c.s.PostProcessorRegistrationDelegate$BeanPostProcessorChecker.postProcessAfterInitialization:330 -Bean 'sqlSessionFactory' of type [org.apache.ibatis.session.defaults.DefaultSqlSessionFactory] is not eligible for getting processed by all BeanPostProcessors (for example: not eligible for auto-proxying)
2020-03-31 14:43:37.520 INFO  [main]o.s.c.s.PostProcessorRegistrationDelegate$BeanPostProcessorChecker.postProcessAfterInitialization:330 -Bean 'sqlSessionTemplate' of type [org.mybatis.spring.SqlSessionTemplate] is not eligible for getting processed by all BeanPostProcessors (for example: not eligible for auto-proxying)
2020-03-31 14:43:37.528 INFO  [main]o.s.c.s.PostProcessorRegistrationDelegate$BeanPostProcessorChecker.postProcessAfterInitialization:330 -Bean 'adminMapper' of type [org.mybatis.spring.mapper.MapperFactoryBean] is not eligible for getting processed by all BeanPostProcessors (for example: not eligible for auto-proxying)
2020-03-31 14:43:37.532 INFO  [main]o.s.c.s.PostProcessorRegistrationDelegate$BeanPostProcessorChecker.postProcessAfterInitialization:330 -Bean 'adminMapper' of type [com.sun.proxy.$Proxy75] is not eligible for getting processed by all BeanPostProcessors (for example: not eligible for auto-proxying)
2020-03-31 14:43:37.534 INFO  [main]o.s.c.s.PostProcessorRegistrationDelegate$BeanPostProcessorChecker.postProcessAfterInitialization:330 -Bean 'adminServiceImpl' of type [com.jg.blog.service.impl.AdminServiceImpl] is not eligible for getting processed by all BeanPostProcessors (for example: not eligible for auto-proxying)
2020-03-31 14:43:37.535 INFO  [main]o.s.c.s.PostProcessorRegistrationDelegate$BeanPostProcessorChecker.postProcessAfterInitialization:330 -Bean 'adminRealm' of type [com.jg.blog.realm.AdminRealm] is not eligible for getting processed by all BeanPostProcessors (for example: not eligible for auto-proxying)
2020-03-31 14:43:38.611 INFO  [main]o.s.c.s.PostProcessorRegistrationDelegate$BeanPostProcessorChecker.postProcessAfterInitialization:330 -Bean 'securityManager' of type [org.apache.shiro.web.mgt.DefaultWebSecurityManager] is not eligible for getting processed by all BeanPostProcessors (for example: not eligible for auto-proxying)
2020-03-31 14:43:38.639 INFO  [main]o.s.c.s.PostProcessorRegistrationDelegate$BeanPostProcessorChecker.postProcessAfterInitialization:330 -Bean 'authorizationAttributeSourceAdvisor' of type [org.apache.shiro.spring.security.interceptor.AuthorizationAttributeSourceAdvisor] is not eligible for getting processed by all BeanPostProcessors (for example: not eligible for auto-proxying)
2020-03-31 14:43:39.081 INFO  [main]o.s.boot.web.embedded.tomcat.TomcatWebServer.initialize:90 -Tomcat initialized with port(s): 1000 (http)
2020-03-31 14:43:39.102 INFO  [main]org.apache.coyote.http11.Http11NioProtocol.log:173 -Initializing ProtocolHandler ["http-nio-1000"]
2020-03-31 14:43:39.110 INFO  [main]org.apache.catalina.core.StandardService.log:173 -Starting service [Tomcat]
2020-03-31 14:43:39.111 INFO  [main]org.apache.catalina.core.StandardEngine.log:173 -Starting Servlet engine: [Apache Tomcat/9.0.31]
2020-03-31 14:43:39.252 INFO  [main]o.a.catalina.core.ContainerBase.[Tomcat].[localhost].[/].log:173 -Initializing Spring embedded WebApplicationContext
2020-03-31 14:43:39.252 INFO  [main]org.springframework.web.context.ContextLoader.prepareWebApplicationContext:284 -Root WebApplicationContext: initialization completed in 5317 ms
2020-03-31 14:43:40.955 INFO  [main]org.apache.coyote.http11.Http11NioProtocol.log:173 -Starting ProtocolHandler ["http-nio-1000"]
2020-03-31 14:43:40.999 INFO  [main]o.s.boot.web.embedded.tomcat.TomcatWebServer.start:202 -Tomcat started on port(s): 1000 (http) with context path ''
2020-03-31 14:43:41.003 INFO  [main]com.jg.blog.DemoApplication.logStarted:59 -Started DemoApplication in 9.039 seconds (JVM running for 13.361)
2020-03-31 14:45:18.088 INFO  [http-nio-1000-exec-2]o.a.catalina.core.ContainerBase.[Tomcat].[localhost].[/].log:173 -Initializing Spring DispatcherServlet 'dispatcherServlet'
2020-03-31 14:45:18.089 INFO  [http-nio-1000-exec-2]org.springframework.web.servlet.DispatcherServlet.initServletBean:525 -Initializing Servlet 'dispatcherServlet'
2020-03-31 14:45:18.104 INFO  [http-nio-1000-exec-2]org.springframework.web.servlet.DispatcherServlet.initServletBean:547 -Completed initialization in 15 ms
2020-03-31 14:45:18.219 INFO  [http-nio-1000-exec-2]com.jg.blog.aspect.RequestAspect.printRequestLog:118 -请求地址 : /admin/login
2020-03-31 14:45:18.221 INFO  [http-nio-1000-exec-2]com.jg.blog.aspect.RequestAspect.printRequestLog:119 -请求方式 : POST
2020-03-31 14:45:18.221 INFO  [http-nio-1000-exec-2]com.jg.blog.aspect.RequestAspect.printRequestLog:122 -IP : 0:0:0:0:0:0:0:1
2020-03-31 14:45:18.223 INFO  [http-nio-1000-exec-2]com.jg.blog.aspect.RequestAspect.printRequestLog:124 -方法 : com.jg.blog.controller.AdminController.login
2020-03-31 14:45:18.223 INFO  [http-nio-1000-exec-2]com.jg.blog.aspect.RequestAspect.printRequestLog:126 -请求参数：[Admin(id=null, name=null, header=null, signature=null, comment=null, username=admin, password=123456)]
2020-03-31 14:45:18.224 INFO  [http-nio-1000-exec-2]com.jg.blog.aspect.RequestAspect.printRequestLog:128 -请求参数
2020-03-31 14:45:18.433 INFO  [http-nio-1000-exec-2]com.jg.blog.aspect.RequestAspect.doAround:69 -耗时 : 214
2020-03-31 14:45:18.514 INFO  [http-nio-1000-exec-2]com.jg.blog.aspect.RequestAspect.doAfterReturning:84 -返回值:{"code":20000,"data":{"token":"36C56E57BA3D0C535E62F2711C969CF8"},"msg":"操作成功"}
2020-03-31 14:45:47.579 INFO  [http-nio-1000-exec-3]com.jg.blog.aspect.RequestAspect.printRequestLog:118 -请求地址 : /blog/getByPage
2020-03-31 14:45:47.580 INFO  [http-nio-1000-exec-3]com.jg.blog.aspect.RequestAspect.printRequestLog:119 -请求方式 : POST
2020-03-31 14:45:47.581 INFO  [http-nio-1000-exec-3]com.jg.blog.aspect.RequestAspect.printRequestLog:122 -IP : 0:0:0:0:0:0:0:1
2020-03-31 14:45:47.581 INFO  [http-nio-1000-exec-3]com.jg.blog.aspect.RequestAspect.printRequestLog:124 -方法 : com.jg.blog.controller.BlogController.getByPage
2020-03-31 14:45:47.582 INFO  [http-nio-1000-exec-3]com.jg.blog.aspect.RequestAspect.printRequestLog:126 -请求参数：[Page(currentPage=1, pageSize=2, totalPage=0, totalCount=0, list=null, params={}, sortColumn=null, sortMethod=asc)]
2020-03-31 14:45:47.582 INFO  [http-nio-1000-exec-3]com.jg.blog.aspect.RequestAspect.printRequestLog:128 -请求参数
2020-03-31 14:45:47.739 INFO  [http-nio-1000-exec-3]com.jg.blog.aspect.RequestAspect.doAround:69 -耗时 : 160
2020-03-31 14:45:47.745 INFO  [http-nio-1000-exec-3]com.jg.blog.aspect.RequestAspect.doAfterReturning:84 -返回值:{"code":20000,"data":{"currentPage":1,"index":0,"list":[],"pageSize":2,"params":{},"sortMethod":"asc","totalCount":0,"totalPage":0},"msg":"操作成功"}
2020-03-31 14:46:04.075 INFO  [http-nio-1000-exec-4]com.jg.blog.aspect.RequestAspect.printRequestLog:118 -请求地址 : /blog/getByPage
2020-03-31 14:46:04.076 INFO  [http-nio-1000-exec-4]com.jg.blog.aspect.RequestAspect.printRequestLog:119 -请求方式 : POST
2020-03-31 14:46:04.076 INFO  [http-nio-1000-exec-4]com.jg.blog.aspect.RequestAspect.printRequestLog:122 -IP : 0:0:0:0:0:0:0:1
2020-03-31 14:46:04.077 INFO  [http-nio-1000-exec-4]com.jg.blog.aspect.RequestAspect.printRequestLog:124 -方法 : com.jg.blog.controller.BlogController.getByPage
2020-03-31 14:46:04.077 INFO  [http-nio-1000-exec-4]com.jg.blog.aspect.RequestAspect.printRequestLog:126 -请求参数：[Page(currentPage=1, pageSize=2, totalPage=0, totalCount=0, list=null, params={}, sortColumn=null, sortMethod=asc)]
2020-03-31 14:46:04.077 INFO  [http-nio-1000-exec-4]com.jg.blog.aspect.RequestAspect.printRequestLog:128 -请求参数
2020-03-31 14:46:04.087 INFO  [http-nio-1000-exec-4]com.jg.blog.aspect.RequestAspect.doAround:69 -耗时 : 12
2020-03-31 14:46:04.087 INFO  [http-nio-1000-exec-4]com.jg.blog.aspect.RequestAspect.doAfterReturning:84 -返回值:{"code":20000,"data":{"currentPage":1,"index":0,"list":[],"pageSize":2,"params":{},"sortMethod":"asc","totalCount":0,"totalPage":0},"msg":"操作成功"}
2020-03-31 14:46:10.523 INFO  [http-nio-1000-exec-5]com.jg.blog.aspect.RequestAspect.printRequestLog:118 -请求地址 : /blog/getByPage
2020-03-31 14:46:10.524 INFO  [http-nio-1000-exec-5]com.jg.blog.aspect.RequestAspect.printRequestLog:119 -请求方式 : POST
2020-03-31 14:46:10.525 INFO  [http-nio-1000-exec-5]com.jg.blog.aspect.RequestAspect.printRequestLog:122 -IP : 0:0:0:0:0:0:0:1
2020-03-31 14:46:10.525 INFO  [http-nio-1000-exec-5]com.jg.blog.aspect.RequestAspect.printRequestLog:124 -方法 : com.jg.blog.controller.BlogController.getByPage
2020-03-31 14:46:10.525 INFO  [http-nio-1000-exec-5]com.jg.blog.aspect.RequestAspect.printRequestLog:126 -请求参数：[Page(currentPage=1, pageSize=2, totalPage=0, totalCount=0, list=null, params={}, sortColumn=null, sortMethod=asc)]
2020-03-31 14:46:10.526 INFO  [http-nio-1000-exec-5]com.jg.blog.aspect.RequestAspect.printRequestLog:128 -请求参数
2020-03-31 14:46:10.532 INFO  [http-nio-1000-exec-5]com.jg.blog.aspect.RequestAspect.doAround:69 -耗时 : 9
2020-03-31 14:46:10.532 INFO  [http-nio-1000-exec-5]com.jg.blog.aspect.RequestAspect.doAfterReturning:84 -返回值:{"code":20000,"data":{"currentPage":1,"index":0,"list":[],"pageSize":2,"params":{},"sortMethod":"asc","totalCount":0,"totalPage":0},"msg":"操作成功"}
2020-03-31 14:49:43.177 INFO  [http-nio-1000-exec-7]com.jg.blog.aspect.RequestAspect.printRequestLog:118 -请求地址 : /blog/getByPage
2020-03-31 14:49:43.177 INFO  [http-nio-1000-exec-7]com.jg.blog.aspect.RequestAspect.printRequestLog:119 -请求方式 : POST
2020-03-31 14:49:43.178 INFO  [http-nio-1000-exec-7]com.jg.blog.aspect.RequestAspect.printRequestLog:122 -IP : 0:0:0:0:0:0:0:1
2020-03-31 14:49:43.178 INFO  [http-nio-1000-exec-7]com.jg.blog.aspect.RequestAspect.printRequestLog:124 -方法 : com.jg.blog.controller.BlogController.getByPage
2020-03-31 14:49:43.178 INFO  [http-nio-1000-exec-7]com.jg.blog.aspect.RequestAspect.printRequestLog:126 -请求参数：[Page(currentPage=1, pageSize=2, totalPage=0, totalCount=0, list=null, params={}, sortColumn=null, sortMethod=asc)]
2020-03-31 14:49:43.178 INFO  [http-nio-1000-exec-7]com.jg.blog.aspect.RequestAspect.printRequestLog:128 -请求参数
2020-03-31 14:49:43.190 INFO  [http-nio-1000-exec-7]com.jg.blog.aspect.RequestAspect.doAround:69 -耗时 : 13
2020-03-31 14:49:43.190 INFO  [http-nio-1000-exec-7]com.jg.blog.aspect.RequestAspect.doAfterReturning:84 -返回值:{"code":20000,"data":{"currentPage":1,"index":0,"list":[],"pageSize":2,"params":{},"sortMethod":"asc","totalCount":0,"totalPage":0},"msg":"操作成功"}
2020-03-31 14:49:49.762 INFO  [http-nio-1000-exec-9]com.jg.blog.aspect.RequestAspect.printRequestLog:118 -请求地址 : /blog/getByPage
2020-03-31 14:49:49.763 INFO  [http-nio-1000-exec-9]com.jg.blog.aspect.RequestAspect.printRequestLog:119 -请求方式 : POST
2020-03-31 14:49:49.764 INFO  [http-nio-1000-exec-9]com.jg.blog.aspect.RequestAspect.printRequestLog:122 -IP : 0:0:0:0:0:0:0:1
2020-03-31 14:49:49.764 INFO  [http-nio-1000-exec-9]com.jg.blog.aspect.RequestAspect.printRequestLog:124 -方法 : com.jg.blog.controller.BlogController.getByPage
2020-03-31 14:49:49.764 INFO  [http-nio-1000-exec-9]com.jg.blog.aspect.RequestAspect.printRequestLog:126 -请求参数：[Page(currentPage=1, pageSize=2, totalPage=0, totalCount=0, list=null, params={}, sortColumn=null, sortMethod=asc)]
2020-03-31 14:49:49.765 INFO  [http-nio-1000-exec-9]com.jg.blog.aspect.RequestAspect.printRequestLog:128 -请求参数
2020-03-31 14:49:49.774 INFO  [http-nio-1000-exec-9]com.jg.blog.aspect.RequestAspect.doAround:69 -耗时 : 12
2020-03-31 14:49:49.774 INFO  [http-nio-1000-exec-9]com.jg.blog.aspect.RequestAspect.doAfterReturning:84 -返回值:{"code":20000,"data":{"currentPage":1,"index":0,"list":[],"pageSize":2,"params":{},"sortMethod":"asc","totalCount":0,"totalPage":0},"msg":"操作成功"}
2020-03-31 14:51:26.932 INFO  [http-nio-1000-exec-2]com.jg.blog.aspect.RequestAspect.printRequestLog:118 -请求地址 : /blog/getByPage
2020-03-31 14:51:26.933 INFO  [http-nio-1000-exec-2]com.jg.blog.aspect.RequestAspect.printRequestLog:119 -请求方式 : POST
2020-03-31 14:51:26.933 INFO  [http-nio-1000-exec-2]com.jg.blog.aspect.RequestAspect.printRequestLog:122 -IP : 0:0:0:0:0:0:0:1
2020-03-31 14:51:26.934 INFO  [http-nio-1000-exec-2]com.jg.blog.aspect.RequestAspect.printRequestLog:124 -方法 : com.jg.blog.controller.BlogController.getByPage
2020-03-31 14:51:26.934 INFO  [http-nio-1000-exec-2]com.jg.blog.aspect.RequestAspect.printRequestLog:126 -请求参数：[Page(currentPage=1, pageSize=2, totalPage=0, totalCount=0, list=null, params={}, sortColumn=null, sortMethod=asc)]
2020-03-31 14:51:26.934 INFO  [http-nio-1000-exec-2]com.jg.blog.aspect.RequestAspect.printRequestLog:128 -请求参数
2020-03-31 14:51:26.946 INFO  [http-nio-1000-exec-2]com.jg.blog.aspect.RequestAspect.doAround:69 -耗时 : 14
2020-03-31 14:51:26.951 INFO  [http-nio-1000-exec-2]com.jg.blog.aspect.RequestAspect.doAfterReturning:84 -返回值:{"code":20000,"data":{"currentPage":1,"index":0,"list":[{"blogCollection":0,"blogComment":0,"blogGoods":0,"blogId":"1244643317694652416","blogRead":0,"blogTitle":"测试博客","createdTime":"2020-03-30 23:11:05","typeName":"java","updateTime":"2020-03-30 23:11:05"},{"blogCollection":0,"blogComment":0,"blogGoods":0,"blogId":"1244643320894906368","blogRead":0,"blogTitle":"测试博客","createdTime":"2020-03-30 23:11:06","typeName":"java","updateTime":"2020-03-30 23:11:06"}],"pageSize":2,"params":{},"sortMethod":"asc","totalCount":5,"totalPage":3},"msg":"操作成功"}
2020-03-31 14:52:12.049 INFO  [http-nio-1000-exec-3]com.jg.blog.aspect.RequestAspect.printRequestLog:118 -请求地址 : /blog/getByPage
2020-03-31 14:52:12.049 INFO  [http-nio-1000-exec-3]com.jg.blog.aspect.RequestAspect.printRequestLog:119 -请求方式 : POST
2020-03-31 14:52:12.050 INFO  [http-nio-1000-exec-3]com.jg.blog.aspect.RequestAspect.printRequestLog:122 -IP : 0:0:0:0:0:0:0:1
2020-03-31 14:52:12.050 INFO  [http-nio-1000-exec-3]com.jg.blog.aspect.RequestAspect.printRequestLog:124 -方法 : com.jg.blog.controller.BlogController.getByPage
2020-03-31 14:52:12.050 INFO  [http-nio-1000-exec-3]com.jg.blog.aspect.RequestAspect.printRequestLog:126 -请求参数：[Page(currentPage=1, pageSize=10, totalPage=0, totalCount=0, list=null, params={}, sortColumn=null, sortMethod=asc)]
2020-03-31 14:52:12.051 INFO  [http-nio-1000-exec-3]com.jg.blog.aspect.RequestAspect.printRequestLog:128 -请求参数
2020-03-31 14:52:12.062 INFO  [http-nio-1000-exec-3]com.jg.blog.aspect.RequestAspect.doAround:69 -耗时 : 13
2020-03-31 14:52:12.063 INFO  [http-nio-1000-exec-3]com.jg.blog.aspect.RequestAspect.doAfterReturning:84 -返回值:{"code":20000,"data":{"currentPage":1,"index":0,"list":[{"blogCollection":0,"blogComment":0,"blogGoods":0,"blogId":"1244643317694652416","blogRead":0,"blogTitle":"测试博客","createdTime":"2020-03-30 23:11:05","typeName":"java","updateTime":"2020-03-30 23:11:05"},{"blogCollection":0,"blogComment":0,"blogGoods":0,"blogId":"1244643320894906368","blogRead":0,"blogTitle":"测试博客","createdTime":"2020-03-30 23:11:06","typeName":"java","updateTime":"2020-03-30 23:11:06"},{"blogCollection":0,"blogComment":0,"blogGoods":0,"blogId":"1244643326355890176","blogRead":0,"blogTitle":"测试博客","createdTime":"2020-03-30 23:11:08","typeName":"java","updateTime":"2020-03-30 23:11:08"},{"blogCollection":0,"blogComment":0,"blogGoods":0,"blogId":"1244643475161407488","blogRead":0,"blogTitle":"测试博客","createdTime":"2020-03-30 23:11:43","typeName":"java","updateTime":"2020-03-30 23:11:43"},{"blogCollection":0,"blogComment":0,"blogGoods":0,"blogId":"1244644304966709248","blogRead":0,"blogTitle":"测试博客","createdTime":"2020-03-30 23:15:01","typeName":"java","updateTime":"2020-03-30 23:15:01"}],"pageSize":10,"params":{},"sortMethod":"asc","totalCount":5,"totalPage":1},"msg":"操作成功"}
2020-03-31 14:52:29.146 INFO  [http-nio-1000-exec-4]com.jg.blog.aspect.RequestAspect.printRequestLog:118 -请求地址 : /blog/getByPage
2020-03-31 14:52:29.147 INFO  [http-nio-1000-exec-4]com.jg.blog.aspect.RequestAspect.printRequestLog:119 -请求方式 : POST
2020-03-31 14:52:29.147 INFO  [http-nio-1000-exec-4]com.jg.blog.aspect.RequestAspect.printRequestLog:122 -IP : 0:0:0:0:0:0:0:1
2020-03-31 14:52:29.147 INFO  [http-nio-1000-exec-4]com.jg.blog.aspect.RequestAspect.printRequestLog:124 -方法 : com.jg.blog.controller.BlogController.getByPage
2020-03-31 14:52:29.147 INFO  [http-nio-1000-exec-4]com.jg.blog.aspect.RequestAspect.printRequestLog:126 -请求参数：[Page(currentPage=1, pageSize=30, totalPage=0, totalCount=0, list=null, params={}, sortColumn=null, sortMethod=asc)]
2020-03-31 14:52:29.148 INFO  [http-nio-1000-exec-4]com.jg.blog.aspect.RequestAspect.printRequestLog:128 -请求参数
2020-03-31 14:52:29.158 INFO  [http-nio-1000-exec-4]com.jg.blog.aspect.RequestAspect.doAround:69 -耗时 : 12
2020-03-31 14:52:29.158 INFO  [http-nio-1000-exec-4]com.jg.blog.aspect.RequestAspect.doAfterReturning:84 -返回值:{"code":20000,"data":{"currentPage":1,"index":0,"list":[{"blogCollection":0,"blogComment":0,"blogGoods":0,"blogId":"1244643317694652416","blogRead":0,"blogTitle":"测试博客","createdTime":"2020-03-30 23:11:05","typeName":"java","updateTime":"2020-03-30 23:11:05"},{"blogCollection":0,"blogComment":0,"blogGoods":0,"blogId":"1244643320894906368","blogRead":0,"blogTitle":"测试博客","createdTime":"2020-03-30 23:11:06","typeName":"java","updateTime":"2020-03-30 23:11:06"},{"blogCollection":0,"blogComment":0,"blogGoods":0,"blogId":"1244643326355890176","blogRead":0,"blogTitle":"测试博客","createdTime":"2020-03-30 23:11:08","typeName":"java","updateTime":"2020-03-30 23:11:08"},{"blogCollection":0,"blogComment":0,"blogGoods":0,"blogId":"1244643475161407488","blogRead":0,"blogTitle":"测试博客","createdTime":"2020-03-30 23:11:43","typeName":"java","updateTime":"2020-03-30 23:11:43"},{"blogCollection":0,"blogComment":0,"blogGoods":0,"blogId":"1244644304966709248","blogRead":0,"blogTitle":"测试博客","createdTime":"2020-03-30 23:15:01","typeName":"java","updateTime":"2020-03-30 23:15:01"}],"pageSize":30,"params":{},"sortMethod":"asc","totalCount":5,"totalPage":1},"msg":"操作成功"}
2020-03-31 14:53:53.823 INFO  [http-nio-1000-exec-7]com.jg.blog.aspect.RequestAspect.printRequestLog:118 -请求地址 : /blog/getByPage
2020-03-31 14:53:53.824 INFO  [http-nio-1000-exec-7]com.jg.blog.aspect.RequestAspect.printRequestLog:119 -请求方式 : POST
2020-03-31 14:53:53.824 INFO  [http-nio-1000-exec-7]com.jg.blog.aspect.RequestAspect.printRequestLog:122 -IP : 0:0:0:0:0:0:0:1
2020-03-31 14:53:53.824 INFO  [http-nio-1000-exec-7]com.jg.blog.aspect.RequestAspect.printRequestLog:124 -方法 : com.jg.blog.controller.BlogController.getByPage
2020-03-31 14:53:53.825 INFO  [http-nio-1000-exec-7]com.jg.blog.aspect.RequestAspect.printRequestLog:126 -请求参数：[Page(currentPage=2, pageSize=30, totalPage=0, totalCount=0, list=null, params={}, sortColumn=null, sortMethod=asc)]
2020-03-31 14:53:53.825 INFO  [http-nio-1000-exec-7]com.jg.blog.aspect.RequestAspect.printRequestLog:128 -请求参数
2020-03-31 14:53:53.835 INFO  [http-nio-1000-exec-7]com.jg.blog.aspect.RequestAspect.doAround:69 -耗时 : 12
2020-03-31 14:53:53.836 INFO  [http-nio-1000-exec-7]com.jg.blog.aspect.RequestAspect.doAfterReturning:84 -返回值:{"code":20000,"data":{"currentPage":2,"index":30,"list":[],"pageSize":30,"params":{},"sortMethod":"asc","totalCount":5,"totalPage":1},"msg":"操作成功"}
2020-03-31 14:54:04.917 INFO  [http-nio-1000-exec-10]com.jg.blog.aspect.RequestAspect.printRequestLog:118 -请求地址 : /blog/getByPage
2020-03-31 14:54:04.917 INFO  [http-nio-1000-exec-10]com.jg.blog.aspect.RequestAspect.printRequestLog:119 -请求方式 : POST
2020-03-31 14:54:04.918 INFO  [http-nio-1000-exec-10]com.jg.blog.aspect.RequestAspect.printRequestLog:122 -IP : 0:0:0:0:0:0:0:1
2020-03-31 14:54:04.918 INFO  [http-nio-1000-exec-10]com.jg.blog.aspect.RequestAspect.printRequestLog:124 -方法 : com.jg.blog.controller.BlogController.getByPage
2020-03-31 14:54:04.918 INFO  [http-nio-1000-exec-10]com.jg.blog.aspect.RequestAspect.printRequestLog:126 -请求参数：[Page(currentPage=2, pageSize=1, totalPage=0, totalCount=0, list=null, params={}, sortColumn=null, sortMethod=asc)]
2020-03-31 14:54:04.918 INFO  [http-nio-1000-exec-10]com.jg.blog.aspect.RequestAspect.printRequestLog:128 -请求参数
2020-03-31 14:54:04.924 INFO  [http-nio-1000-exec-10]com.jg.blog.aspect.RequestAspect.doAround:69 -耗时 : 7
2020-03-31 14:54:04.925 INFO  [http-nio-1000-exec-10]com.jg.blog.aspect.RequestAspect.doAfterReturning:84 -返回值:{"code":20000,"data":{"currentPage":2,"index":1,"list":[{"blogCollection":0,"blogComment":0,"blogGoods":0,"blogId":"1244643320894906368","blogRead":0,"blogTitle":"测试博客","createdTime":"2020-03-30 23:11:06","typeName":"java","updateTime":"2020-03-30 23:11:06"}],"pageSize":1,"params":{},"sortMethod":"asc","totalCount":5,"totalPage":5},"msg":"操作成功"}
2020-03-31 14:55:43.340 INFO  [http-nio-1000-exec-2]com.jg.blog.aspect.RequestAspect.printRequestLog:118 -请求地址 : /blog/getByPage
2020-03-31 14:55:43.341 INFO  [http-nio-1000-exec-2]com.jg.blog.aspect.RequestAspect.printRequestLog:119 -请求方式 : POST
2020-03-31 14:55:43.341 INFO  [http-nio-1000-exec-2]com.jg.blog.aspect.RequestAspect.printRequestLog:122 -IP : 0:0:0:0:0:0:0:1
2020-03-31 14:55:43.341 INFO  [http-nio-1000-exec-2]com.jg.blog.aspect.RequestAspect.printRequestLog:124 -方法 : com.jg.blog.controller.BlogController.getByPage
2020-03-31 14:55:43.341 INFO  [http-nio-1000-exec-2]com.jg.blog.aspect.RequestAspect.printRequestLog:126 -请求参数：[Page(currentPage=1, pageSize=5, totalPage=0, totalCount=0, list=null, params={}, sortColumn=null, sortMethod=asc)]
2020-03-31 14:55:43.341 INFO  [http-nio-1000-exec-2]com.jg.blog.aspect.RequestAspect.printRequestLog:128 -请求参数
2020-03-31 14:55:43.355 INFO  [http-nio-1000-exec-2]com.jg.blog.aspect.RequestAspect.doAround:69 -耗时 : 15
2020-03-31 14:55:43.355 INFO  [http-nio-1000-exec-2]com.jg.blog.aspect.RequestAspect.doAfterReturning:84 -返回值:{"code":20000,"data":{"currentPage":1,"index":0,"list":[{"blogCollection":0,"blogComment":0,"blogGoods":0,"blogId":"1244643317694652416","blogRead":0,"blogTitle":"测试博客","createdTime":"2020-03-30 23:11:05","typeName":"java","updateTime":"2020-03-30 23:11:05"},{"blogCollection":0,"blogComment":0,"blogGoods":0,"blogId":"1244643320894906368","blogRead":0,"blogTitle":"测试博客","createdTime":"2020-03-30 23:11:06","typeName":"java","updateTime":"2020-03-30 23:11:06"},{"blogCollection":0,"blogComment":0,"blogGoods":0,"blogId":"1244643326355890176","blogRead":0,"blogTitle":"测试博客","createdTime":"2020-03-30 23:11:08","typeName":"java","updateTime":"2020-03-30 23:11:08"},{"blogCollection":0,"blogComment":0,"blogGoods":0,"blogId":"1244643475161407488","blogRead":0,"blogTitle":"测试博客","createdTime":"2020-03-30 23:11:43","typeName":"java","updateTime":"2020-03-30 23:11:43"},{"blogCollection":0,"blogComment":0,"blogGoods":0,"blogId":"1244644304966709248","blogRead":0,"blogTitle":"测试博客","createdTime":"2020-03-30 23:15:01","typeName":"java","updateTime":"2020-03-30 23:15:01"}],"pageSize":5,"params":{},"sortMethod":"asc","totalCount":5,"totalPage":1},"msg":"操作成功"}
2020-03-31 14:56:54.801 INFO  [http-nio-1000-exec-6]com.jg.blog.aspect.RequestAspect.printRequestLog:118 -请求地址 : /blog/getByPage
2020-03-31 14:56:54.802 INFO  [http-nio-1000-exec-6]com.jg.blog.aspect.RequestAspect.printRequestLog:119 -请求方式 : POST
2020-03-31 14:56:54.802 INFO  [http-nio-1000-exec-6]com.jg.blog.aspect.RequestAspect.printRequestLog:122 -IP : 0:0:0:0:0:0:0:1
2020-03-31 14:56:54.802 INFO  [http-nio-1000-exec-6]com.jg.blog.aspect.RequestAspect.printRequestLog:124 -方法 : com.jg.blog.controller.BlogController.getByPage
2020-03-31 14:56:54.803 INFO  [http-nio-1000-exec-6]com.jg.blog.aspect.RequestAspect.printRequestLog:126 -请求参数：[Page(currentPage=1, pageSize=1, totalPage=0, totalCount=0, list=null, params={}, sortColumn=null, sortMethod=asc)]
2020-03-31 14:56:54.803 INFO  [http-nio-1000-exec-6]com.jg.blog.aspect.RequestAspect.printRequestLog:128 -请求参数
2020-03-31 14:56:54.823 INFO  [http-nio-1000-exec-6]com.jg.blog.aspect.RequestAspect.doAround:69 -耗时 : 22
2020-03-31 14:56:54.823 INFO  [http-nio-1000-exec-6]com.jg.blog.aspect.RequestAspect.doAfterReturning:84 -返回值:{"code":20000,"data":{"currentPage":1,"index":0,"list":[{"blogCollection":0,"blogComment":0,"blogGoods":0,"blogId":"1244643317694652416","blogRead":0,"blogTitle":"测试博客","createdTime":"2020-03-30 23:11:05","typeName":"java","updateTime":"2020-03-30 23:11:05"}],"pageSize":1,"params":{},"sortMethod":"asc","totalCount":5,"totalPage":5},"msg":"操作成功"}
2020-03-31 14:57:20.752 INFO  [http-nio-1000-exec-8]com.jg.blog.aspect.RequestAspect.printRequestLog:118 -请求地址 : /blog/save
2020-03-31 14:57:20.753 INFO  [http-nio-1000-exec-8]com.jg.blog.aspect.RequestAspect.printRequestLog:119 -请求方式 : POST
2020-03-31 14:57:20.753 INFO  [http-nio-1000-exec-8]com.jg.blog.aspect.RequestAspect.printRequestLog:122 -IP : 0:0:0:0:0:0:0:1
2020-03-31 14:57:20.753 INFO  [http-nio-1000-exec-8]com.jg.blog.aspect.RequestAspect.printRequestLog:124 -方法 : com.jg.blog.controller.BlogController.save
2020-03-31 14:57:20.753 INFO  [http-nio-1000-exec-8]com.jg.blog.aspect.RequestAspect.printRequestLog:126 -请求参数：[Blog(blogId=null, blogTitle=测试博客, blogImage=null, blogContent=java, blogGoods=null, blogRead=null, blogCollection=null, blogType=6, blogRemark=null, blogComment=null, blogSource=null, createdTime=null, updateTime=null, version=null, deleted=null)]
2020-03-31 14:57:20.754 INFO  [http-nio-1000-exec-8]com.jg.blog.aspect.RequestAspect.printRequestLog:128 -请求参数
2020-03-31 14:57:20.763 INFO  [http-nio-1000-exec-8]com.jg.blog.aspect.RequestAspect.doAround:69 -耗时 : 11
2020-03-31 14:57:20.764 INFO  [http-nio-1000-exec-8]com.jg.blog.aspect.RequestAspect.doAfterReturning:84 -返回值:{"code":20000,"msg":"保存成功"}
2020-03-31 14:57:21.107 INFO  [http-nio-1000-exec-9]com.jg.blog.aspect.RequestAspect.printRequestLog:118 -请求地址 : /blog/save
2020-03-31 14:57:21.107 INFO  [http-nio-1000-exec-9]com.jg.blog.aspect.RequestAspect.printRequestLog:119 -请求方式 : POST
2020-03-31 14:57:21.108 INFO  [http-nio-1000-exec-9]com.jg.blog.aspect.RequestAspect.printRequestLog:122 -IP : 0:0:0:0:0:0:0:1
2020-03-31 14:57:21.108 INFO  [http-nio-1000-exec-9]com.jg.blog.aspect.RequestAspect.printRequestLog:124 -方法 : com.jg.blog.controller.BlogController.save
2020-03-31 14:57:21.108 INFO  [http-nio-1000-exec-9]com.jg.blog.aspect.RequestAspect.printRequestLog:126 -请求参数：[Blog(blogId=null, blogTitle=测试博客, blogImage=null, blogContent=java, blogGoods=null, blogRead=null, blogCollection=null, blogType=6, blogRemark=null, blogComment=null, blogSource=null, createdTime=null, updateTime=null, version=null, deleted=null)]
2020-03-31 14:57:21.108 INFO  [http-nio-1000-exec-9]com.jg.blog.aspect.RequestAspect.printRequestLog:128 -请求参数
2020-03-31 14:57:21.122 INFO  [http-nio-1000-exec-9]com.jg.blog.aspect.RequestAspect.doAround:69 -耗时 : 15
2020-03-31 14:57:21.123 INFO  [http-nio-1000-exec-9]com.jg.blog.aspect.RequestAspect.doAfterReturning:84 -返回值:{"code":20000,"msg":"保存成功"}
2020-03-31 14:57:21.437 INFO  [http-nio-1000-exec-7]com.jg.blog.aspect.RequestAspect.printRequestLog:118 -请求地址 : /blog/save
2020-03-31 14:57:21.438 INFO  [http-nio-1000-exec-7]com.jg.blog.aspect.RequestAspect.printRequestLog:119 -请求方式 : POST
2020-03-31 14:57:21.438 INFO  [http-nio-1000-exec-7]com.jg.blog.aspect.RequestAspect.printRequestLog:122 -IP : 0:0:0:0:0:0:0:1
2020-03-31 14:57:21.438 INFO  [http-nio-1000-exec-7]com.jg.blog.aspect.RequestAspect.printRequestLog:124 -方法 : com.jg.blog.controller.BlogController.save
2020-03-31 14:57:21.438 INFO  [http-nio-1000-exec-7]com.jg.blog.aspect.RequestAspect.printRequestLog:126 -请求参数：[Blog(blogId=null, blogTitle=测试博客, blogImage=null, blogContent=java, blogGoods=null, blogRead=null, blogCollection=null, blogType=6, blogRemark=null, blogComment=null, blogSource=null, createdTime=null, updateTime=null, version=null, deleted=null)]
2020-03-31 14:57:21.439 INFO  [http-nio-1000-exec-7]com.jg.blog.aspect.RequestAspect.printRequestLog:128 -请求参数
2020-03-31 14:57:21.446 INFO  [http-nio-1000-exec-7]com.jg.blog.aspect.RequestAspect.doAround:69 -耗时 : 9
2020-03-31 14:57:21.447 INFO  [http-nio-1000-exec-7]com.jg.blog.aspect.RequestAspect.doAfterReturning:84 -返回值:{"code":20000,"msg":"保存成功"}
2020-03-31 14:57:22.655 INFO  [http-nio-1000-exec-10]com.jg.blog.aspect.RequestAspect.printRequestLog:118 -请求地址 : /blog/save
2020-03-31 14:57:22.655 INFO  [http-nio-1000-exec-10]com.jg.blog.aspect.RequestAspect.printRequestLog:119 -请求方式 : POST
2020-03-31 14:57:22.656 INFO  [http-nio-1000-exec-10]com.jg.blog.aspect.RequestAspect.printRequestLog:122 -IP : 0:0:0:0:0:0:0:1
2020-03-31 14:57:22.656 INFO  [http-nio-1000-exec-10]com.jg.blog.aspect.RequestAspect.printRequestLog:124 -方法 : com.jg.blog.controller.BlogController.save
2020-03-31 14:57:22.656 INFO  [http-nio-1000-exec-10]com.jg.blog.aspect.RequestAspect.printRequestLog:126 -请求参数：[Blog(blogId=null, blogTitle=测试博客, blogImage=null, blogContent=java, blogGoods=null, blogRead=null, blogCollection=null, blogType=6, blogRemark=null, blogComment=null, blogSource=null, createdTime=null, updateTime=null, version=null, deleted=null)]
2020-03-31 14:57:22.656 INFO  [http-nio-1000-exec-10]com.jg.blog.aspect.RequestAspect.printRequestLog:128 -请求参数
2020-03-31 14:57:22.664 INFO  [http-nio-1000-exec-10]com.jg.blog.aspect.RequestAspect.doAround:69 -耗时 : 9
2020-03-31 14:57:22.664 INFO  [http-nio-1000-exec-10]com.jg.blog.aspect.RequestAspect.doAfterReturning:84 -返回值:{"code":20000,"msg":"保存成功"}
2020-03-31 14:57:24.406 INFO  [http-nio-1000-exec-1]com.jg.blog.aspect.RequestAspect.printRequestLog:118 -请求地址 : /blog/save
2020-03-31 14:57:24.406 INFO  [http-nio-1000-exec-1]com.jg.blog.aspect.RequestAspect.printRequestLog:119 -请求方式 : POST
2020-03-31 14:57:24.406 INFO  [http-nio-1000-exec-1]com.jg.blog.aspect.RequestAspect.printRequestLog:122 -IP : 0:0:0:0:0:0:0:1
2020-03-31 14:57:24.406 INFO  [http-nio-1000-exec-1]com.jg.blog.aspect.RequestAspect.printRequestLog:124 -方法 : com.jg.blog.controller.BlogController.save
2020-03-31 14:57:24.407 INFO  [http-nio-1000-exec-1]com.jg.blog.aspect.RequestAspect.printRequestLog:126 -请求参数：[Blog(blogId=null, blogTitle=测试博客, blogImage=null, blogContent=java, blogGoods=null, blogRead=null, blogCollection=null, blogType=6, blogRemark=null, blogComment=null, blogSource=null, createdTime=null, updateTime=null, version=null, deleted=null)]
2020-03-31 14:57:24.407 INFO  [http-nio-1000-exec-1]com.jg.blog.aspect.RequestAspect.printRequestLog:128 -请求参数
2020-03-31 14:57:24.415 INFO  [http-nio-1000-exec-1]com.jg.blog.aspect.RequestAspect.doAround:69 -耗时 : 9
2020-03-31 14:57:24.415 INFO  [http-nio-1000-exec-1]com.jg.blog.aspect.RequestAspect.doAfterReturning:84 -返回值:{"code":20000,"msg":"保存成功"}
2020-03-31 14:57:26.488 INFO  [http-nio-1000-exec-3]com.jg.blog.aspect.RequestAspect.printRequestLog:118 -请求地址 : /blog/save
2020-03-31 14:57:26.488 INFO  [http-nio-1000-exec-3]com.jg.blog.aspect.RequestAspect.printRequestLog:119 -请求方式 : POST
2020-03-31 14:57:26.488 INFO  [http-nio-1000-exec-3]com.jg.blog.aspect.RequestAspect.printRequestLog:122 -IP : 0:0:0:0:0:0:0:1
2020-03-31 14:57:26.489 INFO  [http-nio-1000-exec-3]com.jg.blog.aspect.RequestAspect.printRequestLog:124 -方法 : com.jg.blog.controller.BlogController.save
2020-03-31 14:57:26.489 INFO  [http-nio-1000-exec-3]com.jg.blog.aspect.RequestAspect.printRequestLog:126 -请求参数：[Blog(blogId=null, blogTitle=测试博客, blogImage=null, blogContent=java, blogGoods=null, blogRead=null, blogCollection=null, blogType=6, blogRemark=null, blogComment=null, blogSource=null, createdTime=null, updateTime=null, version=null, deleted=null)]
2020-03-31 14:57:26.489 INFO  [http-nio-1000-exec-3]com.jg.blog.aspect.RequestAspect.printRequestLog:128 -请求参数
2020-03-31 14:57:26.498 INFO  [http-nio-1000-exec-3]com.jg.blog.aspect.RequestAspect.doAround:69 -耗时 : 10
2020-03-31 14:57:26.498 INFO  [http-nio-1000-exec-3]com.jg.blog.aspect.RequestAspect.doAfterReturning:84 -返回值:{"code":20000,"msg":"保存成功"}
2020-03-31 14:57:27.178 INFO  [http-nio-1000-exec-2]com.jg.blog.aspect.RequestAspect.printRequestLog:118 -请求地址 : /blog/save
2020-03-31 14:57:27.179 INFO  [http-nio-1000-exec-2]com.jg.blog.aspect.RequestAspect.printRequestLog:119 -请求方式 : POST
2020-03-31 14:57:27.179 INFO  [http-nio-1000-exec-2]com.jg.blog.aspect.RequestAspect.printRequestLog:122 -IP : 0:0:0:0:0:0:0:1
2020-03-31 14:57:27.179 INFO  [http-nio-1000-exec-2]com.jg.blog.aspect.RequestAspect.printRequestLog:124 -方法 : com.jg.blog.controller.BlogController.save
2020-03-31 14:57:27.179 INFO  [http-nio-1000-exec-2]com.jg.blog.aspect.RequestAspect.printRequestLog:126 -请求参数：[Blog(blogId=null, blogTitle=测试博客, blogImage=null, blogContent=java, blogGoods=null, blogRead=null, blogCollection=null, blogType=6, blogRemark=null, blogComment=null, blogSource=null, createdTime=null, updateTime=null, version=null, deleted=null)]
2020-03-31 14:57:27.179 INFO  [http-nio-1000-exec-2]com.jg.blog.aspect.RequestAspect.printRequestLog:128 -请求参数
2020-03-31 14:57:27.187 INFO  [http-nio-1000-exec-2]com.jg.blog.aspect.RequestAspect.doAround:69 -耗时 : 9
2020-03-31 14:57:27.188 INFO  [http-nio-1000-exec-2]com.jg.blog.aspect.RequestAspect.doAfterReturning:84 -返回值:{"code":20000,"msg":"保存成功"}
2020-03-31 14:57:28.010 INFO  [http-nio-1000-exec-4]com.jg.blog.aspect.RequestAspect.printRequestLog:118 -请求地址 : /blog/save
2020-03-31 14:57:28.010 INFO  [http-nio-1000-exec-4]com.jg.blog.aspect.RequestAspect.printRequestLog:119 -请求方式 : POST
2020-03-31 14:57:28.010 INFO  [http-nio-1000-exec-4]com.jg.blog.aspect.RequestAspect.printRequestLog:122 -IP : 0:0:0:0:0:0:0:1
2020-03-31 14:57:28.011 INFO  [http-nio-1000-exec-4]com.jg.blog.aspect.RequestAspect.printRequestLog:124 -方法 : com.jg.blog.controller.BlogController.save
2020-03-31 14:57:28.011 INFO  [http-nio-1000-exec-4]com.jg.blog.aspect.RequestAspect.printRequestLog:126 -请求参数：[Blog(blogId=null, blogTitle=测试博客, blogImage=null, blogContent=java, blogGoods=null, blogRead=null, blogCollection=null, blogType=6, blogRemark=null, blogComment=null, blogSource=null, createdTime=null, updateTime=null, version=null, deleted=null)]
2020-03-31 14:57:28.011 INFO  [http-nio-1000-exec-4]com.jg.blog.aspect.RequestAspect.printRequestLog:128 -请求参数
2020-03-31 14:57:28.017 INFO  [http-nio-1000-exec-4]com.jg.blog.aspect.RequestAspect.doAround:69 -耗时 : 7
2020-03-31 14:57:28.017 INFO  [http-nio-1000-exec-4]com.jg.blog.aspect.RequestAspect.doAfterReturning:84 -返回值:{"code":20000,"msg":"保存成功"}
2020-03-31 14:57:28.686 INFO  [http-nio-1000-exec-5]com.jg.blog.aspect.RequestAspect.printRequestLog:118 -请求地址 : /blog/save
2020-03-31 14:57:28.687 INFO  [http-nio-1000-exec-5]com.jg.blog.aspect.RequestAspect.printRequestLog:119 -请求方式 : POST
2020-03-31 14:57:28.687 INFO  [http-nio-1000-exec-5]com.jg.blog.aspect.RequestAspect.printRequestLog:122 -IP : 0:0:0:0:0:0:0:1
2020-03-31 14:57:28.687 INFO  [http-nio-1000-exec-5]com.jg.blog.aspect.RequestAspect.printRequestLog:124 -方法 : com.jg.blog.controller.BlogController.save
2020-03-31 14:57:28.687 INFO  [http-nio-1000-exec-5]com.jg.blog.aspect.RequestAspect.printRequestLog:126 -请求参数：[Blog(blogId=null, blogTitle=测试博客, blogImage=null, blogContent=java, blogGoods=null, blogRead=null, blogCollection=null, blogType=6, blogRemark=null, blogComment=null, blogSource=null, createdTime=null, updateTime=null, version=null, deleted=null)]
2020-03-31 14:57:28.687 INFO  [http-nio-1000-exec-5]com.jg.blog.aspect.RequestAspect.printRequestLog:128 -请求参数
2020-03-31 14:57:28.693 INFO  [http-nio-1000-exec-5]com.jg.blog.aspect.RequestAspect.doAround:69 -耗时 : 7
2020-03-31 14:57:28.693 INFO  [http-nio-1000-exec-5]com.jg.blog.aspect.RequestAspect.doAfterReturning:84 -返回值:{"code":20000,"msg":"保存成功"}
2020-03-31 14:57:29.434 INFO  [http-nio-1000-exec-6]com.jg.blog.aspect.RequestAspect.printRequestLog:118 -请求地址 : /blog/save
2020-03-31 14:57:29.435 INFO  [http-nio-1000-exec-6]com.jg.blog.aspect.RequestAspect.printRequestLog:119 -请求方式 : POST
2020-03-31 14:57:29.435 INFO  [http-nio-1000-exec-6]com.jg.blog.aspect.RequestAspect.printRequestLog:122 -IP : 0:0:0:0:0:0:0:1
2020-03-31 14:57:29.435 INFO  [http-nio-1000-exec-6]com.jg.blog.aspect.RequestAspect.printRequestLog:124 -方法 : com.jg.blog.controller.BlogController.save
2020-03-31 14:57:29.435 INFO  [http-nio-1000-exec-6]com.jg.blog.aspect.RequestAspect.printRequestLog:126 -请求参数：[Blog(blogId=null, blogTitle=测试博客, blogImage=null, blogContent=java, blogGoods=null, blogRead=null, blogCollection=null, blogType=6, blogRemark=null, blogComment=null, blogSource=null, createdTime=null, updateTime=null, version=null, deleted=null)]
2020-03-31 14:57:29.435 INFO  [http-nio-1000-exec-6]com.jg.blog.aspect.RequestAspect.printRequestLog:128 -请求参数
2020-03-31 14:57:29.443 INFO  [http-nio-1000-exec-6]com.jg.blog.aspect.RequestAspect.doAround:69 -耗时 : 9
2020-03-31 14:57:29.443 INFO  [http-nio-1000-exec-6]com.jg.blog.aspect.RequestAspect.doAfterReturning:84 -返回值:{"code":20000,"msg":"保存成功"}
2020-03-31 14:57:32.591 INFO  [http-nio-1000-exec-8]com.jg.blog.aspect.RequestAspect.printRequestLog:118 -请求地址 : /blog/getByPage
2020-03-31 14:57:32.591 INFO  [http-nio-1000-exec-8]com.jg.blog.aspect.RequestAspect.printRequestLog:119 -请求方式 : POST
2020-03-31 14:57:32.591 INFO  [http-nio-1000-exec-8]com.jg.blog.aspect.RequestAspect.printRequestLog:122 -IP : 0:0:0:0:0:0:0:1
2020-03-31 14:57:32.591 INFO  [http-nio-1000-exec-8]com.jg.blog.aspect.RequestAspect.printRequestLog:124 -方法 : com.jg.blog.controller.BlogController.getByPage
2020-03-31 14:57:32.591 INFO  [http-nio-1000-exec-8]com.jg.blog.aspect.RequestAspect.printRequestLog:126 -请求参数：[Page(currentPage=1, pageSize=1, totalPage=0, totalCount=0, list=null, params={}, sortColumn=null, sortMethod=asc)]
2020-03-31 14:57:32.592 INFO  [http-nio-1000-exec-8]com.jg.blog.aspect.RequestAspect.printRequestLog:128 -请求参数
2020-03-31 14:57:32.597 INFO  [http-nio-1000-exec-8]com.jg.blog.aspect.RequestAspect.doAround:69 -耗时 : 6
2020-03-31 14:57:32.597 INFO  [http-nio-1000-exec-8]com.jg.blog.aspect.RequestAspect.doAfterReturning:84 -返回值:{"code":20000,"data":{"currentPage":1,"index":0,"list":[{"blogCollection":0,"blogComment":0,"blogGoods":0,"blogId":"1244643317694652416","blogRead":0,"blogTitle":"测试博客","createdTime":"2020-03-30 23:11:05","typeName":"java","updateTime":"2020-03-30 23:11:05"}],"pageSize":1,"params":{},"sortMethod":"asc","totalCount":15,"totalPage":15},"msg":"操作成功"}
2020-03-31 14:58:22.692 INFO  [http-nio-1000-exec-9]com.jg.blog.aspect.RequestAspect.printRequestLog:118 -请求地址 : /blog/save
2020-03-31 14:58:22.692 INFO  [http-nio-1000-exec-9]com.jg.blog.aspect.RequestAspect.printRequestLog:119 -请求方式 : POST
2020-03-31 14:58:22.693 INFO  [http-nio-1000-exec-9]com.jg.blog.aspect.RequestAspect.printRequestLog:122 -IP : 0:0:0:0:0:0:0:1
2020-03-31 14:58:22.693 INFO  [http-nio-1000-exec-9]com.jg.blog.aspect.RequestAspect.printRequestLog:124 -方法 : com.jg.blog.controller.BlogController.save
2020-03-31 14:58:22.693 INFO  [http-nio-1000-exec-9]com.jg.blog.aspect.RequestAspect.printRequestLog:126 -请求参数：[Blog(blogId=null, blogTitle=测试博客, blogImage=null, blogContent=java, blogGoods=null, blogRead=null, blogCollection=null, blogType=6, blogRemark=null, blogComment=null, blogSource=null, createdTime=null, updateTime=null, version=null, deleted=null)]
2020-03-31 14:58:22.693 INFO  [http-nio-1000-exec-9]com.jg.blog.aspect.RequestAspect.printRequestLog:128 -请求参数
2020-03-31 14:58:22.701 INFO  [http-nio-1000-exec-9]com.jg.blog.aspect.RequestAspect.doAround:69 -耗时 : 9
2020-03-31 14:58:22.701 INFO  [http-nio-1000-exec-9]com.jg.blog.aspect.RequestAspect.doAfterReturning:84 -返回值:{"code":20000,"msg":"保存成功"}
2020-03-31 14:58:23.587 INFO  [http-nio-1000-exec-7]com.jg.blog.aspect.RequestAspect.printRequestLog:118 -请求地址 : /blog/save
2020-03-31 14:58:23.588 INFO  [http-nio-1000-exec-7]com.jg.blog.aspect.RequestAspect.printRequestLog:119 -请求方式 : POST
2020-03-31 14:58:23.588 INFO  [http-nio-1000-exec-7]com.jg.blog.aspect.RequestAspect.printRequestLog:122 -IP : 0:0:0:0:0:0:0:1
2020-03-31 14:58:23.588 INFO  [http-nio-1000-exec-7]com.jg.blog.aspect.RequestAspect.printRequestLog:124 -方法 : com.jg.blog.controller.BlogController.save
2020-03-31 14:58:23.588 INFO  [http-nio-1000-exec-7]com.jg.blog.aspect.RequestAspect.printRequestLog:126 -请求参数：[Blog(blogId=null, blogTitle=测试博客, blogImage=null, blogContent=java, blogGoods=null, blogRead=null, blogCollection=null, blogType=6, blogRemark=null, blogComment=null, blogSource=null, createdTime=null, updateTime=null, version=null, deleted=null)]
2020-03-31 14:58:23.588 INFO  [http-nio-1000-exec-7]com.jg.blog.aspect.RequestAspect.printRequestLog:128 -请求参数
2020-03-31 14:58:23.597 INFO  [http-nio-1000-exec-7]com.jg.blog.aspect.RequestAspect.doAround:69 -耗时 : 10
2020-03-31 14:58:23.597 INFO  [http-nio-1000-exec-7]com.jg.blog.aspect.RequestAspect.doAfterReturning:84 -返回值:{"code":20000,"msg":"保存成功"}
2020-03-31 14:58:24.721 INFO  [http-nio-1000-exec-10]com.jg.blog.aspect.RequestAspect.printRequestLog:118 -请求地址 : /blog/save
2020-03-31 14:58:24.721 INFO  [http-nio-1000-exec-10]com.jg.blog.aspect.RequestAspect.printRequestLog:119 -请求方式 : POST
2020-03-31 14:58:24.721 INFO  [http-nio-1000-exec-10]com.jg.blog.aspect.RequestAspect.printRequestLog:122 -IP : 0:0:0:0:0:0:0:1
2020-03-31 14:58:24.722 INFO  [http-nio-1000-exec-10]com.jg.blog.aspect.RequestAspect.printRequestLog:124 -方法 : com.jg.blog.controller.BlogController.save
2020-03-31 14:58:24.722 INFO  [http-nio-1000-exec-10]com.jg.blog.aspect.RequestAspect.printRequestLog:126 -请求参数：[Blog(blogId=null, blogTitle=测试博客, blogImage=null, blogContent=java, blogGoods=null, blogRead=null, blogCollection=null, blogType=6, blogRemark=null, blogComment=null, blogSource=null, createdTime=null, updateTime=null, version=null, deleted=null)]
2020-03-31 14:58:24.722 INFO  [http-nio-1000-exec-10]com.jg.blog.aspect.RequestAspect.printRequestLog:128 -请求参数
2020-03-31 14:58:24.729 INFO  [http-nio-1000-exec-10]com.jg.blog.aspect.RequestAspect.doAround:69 -耗时 : 8
2020-03-31 14:58:24.730 INFO  [http-nio-1000-exec-10]com.jg.blog.aspect.RequestAspect.doAfterReturning:84 -返回值:{"code":20000,"msg":"保存成功"}
2020-03-31 14:58:25.452 INFO  [http-nio-1000-exec-1]com.jg.blog.aspect.RequestAspect.printRequestLog:118 -请求地址 : /blog/save
2020-03-31 14:58:25.453 INFO  [http-nio-1000-exec-1]com.jg.blog.aspect.RequestAspect.printRequestLog:119 -请求方式 : POST
2020-03-31 14:58:25.453 INFO  [http-nio-1000-exec-1]com.jg.blog.aspect.RequestAspect.printRequestLog:122 -IP : 0:0:0:0:0:0:0:1
2020-03-31 14:58:25.453 INFO  [http-nio-1000-exec-1]com.jg.blog.aspect.RequestAspect.printRequestLog:124 -方法 : com.jg.blog.controller.BlogController.save
2020-03-31 14:58:25.453 INFO  [http-nio-1000-exec-1]com.jg.blog.aspect.RequestAspect.printRequestLog:126 -请求参数：[Blog(blogId=null, blogTitle=测试博客, blogImage=null, blogContent=java, blogGoods=null, blogRead=null, blogCollection=null, blogType=6, blogRemark=null, blogComment=null, blogSource=null, createdTime=null, updateTime=null, version=null, deleted=null)]
2020-03-31 14:58:25.453 INFO  [http-nio-1000-exec-1]com.jg.blog.aspect.RequestAspect.printRequestLog:128 -请求参数
2020-03-31 14:58:25.471 INFO  [http-nio-1000-exec-1]com.jg.blog.aspect.RequestAspect.doAround:69 -耗时 : 19
2020-03-31 14:58:25.471 INFO  [http-nio-1000-exec-1]com.jg.blog.aspect.RequestAspect.doAfterReturning:84 -返回值:{"code":20000,"msg":"保存成功"}
2020-03-31 14:58:33.772 INFO  [http-nio-1000-exec-3]com.jg.blog.aspect.RequestAspect.printRequestLog:118 -请求地址 : /blog/getByPage
2020-03-31 14:58:33.773 INFO  [http-nio-1000-exec-3]com.jg.blog.aspect.RequestAspect.printRequestLog:119 -请求方式 : POST
2020-03-31 14:58:33.773 INFO  [http-nio-1000-exec-3]com.jg.blog.aspect.RequestAspect.printRequestLog:122 -IP : 0:0:0:0:0:0:0:1
2020-03-31 14:58:33.773 INFO  [http-nio-1000-exec-3]com.jg.blog.aspect.RequestAspect.printRequestLog:124 -方法 : com.jg.blog.controller.BlogController.getByPage
2020-03-31 14:58:33.773 INFO  [http-nio-1000-exec-3]com.jg.blog.aspect.RequestAspect.printRequestLog:126 -请求参数：[Page(currentPage=1, pageSize=1, totalPage=0, totalCount=0, list=null, params={}, sortColumn=null, sortMethod=asc)]
2020-03-31 14:58:33.774 INFO  [http-nio-1000-exec-3]com.jg.blog.aspect.RequestAspect.printRequestLog:128 -请求参数
2020-03-31 14:58:33.781 INFO  [http-nio-1000-exec-3]com.jg.blog.aspect.RequestAspect.doAround:69 -耗时 : 9
2020-03-31 14:58:33.781 INFO  [http-nio-1000-exec-3]com.jg.blog.aspect.RequestAspect.doAfterReturning:84 -返回值:{"code":20000,"data":{"currentPage":1,"index":0,"list":[{"blogCollection":0,"blogComment":0,"blogGoods":0,"blogId":"1244881708273123328","blogRead":0,"blogTitle":"测试博客","createdTime":"2020-03-31 14:58:22","typeName":"java","updateTime":"2020-03-31 14:58:22"}],"pageSize":1,"params":{},"sortMethod":"asc","totalCount":4,"totalPage":4},"msg":"操作成功"}
2020-03-31 14:58:47.094 INFO  [http-nio-1000-exec-2]com.jg.blog.aspect.RequestAspect.printRequestLog:118 -请求地址 : /blog/getByPage
2020-03-31 14:58:47.095 INFO  [http-nio-1000-exec-2]com.jg.blog.aspect.RequestAspect.printRequestLog:119 -请求方式 : POST
2020-03-31 14:58:47.100 INFO  [http-nio-1000-exec-2]com.jg.blog.aspect.RequestAspect.printRequestLog:122 -IP : 0:0:0:0:0:0:0:1
2020-03-31 14:58:47.101 INFO  [http-nio-1000-exec-2]com.jg.blog.aspect.RequestAspect.printRequestLog:124 -方法 : com.jg.blog.controller.BlogController.getByPage
2020-03-31 14:58:47.101 INFO  [http-nio-1000-exec-2]com.jg.blog.aspect.RequestAspect.printRequestLog:126 -请求参数：[Page(currentPage=1, pageSize=1, totalPage=0, totalCount=0, list=null, params={}, sortColumn=null, sortMethod=asc)]
2020-03-31 14:58:47.101 INFO  [http-nio-1000-exec-2]com.jg.blog.aspect.RequestAspect.printRequestLog:128 -请求参数
2020-03-31 14:58:47.119 INFO  [http-nio-1000-exec-2]com.jg.blog.aspect.RequestAspect.doAround:69 -耗时 : 25
2020-03-31 14:58:47.120 INFO  [http-nio-1000-exec-2]com.jg.blog.aspect.RequestAspect.doAfterReturning:84 -返回值:{"code":20000,"data":{"currentPage":1,"index":0,"list":[{"blogCollection":0,"blogComment":0,"blogGoods":0,"blogId":"1244881708273123328","blogRead":0,"blogTitle":"测试博客","createdTime":"2020-03-31 14:58:22","typeName":"java","updateTime":"2020-03-31 14:58:22"}],"pageSize":1,"params":{},"sortMethod":"asc","totalCount":4,"totalPage":4},"msg":"操作成功"}
2020-03-31 14:59:01.429 INFO  [http-nio-1000-exec-4]com.jg.blog.aspect.RequestAspect.printRequestLog:118 -请求地址 : /blog/getByPage
2020-03-31 14:59:01.429 INFO  [http-nio-1000-exec-4]com.jg.blog.aspect.RequestAspect.printRequestLog:119 -请求方式 : POST
2020-03-31 14:59:01.430 INFO  [http-nio-1000-exec-4]com.jg.blog.aspect.RequestAspect.printRequestLog:122 -IP : 0:0:0:0:0:0:0:1
2020-03-31 14:59:01.430 INFO  [http-nio-1000-exec-4]com.jg.blog.aspect.RequestAspect.printRequestLog:124 -方法 : com.jg.blog.controller.BlogController.getByPage
2020-03-31 14:59:01.430 INFO  [http-nio-1000-exec-4]com.jg.blog.aspect.RequestAspect.printRequestLog:126 -请求参数：[Page(currentPage=1, pageSize=4, totalPage=0, totalCount=0, list=null, params={}, sortColumn=null, sortMethod=asc)]
2020-03-31 14:59:01.431 INFO  [http-nio-1000-exec-4]com.jg.blog.aspect.RequestAspect.printRequestLog:128 -请求参数
2020-03-31 14:59:01.438 INFO  [http-nio-1000-exec-4]com.jg.blog.aspect.RequestAspect.doAround:69 -耗时 : 9
2020-03-31 14:59:01.439 INFO  [http-nio-1000-exec-4]com.jg.blog.aspect.RequestAspect.doAfterReturning:84 -返回值:{"code":20000,"data":{"currentPage":1,"index":0,"list":[{"blogCollection":0,"blogComment":0,"blogGoods":0,"blogId":"1244881708273123328","blogRead":0,"blogTitle":"测试博客","createdTime":"2020-03-31 14:58:22","typeName":"java","updateTime":"2020-03-31 14:58:22"},{"blogCollection":0,"blogComment":0,"blogGoods":0,"blogId":"1244881712031219712","blogRead":0,"blogTitle":"测试博客","createdTime":"2020-03-31 14:58:23","typeName":"springboot","updateTime":"2020-03-31 14:58:41"},{"blogCollection":0,"blogComment":0,"blogGoods":0,"blogId":"1244881716787560448","blogRead":0,"blogTitle":"测试博客","createdTime":"2020-03-31 14:58:24","typeName":"springboot","updateTime":"2020-03-31 14:58:43"},{"blogCollection":0,"blogComment":0,"blogGoods":0,"blogId":"1244881719853596672","blogRead":0,"blogTitle":"测试博客","createdTime":"2020-03-31 14:58:25","typeName":"springboot","updateTime":"2020-03-31 14:58:45"}],"pageSize":4,"params":{},"sortMethod":"asc","totalCount":4,"totalPage":1},"msg":"操作成功"}
2020-03-31 14:59:16.117 INFO  [http-nio-1000-exec-5]com.jg.blog.aspect.RequestAspect.printRequestLog:118 -请求地址 : /blog/getByPage
2020-03-31 14:59:16.117 INFO  [http-nio-1000-exec-5]com.jg.blog.aspect.RequestAspect.printRequestLog:119 -请求方式 : POST
2020-03-31 14:59:16.119 INFO  [http-nio-1000-exec-5]com.jg.blog.aspect.RequestAspect.printRequestLog:122 -IP : 0:0:0:0:0:0:0:1
2020-03-31 14:59:16.119 INFO  [http-nio-1000-exec-5]com.jg.blog.aspect.RequestAspect.printRequestLog:124 -方法 : com.jg.blog.controller.BlogController.getByPage
2020-03-31 14:59:16.119 INFO  [http-nio-1000-exec-5]com.jg.blog.aspect.RequestAspect.printRequestLog:126 -请求参数：[Page(currentPage=1, pageSize=4, totalPage=0, totalCount=0, list=null, params={}, sortColumn=null, sortMethod=asc)]
2020-03-31 14:59:16.119 INFO  [http-nio-1000-exec-5]com.jg.blog.aspect.RequestAspect.printRequestLog:128 -请求参数
2020-03-31 14:59:16.127 INFO  [http-nio-1000-exec-5]com.jg.blog.aspect.RequestAspect.doAround:69 -耗时 : 10
2020-03-31 14:59:16.127 INFO  [http-nio-1000-exec-5]com.jg.blog.aspect.RequestAspect.doAfterReturning:84 -返回值:{"code":20000,"data":{"currentPage":1,"index":0,"list":[{"blogCollection":0,"blogComment":0,"blogGoods":0,"blogId":"1244881708273123328","blogRead":0,"blogTitle":"测试博客","createdTime":"2020-03-31 14:58:22","typeName":"java","updateTime":"2020-03-31 14:58:22"},{"blogCollection":0,"blogComment":0,"blogGoods":0,"blogId":"1244881712031219712","blogRead":0,"blogTitle":"测试博客","createdTime":"2020-03-31 14:58:23","typeName":"springboot","updateTime":"2020-03-31 14:58:41"},{"blogCollection":0,"blogComment":0,"blogGoods":0,"blogId":"1244881716787560448","blogRead":0,"blogTitle":"测试博客","createdTime":"2020-03-31 14:58:24","typeName":"springboot","updateTime":"2020-03-31 14:58:43"},{"blogCollection":0,"blogComment":0,"blogGoods":0,"blogId":"1244881719853596672","blogRead":0,"blogTitle":"测试博客","createdTime":"2020-03-31 14:58:25","typeName":"springboot","updateTime":"2020-03-31 14:58:45"}],"pageSize":4,"params":{},"sortMethod":"asc","totalCount":4,"totalPage":1},"msg":"操作成功"}
2020-03-31 14:59:41.227 INFO  [http-nio-1000-exec-6]com.jg.blog.aspect.RequestAspect.printRequestLog:118 -请求地址 : /blog/getByPage
2020-03-31 14:59:41.227 INFO  [http-nio-1000-exec-6]com.jg.blog.aspect.RequestAspect.printRequestLog:119 -请求方式 : POST
2020-03-31 14:59:41.227 INFO  [http-nio-1000-exec-6]com.jg.blog.aspect.RequestAspect.printRequestLog:122 -IP : 0:0:0:0:0:0:0:1
2020-03-31 14:59:41.227 INFO  [http-nio-1000-exec-6]com.jg.blog.aspect.RequestAspect.printRequestLog:124 -方法 : com.jg.blog.controller.BlogController.getByPage
2020-03-31 14:59:41.227 INFO  [http-nio-1000-exec-6]com.jg.blog.aspect.RequestAspect.printRequestLog:126 -请求参数：[Page(currentPage=1, pageSize=4, totalPage=0, totalCount=0, list=null, params={}, sortColumn=null, sortMethod=asc)]
2020-03-31 14:59:41.228 INFO  [http-nio-1000-exec-6]com.jg.blog.aspect.RequestAspect.printRequestLog:128 -请求参数
2020-03-31 14:59:41.233 INFO  [http-nio-1000-exec-6]com.jg.blog.aspect.RequestAspect.doAround:69 -耗时 : 6
2020-03-31 14:59:41.233 INFO  [http-nio-1000-exec-6]com.jg.blog.aspect.RequestAspect.doAfterReturning:84 -返回值:{"code":20000,"data":{"currentPage":1,"index":0,"list":[{"blogCollection":0,"blogComment":0,"blogGoods":0,"blogId":"1244881708273123328","blogRead":0,"blogTitle":"测试博客","createdTime":"2020-03-31 14:58:22","typeName":"java","updateTime":"2020-03-31 14:58:22"},{"blogCollection":0,"blogComment":0,"blogGoods":0,"blogId":"1244881712031219712","blogRead":0,"blogTitle":"测试博客","createdTime":"2020-03-31 14:58:23","typeName":"springboot","updateTime":"2020-03-31 14:58:41"},{"blogCollection":0,"blogComment":0,"blogGoods":0,"blogId":"1244881716787560448","blogRead":0,"blogTitle":"测试博客","createdTime":"2020-03-31 14:58:24","typeName":"springboot","updateTime":"2020-03-31 14:58:43"},{"blogCollection":0,"blogComment":0,"blogGoods":0,"blogId":"1244881719853596672","blogRead":0,"blogTitle":"测试博客","createdTime":"2020-03-31 14:58:25","typeName":"springboot","updateTime":"2020-03-31 14:58:45"}],"pageSize":4,"params":{},"sortMethod":"asc","totalCount":4,"totalPage":1},"msg":"操作成功"}
2020-03-31 15:00:09.305 INFO  [http-nio-1000-exec-8]com.jg.blog.aspect.RequestAspect.printRequestLog:118 -请求地址 : /blog/getByPage
2020-03-31 15:00:09.305 INFO  [http-nio-1000-exec-8]com.jg.blog.aspect.RequestAspect.printRequestLog:119 -请求方式 : POST
2020-03-31 15:00:09.305 INFO  [http-nio-1000-exec-8]com.jg.blog.aspect.RequestAspect.printRequestLog:122 -IP : 0:0:0:0:0:0:0:1
2020-03-31 15:00:09.305 INFO  [http-nio-1000-exec-8]com.jg.blog.aspect.RequestAspect.printRequestLog:124 -方法 : com.jg.blog.controller.BlogController.getByPage
2020-03-31 15:00:09.305 INFO  [http-nio-1000-exec-8]com.jg.blog.aspect.RequestAspect.printRequestLog:126 -请求参数：[Page(currentPage=1, pageSize=4, totalPage=0, totalCount=0, list=null, params={}, sortColumn=null, sortMethod=asc)]
2020-03-31 15:00:09.306 INFO  [http-nio-1000-exec-8]com.jg.blog.aspect.RequestAspect.printRequestLog:128 -请求参数
2020-03-31 15:00:09.313 INFO  [http-nio-1000-exec-8]com.jg.blog.aspect.RequestAspect.doAround:69 -耗时 : 8
2020-03-31 15:00:09.314 INFO  [http-nio-1000-exec-8]com.jg.blog.aspect.RequestAspect.doAfterReturning:84 -返回值:{"code":20000,"data":{"currentPage":1,"index":0,"list":[{"blogCollection":0,"blogComment":0,"blogGoods":0,"blogId":"1244881708273123328","blogRead":0,"blogTitle":"测试博客","createdTime":"2020-03-31 14:58:22","typeName":"java","updateTime":"2020-03-31 15:00:03"},{"blogCollection":0,"blogComment":0,"blogGoods":0,"blogId":"1244881712031219712","blogRead":0,"blogTitle":"测试博客","createdTime":"2020-03-31 14:58:23","typeName":"springboot","updateTime":"2020-03-31 15:00:05"},{"blogCollection":0,"blogComment":0,"blogGoods":0,"blogId":"1244881716787560448","blogRead":0,"blogTitle":"测试博客","createdTime":"2020-03-31 14:58:24","typeName":"springboot","updateTime":"2020-03-31 14:58:43"},{"blogCollection":0,"blogComment":0,"blogGoods":0,"blogId":"1244881719853596672","blogRead":0,"blogTitle":"测试博客","createdTime":"2020-03-31 14:58:25","typeName":"springboot","updateTime":"2020-03-31 14:58:45"}],"pageSize":4,"params":{},"sortMethod":"asc","totalCount":4,"totalPage":1},"msg":"操作成功"}
2020-03-31 15:00:29.891 INFO  [http-nio-1000-exec-9]com.jg.blog.aspect.RequestAspect.printRequestLog:118 -请求地址 : /blog/getByPage
2020-03-31 15:00:29.891 INFO  [http-nio-1000-exec-9]com.jg.blog.aspect.RequestAspect.printRequestLog:119 -请求方式 : POST
2020-03-31 15:00:29.892 INFO  [http-nio-1000-exec-9]com.jg.blog.aspect.RequestAspect.printRequestLog:122 -IP : 0:0:0:0:0:0:0:1
2020-03-31 15:00:29.892 INFO  [http-nio-1000-exec-9]com.jg.blog.aspect.RequestAspect.printRequestLog:124 -方法 : com.jg.blog.controller.BlogController.getByPage
2020-03-31 15:00:29.892 INFO  [http-nio-1000-exec-9]com.jg.blog.aspect.RequestAspect.printRequestLog:126 -请求参数：[Page(currentPage=1, pageSize=4, totalPage=0, totalCount=0, list=null, params={}, sortColumn=null, sortMethod=asc)]
2020-03-31 15:00:29.892 INFO  [http-nio-1000-exec-9]com.jg.blog.aspect.RequestAspect.printRequestLog:128 -请求参数
2020-03-31 15:00:29.898 INFO  [http-nio-1000-exec-9]com.jg.blog.aspect.RequestAspect.doAround:69 -耗时 : 7
2020-03-31 15:00:29.899 INFO  [http-nio-1000-exec-9]com.jg.blog.aspect.RequestAspect.doAfterReturning:84 -返回值:{"code":20000,"data":{"currentPage":1,"index":0,"list":[{"blogCollection":0,"blogComment":0,"blogGoods":0,"blogId":"1244881708273123328","blogRead":0,"blogTitle":"测试博客12","createdTime":"2020-03-31 14:58:22","typeName":"java","updateTime":"2020-03-31 15:00:21"},{"blogCollection":0,"blogComment":0,"blogGoods":0,"blogId":"1244881712031219712","blogRead":0,"blogTitle":"测试博客21","createdTime":"2020-03-31 14:58:23","typeName":"springboot","updateTime":"2020-03-31 15:00:22"},{"blogCollection":0,"blogComment":0,"blogGoods":0,"blogId":"1244881716787560448","blogRead":0,"blogTitle":"测试博客1111","createdTime":"2020-03-31 14:58:24","typeName":"springboot","updateTime":"2020-03-31 15:00:24"},{"blogCollection":0,"blogComment":0,"blogGoods":0,"blogId":"1244881719853596672","blogRead":0,"blogTitle":"测试博客3333","createdTime":"2020-03-31 14:58:25","typeName":"springboot","updateTime":"2020-03-31 15:00:27"}],"pageSize":4,"params":{},"sortMethod":"asc","totalCount":4,"totalPage":1},"msg":"操作成功"}
2020-03-31 15:02:02.830 INFO  [http-nio-1000-exec-10]com.jg.blog.aspect.RequestAspect.printRequestLog:118 -请求地址 : /blog/getByPage
2020-03-31 15:02:02.830 INFO  [http-nio-1000-exec-10]com.jg.blog.aspect.RequestAspect.printRequestLog:119 -请求方式 : POST
2020-03-31 15:02:02.830 INFO  [http-nio-1000-exec-10]com.jg.blog.aspect.RequestAspect.printRequestLog:122 -IP : 0:0:0:0:0:0:0:1
2020-03-31 15:02:02.830 INFO  [http-nio-1000-exec-10]com.jg.blog.aspect.RequestAspect.printRequestLog:124 -方法 : com.jg.blog.controller.BlogController.getByPage
2020-03-31 15:02:02.831 INFO  [http-nio-1000-exec-10]com.jg.blog.aspect.RequestAspect.printRequestLog:126 -请求参数：[Page(currentPage=1, pageSize=4, totalPage=0, totalCount=0, list=null, params={}, sortColumn=null, sortMethod=asc)]
2020-03-31 15:02:02.831 INFO  [http-nio-1000-exec-10]com.jg.blog.aspect.RequestAspect.printRequestLog:128 -请求参数
2020-03-31 15:02:02.850 INFO  [http-nio-1000-exec-10]com.jg.blog.aspect.RequestAspect.doAround:69 -耗时 : 20
2020-03-31 15:02:02.851 INFO  [http-nio-1000-exec-10]com.jg.blog.aspect.RequestAspect.doAfterReturning:84 -返回值:{"code":20000,"data":{"currentPage":1,"index":0,"list":[{"blogCollection":0,"blogComment":0,"blogGoods":0,"blogId":"1244881708273123328","blogRead":0,"blogTitle":"测试博客12","createdTime":"2020-03-31 14:58:22","typeName":"java","updateTime":"2020-03-31 15:00:21"},{"blogCollection":0,"blogComment":0,"blogGoods":0,"blogId":"1244881712031219712","blogRead":0,"blogTitle":"测试博客21","createdTime":"2020-03-31 14:58:23","typeName":"springboot","updateTime":"2020-03-31 15:00:22"},{"blogCollection":0,"blogComment":0,"blogGoods":0,"blogId":"1244881716787560448","blogRead":0,"blogTitle":"测试博客1111","createdTime":"2020-03-31 14:58:24","typeName":"springboot","updateTime":"2020-03-31 15:00:24"},{"blogCollection":0,"blogComment":0,"blogGoods":0,"blogId":"1244881719853596672","blogRead":0,"blogTitle":"测试博客3333","createdTime":"2020-03-31 14:58:25","typeName":"springboot","updateTime":"2020-03-31 15:00:27"}],"pageSize":4,"params":{},"sortMethod":"asc","totalCount":4,"totalPage":1},"msg":"操作成功"}
2020-03-31 15:02:08.005 INFO  [http-nio-1000-exec-3]com.jg.blog.aspect.RequestAspect.printRequestLog:118 -请求地址 : /blog/getByPage
2020-03-31 15:02:08.005 INFO  [http-nio-1000-exec-3]com.jg.blog.aspect.RequestAspect.printRequestLog:119 -请求方式 : POST
2020-03-31 15:02:08.005 INFO  [http-nio-1000-exec-3]com.jg.blog.aspect.RequestAspect.printRequestLog:122 -IP : 0:0:0:0:0:0:0:1
2020-03-31 15:02:08.005 INFO  [http-nio-1000-exec-3]com.jg.blog.aspect.RequestAspect.printRequestLog:124 -方法 : com.jg.blog.controller.BlogController.getByPage
2020-03-31 15:02:08.006 INFO  [http-nio-1000-exec-3]com.jg.blog.aspect.RequestAspect.printRequestLog:126 -请求参数：[Page(currentPage=1, pageSize=4, totalPage=0, totalCount=0, list=null, params={}, sortColumn=null, sortMethod=asc)]
2020-03-31 15:02:08.006 INFO  [http-nio-1000-exec-3]com.jg.blog.aspect.RequestAspect.printRequestLog:128 -请求参数
2020-03-31 15:02:08.012 INFO  [http-nio-1000-exec-3]com.jg.blog.aspect.RequestAspect.doAround:69 -耗时 : 7
2020-03-31 15:02:08.013 INFO  [http-nio-1000-exec-3]com.jg.blog.aspect.RequestAspect.doAfterReturning:84 -返回值:{"code":20000,"data":{"currentPage":1,"index":0,"list":[{"blogCollection":0,"blogComment":0,"blogGoods":0,"blogId":"1244881708273123328","blogRead":0,"blogTitle":"测试博客12","createdTime":"2020-03-31 14:58:22","typeName":"java","updateTime":"2020-03-31 15:00:21"},{"blogCollection":0,"blogComment":0,"blogGoods":0,"blogId":"1244881712031219712","blogRead":0,"blogTitle":"测试博客21","createdTime":"2020-03-31 14:58:23","typeName":"springboot","updateTime":"2020-03-31 15:00:22"},{"blogCollection":0,"blogComment":0,"blogGoods":0,"blogId":"1244881716787560448","blogRead":0,"blogTitle":"测试博客1111","createdTime":"2020-03-31 14:58:24","typeName":"springboot","updateTime":"2020-03-31 15:00:24"},{"blogCollection":0,"blogComment":0,"blogGoods":0,"blogId":"1244881719853596672","blogRead":0,"blogTitle":"测试博客3333","createdTime":"2020-03-31 14:58:25","typeName":"springboot","updateTime":"2020-03-31 15:00:27"}],"pageSize":4,"params":{},"sortMethod":"asc","totalCount":4,"totalPage":1},"msg":"操作成功"}
2020-03-31 15:02:08.763 INFO  [http-nio-1000-exec-2]com.jg.blog.aspect.RequestAspect.printRequestLog:118 -请求地址 : /blog/getByPage
2020-03-31 15:02:08.763 INFO  [http-nio-1000-exec-2]com.jg.blog.aspect.RequestAspect.printRequestLog:119 -请求方式 : POST
2020-03-31 15:02:08.764 INFO  [http-nio-1000-exec-2]com.jg.blog.aspect.RequestAspect.printRequestLog:122 -IP : 0:0:0:0:0:0:0:1
2020-03-31 15:02:08.764 INFO  [http-nio-1000-exec-2]com.jg.blog.aspect.RequestAspect.printRequestLog:124 -方法 : com.jg.blog.controller.BlogController.getByPage
2020-03-31 15:02:08.764 INFO  [http-nio-1000-exec-2]com.jg.blog.aspect.RequestAspect.printRequestLog:126 -请求参数：[Page(currentPage=1, pageSize=4, totalPage=0, totalCount=0, list=null, params={}, sortColumn=null, sortMethod=asc)]
2020-03-31 15:02:08.764 INFO  [http-nio-1000-exec-2]com.jg.blog.aspect.RequestAspect.printRequestLog:128 -请求参数
2020-03-31 15:02:08.769 INFO  [http-nio-1000-exec-2]com.jg.blog.aspect.RequestAspect.doAround:69 -耗时 : 6
2020-03-31 15:02:08.769 INFO  [http-nio-1000-exec-2]com.jg.blog.aspect.RequestAspect.doAfterReturning:84 -返回值:{"code":20000,"data":{"currentPage":1,"index":0,"list":[{"blogCollection":0,"blogComment":0,"blogGoods":0,"blogId":"1244881708273123328","blogRead":0,"blogTitle":"测试博客12","createdTime":"2020-03-31 14:58:22","typeName":"java","updateTime":"2020-03-31 15:00:21"},{"blogCollection":0,"blogComment":0,"blogGoods":0,"blogId":"1244881712031219712","blogRead":0,"blogTitle":"测试博客21","createdTime":"2020-03-31 14:58:23","typeName":"springboot","updateTime":"2020-03-31 15:00:22"},{"blogCollection":0,"blogComment":0,"blogGoods":0,"blogId":"1244881716787560448","blogRead":0,"blogTitle":"测试博客1111","createdTime":"2020-03-31 14:58:24","typeName":"springboot","updateTime":"2020-03-31 15:00:24"},{"blogCollection":0,"blogComment":0,"blogGoods":0,"blogId":"1244881719853596672","blogRead":0,"blogTitle":"测试博客3333","createdTime":"2020-03-31 14:58:25","typeName":"springboot","updateTime":"2020-03-31 15:00:27"}],"pageSize":4,"params":{},"sortMethod":"asc","totalCount":4,"totalPage":1},"msg":"操作成功"}
2020-03-31 15:02:09.504 INFO  [http-nio-1000-exec-4]com.jg.blog.aspect.RequestAspect.printRequestLog:118 -请求地址 : /blog/getByPage
2020-03-31 15:02:09.505 INFO  [http-nio-1000-exec-4]com.jg.blog.aspect.RequestAspect.printRequestLog:119 -请求方式 : POST
2020-03-31 15:02:09.505 INFO  [http-nio-1000-exec-4]com.jg.blog.aspect.RequestAspect.printRequestLog:122 -IP : 0:0:0:0:0:0:0:1
2020-03-31 15:02:09.505 INFO  [http-nio-1000-exec-4]com.jg.blog.aspect.RequestAspect.printRequestLog:124 -方法 : com.jg.blog.controller.BlogController.getByPage
2020-03-31 15:02:09.505 INFO  [http-nio-1000-exec-4]com.jg.blog.aspect.RequestAspect.printRequestLog:126 -请求参数：[Page(currentPage=1, pageSize=4, totalPage=0, totalCount=0, list=null, params={}, sortColumn=null, sortMethod=asc)]
2020-03-31 15:02:09.505 INFO  [http-nio-1000-exec-4]com.jg.blog.aspect.RequestAspect.printRequestLog:128 -请求参数
2020-03-31 15:02:09.511 INFO  [http-nio-1000-exec-4]com.jg.blog.aspect.RequestAspect.doAround:69 -耗时 : 7
2020-03-31 15:02:09.511 INFO  [http-nio-1000-exec-4]com.jg.blog.aspect.RequestAspect.doAfterReturning:84 -返回值:{"code":20000,"data":{"currentPage":1,"index":0,"list":[{"blogCollection":0,"blogComment":0,"blogGoods":0,"blogId":"1244881708273123328","blogRead":0,"blogTitle":"测试博客12","createdTime":"2020-03-31 14:58:22","typeName":"java","updateTime":"2020-03-31 15:00:21"},{"blogCollection":0,"blogComment":0,"blogGoods":0,"blogId":"1244881712031219712","blogRead":0,"blogTitle":"测试博客21","createdTime":"2020-03-31 14:58:23","typeName":"springboot","updateTime":"2020-03-31 15:00:22"},{"blogCollection":0,"blogComment":0,"blogGoods":0,"blogId":"1244881716787560448","blogRead":0,"blogTitle":"测试博客1111","createdTime":"2020-03-31 14:58:24","typeName":"springboot","updateTime":"2020-03-31 15:00:24"},{"blogCollection":0,"blogComment":0,"blogGoods":0,"blogId":"1244881719853596672","blogRead":0,"blogTitle":"测试博客3333","createdTime":"2020-03-31 14:58:25","typeName":"springboot","updateTime":"2020-03-31 15:00:27"}],"pageSize":4,"params":{},"sortMethod":"asc","totalCount":4,"totalPage":1},"msg":"操作成功"}
2020-03-31 15:03:38.328 INFO  [http-nio-1000-exec-8]com.jg.blog.aspect.RequestAspect.printRequestLog:118 -请求地址 : /blog/getByPage
2020-03-31 15:03:38.328 INFO  [http-nio-1000-exec-8]com.jg.blog.aspect.RequestAspect.printRequestLog:119 -请求方式 : POST
2020-03-31 15:03:38.328 INFO  [http-nio-1000-exec-8]com.jg.blog.aspect.RequestAspect.printRequestLog:122 -IP : 0:0:0:0:0:0:0:1
2020-03-31 15:03:38.328 INFO  [http-nio-1000-exec-8]com.jg.blog.aspect.RequestAspect.printRequestLog:124 -方法 : com.jg.blog.controller.BlogController.getByPage
2020-03-31 15:03:38.329 INFO  [http-nio-1000-exec-8]com.jg.blog.aspect.RequestAspect.printRequestLog:126 -请求参数：[Page(currentPage=1, pageSize=4, totalPage=0, totalCount=0, list=null, params={}, sortColumn=null, sortMethod=asc)]
2020-03-31 15:03:38.329 INFO  [http-nio-1000-exec-8]com.jg.blog.aspect.RequestAspect.printRequestLog:128 -请求参数
2020-03-31 15:03:38.338 INFO  [http-nio-1000-exec-8]com.jg.blog.aspect.RequestAspect.doAround:69 -耗时 : 10
2020-03-31 15:03:38.339 INFO  [http-nio-1000-exec-8]com.jg.blog.aspect.RequestAspect.doAfterReturning:84 -返回值:{"code":20000,"data":{"currentPage":1,"index":0,"list":[{"blogCollection":0,"blogComment":0,"blogGoods":0,"blogId":"1244881716787560448","blogRead":0,"blogTitle":"测试博客1111","createdTime":"2020-03-31 14:58:24","typeName":"springboot","updateTime":"2020-03-31 15:00:24"},{"blogCollection":0,"blogComment":0,"blogGoods":0,"blogId":"1244881719853596672","blogRead":0,"blogTitle":"测试博客3333","createdTime":"2020-03-31 14:58:25","typeName":"springboot","updateTime":"2020-03-31 15:00:27"}],"pageSize":4,"params":{},"sortMethod":"asc","totalCount":2,"totalPage":1},"msg":"操作成功"}
2020-03-31 15:06:51.920 INFO  [http-nio-1000-exec-7]com.jg.blog.aspect.RequestAspect.printRequestLog:118 -请求地址 : /blog/getByPage
2020-03-31 15:06:51.920 INFO  [http-nio-1000-exec-7]com.jg.blog.aspect.RequestAspect.printRequestLog:119 -请求方式 : POST
2020-03-31 15:06:51.920 INFO  [http-nio-1000-exec-7]com.jg.blog.aspect.RequestAspect.printRequestLog:122 -IP : 0:0:0:0:0:0:0:1
2020-03-31 15:06:51.920 INFO  [http-nio-1000-exec-7]com.jg.blog.aspect.RequestAspect.printRequestLog:124 -方法 : com.jg.blog.controller.BlogController.getByPage
2020-03-31 15:06:51.921 INFO  [http-nio-1000-exec-7]com.jg.blog.aspect.RequestAspect.printRequestLog:126 -请求参数：[Page(currentPage=1, pageSize=1, totalPage=0, totalCount=0, list=null, params={}, sortColumn=null, sortMethod=asc)]
2020-03-31 15:06:51.921 INFO  [http-nio-1000-exec-7]com.jg.blog.aspect.RequestAspect.printRequestLog:128 -请求参数
2020-03-31 15:06:51.934 INFO  [http-nio-1000-exec-7]com.jg.blog.aspect.RequestAspect.doAround:69 -耗时 : 14
2020-03-31 15:06:51.935 INFO  [http-nio-1000-exec-7]com.jg.blog.aspect.RequestAspect.doAfterReturning:84 -返回值:{"code":20000,"data":{"currentPage":1,"index":0,"list":[{"blogCollection":0,"blogComment":0,"blogGoods":0,"blogId":"1244881716787560448","blogRead":0,"blogTitle":"测试博客1111","createdTime":"2020-03-31 14:58:24","typeName":"springboot","updateTime":"2020-03-31 15:00:24"}],"pageSize":1,"params":{},"sortMethod":"asc","totalCount":2,"totalPage":2},"msg":"操作成功"}
2020-03-31 15:08:05.419 INFO  [http-nio-1000-exec-3]com.jg.blog.aspect.RequestAspect.printRequestLog:118 -请求地址 : /blog/getByPage
2020-03-31 15:08:05.419 INFO  [http-nio-1000-exec-3]com.jg.blog.aspect.RequestAspect.printRequestLog:119 -请求方式 : POST
2020-03-31 15:08:05.419 INFO  [http-nio-1000-exec-3]com.jg.blog.aspect.RequestAspect.printRequestLog:122 -IP : 0:0:0:0:0:0:0:1
2020-03-31 15:08:05.419 INFO  [http-nio-1000-exec-3]com.jg.blog.aspect.RequestAspect.printRequestLog:124 -方法 : com.jg.blog.controller.BlogController.getByPage
2020-03-31 15:08:05.420 INFO  [http-nio-1000-exec-3]com.jg.blog.aspect.RequestAspect.printRequestLog:126 -请求参数：[Page(currentPage=1, pageSize=2, totalPage=0, totalCount=0, list=null, params={}, sortColumn=null, sortMethod=asc)]
2020-03-31 15:08:05.420 INFO  [http-nio-1000-exec-3]com.jg.blog.aspect.RequestAspect.printRequestLog:128 -请求参数
2020-03-31 15:08:05.430 INFO  [http-nio-1000-exec-3]com.jg.blog.aspect.RequestAspect.doAround:69 -耗时 : 11
2020-03-31 15:08:05.430 INFO  [http-nio-1000-exec-3]com.jg.blog.aspect.RequestAspect.doAfterReturning:84 -返回值:{"code":20000,"data":{"currentPage":1,"index":0,"list":[{"blogCollection":0,"blogComment":0,"blogGoods":0,"blogId":"1244881716787560448","blogRead":0,"blogTitle":"测试博客1111","createdTime":"2020-03-31 14:58:24","typeName":"springboot","updateTime":"2020-03-31 15:00:24"},{"blogCollection":0,"blogComment":0,"blogGoods":0,"blogId":"1244881719853596672","blogRead":0,"blogTitle":"测试博客3333","createdTime":"2020-03-31 14:58:25","typeName":"springboot","updateTime":"2020-03-31 15:00:27"}],"pageSize":2,"params":{},"sortMethod":"asc","totalCount":2,"totalPage":1},"msg":"操作成功"}
