2020-03-30 22:22:31.821 DEBUG [main]com.jg.blog.DemoApplication.logStarting:53 -Running with Spring Boot v2.1.13.RELEASE, Spring v5.1.14.RELEASE
2020-03-30 22:23:21.669 DEBUG [main]com.jg.blog.DemoApplication.logStarting:53 -Running with Spring Boot v2.1.13.RELEASE, Spring v5.1.14.RELEASE
2020-03-30 22:26:23.717 DEBUG [main]com.jg.blog.DemoApplication.logStarting:53 -Running with Spring Boot v2.1.13.RELEASE, Spring v5.1.14.RELEASE
2020-03-30 22:27:05.952 DEBUG [main]com.jg.blog.DemoApplication.logStarting:53 -Running with Spring Boot v2.1.13.RELEASE, Spring v5.1.14.RELEASE
2020-03-30 22:31:34.774 DEBUG [main]com.jg.blog.DemoApplication.logStarting:53 -Running with Spring Boot v2.1.13.RELEASE, Spring v5.1.14.RELEASE
2020-03-30 22:32:06.687 DEBUG [main]com.jg.blog.DemoApplication.logStarting:53 -Running with Spring Boot v2.1.13.RELEASE, Spring v5.1.14.RELEASE
2020-03-30 22:33:26.446 DEBUG [main]com.jg.blog.DemoApplication.logStarting:53 -Running with Spring Boot v2.1.13.RELEASE, Spring v5.1.14.RELEASE
2020-03-30 22:33:55.183 DEBUG [http-nio-1000-exec-2]com.jg.blog.mapper.AdminMapper.getByUserName.debug:159 -==>  Preparing: select name, header, signature, username, password from bl_admin where username =? 
2020-03-30 22:33:55.208 DEBUG [http-nio-1000-exec-2]com.jg.blog.mapper.AdminMapper.getByUserName.debug:159 -==> Parameters: admin(String)
2020-03-30 22:33:55.248 DEBUG [http-nio-1000-exec-2]com.jg.blog.mapper.AdminMapper.getByUserName.debug:159 -<==      Total: 1
2020-03-30 22:33:55.339 DEBUG [http-nio-1000-exec-2]com.jg.blog.mapper.LogMapper.save.debug:159 -==>  Preparing: insert into bl_log(log_url, log_params, log_status, log_message, log_method, log_time, log_result, log_ip)values (?,?,?,?,?,?,?,?) 
2020-03-30 22:33:55.341 DEBUG [http-nio-1000-exec-2]com.jg.blog.mapper.LogMapper.save.debug:159 -==> Parameters: /admin/login(String), [Admin(id=null, name=null, header=null, signature=null, comment=null, username=admin, password=123456)](String), 1(Integer), null, POST(String), 338(Long), {"code":20000,"data":{"token":"0866F56458F20731114B3D7C6DA74DED"},"msg":"操作成功"}(String), 0:0:0:0:0:0:0:1(String)
2020-03-30 22:33:55.355 DEBUG [http-nio-1000-exec-2]com.jg.blog.mapper.LogMapper.save.debug:159 -<==    Updates: 1
2020-03-30 22:41:30.543 DEBUG [main]com.jg.blog.DemoApplication.logStarting:53 -Running with Spring Boot v2.1.13.RELEASE, Spring v5.1.14.RELEASE
2020-03-30 22:41:50.528 DEBUG [http-nio-1000-exec-3]com.jg.blog.mapper.AdminMapper.getByUserName.debug:159 -==>  Preparing: select name, header, signature, username, password from bl_admin where username =? 
2020-03-30 22:41:50.558 DEBUG [http-nio-1000-exec-3]com.jg.blog.mapper.AdminMapper.getByUserName.debug:159 -==> Parameters: admin(String)
2020-03-30 22:41:50.587 DEBUG [http-nio-1000-exec-3]com.jg.blog.mapper.AdminMapper.getByUserName.debug:159 -<==      Total: 1
2020-03-30 22:41:50.676 DEBUG [http-nio-1000-exec-3]com.jg.blog.mapper.LogMapper.save.debug:159 -==>  Preparing: insert into bl_log(log_url, log_params, log_status, log_message, log_method, log_time, log_result, log_ip)values (?,?,?,?,?,?,?,?) 
2020-03-30 22:41:50.679 DEBUG [http-nio-1000-exec-3]com.jg.blog.mapper.LogMapper.save.debug:159 -==> Parameters: /admin/login(String), [Admin(id=null, name=null, header=null, signature=null, comment=null, username=admin, password=123456)](String), 1(Integer), null, POST(String), 290(Long), {"code":20000,"data":{"token":"7ADE659A9C948CD2014216B79F1810CC"},"msg":"操作成功"}(String), 0:0:0:0:0:0:0:1(String)
2020-03-30 22:41:50.685 DEBUG [http-nio-1000-exec-3]com.jg.blog.mapper.LogMapper.save.debug:159 -<==    Updates: 1
2020-03-30 22:45:13.755 DEBUG [http-nio-1000-exec-7]com.jg.blog.mapper.BlogMapper.save.debug:159 -==>  Preparing: insert into bl_blog( blog_id, blog_title,blog_image, blog_content, blog_type, blog_remark, blog_source ) values ( ?, ?, ?, ?, ?, ?, ? ) 
2020-03-30 22:45:13.757 DEBUG [http-nio-1000-exec-7]com.jg.blog.mapper.BlogMapper.save.debug:159 -==> Parameters: 1244636807258304512(String), 测试博客(String), null, java(String), null, null, null
2020-03-30 22:45:13.952 DEBUG [http-nio-1000-exec-7]com.jg.blog.mapper.LogMapper.save.debug:159 -==>  Preparing: insert into bl_log(log_url, log_params, log_status, log_message, log_method, log_time, log_result, log_ip)values (?,?,?,?,?,?,?,?) 
2020-03-30 22:45:13.956 DEBUG [http-nio-1000-exec-7]com.jg.blog.mapper.LogMapper.save.debug:159 -==> Parameters: /blog/save(String), [Blog(blogId=null, blogTitle=测试博客, blogImage=null, blogContent=java, blogGoods=null, blogRead=null, blogCollection=null, blogType=null, blogRemark=null, blogComment=null, blogSource=null, createdTime=null, updateTime=null, version=null, deleted=null)](String), 0(Integer), org.springframework.dao.DataIntegrityViolationException: 
### Error updating database.  Cause: java.sql.SQLIntegrityConstraintViolationException: Column 'blog_type' cannot be null
### The error may involve com.jg.blog.mapper.BlogMapper.save-Inline
### Cause: java.sql.SQLIntegrityConstraintViolationException: Column 'blog_type' cannot be null
; Column 'blog_type' cannot be null; nested exception is java.sql.SQLIntegrityConstraintViolationException: Column 'blog_type' cannot be null
	at com.jg.blog.service.impl.BlogServiceImpl.save(BlogServiceImpl.java:41)
	at com.jg.blog.service.impl.BlogServiceImpl$$FastClassBySpringCGLIB$$ad9b5dc6.invoke(<generated>)
	at com.jg.blog.service.impl.BlogServiceImpl$$EnhancerBySpringCGLIB$$f0cfc4d9.save(<generated>)
	at com.jg.blog.service.impl.BlogServiceImpl$$FastClassBySpringCGLIB$$ad9b5dc6.invoke(<generated>)
	at com.jg.blog.service.impl.BlogServiceImpl$$EnhancerBySpringCGLIB$$72b95abb.save(<generated>)
	at com.jg.blog.controller.BlogController.save(BlogController.java:38)
	at com.jg.blog.controller.BlogController$$FastClassBySpringCGLIB$$5aabfe8.invoke(<generated>)
	at com.jg.blog.aspect.RequestAspect.doAround(RequestAspect.java:67)
	at com.jg.blog.controller.BlogController$$EnhancerBySpringCGLIB$$c1d440fa.save(<generated>)
Caused by: java.sql.SQLIntegrityConstraintViolationException: Column 'blog_type' cannot be null
(String), POST(String), 0(Long), null, 0:0:0:0:0:0:0:1(String)
2020-03-30 22:45:13.964 DEBUG [http-nio-1000-exec-7]com.jg.blog.mapper.LogMapper.save.debug:159 -<==    Updates: 1
2020-03-30 22:46:58.486 DEBUG [main]com.jg.blog.DemoApplication.logStarting:53 -Running with Spring Boot v2.1.13.RELEASE, Spring v5.1.14.RELEASE
2020-03-30 22:47:41.874 DEBUG [http-nio-1000-exec-4]com.jg.blog.mapper.AdminMapper.getByUserName.debug:159 -==>  Preparing: select name, header, signature, username, password from bl_admin where username =? 
2020-03-30 22:47:41.905 DEBUG [http-nio-1000-exec-4]com.jg.blog.mapper.AdminMapper.getByUserName.debug:159 -==> Parameters: admin(String)
2020-03-30 22:47:41.944 DEBUG [http-nio-1000-exec-4]com.jg.blog.mapper.AdminMapper.getByUserName.debug:159 -<==      Total: 1
2020-03-30 22:47:42.036 DEBUG [http-nio-1000-exec-4]com.jg.blog.mapper.LogMapper.save.debug:159 -==>  Preparing: insert into bl_log(log_url, log_params, log_status, log_message, log_method, log_time, log_result, log_ip)values (?,?,?,?,?,?,?,?) 
2020-03-30 22:47:42.039 DEBUG [http-nio-1000-exec-4]com.jg.blog.mapper.LogMapper.save.debug:159 -==> Parameters: /admin/login(String), [Admin(id=null, name=null, header=null, signature=null, comment=null, username=admin, password=123456)](String), 1(Integer), null, POST(String), 267(Long), {"code":20000,"data":{"token":"E09C3EDD9A3A9905994257A4BBFDAE90"},"msg":"操作成功"}(String), 0:0:0:0:0:0:0:1(String)
2020-03-30 22:47:42.045 DEBUG [http-nio-1000-exec-4]com.jg.blog.mapper.LogMapper.save.debug:159 -<==    Updates: 1
2020-03-30 22:49:26.443 DEBUG [http-nio-1000-exec-2]com.jg.blog.mapper.AdminMapper.updateInfo.debug:159 -==>  Preparing: update bl_admin SET signature = ? where id = ? 
2020-03-30 22:49:26.445 DEBUG [http-nio-1000-exec-2]com.jg.blog.mapper.AdminMapper.updateInfo.debug:159 -==> Parameters: admin1(String), 1(Integer)
2020-03-30 22:49:26.464 DEBUG [http-nio-1000-exec-2]com.jg.blog.mapper.AdminMapper.updateInfo.debug:159 -<==    Updates: 1
2020-03-30 22:49:26.466 DEBUG [http-nio-1000-exec-2]com.jg.blog.mapper.LogMapper.save.debug:159 -==>  Preparing: insert into bl_log(log_url, log_params, log_status, log_message, log_method, log_time, log_result, log_ip)values (?,?,?,?,?,?,?,?) 
2020-03-30 22:49:26.469 DEBUG [http-nio-1000-exec-2]com.jg.blog.mapper.LogMapper.save.debug:159 -==> Parameters: /admin/updateInfo(String), [Admin(id=1, name=null, header=null, signature=admin1, comment=null, username=null, password=null)](String), 1(Integer), null, PUT(String), 159(Long), {"code":20000,"msg":"更新成功"}(String), 0:0:0:0:0:0:0:1(String)
2020-03-30 22:49:26.474 DEBUG [http-nio-1000-exec-2]com.jg.blog.mapper.LogMapper.save.debug:159 -<==    Updates: 1
2020-03-30 22:50:33.060 DEBUG [http-nio-1000-exec-1]com.jg.blog.mapper.BlogMapper.save.debug:159 -==>  Preparing: insert into bl_blog( blog_id, blog_title,blog_image, blog_content, blog_type, blog_remark, blog_source ) values ( ?, ?, ?, ?, ?, ?, ? ) 
2020-03-30 22:50:33.061 DEBUG [http-nio-1000-exec-1]com.jg.blog.mapper.BlogMapper.save.debug:159 -==> Parameters: 1244638058364542976(String), 测试博客(String), null, java(String), null, null, null
2020-03-30 22:50:33.120 DEBUG [http-nio-1000-exec-1]com.jg.blog.mapper.LogMapper.save.debug:159 -==>  Preparing: insert into bl_log(log_url, log_params, log_status, log_message, log_method, log_time, log_result, log_ip)values (?,?,?,?,?,?,?,?) 
2020-03-30 22:50:33.124 DEBUG [http-nio-1000-exec-1]com.jg.blog.mapper.LogMapper.save.debug:159 -==> Parameters: /blog/save(String), [Blog(blogId=null, blogTitle=测试博客, blogImage=null, blogContent=java, blogGoods=null, blogRead=null, blogCollection=null, blogType=null, blogRemark=null, blogComment=null, blogSource=null, createdTime=null, updateTime=null, version=null, deleted=null)](String), 0(Integer), org.springframework.dao.DataIntegrityViolationException: 
### Error updating database.  Cause: java.sql.SQLIntegrityConstraintViolationException: Column 'blog_type' cannot be null
### The error may involve com.jg.blog.mapper.BlogMapper.save-Inline
### Cause: java.sql.SQLIntegrityConstraintViolationException: Column 'blog_type' cannot be null
; Column 'blog_type' cannot be null; nested exception is java.sql.SQLIntegrityConstraintViolationException: Column 'blog_type' cannot be null
	at com.jg.blog.service.impl.BlogServiceImpl.save(BlogServiceImpl.java:41)
	at com.jg.blog.service.impl.BlogServiceImpl$$FastClassBySpringCGLIB$$ad9b5dc6.invoke(<generated>)
	at com.jg.blog.service.impl.BlogServiceImpl$$EnhancerBySpringCGLIB$$f0bd0092.save(<generated>)
	at com.jg.blog.service.impl.BlogServiceImpl$$FastClassBySpringCGLIB$$ad9b5dc6.invoke(<generated>)
	at com.jg.blog.service.impl.BlogServiceImpl$$EnhancerBySpringCGLIB$$72a69674.save(<generated>)
	at com.jg.blog.controller.BlogController.save(BlogController.java:38)
	at com.jg.blog.controller.BlogController$$FastClassBySpringCGLIB$$5aabfe8.invoke(<generated>)
	at com.jg.blog.aspect.RequestAspect.doAround(RequestAspect.java:67)
	at com.jg.blog.controller.BlogController$$EnhancerBySpringCGLIB$$171207f2.save(<generated>)
Caused by: java.sql.SQLIntegrityConstraintViolationException: Column 'blog_type' cannot be null
(String), POST(String), 0(Long), null, 0:0:0:0:0:0:0:1(String)
2020-03-30 22:50:33.131 DEBUG [http-nio-1000-exec-1]com.jg.blog.mapper.LogMapper.save.debug:159 -<==    Updates: 1
2020-03-30 22:52:20.181 DEBUG [main]com.jg.blog.DemoApplication.logStarting:53 -Running with Spring Boot v2.1.13.RELEASE, Spring v5.1.14.RELEASE
2020-03-30 22:53:12.619 DEBUG [main]com.jg.blog.DemoApplication.logStarting:53 -Running with Spring Boot v2.1.13.RELEASE, Spring v5.1.14.RELEASE
2020-03-30 22:53:46.585 DEBUG [http-nio-1000-exec-1]com.jg.blog.mapper.AdminMapper.getByUserName.debug:159 -==>  Preparing: select name, header, signature, username, password from bl_admin where username =? 
2020-03-30 22:53:46.616 DEBUG [http-nio-1000-exec-1]com.jg.blog.mapper.AdminMapper.getByUserName.debug:159 -==> Parameters: admin(String)
2020-03-30 22:53:46.646 DEBUG [http-nio-1000-exec-1]com.jg.blog.mapper.AdminMapper.getByUserName.debug:159 -<==      Total: 1
2020-03-30 22:53:46.742 DEBUG [http-nio-1000-exec-1]com.jg.blog.mapper.LogMapper.save.debug:159 -==>  Preparing: insert into bl_log(log_url, log_params, log_status, log_message, log_method, log_time, log_result, log_ip)values (?,?,?,?,?,?,?,?) 
2020-03-30 22:53:46.745 DEBUG [http-nio-1000-exec-1]com.jg.blog.mapper.LogMapper.save.debug:159 -==> Parameters: /admin/login(String), [Admin(id=null, name=null, header=null, signature=null, comment=null, username=admin, password=123456)](String), 1(Integer), null, POST(String), 227(Long), {"code":20000,"data":{"token":"4C3106E41335B8323574EA01E518FA8A"},"msg":"操作成功"}(String), 0:0:0:0:0:0:0:1(String)
2020-03-30 22:53:46.751 DEBUG [http-nio-1000-exec-1]com.jg.blog.mapper.LogMapper.save.debug:159 -<==    Updates: 1
2020-03-30 22:54:30.762 DEBUG [http-nio-1000-exec-4]com.jg.blog.mapper.BlogMapper.save.debug:159 -==>  Preparing: insert into bl_blog( blog_id, blog_title,blog_image, blog_content, blog_type, blog_remark, blog_source ) values ( ?, ?, ?, ?, ?, ?, ? ) 
2020-03-30 22:54:30.763 DEBUG [http-nio-1000-exec-4]com.jg.blog.mapper.BlogMapper.save.debug:159 -==> Parameters: 1244639078025015296(String), 测试博客(String), null, java(String), null, null, null
2020-03-30 22:54:30.830 DEBUG [http-nio-1000-exec-4]com.jg.blog.mapper.LogMapper.save.debug:159 -==>  Preparing: insert into bl_log(log_url, log_params, log_status, log_message, log_method, log_time, log_result, log_ip)values (?,?,?,?,?,?,?,?) 
2020-03-30 22:54:30.831 DEBUG [http-nio-1000-exec-4]com.jg.blog.mapper.LogMapper.save.debug:159 -==> Parameters: /blog/save(String), [Blog(blogId=null, blogTitle=测试博客, blogImage=null, blogContent=java, blogGoods=null, blogRead=null, blogCollection=null, blogType=null, blogRemark=null, blogComment=null, blogSource=null, createdTime=null, updateTime=null, version=null, deleted=null)](String), 0(Integer), org.springframework.dao.DataIntegrityViolationException: 
### Error updating database.  Cause: java.sql.SQLIntegrityConstraintViolationException: Column 'blog_type' cannot be null
### The error may involve com.jg.blog.mapper.BlogMapper.save-Inline
### Cause: java.sql.SQLIntegrityConstraintViolationException: Column 'blog_type' cannot be null
; Column 'blog_type' cannot be null; nested exception is java.sql.SQLIntegrityConstraintViolationException: Column 'blog_type' cannot be null
	at com.jg.blog.service.impl.BlogServiceImpl.save(BlogServiceImpl.java:41)
	at com.jg.blog.service.impl.BlogServiceImpl$$FastClassBySpringCGLIB$$ad9b5dc6.invoke(<generated>)
	at com.jg.blog.service.impl.BlogServiceImpl$$EnhancerBySpringCGLIB$$a9b533c9.save(<generated>)
	at com.jg.blog.service.impl.BlogServiceImpl$$FastClassBySpringCGLIB$$ad9b5dc6.invoke(<generated>)
	at com.jg.blog.service.impl.BlogServiceImpl$$EnhancerBySpringCGLIB$$2b9ec9ab.save(<generated>)
	at com.jg.blog.controller.BlogController.save(BlogController.java:38)
	at com.jg.blog.controller.BlogController$$FastClassBySpringCGLIB$$5aabfe8.invoke(<generated>)
	at com.jg.blog.aspect.RequestAspect.doAround(RequestAspect.java:67)
	at com.jg.blog.controller.BlogController$$EnhancerBySpringCGLIB$$a87f8af3.save(<generated>)
Caused by: java.sql.SQLIntegrityConstraintViolationException: Column 'blog_type' cannot be null
(String), POST(String), 0(Long), null, 0:0:0:0:0:0:0:1(String)
2020-03-30 22:54:30.836 DEBUG [http-nio-1000-exec-4]com.jg.blog.mapper.LogMapper.save.debug:159 -<==    Updates: 1
2020-03-30 22:54:44.321 DEBUG [main]com.jg.blog.DemoApplication.logStarting:53 -Running with Spring Boot v2.1.13.RELEASE, Spring v5.1.14.RELEASE
2020-03-30 22:56:59.827 DEBUG [main]com.jg.blog.DemoApplication.logStarting:53 -Running with Spring Boot v2.1.13.RELEASE, Spring v5.1.14.RELEASE
2020-03-30 22:57:23.623 DEBUG [http-nio-1000-exec-2]com.jg.blog.mapper.AdminMapper.getByUserName.debug:159 -==>  Preparing: select name, header, signature, username, password from bl_admin where username =? 
2020-03-30 22:57:23.651 DEBUG [http-nio-1000-exec-2]com.jg.blog.mapper.AdminMapper.getByUserName.debug:159 -==> Parameters: admin(String)
2020-03-30 22:57:23.677 DEBUG [http-nio-1000-exec-2]com.jg.blog.mapper.AdminMapper.getByUserName.debug:159 -<==      Total: 1
2020-03-30 22:57:23.762 DEBUG [http-nio-1000-exec-2]com.jg.blog.mapper.LogMapper.save.debug:159 -==>  Preparing: insert into bl_log(log_url, log_params, log_status, log_message, log_method, log_time, log_result, log_ip)values (?,?,?,?,?,?,?,?) 
2020-03-30 22:57:23.764 DEBUG [http-nio-1000-exec-2]com.jg.blog.mapper.LogMapper.save.debug:159 -==> Parameters: /admin/login(String), [Admin(id=null, name=null, header=null, signature=null, comment=null, username=admin, password=123456)](String), 1(Integer), null, POST(String), 245(Long), {"code":20000,"data":{"token":"79898C0C290BE7F611B0B78493D19DAB"},"msg":"操作成功"}(String), 0:0:0:0:0:0:0:1(String)
2020-03-30 22:57:23.772 DEBUG [http-nio-1000-exec-2]com.jg.blog.mapper.LogMapper.save.debug:159 -<==    Updates: 1
2020-03-30 22:57:56.976 DEBUG [http-nio-1000-exec-3]com.jg.blog.mapper.BlogMapper.save.debug:159 -==>  Preparing: insert into bl_blog( blog_id, blog_title,blog_image, blog_content, blog_type, blog_remark, blog_source ) values ( ?, ?, ?, ?, ?, ?, ? ) 
2020-03-30 22:57:56.977 DEBUG [http-nio-1000-exec-3]com.jg.blog.mapper.BlogMapper.save.debug:159 -==> Parameters: 1244639946891964416(String), 测试博客(String), null, java(String), null, null, null
2020-03-30 22:57:57.037 DEBUG [http-nio-1000-exec-3]com.jg.blog.mapper.LogMapper.save.debug:159 -==>  Preparing: insert into bl_log(log_url, log_params, log_status, log_message, log_method, log_time, log_result, log_ip)values (?,?,?,?,?,?,?,?) 
2020-03-30 22:57:57.038 DEBUG [http-nio-1000-exec-3]com.jg.blog.mapper.LogMapper.save.debug:159 -==> Parameters: /blog/save(String), [Blog(blogId=null, blogTitle=测试博客, blogImage=null, blogContent=java, blogGoods=null, blogRead=null, blogCollection=null, blogType=null, blogRemark=null, blogComment=null, blogSource=null, createdTime=null, updateTime=null, version=null, deleted=null)](String), 0(Integer), org.springframework.dao.DataIntegrityViolationException: 
### Error updating database.  Cause: java.sql.SQLIntegrityConstraintViolationException: Column 'blog_type' cannot be null
### The error may involve com.jg.blog.mapper.BlogMapper.save-Inline
### Cause: java.sql.SQLIntegrityConstraintViolationException: Column 'blog_type' cannot be null
; Column 'blog_type' cannot be null; nested exception is java.sql.SQLIntegrityConstraintViolationException: Column 'blog_type' cannot be null
	at com.jg.blog.service.impl.BlogServiceImpl.save(BlogServiceImpl.java:41)
	at com.jg.blog.service.impl.BlogServiceImpl$$FastClassBySpringCGLIB$$ad9b5dc6.invoke(<generated>)
	at com.jg.blog.service.impl.BlogServiceImpl$$EnhancerBySpringCGLIB$$2d6445be.save(<generated>)
	at com.jg.blog.service.impl.BlogServiceImpl$$FastClassBySpringCGLIB$$ad9b5dc6.invoke(<generated>)
	at com.jg.blog.service.impl.BlogServiceImpl$$EnhancerBySpringCGLIB$$af4ddba0.save(<generated>)
	at com.jg.blog.controller.BlogController.save(BlogController.java:38)
	at com.jg.blog.controller.BlogController$$FastClassBySpringCGLIB$$5aabfe8.invoke(<generated>)
	at com.jg.blog.aspect.RequestAspect.doAround(RequestAspect.java:67)
	at com.jg.blog.controller.BlogController$$EnhancerBySpringCGLIB$$257e3399.save(<generated>)
Caused by: java.sql.SQLIntegrityConstraintViolationException: Column 'blog_type' cannot be null
(String), POST(String), 0(Long), null, 0:0:0:0:0:0:0:1(String)
2020-03-30 22:57:57.045 DEBUG [http-nio-1000-exec-3]com.jg.blog.mapper.LogMapper.save.debug:159 -<==    Updates: 1
2020-03-30 22:58:12.958 DEBUG [main]com.jg.blog.DemoApplication.logStarting:53 -Running with Spring Boot v2.1.13.RELEASE, Spring v5.1.14.RELEASE
2020-03-30 22:58:41.153 DEBUG [http-nio-1000-exec-4]com.jg.blog.mapper.AdminMapper.getByUserName.debug:159 -==>  Preparing: select name, header, signature, username, password from bl_admin where username =? 
2020-03-30 22:58:41.178 DEBUG [http-nio-1000-exec-4]com.jg.blog.mapper.AdminMapper.getByUserName.debug:159 -==> Parameters: admin(String)
2020-03-30 22:58:41.201 DEBUG [http-nio-1000-exec-4]com.jg.blog.mapper.AdminMapper.getByUserName.debug:159 -<==      Total: 1
2020-03-30 22:58:41.277 DEBUG [http-nio-1000-exec-4]com.jg.blog.mapper.LogMapper.save.debug:159 -==>  Preparing: insert into bl_log(log_url, log_params, log_status, log_message, log_method, log_time, log_result, log_ip)values (?,?,?,?,?,?,?,?) 
2020-03-30 22:58:41.279 DEBUG [http-nio-1000-exec-4]com.jg.blog.mapper.LogMapper.save.debug:159 -==> Parameters: /admin/login(String), [Admin(id=null, name=null, header=null, signature=null, comment=null, username=admin, password=123456)](String), 1(Integer), null, POST(String), 167(Long), {"code":20000,"data":{"token":"3C3BD64D62E7B8FC63B84E99FBB65B51"},"msg":"操作成功"}(String), 0:0:0:0:0:0:0:1(String)
2020-03-30 22:58:41.287 DEBUG [http-nio-1000-exec-4]com.jg.blog.mapper.LogMapper.save.debug:159 -<==    Updates: 1
2020-03-30 22:59:21.618 DEBUG [http-nio-1000-exec-5]com.jg.blog.mapper.BlogMapper.save.debug:159 -==>  Preparing: insert into bl_blog( blog_id, blog_title,blog_image, blog_content, blog_type, blog_remark, blog_source ) values ( ?, ?, ?, ?, ?, ?, ? ) 
2020-03-30 22:59:21.619 DEBUG [http-nio-1000-exec-5]com.jg.blog.mapper.BlogMapper.save.debug:159 -==> Parameters: 1244640363499544576(String), 测试博客(String), null, null, null, null, null
2020-03-30 22:59:21.673 DEBUG [http-nio-1000-exec-5]com.jg.blog.mapper.LogMapper.save.debug:159 -==>  Preparing: insert into bl_log(log_url, log_params, log_status, log_message, log_method, log_time, log_result, log_ip)values (?,?,?,?,?,?,?,?) 
2020-03-30 22:59:21.673 DEBUG [http-nio-1000-exec-5]com.jg.blog.mapper.LogMapper.save.debug:159 -==> Parameters: /blog/save(String), [Blog(blogId=null, blogTitle=测试博客, blogImage=null, blogContent=null, blogGoods=null, blogRead=null, blogCollection=null, blogType=null, blogRemark=null, blogComment=null, blogSource=null, createdTime=null, updateTime=null, version=null, deleted=null)](String), 0(Integer), org.springframework.dao.DataIntegrityViolationException: 
### Error updating database.  Cause: java.sql.SQLIntegrityConstraintViolationException: Column 'blog_content' cannot be null
### The error may involve com.jg.blog.mapper.BlogMapper.save-Inline
### Cause: java.sql.SQLIntegrityConstraintViolationException: Column 'blog_content' cannot be null
; Column 'blog_content' cannot be null; nested exception is java.sql.SQLIntegrityConstraintViolationException: Column 'blog_content' cannot be null
	at com.jg.blog.service.impl.BlogServiceImpl.save(BlogServiceImpl.java:41)
	at com.jg.blog.service.impl.BlogServiceImpl$$FastClassBySpringCGLIB$$ad9b5dc6.invoke(<generated>)
	at com.jg.blog.service.impl.BlogServiceImpl$$EnhancerBySpringCGLIB$$fee4345e.save(<generated>)
	at com.jg.blog.service.impl.BlogServiceImpl$$FastClassBySpringCGLIB$$ad9b5dc6.invoke(<generated>)
	at com.jg.blog.service.impl.BlogServiceImpl$$EnhancerBySpringCGLIB$$80cdca40.save(<generated>)
	at com.jg.blog.controller.BlogController.save(BlogController.java:38)
	at com.jg.blog.controller.BlogController$$FastClassBySpringCGLIB$$5aabfe8.invoke(<generated>)
	at com.jg.blog.aspect.RequestAspect.doAround(RequestAspect.java:67)
	at com.jg.blog.controller.BlogController$$EnhancerBySpringCGLIB$$7a6844ba.save(<generated>)
Caused by: java.sql.SQLIntegrityConstraintViolationException: Column 'blog_content' cannot be null
(String), POST(String), 0(Long), null, 0:0:0:0:0:0:0:1(String)
2020-03-30 22:59:21.681 DEBUG [http-nio-1000-exec-5]com.jg.blog.mapper.LogMapper.save.debug:159 -<==    Updates: 1
2020-03-30 23:00:32.882 DEBUG [http-nio-1000-exec-7]com.jg.blog.mapper.BlogMapper.save.debug:159 -==>  Preparing: insert into bl_blog( blog_id, blog_title,blog_image, blog_content, blog_type, blog_remark, blog_source ) values ( ?, ?, ?, ?, ?, ?, ? ) 
2020-03-30 23:00:32.883 DEBUG [http-nio-1000-exec-7]com.jg.blog.mapper.BlogMapper.save.debug:159 -==> Parameters: 1244640662394036224(String), 测试博客(String), null, 11(String), null, null, null
2020-03-30 23:00:32.887 DEBUG [http-nio-1000-exec-7]com.jg.blog.mapper.LogMapper.save.debug:159 -==>  Preparing: insert into bl_log(log_url, log_params, log_status, log_message, log_method, log_time, log_result, log_ip)values (?,?,?,?,?,?,?,?) 
2020-03-30 23:00:32.888 DEBUG [http-nio-1000-exec-7]com.jg.blog.mapper.LogMapper.save.debug:159 -==> Parameters: /blog/save(String), [Blog(blogId=null, blogTitle=测试博客, blogImage=null, blogContent=11, blogGoods=null, blogRead=null, blogCollection=null, blogType=null, blogRemark=null, blogComment=null, blogSource=null, createdTime=null, updateTime=null, version=null, deleted=null)](String), 0(Integer), org.springframework.dao.DataIntegrityViolationException: 
### Error updating database.  Cause: java.sql.SQLIntegrityConstraintViolationException: Column 'blog_type' cannot be null
### The error may involve com.jg.blog.mapper.BlogMapper.save-Inline
### Cause: java.sql.SQLIntegrityConstraintViolationException: Column 'blog_type' cannot be null
; Column 'blog_type' cannot be null; nested exception is java.sql.SQLIntegrityConstraintViolationException: Column 'blog_type' cannot be null
	at com.jg.blog.service.impl.BlogServiceImpl.save(BlogServiceImpl.java:41)
	at com.jg.blog.service.impl.BlogServiceImpl$$FastClassBySpringCGLIB$$ad9b5dc6.invoke(<generated>)
	at com.jg.blog.service.impl.BlogServiceImpl$$EnhancerBySpringCGLIB$$fee4345e.save(<generated>)
	at com.jg.blog.service.impl.BlogServiceImpl$$FastClassBySpringCGLIB$$ad9b5dc6.invoke(<generated>)
	at com.jg.blog.service.impl.BlogServiceImpl$$EnhancerBySpringCGLIB$$80cdca40.save(<generated>)
	at com.jg.blog.controller.BlogController.save(BlogController.java:38)
	at com.jg.blog.controller.BlogController$$FastClassBySpringCGLIB$$5aabfe8.invoke(<generated>)
	at com.jg.blog.aspect.RequestAspect.doAround(RequestAspect.java:67)
	at com.jg.blog.controller.BlogController$$EnhancerBySpringCGLIB$$7a6844ba.save(<generated>)
Caused by: java.sql.SQLIntegrityConstraintViolationException: Column 'blog_type' cannot be null
(String), POST(String), 0(Long), null, 0:0:0:0:0:0:0:1(String)
2020-03-30 23:00:32.898 DEBUG [http-nio-1000-exec-7]com.jg.blog.mapper.LogMapper.save.debug:159 -<==    Updates: 1
2020-03-30 23:03:55.736 DEBUG [http-nio-1000-exec-8]com.jg.blog.mapper.BlogMapper.save.debug:159 -==>  Preparing: insert into bl_blog( blog_id, blog_title,blog_image, blog_content, blog_type, blog_remark, blog_source ) values ( ?, ?, ?, ?, ?, ?, ? ) 
2020-03-30 23:03:55.737 DEBUG [http-nio-1000-exec-8]com.jg.blog.mapper.BlogMapper.save.debug:159 -==> Parameters: 1244641513221185536(String), 测试博客(String), null, 11(String), null, null, null
2020-03-30 23:03:55.742 DEBUG [http-nio-1000-exec-8]com.jg.blog.mapper.LogMapper.save.debug:159 -==>  Preparing: insert into bl_log(log_url, log_params, log_status, log_message, log_method, log_time, log_result, log_ip)values (?,?,?,?,?,?,?,?) 
2020-03-30 23:03:55.743 DEBUG [http-nio-1000-exec-8]com.jg.blog.mapper.LogMapper.save.debug:159 -==> Parameters: /blog/save(String), [Blog(blogId=null, blogTitle=测试博客, blogImage=null, blogContent=11, blogGoods=null, blogRead=null, blogCollection=null, blogType=null, blogRemark=null, blogComment=null, blogSource=null, createdTime=null, updateTime=null, version=null, deleted=null)](String), 0(Integer), org.springframework.dao.DataIntegrityViolationException: 
### Error updating database.  Cause: java.sql.SQLIntegrityConstraintViolationException: Column 'blog_type' cannot be null
### The error may involve com.jg.blog.mapper.BlogMapper.save-Inline
### Cause: java.sql.SQLIntegrityConstraintViolationException: Column 'blog_type' cannot be null
; Column 'blog_type' cannot be null; nested exception is java.sql.SQLIntegrityConstraintViolationException: Column 'blog_type' cannot be null
	at com.jg.blog.service.impl.BlogServiceImpl.save(BlogServiceImpl.java:41)
	at com.jg.blog.service.impl.BlogServiceImpl$$FastClassBySpringCGLIB$$ad9b5dc6.invoke(<generated>)
	at com.jg.blog.service.impl.BlogServiceImpl$$EnhancerBySpringCGLIB$$fee4345e.save(<generated>)
	at com.jg.blog.service.impl.BlogServiceImpl$$FastClassBySpringCGLIB$$ad9b5dc6.invoke(<generated>)
	at com.jg.blog.service.impl.BlogServiceImpl$$EnhancerBySpringCGLIB$$80cdca40.save(<generated>)
	at com.jg.blog.controller.BlogController.save(BlogController.java:38)
	at com.jg.blog.controller.BlogController$$FastClassBySpringCGLIB$$5aabfe8.invoke(<generated>)
	at com.jg.blog.aspect.RequestAspect.doAround(RequestAspect.java:67)
	at com.jg.blog.controller.BlogController$$EnhancerBySpringCGLIB$$7a6844ba.save(<generated>)
Caused by: java.sql.SQLIntegrityConstraintViolationException: Column 'blog_type' cannot be null
(String), POST(String), 0(Long), null, 0:0:0:0:0:0:0:1(String)
2020-03-30 23:03:55.749 DEBUG [http-nio-1000-exec-8]com.jg.blog.mapper.LogMapper.save.debug:159 -<==    Updates: 1
2020-03-30 23:04:41.287 DEBUG [http-nio-1000-exec-10]com.jg.blog.mapper.BlogMapper.save.debug:159 -==>  Preparing: insert into bl_blog( blog_id, blog_title,blog_image, blog_content, blog_type, blog_remark, blog_source ) values ( ?, ?, ?, ?, ?, ?, ? ) 
2020-03-30 23:04:41.288 DEBUG [http-nio-1000-exec-10]com.jg.blog.mapper.BlogMapper.save.debug:159 -==> Parameters: 1244641704301092864(String), 测试博客(String), null, 11(String), 11(Integer), null, null
2020-03-30 23:04:41.309 DEBUG [http-nio-1000-exec-10]com.jg.blog.mapper.BlogMapper.save.debug:159 -<==    Updates: 1
2020-03-30 23:04:41.310 DEBUG [http-nio-1000-exec-10]com.jg.blog.mapper.LogMapper.save.debug:159 -==>  Preparing: insert into bl_log(log_url, log_params, log_status, log_message, log_method, log_time, log_result, log_ip)values (?,?,?,?,?,?,?,?) 
2020-03-30 23:04:41.311 DEBUG [http-nio-1000-exec-10]com.jg.blog.mapper.LogMapper.save.debug:159 -==> Parameters: /blog/save(String), [Blog(blogId=null, blogTitle=测试博客, blogImage=null, blogContent=11, blogGoods=null, blogRead=null, blogCollection=null, blogType=11, blogRemark=null, blogComment=null, blogSource=null, createdTime=null, updateTime=null, version=null, deleted=null)](String), 1(Integer), null, POST(String), 24(Long), {"code":20000,"msg":"保存成功"}(String), 0:0:0:0:0:0:0:1(String)
2020-03-30 23:04:41.316 DEBUG [http-nio-1000-exec-10]com.jg.blog.mapper.LogMapper.save.debug:159 -<==    Updates: 1
2020-03-30 23:04:54.095 DEBUG [http-nio-1000-exec-1]com.jg.blog.mapper.BlogMapper.save.debug:159 -==>  Preparing: insert into bl_blog( blog_id, blog_title,blog_image, blog_content, blog_type, blog_remark, blog_source ) values ( ?, ?, ?, ?, ?, ?, ? ) 
2020-03-30 23:04:54.097 DEBUG [http-nio-1000-exec-1]com.jg.blog.mapper.BlogMapper.save.debug:159 -==> Parameters: 1244641758017544192(String), 测试博客(String), null, 11(String), 11(Integer), null, null
2020-03-30 23:04:54.102 DEBUG [http-nio-1000-exec-1]com.jg.blog.mapper.BlogMapper.save.debug:159 -<==    Updates: 1
2020-03-30 23:04:54.103 DEBUG [http-nio-1000-exec-1]com.jg.blog.mapper.LogMapper.save.debug:159 -==>  Preparing: insert into bl_log(log_url, log_params, log_status, log_message, log_method, log_time, log_result, log_ip)values (?,?,?,?,?,?,?,?) 
2020-03-30 23:04:54.104 DEBUG [http-nio-1000-exec-1]com.jg.blog.mapper.LogMapper.save.debug:159 -==> Parameters: /blog/save(String), [Blog(blogId=null, blogTitle=测试博客, blogImage=null, blogContent=11, blogGoods=null, blogRead=null, blogCollection=null, blogType=11, blogRemark=null, blogComment=null, blogSource=null, createdTime=null, updateTime=null, version=null, deleted=null)](String), 1(Integer), null, POST(String), 10(Long), {"code":20000,"msg":"保存成功"}(String), 0:0:0:0:0:0:0:1(String)
2020-03-30 23:04:54.110 DEBUG [http-nio-1000-exec-1]com.jg.blog.mapper.LogMapper.save.debug:159 -<==    Updates: 1
2020-03-30 23:04:54.742 DEBUG [http-nio-1000-exec-3]com.jg.blog.mapper.BlogMapper.save.debug:159 -==>  Preparing: insert into bl_blog( blog_id, blog_title,blog_image, blog_content, blog_type, blog_remark, blog_source ) values ( ?, ?, ?, ?, ?, ?, ? ) 
2020-03-30 23:04:54.743 DEBUG [http-nio-1000-exec-3]com.jg.blog.mapper.BlogMapper.save.debug:159 -==> Parameters: 1244641760735453184(String), 测试博客(String), null, 11(String), 11(Integer), null, null
2020-03-30 23:04:54.749 DEBUG [http-nio-1000-exec-3]com.jg.blog.mapper.BlogMapper.save.debug:159 -<==    Updates: 1
2020-03-30 23:04:54.751 DEBUG [http-nio-1000-exec-3]com.jg.blog.mapper.LogMapper.save.debug:159 -==>  Preparing: insert into bl_log(log_url, log_params, log_status, log_message, log_method, log_time, log_result, log_ip)values (?,?,?,?,?,?,?,?) 
2020-03-30 23:04:54.751 DEBUG [http-nio-1000-exec-3]com.jg.blog.mapper.LogMapper.save.debug:159 -==> Parameters: /blog/save(String), [Blog(blogId=null, blogTitle=测试博客, blogImage=null, blogContent=11, blogGoods=null, blogRead=null, blogCollection=null, blogType=11, blogRemark=null, blogComment=null, blogSource=null, createdTime=null, updateTime=null, version=null, deleted=null)](String), 1(Integer), null, POST(String), 10(Long), {"code":20000,"msg":"保存成功"}(String), 0:0:0:0:0:0:0:1(String)
2020-03-30 23:04:54.763 DEBUG [http-nio-1000-exec-3]com.jg.blog.mapper.LogMapper.save.debug:159 -<==    Updates: 1
2020-03-30 23:04:55.107 DEBUG [http-nio-1000-exec-5]com.jg.blog.mapper.BlogMapper.save.debug:159 -==>  Preparing: insert into bl_blog( blog_id, blog_title,blog_image, blog_content, blog_type, blog_remark, blog_source ) values ( ?, ?, ?, ?, ?, ?, ? ) 
2020-03-30 23:04:55.108 DEBUG [http-nio-1000-exec-5]com.jg.blog.mapper.BlogMapper.save.debug:159 -==> Parameters: 1244641762266374144(String), 测试博客(String), null, 11(String), 11(Integer), null, null
2020-03-30 23:04:55.114 DEBUG [http-nio-1000-exec-5]com.jg.blog.mapper.BlogMapper.save.debug:159 -<==    Updates: 1
2020-03-30 23:04:55.117 DEBUG [http-nio-1000-exec-5]com.jg.blog.mapper.LogMapper.save.debug:159 -==>  Preparing: insert into bl_log(log_url, log_params, log_status, log_message, log_method, log_time, log_result, log_ip)values (?,?,?,?,?,?,?,?) 
2020-03-30 23:04:55.118 DEBUG [http-nio-1000-exec-5]com.jg.blog.mapper.LogMapper.save.debug:159 -==> Parameters: /blog/save(String), [Blog(blogId=null, blogTitle=测试博客, blogImage=null, blogContent=11, blogGoods=null, blogRead=null, blogCollection=null, blogType=11, blogRemark=null, blogComment=null, blogSource=null, createdTime=null, updateTime=null, version=null, deleted=null)](String), 1(Integer), org.springframework.dao.DataIntegrityViolationException: 
### Error updating database.  Cause: java.sql.SQLIntegrityConstraintViolationException: Column 'blog_content' cannot be null
### The error may involve com.jg.blog.mapper.BlogMapper.save-Inline
### Cause: java.sql.SQLIntegrityConstraintViolationException: Column 'blog_content' cannot be null
; Column 'blog_content' cannot be null; nested exception is java.sql.SQLIntegrityConstraintViolationException: Column 'blog_content' cannot be null
	at com.jg.blog.service.impl.BlogServiceImpl.save(BlogServiceImpl.java:41)
	at com.jg.blog.service.impl.BlogServiceImpl$$FastClassBySpringCGLIB$$ad9b5dc6.invoke(<generated>)
	at com.jg.blog.service.impl.BlogServiceImpl$$EnhancerBySpringCGLIB$$fee4345e.save(<generated>)
	at com.jg.blog.service.impl.BlogServiceImpl$$FastClassBySpringCGLIB$$ad9b5dc6.invoke(<generated>)
	at com.jg.blog.service.impl.BlogServiceImpl$$EnhancerBySpringCGLIB$$80cdca40.save(<generated>)
	at com.jg.blog.controller.BlogController.save(BlogController.java:38)
	at com.jg.blog.controller.BlogController$$FastClassBySpringCGLIB$$5aabfe8.invoke(<generated>)
	at com.jg.blog.aspect.RequestAspect.doAround(RequestAspect.java:67)
	at com.jg.blog.controller.BlogController$$EnhancerBySpringCGLIB$$7a6844ba.save(<generated>)
Caused by: java.sql.SQLIntegrityConstraintViolationException: Column 'blog_content' cannot be null
(String), POST(String), 9(Long), {"code":20000,"msg":"保存成功"}(String), 0:0:0:0:0:0:0:1(String)
2020-03-30 23:04:55.124 DEBUG [http-nio-1000-exec-5]com.jg.blog.mapper.LogMapper.save.debug:159 -<==    Updates: 1
2020-03-30 23:04:55.458 DEBUG [http-nio-1000-exec-4]com.jg.blog.mapper.BlogMapper.save.debug:159 -==>  Preparing: insert into bl_blog( blog_id, blog_title,blog_image, blog_content, blog_type, blog_remark, blog_source ) values ( ?, ?, ?, ?, ?, ?, ? ) 
2020-03-30 23:04:55.459 DEBUG [http-nio-1000-exec-4]com.jg.blog.mapper.BlogMapper.save.debug:159 -==> Parameters: 1244641763738574848(String), 测试博客(String), null, 11(String), 11(Integer), null, null
2020-03-30 23:04:55.464 DEBUG [http-nio-1000-exec-4]com.jg.blog.mapper.BlogMapper.save.debug:159 -<==    Updates: 1
2020-03-30 23:04:55.466 DEBUG [http-nio-1000-exec-4]com.jg.blog.mapper.LogMapper.save.debug:159 -==>  Preparing: insert into bl_log(log_url, log_params, log_status, log_message, log_method, log_time, log_result, log_ip)values (?,?,?,?,?,?,?,?) 
2020-03-30 23:04:55.466 DEBUG [http-nio-1000-exec-4]com.jg.blog.mapper.LogMapper.save.debug:159 -==> Parameters: /blog/save(String), [Blog(blogId=null, blogTitle=测试博客, blogImage=null, blogContent=11, blogGoods=null, blogRead=null, blogCollection=null, blogType=11, blogRemark=null, blogComment=null, blogSource=null, createdTime=null, updateTime=null, version=null, deleted=null)](String), 1(Integer), null, POST(String), 9(Long), {"code":20000,"msg":"保存成功"}(String), 0:0:0:0:0:0:0:1(String)
2020-03-30 23:04:55.472 DEBUG [http-nio-1000-exec-4]com.jg.blog.mapper.LogMapper.save.debug:159 -<==    Updates: 1
2020-03-30 23:04:55.846 DEBUG [http-nio-1000-exec-7]com.jg.blog.mapper.BlogMapper.save.debug:159 -==>  Preparing: insert into bl_blog( blog_id, blog_title,blog_image, blog_content, blog_type, blog_remark, blog_source ) values ( ?, ?, ?, ?, ?, ?, ? ) 
2020-03-30 23:04:55.847 DEBUG [http-nio-1000-exec-7]com.jg.blog.mapper.BlogMapper.save.debug:159 -==> Parameters: 1244641765365964800(String), 测试博客(String), null, 11(String), 11(Integer), null, null
2020-03-30 23:04:55.869 DEBUG [http-nio-1000-exec-7]com.jg.blog.mapper.BlogMapper.save.debug:159 -<==    Updates: 1
2020-03-30 23:04:55.870 DEBUG [http-nio-1000-exec-7]com.jg.blog.mapper.LogMapper.save.debug:159 -==>  Preparing: insert into bl_log(log_url, log_params, log_status, log_message, log_method, log_time, log_result, log_ip)values (?,?,?,?,?,?,?,?) 
2020-03-30 23:04:55.871 DEBUG [http-nio-1000-exec-7]com.jg.blog.mapper.LogMapper.save.debug:159 -==> Parameters: /blog/save(String), [Blog(blogId=null, blogTitle=测试博客, blogImage=null, blogContent=11, blogGoods=null, blogRead=null, blogCollection=null, blogType=11, blogRemark=null, blogComment=null, blogSource=null, createdTime=null, updateTime=null, version=null, deleted=null)](String), 1(Integer), org.springframework.dao.DataIntegrityViolationException: 
### Error updating database.  Cause: java.sql.SQLIntegrityConstraintViolationException: Column 'blog_type' cannot be null
### The error may involve com.jg.blog.mapper.BlogMapper.save-Inline
### Cause: java.sql.SQLIntegrityConstraintViolationException: Column 'blog_type' cannot be null
; Column 'blog_type' cannot be null; nested exception is java.sql.SQLIntegrityConstraintViolationException: Column 'blog_type' cannot be null
	at com.jg.blog.service.impl.BlogServiceImpl.save(BlogServiceImpl.java:41)
	at com.jg.blog.service.impl.BlogServiceImpl$$FastClassBySpringCGLIB$$ad9b5dc6.invoke(<generated>)
	at com.jg.blog.service.impl.BlogServiceImpl$$EnhancerBySpringCGLIB$$fee4345e.save(<generated>)
	at com.jg.blog.service.impl.BlogServiceImpl$$FastClassBySpringCGLIB$$ad9b5dc6.invoke(<generated>)
	at com.jg.blog.service.impl.BlogServiceImpl$$EnhancerBySpringCGLIB$$80cdca40.save(<generated>)
	at com.jg.blog.controller.BlogController.save(BlogController.java:38)
	at com.jg.blog.controller.BlogController$$FastClassBySpringCGLIB$$5aabfe8.invoke(<generated>)
	at com.jg.blog.aspect.RequestAspect.doAround(RequestAspect.java:67)
	at com.jg.blog.controller.BlogController$$EnhancerBySpringCGLIB$$7a6844ba.save(<generated>)
Caused by: java.sql.SQLIntegrityConstraintViolationException: Column 'blog_type' cannot be null
(String), POST(String), 25(Long), {"code":20000,"msg":"保存成功"}(String), 0:0:0:0:0:0:0:1(String)
2020-03-30 23:04:55.877 DEBUG [http-nio-1000-exec-7]com.jg.blog.mapper.LogMapper.save.debug:159 -<==    Updates: 1
2020-03-30 23:04:56.184 DEBUG [http-nio-1000-exec-6]com.jg.blog.mapper.BlogMapper.save.debug:159 -==>  Preparing: insert into bl_blog( blog_id, blog_title,blog_image, blog_content, blog_type, blog_remark, blog_source ) values ( ?, ?, ?, ?, ?, ?, ? ) 
2020-03-30 23:04:56.185 DEBUG [http-nio-1000-exec-6]com.jg.blog.mapper.BlogMapper.save.debug:159 -==> Parameters: 1244641766783639552(String), 测试博客(String), null, 11(String), 11(Integer), null, null
2020-03-30 23:04:56.191 DEBUG [http-nio-1000-exec-6]com.jg.blog.mapper.BlogMapper.save.debug:159 -<==    Updates: 1
2020-03-30 23:04:56.192 DEBUG [http-nio-1000-exec-6]com.jg.blog.mapper.LogMapper.save.debug:159 -==>  Preparing: insert into bl_log(log_url, log_params, log_status, log_message, log_method, log_time, log_result, log_ip)values (?,?,?,?,?,?,?,?) 
2020-03-30 23:04:56.193 DEBUG [http-nio-1000-exec-6]com.jg.blog.mapper.LogMapper.save.debug:159 -==> Parameters: /blog/save(String), [Blog(blogId=null, blogTitle=测试博客, blogImage=null, blogContent=11, blogGoods=null, blogRead=null, blogCollection=null, blogType=11, blogRemark=null, blogComment=null, blogSource=null, createdTime=null, updateTime=null, version=null, deleted=null)](String), 1(Integer), null, POST(String), 10(Long), {"code":20000,"msg":"保存成功"}(String), 0:0:0:0:0:0:0:1(String)
2020-03-30 23:04:56.207 DEBUG [http-nio-1000-exec-6]com.jg.blog.mapper.LogMapper.save.debug:159 -<==    Updates: 1
2020-03-30 23:04:58.509 DEBUG [http-nio-1000-exec-9]com.jg.blog.mapper.BlogMapper.save.debug:159 -==>  Preparing: insert into bl_blog( blog_id, blog_title,blog_image, blog_content, blog_type, blog_remark, blog_source ) values ( ?, ?, ?, ?, ?, ?, ? ) 
2020-03-30 23:04:58.510 DEBUG [http-nio-1000-exec-9]com.jg.blog.mapper.BlogMapper.save.debug:159 -==> Parameters: 1244641776535396352(String), 测试博客(String), null, 11(String), 11(Integer), null, null
2020-03-30 23:04:58.517 DEBUG [http-nio-1000-exec-9]com.jg.blog.mapper.BlogMapper.save.debug:159 -<==    Updates: 1
2020-03-30 23:04:58.519 DEBUG [http-nio-1000-exec-9]com.jg.blog.mapper.LogMapper.save.debug:159 -==>  Preparing: insert into bl_log(log_url, log_params, log_status, log_message, log_method, log_time, log_result, log_ip)values (?,?,?,?,?,?,?,?) 
2020-03-30 23:04:58.519 DEBUG [http-nio-1000-exec-9]com.jg.blog.mapper.LogMapper.save.debug:159 -==> Parameters: /blog/save(String), [Blog(blogId=null, blogTitle=测试博客, blogImage=null, blogContent=11, blogGoods=null, blogRead=null, blogCollection=null, blogType=11, blogRemark=null, blogComment=null, blogSource=null, createdTime=null, updateTime=null, version=null, deleted=null)](String), 1(Integer), null, POST(String), 11(Long), {"code":20000,"msg":"保存成功"}(String), 0:0:0:0:0:0:0:1(String)
2020-03-30 23:04:58.524 DEBUG [http-nio-1000-exec-9]com.jg.blog.mapper.LogMapper.save.debug:159 -<==    Updates: 1
2020-03-30 23:05:04.983 DEBUG [http-nio-1000-exec-8]com.jg.blog.mapper.BlogMapper.save.debug:159 -==>  Preparing: insert into bl_blog( blog_id, blog_title,blog_image, blog_content, blog_type, blog_remark, blog_source ) values ( ?, ?, ?, ?, ?, ?, ? ) 
2020-03-30 23:05:04.984 DEBUG [http-nio-1000-exec-8]com.jg.blog.mapper.BlogMapper.save.debug:159 -==> Parameters: 1244641803689320448(String), 测试博客(String), null, 11(String), 11(Integer), null, null
2020-03-30 23:05:04.988 DEBUG [http-nio-1000-exec-8]com.jg.blog.mapper.BlogMapper.save.debug:159 -<==    Updates: 1
2020-03-30 23:05:04.989 DEBUG [http-nio-1000-exec-8]com.jg.blog.mapper.LogMapper.save.debug:159 -==>  Preparing: insert into bl_log(log_url, log_params, log_status, log_message, log_method, log_time, log_result, log_ip)values (?,?,?,?,?,?,?,?) 
2020-03-30 23:05:04.990 DEBUG [http-nio-1000-exec-8]com.jg.blog.mapper.LogMapper.save.debug:159 -==> Parameters: /blog/save(String), [Blog(blogId=null, blogTitle=测试博客, blogImage=null, blogContent=11, blogGoods=null, blogRead=null, blogCollection=null, blogType=11, blogRemark=null, blogComment=null, blogSource=null, createdTime=null, updateTime=null, version=null, deleted=null)](String), 1(Integer), org.springframework.dao.DataIntegrityViolationException: 
### Error updating database.  Cause: java.sql.SQLIntegrityConstraintViolationException: Column 'blog_type' cannot be null
### The error may involve com.jg.blog.mapper.BlogMapper.save-Inline
### Cause: java.sql.SQLIntegrityConstraintViolationException: Column 'blog_type' cannot be null
; Column 'blog_type' cannot be null; nested exception is java.sql.SQLIntegrityConstraintViolationException: Column 'blog_type' cannot be null
	at com.jg.blog.service.impl.BlogServiceImpl.save(BlogServiceImpl.java:41)
	at com.jg.blog.service.impl.BlogServiceImpl$$FastClassBySpringCGLIB$$ad9b5dc6.invoke(<generated>)
	at com.jg.blog.service.impl.BlogServiceImpl$$EnhancerBySpringCGLIB$$fee4345e.save(<generated>)
	at com.jg.blog.service.impl.BlogServiceImpl$$FastClassBySpringCGLIB$$ad9b5dc6.invoke(<generated>)
	at com.jg.blog.service.impl.BlogServiceImpl$$EnhancerBySpringCGLIB$$80cdca40.save(<generated>)
	at com.jg.blog.controller.BlogController.save(BlogController.java:38)
	at com.jg.blog.controller.BlogController$$FastClassBySpringCGLIB$$5aabfe8.invoke(<generated>)
	at com.jg.blog.aspect.RequestAspect.doAround(RequestAspect.java:67)
	at com.jg.blog.controller.BlogController$$EnhancerBySpringCGLIB$$7a6844ba.save(<generated>)
Caused by: java.sql.SQLIntegrityConstraintViolationException: Column 'blog_type' cannot be null
(String), POST(String), 10(Long), {"code":20000,"msg":"保存成功"}(String), 0:0:0:0:0:0:0:1(String)
2020-03-30 23:05:05.001 DEBUG [http-nio-1000-exec-8]com.jg.blog.mapper.LogMapper.save.debug:159 -<==    Updates: 1
2020-03-30 23:05:05.756 DEBUG [http-nio-1000-exec-2]com.jg.blog.mapper.BlogMapper.save.debug:159 -==>  Preparing: insert into bl_blog( blog_id, blog_title,blog_image, blog_content, blog_type, blog_remark, blog_source ) values ( ?, ?, ?, ?, ?, ?, ? ) 
2020-03-30 23:05:05.756 DEBUG [http-nio-1000-exec-2]com.jg.blog.mapper.BlogMapper.save.debug:159 -==> Parameters: 1244641806927323136(String), 测试博客(String), null, 11(String), 11(Integer), null, null
2020-03-30 23:05:05.766 DEBUG [http-nio-1000-exec-2]com.jg.blog.mapper.BlogMapper.save.debug:159 -<==    Updates: 1
2020-03-30 23:05:05.767 DEBUG [http-nio-1000-exec-2]com.jg.blog.mapper.LogMapper.save.debug:159 -==>  Preparing: insert into bl_log(log_url, log_params, log_status, log_message, log_method, log_time, log_result, log_ip)values (?,?,?,?,?,?,?,?) 
2020-03-30 23:05:05.769 DEBUG [http-nio-1000-exec-2]com.jg.blog.mapper.LogMapper.save.debug:159 -==> Parameters: /blog/save(String), [Blog(blogId=null, blogTitle=测试博客, blogImage=null, blogContent=11, blogGoods=null, blogRead=null, blogCollection=null, blogType=11, blogRemark=null, blogComment=null, blogSource=null, createdTime=null, updateTime=null, version=null, deleted=null)](String), 1(Integer), null, POST(String), 14(Long), {"code":20000,"msg":"保存成功"}(String), 0:0:0:0:0:0:0:1(String)
2020-03-30 23:05:05.775 DEBUG [http-nio-1000-exec-2]com.jg.blog.mapper.LogMapper.save.debug:159 -<==    Updates: 1
2020-03-30 23:05:06.418 DEBUG [http-nio-1000-exec-10]com.jg.blog.mapper.BlogMapper.save.debug:159 -==>  Preparing: insert into bl_blog( blog_id, blog_title,blog_image, blog_content, blog_type, blog_remark, blog_source ) values ( ?, ?, ?, ?, ?, ?, ? ) 
2020-03-30 23:05:06.418 DEBUG [http-nio-1000-exec-10]com.jg.blog.mapper.BlogMapper.save.debug:159 -==> Parameters: 1244641809703952384(String), 测试博客(String), null, 11(String), 11(Integer), null, null
2020-03-30 23:05:06.423 DEBUG [http-nio-1000-exec-10]com.jg.blog.mapper.BlogMapper.save.debug:159 -<==    Updates: 1
2020-03-30 23:05:06.425 DEBUG [http-nio-1000-exec-10]com.jg.blog.mapper.LogMapper.save.debug:159 -==>  Preparing: insert into bl_log(log_url, log_params, log_status, log_message, log_method, log_time, log_result, log_ip)values (?,?,?,?,?,?,?,?) 
2020-03-30 23:05:06.426 DEBUG [http-nio-1000-exec-10]com.jg.blog.mapper.LogMapper.save.debug:159 -==> Parameters: /blog/save(String), [Blog(blogId=null, blogTitle=测试博客, blogImage=null, blogContent=11, blogGoods=null, blogRead=null, blogCollection=null, blogType=11, blogRemark=null, blogComment=null, blogSource=null, createdTime=null, updateTime=null, version=null, deleted=null)](String), 1(Integer), null, POST(String), 8(Long), {"code":20000,"msg":"保存成功"}(String), 0:0:0:0:0:0:0:1(String)
2020-03-30 23:05:06.435 DEBUG [http-nio-1000-exec-10]com.jg.blog.mapper.LogMapper.save.debug:159 -<==    Updates: 1
2020-03-30 23:05:06.852 DEBUG [http-nio-1000-exec-1]com.jg.blog.mapper.BlogMapper.save.debug:159 -==>  Preparing: insert into bl_blog( blog_id, blog_title,blog_image, blog_content, blog_type, blog_remark, blog_source ) values ( ?, ?, ?, ?, ?, ?, ? ) 
2020-03-30 23:05:06.853 DEBUG [http-nio-1000-exec-1]com.jg.blog.mapper.BlogMapper.save.debug:159 -==> Parameters: 1244641811528474624(String), 测试博客(String), null, 11(String), 11(Integer), null, null
2020-03-30 23:05:06.857 DEBUG [http-nio-1000-exec-1]com.jg.blog.mapper.BlogMapper.save.debug:159 -<==    Updates: 1
2020-03-30 23:05:06.859 DEBUG [http-nio-1000-exec-1]com.jg.blog.mapper.LogMapper.save.debug:159 -==>  Preparing: insert into bl_log(log_url, log_params, log_status, log_message, log_method, log_time, log_result, log_ip)values (?,?,?,?,?,?,?,?) 
2020-03-30 23:05:06.862 DEBUG [http-nio-1000-exec-1]com.jg.blog.mapper.LogMapper.save.debug:159 -==> Parameters: /blog/save(String), [Blog(blogId=null, blogTitle=测试博客, blogImage=null, blogContent=11, blogGoods=null, blogRead=null, blogCollection=null, blogType=11, blogRemark=null, blogComment=null, blogSource=null, createdTime=null, updateTime=null, version=null, deleted=null)](String), 1(Integer), null, POST(String), 8(Long), {"code":20000,"msg":"保存成功"}(String), 0:0:0:0:0:0:0:1(String)
2020-03-30 23:05:06.873 DEBUG [http-nio-1000-exec-1]com.jg.blog.mapper.LogMapper.save.debug:159 -<==    Updates: 1
2020-03-30 23:05:07.233 DEBUG [http-nio-1000-exec-3]com.jg.blog.mapper.BlogMapper.save.debug:159 -==>  Preparing: insert into bl_blog( blog_id, blog_title,blog_image, blog_content, blog_type, blog_remark, blog_source ) values ( ?, ?, ?, ?, ?, ?, ? ) 
2020-03-30 23:05:07.235 DEBUG [http-nio-1000-exec-3]com.jg.blog.mapper.BlogMapper.save.debug:159 -==> Parameters: 1244641813126504448(String), 测试博客(String), null, 11(String), 11(Integer), null, null
2020-03-30 23:05:07.239 DEBUG [http-nio-1000-exec-3]com.jg.blog.mapper.BlogMapper.save.debug:159 -<==    Updates: 1
2020-03-30 23:05:07.240 DEBUG [http-nio-1000-exec-3]com.jg.blog.mapper.LogMapper.save.debug:159 -==>  Preparing: insert into bl_log(log_url, log_params, log_status, log_message, log_method, log_time, log_result, log_ip)values (?,?,?,?,?,?,?,?) 
2020-03-30 23:05:07.241 DEBUG [http-nio-1000-exec-3]com.jg.blog.mapper.LogMapper.save.debug:159 -==> Parameters: /blog/save(String), [Blog(blogId=null, blogTitle=测试博客, blogImage=null, blogContent=11, blogGoods=null, blogRead=null, blogCollection=null, blogType=11, blogRemark=null, blogComment=null, blogSource=null, createdTime=null, updateTime=null, version=null, deleted=null)](String), 1(Integer), null, POST(String), 9(Long), {"code":20000,"msg":"保存成功"}(String), 0:0:0:0:0:0:0:1(String)
2020-03-30 23:05:07.248 DEBUG [http-nio-1000-exec-3]com.jg.blog.mapper.LogMapper.save.debug:159 -<==    Updates: 1
2020-03-30 23:05:07.587 DEBUG [http-nio-1000-exec-5]com.jg.blog.mapper.BlogMapper.save.debug:159 -==>  Preparing: insert into bl_blog( blog_id, blog_title,blog_image, blog_content, blog_type, blog_remark, blog_source ) values ( ?, ?, ?, ?, ?, ?, ? ) 
2020-03-30 23:05:07.588 DEBUG [http-nio-1000-exec-5]com.jg.blog.mapper.BlogMapper.save.debug:159 -==> Parameters: 1244641814611288064(String), 测试博客(String), null, 11(String), 11(Integer), null, null
2020-03-30 23:05:07.595 DEBUG [http-nio-1000-exec-5]com.jg.blog.mapper.BlogMapper.save.debug:159 -<==    Updates: 1
2020-03-30 23:05:07.597 DEBUG [http-nio-1000-exec-5]com.jg.blog.mapper.LogMapper.save.debug:159 -==>  Preparing: insert into bl_log(log_url, log_params, log_status, log_message, log_method, log_time, log_result, log_ip)values (?,?,?,?,?,?,?,?) 
2020-03-30 23:05:07.598 DEBUG [http-nio-1000-exec-5]com.jg.blog.mapper.LogMapper.save.debug:159 -==> Parameters: /blog/save(String), [Blog(blogId=null, blogTitle=测试博客, blogImage=null, blogContent=11, blogGoods=null, blogRead=null, blogCollection=null, blogType=11, blogRemark=null, blogComment=null, blogSource=null, createdTime=null, updateTime=null, version=null, deleted=null)](String), 1(Integer), org.springframework.dao.DataIntegrityViolationException: 
### Error updating database.  Cause: java.sql.SQLIntegrityConstraintViolationException: Column 'blog_content' cannot be null
### The error may involve com.jg.blog.mapper.BlogMapper.save-Inline
### Cause: java.sql.SQLIntegrityConstraintViolationException: Column 'blog_content' cannot be null
; Column 'blog_content' cannot be null; nested exception is java.sql.SQLIntegrityConstraintViolationException: Column 'blog_content' cannot be null
	at com.jg.blog.service.impl.BlogServiceImpl.save(BlogServiceImpl.java:41)
	at com.jg.blog.service.impl.BlogServiceImpl$$FastClassBySpringCGLIB$$ad9b5dc6.invoke(<generated>)
	at com.jg.blog.service.impl.BlogServiceImpl$$EnhancerBySpringCGLIB$$fee4345e.save(<generated>)
	at com.jg.blog.service.impl.BlogServiceImpl$$FastClassBySpringCGLIB$$ad9b5dc6.invoke(<generated>)
	at com.jg.blog.service.impl.BlogServiceImpl$$EnhancerBySpringCGLIB$$80cdca40.save(<generated>)
	at com.jg.blog.controller.BlogController.save(BlogController.java:38)
	at com.jg.blog.controller.BlogController$$FastClassBySpringCGLIB$$5aabfe8.invoke(<generated>)
	at com.jg.blog.aspect.RequestAspect.doAround(RequestAspect.java:67)
	at com.jg.blog.controller.BlogController$$EnhancerBySpringCGLIB$$7a6844ba.save(<generated>)
Caused by: java.sql.SQLIntegrityConstraintViolationException: Column 'blog_content' cannot be null
(String), POST(String), 10(Long), {"code":20000,"msg":"保存成功"}(String), 0:0:0:0:0:0:0:1(String)
2020-03-30 23:05:07.616 DEBUG [http-nio-1000-exec-5]com.jg.blog.mapper.LogMapper.save.debug:159 -<==    Updates: 1
2020-03-30 23:05:07.986 DEBUG [http-nio-1000-exec-4]com.jg.blog.mapper.BlogMapper.save.debug:159 -==>  Preparing: insert into bl_blog( blog_id, blog_title,blog_image, blog_content, blog_type, blog_remark, blog_source ) values ( ?, ?, ?, ?, ?, ?, ? ) 
2020-03-30 23:05:07.986 DEBUG [http-nio-1000-exec-4]com.jg.blog.mapper.BlogMapper.save.debug:159 -==> Parameters: 1244641816284815360(String), 测试博客(String), null, 11(String), 11(Integer), null, null
2020-03-30 23:05:07.993 DEBUG [http-nio-1000-exec-4]com.jg.blog.mapper.BlogMapper.save.debug:159 -<==    Updates: 1
2020-03-30 23:05:07.995 DEBUG [http-nio-1000-exec-4]com.jg.blog.mapper.LogMapper.save.debug:159 -==>  Preparing: insert into bl_log(log_url, log_params, log_status, log_message, log_method, log_time, log_result, log_ip)values (?,?,?,?,?,?,?,?) 
2020-03-30 23:05:07.997 DEBUG [http-nio-1000-exec-4]com.jg.blog.mapper.LogMapper.save.debug:159 -==> Parameters: /blog/save(String), [Blog(blogId=null, blogTitle=测试博客, blogImage=null, blogContent=11, blogGoods=null, blogRead=null, blogCollection=null, blogType=11, blogRemark=null, blogComment=null, blogSource=null, createdTime=null, updateTime=null, version=null, deleted=null)](String), 1(Integer), null, POST(String), 10(Long), {"code":20000,"msg":"保存成功"}(String), 0:0:0:0:0:0:0:1(String)
2020-03-30 23:05:08.002 DEBUG [http-nio-1000-exec-4]com.jg.blog.mapper.LogMapper.save.debug:159 -<==    Updates: 1
2020-03-30 23:05:08.355 DEBUG [http-nio-1000-exec-7]com.jg.blog.mapper.BlogMapper.save.debug:159 -==>  Preparing: insert into bl_blog( blog_id, blog_title,blog_image, blog_content, blog_type, blog_remark, blog_source ) values ( ?, ?, ?, ?, ?, ?, ? ) 
2020-03-30 23:05:08.356 DEBUG [http-nio-1000-exec-7]com.jg.blog.mapper.BlogMapper.save.debug:159 -==> Parameters: 1244641817832513536(String), 测试博客(String), null, 11(String), 11(Integer), null, null
2020-03-30 23:05:08.362 DEBUG [http-nio-1000-exec-7]com.jg.blog.mapper.BlogMapper.save.debug:159 -<==    Updates: 1
2020-03-30 23:05:08.364 DEBUG [http-nio-1000-exec-7]com.jg.blog.mapper.LogMapper.save.debug:159 -==>  Preparing: insert into bl_log(log_url, log_params, log_status, log_message, log_method, log_time, log_result, log_ip)values (?,?,?,?,?,?,?,?) 
2020-03-30 23:05:08.365 DEBUG [http-nio-1000-exec-7]com.jg.blog.mapper.LogMapper.save.debug:159 -==> Parameters: /blog/save(String), [Blog(blogId=null, blogTitle=测试博客, blogImage=null, blogContent=11, blogGoods=null, blogRead=null, blogCollection=null, blogType=11, blogRemark=null, blogComment=null, blogSource=null, createdTime=null, updateTime=null, version=null, deleted=null)](String), 1(Integer), org.springframework.dao.DataIntegrityViolationException: 
### Error updating database.  Cause: java.sql.SQLIntegrityConstraintViolationException: Column 'blog_type' cannot be null
### The error may involve com.jg.blog.mapper.BlogMapper.save-Inline
### Cause: java.sql.SQLIntegrityConstraintViolationException: Column 'blog_type' cannot be null
; Column 'blog_type' cannot be null; nested exception is java.sql.SQLIntegrityConstraintViolationException: Column 'blog_type' cannot be null
	at com.jg.blog.service.impl.BlogServiceImpl.save(BlogServiceImpl.java:41)
	at com.jg.blog.service.impl.BlogServiceImpl$$FastClassBySpringCGLIB$$ad9b5dc6.invoke(<generated>)
	at com.jg.blog.service.impl.BlogServiceImpl$$EnhancerBySpringCGLIB$$fee4345e.save(<generated>)
	at com.jg.blog.service.impl.BlogServiceImpl$$FastClassBySpringCGLIB$$ad9b5dc6.invoke(<generated>)
	at com.jg.blog.service.impl.BlogServiceImpl$$EnhancerBySpringCGLIB$$80cdca40.save(<generated>)
	at com.jg.blog.controller.BlogController.save(BlogController.java:38)
	at com.jg.blog.controller.BlogController$$FastClassBySpringCGLIB$$5aabfe8.invoke(<generated>)
	at com.jg.blog.aspect.RequestAspect.doAround(RequestAspect.java:67)
	at com.jg.blog.controller.BlogController$$EnhancerBySpringCGLIB$$7a6844ba.save(<generated>)
Caused by: java.sql.SQLIntegrityConstraintViolationException: Column 'blog_type' cannot be null
(String), POST(String), 9(Long), {"code":20000,"msg":"保存成功"}(String), 0:0:0:0:0:0:0:1(String)
2020-03-30 23:05:08.372 DEBUG [http-nio-1000-exec-7]com.jg.blog.mapper.LogMapper.save.debug:159 -<==    Updates: 1
2020-03-30 23:05:08.705 DEBUG [http-nio-1000-exec-6]com.jg.blog.mapper.BlogMapper.save.debug:159 -==>  Preparing: insert into bl_blog( blog_id, blog_title,blog_image, blog_content, blog_type, blog_remark, blog_source ) values ( ?, ?, ?, ?, ?, ?, ? ) 
2020-03-30 23:05:08.707 DEBUG [http-nio-1000-exec-6]com.jg.blog.mapper.BlogMapper.save.debug:159 -==> Parameters: 1244641819300519936(String), 测试博客(String), null, 11(String), 11(Integer), null, null
2020-03-30 23:05:08.714 DEBUG [http-nio-1000-exec-6]com.jg.blog.mapper.BlogMapper.save.debug:159 -<==    Updates: 1
2020-03-30 23:05:08.716 DEBUG [http-nio-1000-exec-6]com.jg.blog.mapper.LogMapper.save.debug:159 -==>  Preparing: insert into bl_log(log_url, log_params, log_status, log_message, log_method, log_time, log_result, log_ip)values (?,?,?,?,?,?,?,?) 
2020-03-30 23:05:08.716 DEBUG [http-nio-1000-exec-6]com.jg.blog.mapper.LogMapper.save.debug:159 -==> Parameters: /blog/save(String), [Blog(blogId=null, blogTitle=测试博客, blogImage=null, blogContent=11, blogGoods=null, blogRead=null, blogCollection=null, blogType=11, blogRemark=null, blogComment=null, blogSource=null, createdTime=null, updateTime=null, version=null, deleted=null)](String), 1(Integer), null, POST(String), 15(Long), {"code":20000,"msg":"保存成功"}(String), 0:0:0:0:0:0:0:1(String)
2020-03-30 23:05:08.721 DEBUG [http-nio-1000-exec-6]com.jg.blog.mapper.LogMapper.save.debug:159 -<==    Updates: 1
2020-03-30 23:05:09.086 DEBUG [http-nio-1000-exec-9]com.jg.blog.mapper.BlogMapper.save.debug:159 -==>  Preparing: insert into bl_blog( blog_id, blog_title,blog_image, blog_content, blog_type, blog_remark, blog_source ) values ( ?, ?, ?, ?, ?, ?, ? ) 
2020-03-30 23:05:09.087 DEBUG [http-nio-1000-exec-9]com.jg.blog.mapper.BlogMapper.save.debug:159 -==> Parameters: 1244641820898549760(String), 测试博客(String), null, 11(String), 11(Integer), null, null
2020-03-30 23:05:09.092 DEBUG [http-nio-1000-exec-9]com.jg.blog.mapper.BlogMapper.save.debug:159 -<==    Updates: 1
2020-03-30 23:05:09.094 DEBUG [http-nio-1000-exec-9]com.jg.blog.mapper.LogMapper.save.debug:159 -==>  Preparing: insert into bl_log(log_url, log_params, log_status, log_message, log_method, log_time, log_result, log_ip)values (?,?,?,?,?,?,?,?) 
2020-03-30 23:05:09.096 DEBUG [http-nio-1000-exec-9]com.jg.blog.mapper.LogMapper.save.debug:159 -==> Parameters: /blog/save(String), [Blog(blogId=null, blogTitle=测试博客, blogImage=null, blogContent=11, blogGoods=null, blogRead=null, blogCollection=null, blogType=11, blogRemark=null, blogComment=null, blogSource=null, createdTime=null, updateTime=null, version=null, deleted=null)](String), 1(Integer), null, POST(String), 8(Long), {"code":20000,"msg":"保存成功"}(String), 0:0:0:0:0:0:0:1(String)
2020-03-30 23:05:09.101 DEBUG [http-nio-1000-exec-9]com.jg.blog.mapper.LogMapper.save.debug:159 -<==    Updates: 1
2020-03-30 23:05:09.399 DEBUG [http-nio-1000-exec-8]com.jg.blog.mapper.BlogMapper.save.debug:159 -==>  Preparing: insert into bl_blog( blog_id, blog_title,blog_image, blog_content, blog_type, blog_remark, blog_source ) values ( ?, ?, ?, ?, ?, ?, ? ) 
2020-03-30 23:05:09.399 DEBUG [http-nio-1000-exec-8]com.jg.blog.mapper.BlogMapper.save.debug:159 -==> Parameters: 1244641822207172608(String), 测试博客(String), null, 11(String), 11(Integer), null, null
2020-03-30 23:05:09.404 DEBUG [http-nio-1000-exec-8]com.jg.blog.mapper.BlogMapper.save.debug:159 -<==    Updates: 1
2020-03-30 23:05:09.405 DEBUG [http-nio-1000-exec-8]com.jg.blog.mapper.LogMapper.save.debug:159 -==>  Preparing: insert into bl_log(log_url, log_params, log_status, log_message, log_method, log_time, log_result, log_ip)values (?,?,?,?,?,?,?,?) 
2020-03-30 23:05:09.406 DEBUG [http-nio-1000-exec-8]com.jg.blog.mapper.LogMapper.save.debug:159 -==> Parameters: /blog/save(String), [Blog(blogId=null, blogTitle=测试博客, blogImage=null, blogContent=11, blogGoods=null, blogRead=null, blogCollection=null, blogType=11, blogRemark=null, blogComment=null, blogSource=null, createdTime=null, updateTime=null, version=null, deleted=null)](String), 1(Integer), org.springframework.dao.DataIntegrityViolationException: 
### Error updating database.  Cause: java.sql.SQLIntegrityConstraintViolationException: Column 'blog_type' cannot be null
### The error may involve com.jg.blog.mapper.BlogMapper.save-Inline
### Cause: java.sql.SQLIntegrityConstraintViolationException: Column 'blog_type' cannot be null
; Column 'blog_type' cannot be null; nested exception is java.sql.SQLIntegrityConstraintViolationException: Column 'blog_type' cannot be null
	at com.jg.blog.service.impl.BlogServiceImpl.save(BlogServiceImpl.java:41)
	at com.jg.blog.service.impl.BlogServiceImpl$$FastClassBySpringCGLIB$$ad9b5dc6.invoke(<generated>)
	at com.jg.blog.service.impl.BlogServiceImpl$$EnhancerBySpringCGLIB$$fee4345e.save(<generated>)
	at com.jg.blog.service.impl.BlogServiceImpl$$FastClassBySpringCGLIB$$ad9b5dc6.invoke(<generated>)
	at com.jg.blog.service.impl.BlogServiceImpl$$EnhancerBySpringCGLIB$$80cdca40.save(<generated>)
	at com.jg.blog.controller.BlogController.save(BlogController.java:38)
	at com.jg.blog.controller.BlogController$$FastClassBySpringCGLIB$$5aabfe8.invoke(<generated>)
	at com.jg.blog.aspect.RequestAspect.doAround(RequestAspect.java:67)
	at com.jg.blog.controller.BlogController$$EnhancerBySpringCGLIB$$7a6844ba.save(<generated>)
Caused by: java.sql.SQLIntegrityConstraintViolationException: Column 'blog_type' cannot be null
(String), POST(String), 9(Long), {"code":20000,"msg":"保存成功"}(String), 0:0:0:0:0:0:0:1(String)
2020-03-30 23:05:09.413 DEBUG [http-nio-1000-exec-8]com.jg.blog.mapper.LogMapper.save.debug:159 -<==    Updates: 1
2020-03-30 23:05:09.791 DEBUG [http-nio-1000-exec-2]com.jg.blog.mapper.BlogMapper.save.debug:159 -==>  Preparing: insert into bl_blog( blog_id, blog_title,blog_image, blog_content, blog_type, blog_remark, blog_source ) values ( ?, ?, ?, ?, ?, ?, ? ) 
2020-03-30 23:05:09.792 DEBUG [http-nio-1000-exec-2]com.jg.blog.mapper.BlogMapper.save.debug:159 -==> Parameters: 1244641823855534080(String), 测试博客(String), null, 11(String), 11(Integer), null, null
2020-03-30 23:05:09.797 DEBUG [http-nio-1000-exec-2]com.jg.blog.mapper.BlogMapper.save.debug:159 -<==    Updates: 1
2020-03-30 23:05:09.799 DEBUG [http-nio-1000-exec-2]com.jg.blog.mapper.LogMapper.save.debug:159 -==>  Preparing: insert into bl_log(log_url, log_params, log_status, log_message, log_method, log_time, log_result, log_ip)values (?,?,?,?,?,?,?,?) 
2020-03-30 23:05:09.799 DEBUG [http-nio-1000-exec-2]com.jg.blog.mapper.LogMapper.save.debug:159 -==> Parameters: /blog/save(String), [Blog(blogId=null, blogTitle=测试博客, blogImage=null, blogContent=11, blogGoods=null, blogRead=null, blogCollection=null, blogType=11, blogRemark=null, blogComment=null, blogSource=null, createdTime=null, updateTime=null, version=null, deleted=null)](String), 1(Integer), null, POST(String), 8(Long), {"code":20000,"msg":"保存成功"}(String), 0:0:0:0:0:0:0:1(String)
2020-03-30 23:05:09.803 DEBUG [http-nio-1000-exec-2]com.jg.blog.mapper.LogMapper.save.debug:159 -<==    Updates: 1
2020-03-30 23:10:29.226 DEBUG [http-nio-1000-exec-5]com.jg.blog.mapper.BlogMapper.getByPage.debug:159 -==>  Preparing: select blog_id, blog_title, blog_image, blog_goods, blog_read, blog_collection, blog_remark, blog_comment, blog_source, created_time, update_time,type_name from bl_blog as b inner join bl_type as t on type_id = blog_type where t.deleted = 0 and b.deleted = 0 limit ?, ? 
2020-03-30 23:10:29.227 DEBUG [http-nio-1000-exec-5]com.jg.blog.mapper.BlogMapper.getByPage.debug:159 -==> Parameters: 0(Integer), 2(Integer)
2020-03-30 23:10:29.231 DEBUG [http-nio-1000-exec-5]com.jg.blog.mapper.BlogMapper.getByPage.debug:159 -<==      Total: 0
2020-03-30 23:10:29.232 DEBUG [http-nio-1000-exec-5]com.jg.blog.mapper.BlogMapper.getCountByPage.debug:159 -==>  Preparing: select count(*) from bl_blog as b inner join bl_type as t on type_id = blog_type where t.deleted = 0 and b.deleted = 0 
2020-03-30 23:10:29.233 DEBUG [http-nio-1000-exec-5]com.jg.blog.mapper.BlogMapper.getCountByPage.debug:159 -==> Parameters: 
2020-03-30 23:10:29.237 DEBUG [http-nio-1000-exec-5]com.jg.blog.mapper.BlogMapper.getCountByPage.debug:159 -<==      Total: 1
2020-03-30 23:10:29.244 DEBUG [http-nio-1000-exec-5]com.jg.blog.mapper.LogMapper.save.debug:159 -==>  Preparing: insert into bl_log(log_url, log_params, log_status, log_message, log_method, log_time, log_result, log_ip)values (?,?,?,?,?,?,?,?) 
2020-03-30 23:10:29.245 DEBUG [http-nio-1000-exec-5]com.jg.blog.mapper.LogMapper.save.debug:159 -==> Parameters: /blog/getByPage(String), [Page(currentPage=1, pageSize=2, totalPage=0, totalCount=0, list=null, params={}, sortColumn=null, sortMethod=asc)](String), 1(Integer), org.springframework.dao.DataIntegrityViolationException: 
### Error updating database.  Cause: java.sql.SQLIntegrityConstraintViolationException: Column 'blog_content' cannot be null
### The error may involve com.jg.blog.mapper.BlogMapper.save-Inline
### Cause: java.sql.SQLIntegrityConstraintViolationException: Column 'blog_content' cannot be null
; Column 'blog_content' cannot be null; nested exception is java.sql.SQLIntegrityConstraintViolationException: Column 'blog_content' cannot be null
	at com.jg.blog.service.impl.BlogServiceImpl.save(BlogServiceImpl.java:41)
	at com.jg.blog.service.impl.BlogServiceImpl$$FastClassBySpringCGLIB$$ad9b5dc6.invoke(<generated>)
	at com.jg.blog.service.impl.BlogServiceImpl$$EnhancerBySpringCGLIB$$fee4345e.save(<generated>)
	at com.jg.blog.service.impl.BlogServiceImpl$$FastClassBySpringCGLIB$$ad9b5dc6.invoke(<generated>)
	at com.jg.blog.service.impl.BlogServiceImpl$$EnhancerBySpringCGLIB$$80cdca40.save(<generated>)
	at com.jg.blog.controller.BlogController.save(BlogController.java:38)
	at com.jg.blog.controller.BlogController$$FastClassBySpringCGLIB$$5aabfe8.invoke(<generated>)
	at com.jg.blog.aspect.RequestAspect.doAround(RequestAspect.java:67)
	at com.jg.blog.controller.BlogController$$EnhancerBySpringCGLIB$$7a6844ba.save(<generated>)
Caused by: java.sql.SQLIntegrityConstraintViolationException: Column 'blog_content' cannot be null
(String), POST(String), 41(Long), {"code":20000,"data":{"currentPage":1,"index":0,"list":[],"pageSize":2,"params":{},"sortMethod":"asc","totalCount":0,"totalPage":0},"msg":"操作成功"}(String), 0:0:0:0:0:0:0:1(String)
2020-03-30 23:10:29.251 DEBUG [http-nio-1000-exec-5]com.jg.blog.mapper.LogMapper.save.debug:159 -<==    Updates: 1
2020-03-30 23:11:05.950 DEBUG [http-nio-1000-exec-4]com.jg.blog.mapper.BlogMapper.save.debug:159 -==>  Preparing: insert into bl_blog( blog_id, blog_title,blog_image, blog_content, blog_type, blog_remark, blog_source ) values ( ?, ?, ?, ?, ?, ?, ? ) 
2020-03-30 23:11:05.951 DEBUG [http-nio-1000-exec-4]com.jg.blog.mapper.BlogMapper.save.debug:159 -==> Parameters: 1244643317694652416(String), 测试博客(String), null, java(String), 6(Integer), null, null
2020-03-30 23:11:05.958 DEBUG [http-nio-1000-exec-4]com.jg.blog.mapper.BlogMapper.save.debug:159 -<==    Updates: 1
2020-03-30 23:11:05.959 DEBUG [http-nio-1000-exec-4]com.jg.blog.mapper.LogMapper.save.debug:159 -==>  Preparing: insert into bl_log(log_url, log_params, log_status, log_message, log_method, log_time, log_result, log_ip)values (?,?,?,?,?,?,?,?) 
2020-03-30 23:11:05.959 DEBUG [http-nio-1000-exec-4]com.jg.blog.mapper.LogMapper.save.debug:159 -==> Parameters: /blog/save(String), [Blog(blogId=null, blogTitle=测试博客, blogImage=null, blogContent=java, blogGoods=null, blogRead=null, blogCollection=null, blogType=6, blogRemark=null, blogComment=null, blogSource=null, createdTime=null, updateTime=null, version=null, deleted=null)](String), 1(Integer), null, POST(String), 9(Long), {"code":20000,"msg":"保存成功"}(String), 0:0:0:0:0:0:0:1(String)
2020-03-30 23:11:05.965 DEBUG [http-nio-1000-exec-4]com.jg.blog.mapper.LogMapper.save.debug:159 -<==    Updates: 1
2020-03-30 23:11:06.713 DEBUG [http-nio-1000-exec-7]com.jg.blog.mapper.BlogMapper.save.debug:159 -==>  Preparing: insert into bl_blog( blog_id, blog_title,blog_image, blog_content, blog_type, blog_remark, blog_source ) values ( ?, ?, ?, ?, ?, ?, ? ) 
2020-03-30 23:11:06.714 DEBUG [http-nio-1000-exec-7]com.jg.blog.mapper.BlogMapper.save.debug:159 -==> Parameters: 1244643320894906368(String), 测试博客(String), null, java(String), 6(Integer), null, null
2020-03-30 23:11:06.720 DEBUG [http-nio-1000-exec-7]com.jg.blog.mapper.BlogMapper.save.debug:159 -<==    Updates: 1
2020-03-30 23:11:06.722 DEBUG [http-nio-1000-exec-7]com.jg.blog.mapper.LogMapper.save.debug:159 -==>  Preparing: insert into bl_log(log_url, log_params, log_status, log_message, log_method, log_time, log_result, log_ip)values (?,?,?,?,?,?,?,?) 
2020-03-30 23:11:06.722 DEBUG [http-nio-1000-exec-7]com.jg.blog.mapper.LogMapper.save.debug:159 -==> Parameters: /blog/save(String), [Blog(blogId=null, blogTitle=测试博客, blogImage=null, blogContent=java, blogGoods=null, blogRead=null, blogCollection=null, blogType=6, blogRemark=null, blogComment=null, blogSource=null, createdTime=null, updateTime=null, version=null, deleted=null)](String), 1(Integer), org.springframework.dao.DataIntegrityViolationException: 
### Error updating database.  Cause: java.sql.SQLIntegrityConstraintViolationException: Column 'blog_type' cannot be null
### The error may involve com.jg.blog.mapper.BlogMapper.save-Inline
### Cause: java.sql.SQLIntegrityConstraintViolationException: Column 'blog_type' cannot be null
; Column 'blog_type' cannot be null; nested exception is java.sql.SQLIntegrityConstraintViolationException: Column 'blog_type' cannot be null
	at com.jg.blog.service.impl.BlogServiceImpl.save(BlogServiceImpl.java:41)
	at com.jg.blog.service.impl.BlogServiceImpl$$FastClassBySpringCGLIB$$ad9b5dc6.invoke(<generated>)
	at com.jg.blog.service.impl.BlogServiceImpl$$EnhancerBySpringCGLIB$$fee4345e.save(<generated>)
	at com.jg.blog.service.impl.BlogServiceImpl$$FastClassBySpringCGLIB$$ad9b5dc6.invoke(<generated>)
	at com.jg.blog.service.impl.BlogServiceImpl$$EnhancerBySpringCGLIB$$80cdca40.save(<generated>)
	at com.jg.blog.controller.BlogController.save(BlogController.java:38)
	at com.jg.blog.controller.BlogController$$FastClassBySpringCGLIB$$5aabfe8.invoke(<generated>)
	at com.jg.blog.aspect.RequestAspect.doAround(RequestAspect.java:67)
	at com.jg.blog.controller.BlogController$$EnhancerBySpringCGLIB$$7a6844ba.save(<generated>)
Caused by: java.sql.SQLIntegrityConstraintViolationException: Column 'blog_type' cannot be null
(String), POST(String), 10(Long), {"code":20000,"msg":"保存成功"}(String), 0:0:0:0:0:0:0:1(String)
2020-03-30 23:11:06.728 DEBUG [http-nio-1000-exec-7]com.jg.blog.mapper.LogMapper.save.debug:159 -<==    Updates: 1
2020-03-30 23:11:08.016 DEBUG [http-nio-1000-exec-6]com.jg.blog.mapper.BlogMapper.save.debug:159 -==>  Preparing: insert into bl_blog( blog_id, blog_title,blog_image, blog_content, blog_type, blog_remark, blog_source ) values ( ?, ?, ?, ?, ?, ?, ? ) 
2020-03-30 23:11:08.016 DEBUG [http-nio-1000-exec-6]com.jg.blog.mapper.BlogMapper.save.debug:159 -==> Parameters: 1244643326355890176(String), 测试博客(String), null, java(String), 6(Integer), null, null
2020-03-30 23:11:08.030 DEBUG [http-nio-1000-exec-6]com.jg.blog.mapper.BlogMapper.save.debug:159 -<==    Updates: 1
2020-03-30 23:11:08.031 DEBUG [http-nio-1000-exec-6]com.jg.blog.mapper.LogMapper.save.debug:159 -==>  Preparing: insert into bl_log(log_url, log_params, log_status, log_message, log_method, log_time, log_result, log_ip)values (?,?,?,?,?,?,?,?) 
2020-03-30 23:11:08.032 DEBUG [http-nio-1000-exec-6]com.jg.blog.mapper.LogMapper.save.debug:159 -==> Parameters: /blog/save(String), [Blog(blogId=null, blogTitle=测试博客, blogImage=null, blogContent=java, blogGoods=null, blogRead=null, blogCollection=null, blogType=6, blogRemark=null, blogComment=null, blogSource=null, createdTime=null, updateTime=null, version=null, deleted=null)](String), 1(Integer), null, POST(String), 17(Long), {"code":20000,"msg":"保存成功"}(String), 0:0:0:0:0:0:0:1(String)
2020-03-30 23:11:08.037 DEBUG [http-nio-1000-exec-6]com.jg.blog.mapper.LogMapper.save.debug:159 -<==    Updates: 1
2020-03-30 23:11:10.306 DEBUG [http-nio-1000-exec-9]com.jg.blog.mapper.BlogMapper.getByPage.debug:159 -==>  Preparing: select blog_id, blog_title, blog_image, blog_goods, blog_read, blog_collection, blog_remark, blog_comment, blog_source, created_time, update_time,type_name from bl_blog as b inner join bl_type as t on type_id = blog_type where t.deleted = 0 and b.deleted = 0 limit ?, ? 
2020-03-30 23:11:10.306 DEBUG [http-nio-1000-exec-9]com.jg.blog.mapper.BlogMapper.getByPage.debug:159 -==> Parameters: 0(Integer), 2(Integer)
2020-03-30 23:11:10.308 DEBUG [http-nio-1000-exec-9]com.jg.blog.mapper.BlogMapper.getByPage.debug:159 -<==      Total: 0
2020-03-30 23:11:10.309 DEBUG [http-nio-1000-exec-9]com.jg.blog.mapper.BlogMapper.getCountByPage.debug:159 -==>  Preparing: select count(*) from bl_blog as b inner join bl_type as t on type_id = blog_type where t.deleted = 0 and b.deleted = 0 
2020-03-30 23:11:10.309 DEBUG [http-nio-1000-exec-9]com.jg.blog.mapper.BlogMapper.getCountByPage.debug:159 -==> Parameters: 
2020-03-30 23:11:10.311 DEBUG [http-nio-1000-exec-9]com.jg.blog.mapper.BlogMapper.getCountByPage.debug:159 -<==      Total: 1
2020-03-30 23:11:10.312 DEBUG [http-nio-1000-exec-9]com.jg.blog.mapper.LogMapper.save.debug:159 -==>  Preparing: insert into bl_log(log_url, log_params, log_status, log_message, log_method, log_time, log_result, log_ip)values (?,?,?,?,?,?,?,?) 
2020-03-30 23:11:10.312 DEBUG [http-nio-1000-exec-9]com.jg.blog.mapper.LogMapper.save.debug:159 -==> Parameters: /blog/getByPage(String), [Page(currentPage=1, pageSize=2, totalPage=0, totalCount=0, list=null, params={}, sortColumn=null, sortMethod=asc)](String), 1(Integer), null, POST(String), 7(Long), {"code":20000,"data":{"currentPage":1,"index":0,"list":[],"pageSize":2,"params":{},"sortMethod":"asc","totalCount":0,"totalPage":0},"msg":"操作成功"}(String), 0:0:0:0:0:0:0:1(String)
2020-03-30 23:11:10.318 DEBUG [http-nio-1000-exec-9]com.jg.blog.mapper.LogMapper.save.debug:159 -<==    Updates: 1
2020-03-30 23:11:43.493 DEBUG [http-nio-1000-exec-8]com.jg.blog.mapper.BlogMapper.save.debug:159 -==>  Preparing: insert into bl_blog( blog_id, blog_title,blog_image, blog_content, blog_type, blog_remark, blog_source ) values ( ?, ?, ?, ?, ?, ?, ? ) 
2020-03-30 23:11:43.494 DEBUG [http-nio-1000-exec-8]com.jg.blog.mapper.BlogMapper.save.debug:159 -==> Parameters: 1244643475161407488(String), 测试博客(String), null, java(String), 6(Integer), null, null
2020-03-30 23:11:43.500 DEBUG [http-nio-1000-exec-8]com.jg.blog.mapper.BlogMapper.save.debug:159 -<==    Updates: 1
2020-03-30 23:11:43.502 DEBUG [http-nio-1000-exec-8]com.jg.blog.mapper.LogMapper.save.debug:159 -==>  Preparing: insert into bl_log(log_url, log_params, log_status, log_message, log_method, log_time, log_result, log_ip)values (?,?,?,?,?,?,?,?) 
2020-03-30 23:11:43.502 DEBUG [http-nio-1000-exec-8]com.jg.blog.mapper.LogMapper.save.debug:159 -==> Parameters: /blog/save(String), [Blog(blogId=null, blogTitle=测试博客, blogImage=null, blogContent=java, blogGoods=null, blogRead=null, blogCollection=null, blogType=6, blogRemark=null, blogComment=null, blogSource=null, createdTime=null, updateTime=null, version=null, deleted=null)](String), 1(Integer), org.springframework.dao.DataIntegrityViolationException: 
### Error updating database.  Cause: java.sql.SQLIntegrityConstraintViolationException: Column 'blog_type' cannot be null
### The error may involve com.jg.blog.mapper.BlogMapper.save-Inline
### Cause: java.sql.SQLIntegrityConstraintViolationException: Column 'blog_type' cannot be null
; Column 'blog_type' cannot be null; nested exception is java.sql.SQLIntegrityConstraintViolationException: Column 'blog_type' cannot be null
	at com.jg.blog.service.impl.BlogServiceImpl.save(BlogServiceImpl.java:41)
	at com.jg.blog.service.impl.BlogServiceImpl$$FastClassBySpringCGLIB$$ad9b5dc6.invoke(<generated>)
	at com.jg.blog.service.impl.BlogServiceImpl$$EnhancerBySpringCGLIB$$fee4345e.save(<generated>)
	at com.jg.blog.service.impl.BlogServiceImpl$$FastClassBySpringCGLIB$$ad9b5dc6.invoke(<generated>)
	at com.jg.blog.service.impl.BlogServiceImpl$$EnhancerBySpringCGLIB$$80cdca40.save(<generated>)
	at com.jg.blog.controller.BlogController.save(BlogController.java:38)
	at com.jg.blog.controller.BlogController$$FastClassBySpringCGLIB$$5aabfe8.invoke(<generated>)
	at com.jg.blog.aspect.RequestAspect.doAround(RequestAspect.java:67)
	at com.jg.blog.controller.BlogController$$EnhancerBySpringCGLIB$$7a6844ba.save(<generated>)
Caused by: java.sql.SQLIntegrityConstraintViolationException: Column 'blog_type' cannot be null
(String), POST(String), 10(Long), {"code":20000,"msg":"保存成功"}(String), 0:0:0:0:0:0:0:1(String)
2020-03-30 23:11:43.515 DEBUG [http-nio-1000-exec-8]com.jg.blog.mapper.LogMapper.save.debug:159 -<==    Updates: 1
2020-03-30 23:14:21.674 DEBUG [main]com.jg.blog.DemoApplication.logStarting:53 -Running with Spring Boot v2.1.13.RELEASE, Spring v5.1.14.RELEASE
2020-03-30 23:14:40.792 DEBUG [http-nio-1000-exec-2]com.jg.blog.mapper.AdminMapper.getByUserName.debug:159 -==>  Preparing: select name, header, signature, username, password from bl_admin where username =? 
2020-03-30 23:14:40.845 DEBUG [http-nio-1000-exec-2]com.jg.blog.mapper.AdminMapper.getByUserName.debug:159 -==> Parameters: admin(String)
2020-03-30 23:14:40.876 DEBUG [http-nio-1000-exec-2]com.jg.blog.mapper.AdminMapper.getByUserName.debug:159 -<==      Total: 1
2020-03-30 23:14:40.959 DEBUG [http-nio-1000-exec-2]com.jg.blog.mapper.LogMapper.save.debug:159 -==>  Preparing: insert into bl_log(log_url, log_params, log_status, log_message, log_method, log_time, log_result, log_ip)values (?,?,?,?,?,?,?,?) 
2020-03-30 23:14:40.961 DEBUG [http-nio-1000-exec-2]com.jg.blog.mapper.LogMapper.save.debug:159 -==> Parameters: /admin/login(String), [Admin(id=null, name=null, header=null, signature=null, comment=null, username=admin, password=123456)](String), 1(Integer), null, POST(String), 280(Long), {"code":20000,"data":{"token":"47191501BDDC88B74FA08184A62869A6"},"msg":"操作成功"}(String), 0:0:0:0:0:0:0:1(String)
2020-03-30 23:14:40.967 DEBUG [http-nio-1000-exec-2]com.jg.blog.mapper.LogMapper.save.debug:159 -<==    Updates: 1
2020-03-30 23:15:01.338 DEBUG [http-nio-1000-exec-3]com.jg.blog.mapper.BlogMapper.save.debug:159 -==>  Preparing: insert into bl_blog( blog_id, blog_title,blog_image, blog_content, blog_type, blog_remark, blog_source ) values ( ?, ?, ?, ?, ?, ?, ? ) 
2020-03-30 23:15:01.340 DEBUG [http-nio-1000-exec-3]com.jg.blog.mapper.BlogMapper.save.debug:159 -==> Parameters: 1244644304966709248(String), 测试博客(String), null, java(String), 6(Integer), null, null
2020-03-30 23:15:01.345 DEBUG [http-nio-1000-exec-3]com.jg.blog.mapper.BlogMapper.save.debug:159 -<==    Updates: 1
2020-03-30 23:15:01.347 DEBUG [http-nio-1000-exec-3]com.jg.blog.mapper.LogMapper.save.debug:159 -==>  Preparing: insert into bl_log(log_url, log_params, log_status, log_message, log_method, log_time, log_result, log_ip)values (?,?,?,?,?,?,?,?) 
2020-03-30 23:15:01.348 DEBUG [http-nio-1000-exec-3]com.jg.blog.mapper.LogMapper.save.debug:159 -==> Parameters: /blog/save(String), [Blog(blogId=null, blogTitle=测试博客, blogImage=null, blogContent=java, blogGoods=null, blogRead=null, blogCollection=null, blogType=6, blogRemark=null, blogComment=null, blogSource=null, createdTime=null, updateTime=null, version=null, deleted=null)](String), 1(Integer), null, POST(String), 16(Long), {"code":20000,"msg":"保存成功"}(String), 0:0:0:0:0:0:0:1(String)
2020-03-30 23:15:01.354 DEBUG [http-nio-1000-exec-3]com.jg.blog.mapper.LogMapper.save.debug:159 -<==    Updates: 1
2020-03-30 23:15:12.017 DEBUG [http-nio-1000-exec-4]com.jg.blog.mapper.BlogMapper.getByPage.debug:159 -==>  Preparing: select blog_id, blog_title, blog_image, blog_goods, blog_read, blog_collection, blog_remark, blog_comment, blog_source, created_time, update_time,type_name from bl_blog as b inner join bl_type as t on type_id = blog_type where t.deleted = 0 and b.deleted = 0 limit ?, ? 
2020-03-30 23:15:12.018 DEBUG [http-nio-1000-exec-4]com.jg.blog.mapper.BlogMapper.getByPage.debug:159 -==> Parameters: 0(Integer), 2(Integer)
2020-03-30 23:15:12.019 DEBUG [http-nio-1000-exec-4]com.jg.blog.mapper.BlogMapper.getByPage.debug:159 -<==      Total: 0
2020-03-30 23:15:12.022 DEBUG [http-nio-1000-exec-4]com.jg.blog.mapper.BlogMapper.getCountByPage.debug:159 -==>  Preparing: select count(*) from bl_blog as b inner join bl_type as t on type_id = blog_type where t.deleted = 0 and b.deleted = 0 
2020-03-30 23:15:12.023 DEBUG [http-nio-1000-exec-4]com.jg.blog.mapper.BlogMapper.getCountByPage.debug:159 -==> Parameters: 
2020-03-30 23:15:12.026 DEBUG [http-nio-1000-exec-4]com.jg.blog.mapper.BlogMapper.getCountByPage.debug:159 -<==      Total: 1
2020-03-30 23:15:12.035 DEBUG [http-nio-1000-exec-4]com.jg.blog.mapper.LogMapper.save.debug:159 -==>  Preparing: insert into bl_log(log_url, log_params, log_status, log_message, log_method, log_time, log_result, log_ip)values (?,?,?,?,?,?,?,?) 
2020-03-30 23:15:12.036 DEBUG [http-nio-1000-exec-4]com.jg.blog.mapper.LogMapper.save.debug:159 -==> Parameters: /blog/getByPage(String), [Page(currentPage=1, pageSize=2, totalPage=0, totalCount=0, list=null, params={}, sortColumn=null, sortMethod=asc)](String), 1(Integer), null, POST(String), 44(Long), {"code":20000,"data":{"currentPage":1,"index":0,"list":[],"pageSize":2,"params":{},"sortMethod":"asc","totalCount":0,"totalPage":0},"msg":"操作成功"}(String), 0:0:0:0:0:0:0:1(String)
2020-03-30 23:15:12.044 DEBUG [http-nio-1000-exec-4]com.jg.blog.mapper.LogMapper.save.debug:159 -<==    Updates: 1
2020-03-30 23:15:23.743 DEBUG [http-nio-1000-exec-5]com.jg.blog.mapper.BlogMapper.getByPage.debug:159 -==>  Preparing: select blog_id, blog_title, blog_image, blog_goods, blog_read, blog_collection, blog_remark, blog_comment, blog_source, created_time, update_time,type_name from bl_blog as b inner join bl_type as t on type_id = blog_type where t.deleted = 0 and b.deleted = 0 limit ?, ? 
2020-03-30 23:15:23.744 DEBUG [http-nio-1000-exec-5]com.jg.blog.mapper.BlogMapper.getByPage.debug:159 -==> Parameters: 0(Integer), 2(Integer)
2020-03-30 23:15:23.745 DEBUG [http-nio-1000-exec-5]com.jg.blog.mapper.BlogMapper.getByPage.debug:159 -<==      Total: 0
2020-03-30 23:15:23.746 DEBUG [http-nio-1000-exec-5]com.jg.blog.mapper.BlogMapper.getCountByPage.debug:159 -==>  Preparing: select count(*) from bl_blog as b inner join bl_type as t on type_id = blog_type where t.deleted = 0 and b.deleted = 0 
2020-03-30 23:15:23.747 DEBUG [http-nio-1000-exec-5]com.jg.blog.mapper.BlogMapper.getCountByPage.debug:159 -==> Parameters: 
2020-03-30 23:15:23.748 DEBUG [http-nio-1000-exec-5]com.jg.blog.mapper.BlogMapper.getCountByPage.debug:159 -<==      Total: 1
2020-03-30 23:15:23.750 DEBUG [http-nio-1000-exec-5]com.jg.blog.mapper.LogMapper.save.debug:159 -==>  Preparing: insert into bl_log(log_url, log_params, log_status, log_message, log_method, log_time, log_result, log_ip)values (?,?,?,?,?,?,?,?) 
2020-03-30 23:15:23.751 DEBUG [http-nio-1000-exec-5]com.jg.blog.mapper.LogMapper.save.debug:159 -==> Parameters: /blog/getByPage(String), [Page(currentPage=1, pageSize=2, totalPage=0, totalCount=0, list=null, params={}, sortColumn=null, sortMethod=asc)](String), 1(Integer), null, POST(String), 9(Long), {"code":20000,"data":{"currentPage":1,"index":0,"list":[],"pageSize":2,"params":{},"sortMethod":"asc","totalCount":0,"totalPage":0},"msg":"操作成功"}(String), 0:0:0:0:0:0:0:1(String)
2020-03-30 23:15:23.759 DEBUG [http-nio-1000-exec-5]com.jg.blog.mapper.LogMapper.save.debug:159 -<==    Updates: 1
