2020-03-26 20:15:53.675 WARN  [http-nio-1000-exec-4]o.s.w.s.mvc.support.DefaultHandlerExceptionResolver.logException:199 -Resolved [org.springframework.web.HttpRequestMethodNotSupportedException: Request method 'POST' not supported]
2020-03-26 20:16:01.770 WARN  [http-nio-1000-exec-5]o.s.w.s.mvc.support.DefaultHandlerExceptionResolver.logException:199 -Resolved [org.springframework.web.HttpRequestMethodNotSupportedException: Request method 'POST' not supported]
2020-03-26 20:22:55.200 WARN  [http-nio-1000-exec-6]o.s.w.s.mvc.support.DefaultHandlerExceptionResolver.logException:199 -Resolved [org.springframework.web.HttpRequestMethodNotSupportedException: Request method 'GET' not supported]
2020-03-26 20:24:01.944 WARN  [http-nio-1000-exec-9]o.s.w.s.mvc.support.DefaultHandlerExceptionResolver.logException:199 -Resolved [org.springframework.http.converter.HttpMessageNotReadableException: JSON parse error: Unexpected character ('ï' (code 239)): was expecting comma to separate Object entries; nested exception is com.fasterxml.jackson.core.JsonParseException: Unexpected character ('ï' (code 239)): was expecting comma to separate Object entries
 at [Source: (PushbackInputStream); line: 2, column: 11]]
2020-03-26 20:25:18.107 WARN  [http-nio-1000-exec-3]o.s.w.s.mvc.support.DefaultHandlerExceptionResolver.logException:199 -Resolved [org.springframework.http.converter.HttpMessageNotReadableException: JSON parse error: Unexpected character ('ï' (code 239)): was expecting comma to separate Object entries; nested exception is com.fasterxml.jackson.core.JsonParseException: Unexpected character ('ï' (code 239)): was expecting comma to separate Object entries
 at [Source: (PushbackInputStream); line: 2, column: 11]]
2020-03-26 20:26:19.466 WARN  [http-nio-1000-exec-5]o.s.w.s.mvc.support.DefaultHandlerExceptionResolver.logException:199 -Resolved [org.springframework.http.converter.HttpMessageNotReadableException: JSON parse error: Unexpected character ('ï' (code 239)): was expecting comma to separate Object entries; nested exception is com.fasterxml.jackson.core.JsonParseException: Unexpected character ('ï' (code 239)): was expecting comma to separate Object entries
 at [Source: (PushbackInputStream); line: 2, column: 13]]
2020-03-26 20:26:33.789 WARN  [http-nio-1000-exec-7]o.s.w.s.mvc.support.DefaultHandlerExceptionResolver.logException:199 -Resolved [org.springframework.http.converter.HttpMessageNotReadableException: JSON parse error: Unexpected character ('ï' (code 239)): was expecting comma to separate Object entries; nested exception is com.fasterxml.jackson.core.JsonParseException: Unexpected character ('ï' (code 239)): was expecting comma to separate Object entries
 at [Source: (PushbackInputStream); line: 2, column: 13]]
2020-03-26 20:27:07.435 WARN  [http-nio-1000-exec-9]o.s.w.s.mvc.support.DefaultHandlerExceptionResolver.logException:199 -Resolved [org.springframework.web.HttpRequestMethodNotSupportedException: Request method 'PUT' not supported]
2020-03-26 20:27:29.678 WARN  [http-nio-1000-exec-2]o.s.w.s.mvc.support.DefaultHandlerExceptionResolver.logException:199 -Resolved [org.springframework.web.HttpRequestMethodNotSupportedException: Request method 'PUT' not supported]
2020-03-26 20:28:26.314 WARN  [http-nio-1000-exec-1]o.s.w.s.mvc.support.DefaultHandlerExceptionResolver.logException:199 -Resolved [org.springframework.http.converter.HttpMessageNotReadableException: JSON parse error: Unexpected character ('ï' (code 239)): was expecting comma to separate Object entries; nested exception is com.fasterxml.jackson.core.JsonParseException: Unexpected character ('ï' (code 239)): was expecting comma to separate Object entries
 at [Source: (PushbackInputStream); line: 2, column: 13]]
2020-03-26 20:31:22.194 WARN  [http-nio-1000-exec-4]o.s.w.s.mvc.support.DefaultHandlerExceptionResolver.logException:199 -Resolved [org.springframework.web.HttpRequestMethodNotSupportedException: Request method 'PUT' not supported]
2020-03-26 20:31:51.877 WARN  [http-nio-1000-exec-5]o.s.w.s.mvc.support.DefaultHandlerExceptionResolver.logException:199 -Resolved [org.springframework.http.converter.HttpMessageNotReadableException: JSON parse error: Unexpected character ('ï' (code 239)): was expecting comma to separate Object entries; nested exception is com.fasterxml.jackson.core.JsonParseException: Unexpected character ('ï' (code 239)): was expecting comma to separate Object entries
 at [Source: (PushbackInputStream); line: 2, column: 13]]
2020-03-26 20:32:36.661 WARN  [http-nio-1000-exec-7]o.s.w.s.mvc.support.DefaultHandlerExceptionResolver.logException:199 -Resolved [org.springframework.http.converter.HttpMessageNotReadableException: JSON parse error: Unexpected character ('ï' (code 239)): was expecting comma to separate Object entries; nested exception is com.fasterxml.jackson.core.JsonParseException: Unexpected character ('ï' (code 239)): was expecting comma to separate Object entries
 at [Source: (PushbackInputStream); line: 2, column: 13]]
2020-03-26 20:33:41.464 WARN  [http-nio-1000-exec-9]o.s.w.s.mvc.support.DefaultHandlerExceptionResolver.logException:199 -Resolved [org.springframework.http.converter.HttpMessageNotReadableException: JSON parse error: Unexpected character ('ï' (code 239)): was expecting comma to separate Object entries; nested exception is com.fasterxml.jackson.core.JsonParseException: Unexpected character ('ï' (code 239)): was expecting comma to separate Object entries
 at [Source: (PushbackInputStream); line: 2, column: 15]]
2020-03-26 20:33:48.000 WARN  [http-nio-1000-exec-10]o.s.w.s.mvc.support.DefaultHandlerExceptionResolver.logException:199 -Resolved [org.springframework.http.converter.HttpMessageNotReadableException: JSON parse error: Unexpected character ('ï' (code 239)): was expecting comma to separate Object entries; nested exception is com.fasterxml.jackson.core.JsonParseException: Unexpected character ('ï' (code 239)): was expecting comma to separate Object entries
 at [Source: (PushbackInputStream); line: 2, column: 15]]
2020-03-26 20:35:33.540 WARN  [http-nio-1000-exec-3]o.s.w.s.mvc.support.DefaultHandlerExceptionResolver.logException:199 -Resolved [org.springframework.web.HttpRequestMethodNotSupportedException: Request method 'PUT' not supported]
2020-03-26 20:35:41.366 WARN  [http-nio-1000-exec-4]o.s.w.s.mvc.support.DefaultHandlerExceptionResolver.logException:199 -Resolved [org.springframework.web.HttpRequestMethodNotSupportedException: Request method 'PUT' not supported]
2020-03-26 20:35:56.937 WARN  [http-nio-1000-exec-5]o.s.w.s.mvc.support.DefaultHandlerExceptionResolver.logException:199 -Resolved [org.springframework.http.converter.HttpMessageNotReadableException: JSON parse error: Unexpected character ('ï' (code 239)): was expecting comma to separate Object entries; nested exception is com.fasterxml.jackson.core.JsonParseException: Unexpected character ('ï' (code 239)): was expecting comma to separate Object entries
 at [Source: (PushbackInputStream); line: 2, column: 13]]
2020-03-26 20:44:15.477 WARN  [http-nio-1000-exec-5]o.s.w.s.mvc.support.DefaultHandlerExceptionResolver.logException:199 -Resolved [org.springframework.http.converter.HttpMessageNotReadableException: JSON parse error: Unexpected character ('ï' (code 239)): was expecting comma to separate Object entries; nested exception is com.fasterxml.jackson.core.JsonParseException: Unexpected character ('ï' (code 239)): was expecting comma to separate Object entries
 at [Source: (PushbackInputStream); line: 2, column: 13]]
2020-03-26 20:44:51.433 WARN  [http-nio-1000-exec-8]o.s.w.s.mvc.support.DefaultHandlerExceptionResolver.logException:199 -Resolved [org.springframework.http.converter.HttpMessageNotReadableException: Required request body is missing: public com.jg.blog.utils.Result<java.lang.Object> com.jg.blog.controller.TypeController.update(com.jg.blog.pojo.Type)]
2020-03-26 20:48:13.074 WARN  [http-nio-1000-exec-2]o.s.w.s.mvc.support.DefaultHandlerExceptionResolver.logException:199 -Resolved [org.springframework.web.HttpRequestMethodNotSupportedException: Request method 'GET' not supported]
2020-03-26 20:50:54.430 WARN  [http-nio-1000-exec-4]o.s.w.s.mvc.support.DefaultHandlerExceptionResolver.logException:199 -Resolved [org.springframework.web.HttpRequestMethodNotSupportedException: Request method 'GET' not supported]
2020-03-26 20:51:36.673 WARN  [http-nio-1000-exec-5]o.s.w.s.mvc.support.DefaultHandlerExceptionResolver.logException:199 -Resolved [org.springframework.http.converter.HttpMessageNotReadableException: JSON parse error: Unexpected character ('ï' (code 239)): was expecting comma to separate Object entries; nested exception is com.fasterxml.jackson.core.JsonParseException: Unexpected character ('ï' (code 239)): was expecting comma to separate Object entries
 at [Source: (PushbackInputStream); line: 2, column: 13]]
2020-03-26 20:53:20.043 WARN  [http-nio-1000-exec-9]o.s.w.s.mvc.support.DefaultHandlerExceptionResolver.logException:199 -Resolved [org.springframework.http.converter.HttpMessageNotReadableException: JSON parse error: Unexpected character ('ï' (code 239)): was expecting comma to separate Object entries; nested exception is com.fasterxml.jackson.core.JsonParseException: Unexpected character ('ï' (code 239)): was expecting comma to separate Object entries
 at [Source: (PushbackInputStream); line: 2, column: 13]]
2020-03-26 21:11:08.973 WARN  [http-nio-1000-exec-10]o.s.w.s.mvc.support.DefaultHandlerExceptionResolver.logException:199 -Resolved [org.springframework.web.HttpRequestMethodNotSupportedException: Request method 'PUT' not supported]
