2020-03-21 22:54:58.904 INFO  [main]com.jg.blog.DemoApplication.logStarting:50 -Starting DemoApplication on DESKTOP-BVT926S with PID 14476 (F:\javaBlog\blog\target\classes started by 76773 in F:\javaBlog\blog)
2020-03-21 22:54:58.913 INFO  [main]com.jg.blog.DemoApplication.logStartupProfileInfo:648 -No active profile set, falling back to default profiles: default
2020-03-21 22:55:01.410 INFO  [main]o.s.c.s.PostProcessorRegistrationDelegate$BeanPostProcessorChecker.postProcessAfterInitialization:330 -Bean 'shiroConfig' of type [com.jg.blog.config.ShiroConfig$$EnhancerBySpringCGLIB$$6c4f7673] is not eligible for getting processed by all BeanPostProcessors (for example: not eligible for auto-proxying)
2020-03-21 22:55:01.451 INFO  [main]o.s.c.s.PostProcessorRegistrationDelegate$BeanPostProcessorChecker.postProcessAfterInitialization:330 -Bean 'adminRealm' of type [com.jg.blog.realm.AdminRealm] is not eligible for getting processed by all BeanPostProcessors (for example: not eligible for auto-proxying)
2020-03-21 22:55:02.497 INFO  [main]o.s.c.s.PostProcessorRegistrationDelegate$BeanPostProcessorChecker.postProcessAfterInitialization:330 -Bean 'securityManager' of type [org.apache.shiro.web.mgt.DefaultWebSecurityManager] is not eligible for getting processed by all BeanPostProcessors (for example: not eligible for auto-proxying)
2020-03-21 22:55:02.562 INFO  [main]o.s.c.s.PostProcessorRegistrationDelegate$BeanPostProcessorChecker.postProcessAfterInitialization:330 -Bean 'authorizationAttributeSourceAdvisor' of type [org.apache.shiro.spring.security.interceptor.AuthorizationAttributeSourceAdvisor] is not eligible for getting processed by all BeanPostProcessors (for example: not eligible for auto-proxying)
2020-03-21 22:55:03.070 INFO  [main]o.s.boot.web.embedded.tomcat.TomcatWebServer.initialize:90 -Tomcat initialized with port(s): 1000 (http)
2020-03-21 22:55:03.089 INFO  [main]org.apache.coyote.http11.Http11NioProtocol.log:173 -Initializing ProtocolHandler ["http-nio-1000"]
2020-03-21 22:55:03.097 INFO  [main]org.apache.catalina.core.StandardService.log:173 -Starting service [Tomcat]
2020-03-21 22:55:03.098 INFO  [main]org.apache.catalina.core.StandardEngine.log:173 -Starting Servlet engine: [Apache Tomcat/9.0.31]
2020-03-21 22:55:03.296 INFO  [main]o.a.catalina.core.ContainerBase.[Tomcat].[localhost].[/].log:173 -Initializing Spring embedded WebApplicationContext
2020-03-21 22:55:03.296 INFO  [main]org.springframework.web.context.ContextLoader.prepareWebApplicationContext:284 -Root WebApplicationContext: initialization completed in 4183 ms
2020-03-21 22:55:03.558 INFO  [main]c.a.d.s.boot.autoconfigure.DruidDataSourceAutoConfigure.dataSource:56 -Init DruidDataSource
2020-03-21 22:55:04.009 INFO  [main]com.alibaba.druid.pool.DruidDataSource.init:930 -{dataSource-1} inited
2020-03-21 22:55:06.191 INFO  [main]org.apache.coyote.http11.Http11NioProtocol.log:173 -Starting ProtocolHandler ["http-nio-1000"]
2020-03-21 22:55:06.223 INFO  [main]o.s.boot.web.embedded.tomcat.TomcatWebServer.start:202 -Tomcat started on port(s): 1000 (http) with context path ''
2020-03-21 22:55:06.225 INFO  [main]com.jg.blog.DemoApplication.logStarted:59 -Started DemoApplication in 8.716 seconds (JVM running for 11.616)
2020-03-21 22:57:50.155 INFO  [main]com.jg.blog.DemoApplication.logStarting:50 -Starting DemoApplication on DESKTOP-BVT926S with PID 4468 (F:\javaBlog\blog\target\classes started by 76773 in F:\javaBlog\blog)
2020-03-21 22:57:50.161 INFO  [main]com.jg.blog.DemoApplication.logStartupProfileInfo:648 -No active profile set, falling back to default profiles: default
2020-03-21 22:57:51.976 INFO  [main]o.s.c.s.PostProcessorRegistrationDelegate$BeanPostProcessorChecker.postProcessAfterInitialization:330 -Bean 'shiroConfig' of type [com.jg.blog.config.ShiroConfig$$EnhancerBySpringCGLIB$$74a15189] is not eligible for getting processed by all BeanPostProcessors (for example: not eligible for auto-proxying)
2020-03-21 22:57:51.990 INFO  [main]o.s.c.s.PostProcessorRegistrationDelegate$BeanPostProcessorChecker.postProcessAfterInitialization:330 -Bean 'adminRealm' of type [com.jg.blog.realm.AdminRealm] is not eligible for getting processed by all BeanPostProcessors (for example: not eligible for auto-proxying)
2020-03-21 22:57:52.917 INFO  [main]o.s.c.s.PostProcessorRegistrationDelegate$BeanPostProcessorChecker.postProcessAfterInitialization:330 -Bean 'securityManager' of type [org.apache.shiro.web.mgt.DefaultWebSecurityManager] is not eligible for getting processed by all BeanPostProcessors (for example: not eligible for auto-proxying)
2020-03-21 22:57:52.955 INFO  [main]o.s.c.s.PostProcessorRegistrationDelegate$BeanPostProcessorChecker.postProcessAfterInitialization:330 -Bean 'authorizationAttributeSourceAdvisor' of type [org.apache.shiro.spring.security.interceptor.AuthorizationAttributeSourceAdvisor] is not eligible for getting processed by all BeanPostProcessors (for example: not eligible for auto-proxying)
2020-03-21 22:57:53.354 INFO  [main]o.s.boot.web.embedded.tomcat.TomcatWebServer.initialize:90 -Tomcat initialized with port(s): 1000 (http)
2020-03-21 22:57:53.370 INFO  [main]org.apache.coyote.http11.Http11NioProtocol.log:173 -Initializing ProtocolHandler ["http-nio-1000"]
2020-03-21 22:57:53.381 INFO  [main]org.apache.catalina.core.StandardService.log:173 -Starting service [Tomcat]
2020-03-21 22:57:53.382 INFO  [main]org.apache.catalina.core.StandardEngine.log:173 -Starting Servlet engine: [Apache Tomcat/9.0.31]
2020-03-21 22:57:53.563 INFO  [main]o.a.catalina.core.ContainerBase.[Tomcat].[localhost].[/].log:173 -Initializing Spring embedded WebApplicationContext
2020-03-21 22:57:53.563 INFO  [main]org.springframework.web.context.ContextLoader.prepareWebApplicationContext:284 -Root WebApplicationContext: initialization completed in 3247 ms
2020-03-21 22:57:53.932 INFO  [main]c.a.d.s.boot.autoconfigure.DruidDataSourceAutoConfigure.dataSource:56 -Init DruidDataSource
2020-03-21 22:57:54.306 INFO  [main]com.alibaba.druid.pool.DruidDataSource.init:930 -{dataSource-1} inited
2020-03-21 22:57:56.368 INFO  [main]org.apache.coyote.http11.Http11NioProtocol.log:173 -Starting ProtocolHandler ["http-nio-1000"]
2020-03-21 22:57:56.400 INFO  [main]o.s.boot.web.embedded.tomcat.TomcatWebServer.start:202 -Tomcat started on port(s): 1000 (http) with context path ''
2020-03-21 22:57:56.403 INFO  [main]com.jg.blog.DemoApplication.logStarted:59 -Started DemoApplication in 7.045 seconds (JVM running for 8.652)
2020-03-21 22:58:44.394 INFO  [http-nio-1000-exec-1]o.a.catalina.core.ContainerBase.[Tomcat].[localhost].[/].log:173 -Initializing Spring DispatcherServlet 'dispatcherServlet'
2020-03-21 22:58:44.395 INFO  [http-nio-1000-exec-1]org.springframework.web.servlet.DispatcherServlet.initServletBean:525 -Initializing Servlet 'dispatcherServlet'
2020-03-21 22:58:44.410 INFO  [http-nio-1000-exec-1]org.springframework.web.servlet.DispatcherServlet.initServletBean:547 -Completed initialization in 15 ms
2020-03-21 23:00:02.722 INFO  [main]com.jg.blog.DemoApplication.logStarting:50 -Starting DemoApplication on DESKTOP-BVT926S with PID 9764 (F:\javaBlog\blog\target\classes started by 76773 in F:\javaBlog\blog)
2020-03-21 23:00:02.727 INFO  [main]com.jg.blog.DemoApplication.logStartupProfileInfo:648 -No active profile set, falling back to default profiles: default
2020-03-21 23:00:04.326 INFO  [main]o.s.c.s.PostProcessorRegistrationDelegate$BeanPostProcessorChecker.postProcessAfterInitialization:330 -Bean 'shiroConfig' of type [com.jg.blog.config.ShiroConfig$$EnhancerBySpringCGLIB$$17fea2fe] is not eligible for getting processed by all BeanPostProcessors (for example: not eligible for auto-proxying)
2020-03-21 23:00:04.340 INFO  [main]o.s.c.s.PostProcessorRegistrationDelegate$BeanPostProcessorChecker.postProcessAfterInitialization:330 -Bean 'adminRealm' of type [com.jg.blog.realm.AdminRealm] is not eligible for getting processed by all BeanPostProcessors (for example: not eligible for auto-proxying)
2020-03-21 23:00:05.168 INFO  [main]o.s.c.s.PostProcessorRegistrationDelegate$BeanPostProcessorChecker.postProcessAfterInitialization:330 -Bean 'securityManager' of type [org.apache.shiro.web.mgt.DefaultWebSecurityManager] is not eligible for getting processed by all BeanPostProcessors (for example: not eligible for auto-proxying)
2020-03-21 23:00:05.209 INFO  [main]o.s.c.s.PostProcessorRegistrationDelegate$BeanPostProcessorChecker.postProcessAfterInitialization:330 -Bean 'authorizationAttributeSourceAdvisor' of type [org.apache.shiro.spring.security.interceptor.AuthorizationAttributeSourceAdvisor] is not eligible for getting processed by all BeanPostProcessors (for example: not eligible for auto-proxying)
2020-03-21 23:00:05.687 INFO  [main]o.s.boot.web.embedded.tomcat.TomcatWebServer.initialize:90 -Tomcat initialized with port(s): 1000 (http)
2020-03-21 23:00:05.703 INFO  [main]org.apache.coyote.http11.Http11NioProtocol.log:173 -Initializing ProtocolHandler ["http-nio-1000"]
2020-03-21 23:00:05.714 INFO  [main]org.apache.catalina.core.StandardService.log:173 -Starting service [Tomcat]
2020-03-21 23:00:05.716 INFO  [main]org.apache.catalina.core.StandardEngine.log:173 -Starting Servlet engine: [Apache Tomcat/9.0.31]
2020-03-21 23:00:05.853 INFO  [main]o.a.catalina.core.ContainerBase.[Tomcat].[localhost].[/].log:173 -Initializing Spring embedded WebApplicationContext
2020-03-21 23:00:05.854 INFO  [main]org.springframework.web.context.ContextLoader.prepareWebApplicationContext:284 -Root WebApplicationContext: initialization completed in 3011 ms
2020-03-21 23:00:06.044 INFO  [main]c.a.d.s.boot.autoconfigure.DruidDataSourceAutoConfigure.dataSource:56 -Init DruidDataSource
2020-03-21 23:00:06.348 INFO  [main]com.alibaba.druid.pool.DruidDataSource.init:930 -{dataSource-1} inited
2020-03-21 23:00:07.972 INFO  [main]org.apache.coyote.http11.Http11NioProtocol.log:173 -Starting ProtocolHandler ["http-nio-1000"]
2020-03-21 23:00:07.994 INFO  [main]o.s.boot.web.embedded.tomcat.TomcatWebServer.start:202 -Tomcat started on port(s): 1000 (http) with context path ''
2020-03-21 23:00:07.999 INFO  [main]com.jg.blog.DemoApplication.logStarted:59 -Started DemoApplication in 6.027 seconds (JVM running for 7.4)
2020-03-21 23:00:15.037 INFO  [http-nio-1000-exec-2]o.a.catalina.core.ContainerBase.[Tomcat].[localhost].[/].log:173 -Initializing Spring DispatcherServlet 'dispatcherServlet'
2020-03-21 23:00:15.038 INFO  [http-nio-1000-exec-2]org.springframework.web.servlet.DispatcherServlet.initServletBean:525 -Initializing Servlet 'dispatcherServlet'
2020-03-21 23:00:15.054 INFO  [http-nio-1000-exec-2]org.springframework.web.servlet.DispatcherServlet.initServletBean:547 -Completed initialization in 16 ms
2020-03-21 23:01:05.987 INFO  [main]com.jg.blog.DemoApplication.logStarting:50 -Starting DemoApplication on DESKTOP-BVT926S with PID 14232 (F:\javaBlog\blog\target\classes started by 76773 in F:\javaBlog\blog)
2020-03-21 23:01:05.990 INFO  [main]com.jg.blog.DemoApplication.logStartupProfileInfo:648 -No active profile set, falling back to default profiles: default
2020-03-21 23:01:07.124 INFO  [main]o.s.c.s.PostProcessorRegistrationDelegate$BeanPostProcessorChecker.postProcessAfterInitialization:330 -Bean 'shiroConfig' of type [com.jg.blog.config.ShiroConfig$$EnhancerBySpringCGLIB$$f8b17f0e] is not eligible for getting processed by all BeanPostProcessors (for example: not eligible for auto-proxying)
2020-03-21 23:01:07.138 INFO  [main]o.s.c.s.PostProcessorRegistrationDelegate$BeanPostProcessorChecker.postProcessAfterInitialization:330 -Bean 'adminRealm' of type [com.jg.blog.realm.AdminRealm] is not eligible for getting processed by all BeanPostProcessors (for example: not eligible for auto-proxying)
2020-03-21 23:01:07.970 INFO  [main]o.s.c.s.PostProcessorRegistrationDelegate$BeanPostProcessorChecker.postProcessAfterInitialization:330 -Bean 'securityManager' of type [org.apache.shiro.web.mgt.DefaultWebSecurityManager] is not eligible for getting processed by all BeanPostProcessors (for example: not eligible for auto-proxying)
2020-03-21 23:01:08.003 INFO  [main]o.s.c.s.PostProcessorRegistrationDelegate$BeanPostProcessorChecker.postProcessAfterInitialization:330 -Bean 'authorizationAttributeSourceAdvisor' of type [org.apache.shiro.spring.security.interceptor.AuthorizationAttributeSourceAdvisor] is not eligible for getting processed by all BeanPostProcessors (for example: not eligible for auto-proxying)
2020-03-21 23:01:08.309 INFO  [main]o.s.boot.web.embedded.tomcat.TomcatWebServer.initialize:90 -Tomcat initialized with port(s): 1000 (http)
2020-03-21 23:01:08.322 INFO  [main]org.apache.coyote.http11.Http11NioProtocol.log:173 -Initializing ProtocolHandler ["http-nio-1000"]
2020-03-21 23:01:08.332 INFO  [main]org.apache.catalina.core.StandardService.log:173 -Starting service [Tomcat]
2020-03-21 23:01:08.333 INFO  [main]org.apache.catalina.core.StandardEngine.log:173 -Starting Servlet engine: [Apache Tomcat/9.0.31]
2020-03-21 23:01:08.485 INFO  [main]o.a.catalina.core.ContainerBase.[Tomcat].[localhost].[/].log:173 -Initializing Spring embedded WebApplicationContext
2020-03-21 23:01:08.485 INFO  [main]org.springframework.web.context.ContextLoader.prepareWebApplicationContext:284 -Root WebApplicationContext: initialization completed in 2365 ms
2020-03-21 23:01:08.678 INFO  [main]c.a.d.s.boot.autoconfigure.DruidDataSourceAutoConfigure.dataSource:56 -Init DruidDataSource
2020-03-21 23:01:08.973 INFO  [main]com.alibaba.druid.pool.DruidDataSource.init:930 -{dataSource-1} inited
2020-03-21 23:01:10.615 INFO  [main]org.apache.coyote.http11.Http11NioProtocol.log:173 -Starting ProtocolHandler ["http-nio-1000"]
2020-03-21 23:01:10.636 INFO  [main]o.s.boot.web.embedded.tomcat.TomcatWebServer.start:202 -Tomcat started on port(s): 1000 (http) with context path ''
2020-03-21 23:01:10.639 INFO  [main]com.jg.blog.DemoApplication.logStarted:59 -Started DemoApplication in 5.323 seconds (JVM running for 6.633)
2020-03-21 23:01:50.635 INFO  [http-nio-1000-exec-2]o.a.catalina.core.ContainerBase.[Tomcat].[localhost].[/].log:173 -Initializing Spring DispatcherServlet 'dispatcherServlet'
2020-03-21 23:01:50.636 INFO  [http-nio-1000-exec-2]org.springframework.web.servlet.DispatcherServlet.initServletBean:525 -Initializing Servlet 'dispatcherServlet'
2020-03-21 23:01:50.654 INFO  [http-nio-1000-exec-2]org.springframework.web.servlet.DispatcherServlet.initServletBean:547 -Completed initialization in 18 ms
2020-03-21 23:41:59.876 INFO  [main]com.jg.blog.DemoApplication.logStarting:50 -Starting DemoApplication on DESKTOP-BVT926S with PID 16296 (F:\javaBlog\blog\target\classes started by 76773 in F:\javaBlog\blog)
2020-03-21 23:41:59.882 INFO  [main]com.jg.blog.DemoApplication.logStartupProfileInfo:648 -No active profile set, falling back to default profiles: default
2020-03-21 23:42:01.220 INFO  [main]o.s.c.s.PostProcessorRegistrationDelegate$BeanPostProcessorChecker.postProcessAfterInitialization:330 -Bean 'shiroConfig' of type [com.jg.blog.config.ShiroConfig$$EnhancerBySpringCGLIB$$5fb76b6e] is not eligible for getting processed by all BeanPostProcessors (for example: not eligible for auto-proxying)
2020-03-21 23:42:01.233 INFO  [main]o.s.c.s.PostProcessorRegistrationDelegate$BeanPostProcessorChecker.postProcessAfterInitialization:330 -Bean 'adminRealm' of type [com.jg.blog.realm.AdminRealm] is not eligible for getting processed by all BeanPostProcessors (for example: not eligible for auto-proxying)
2020-03-21 23:42:02.174 INFO  [main]o.s.c.s.PostProcessorRegistrationDelegate$BeanPostProcessorChecker.postProcessAfterInitialization:330 -Bean 'securityManager' of type [org.apache.shiro.web.mgt.DefaultWebSecurityManager] is not eligible for getting processed by all BeanPostProcessors (for example: not eligible for auto-proxying)
2020-03-21 23:42:02.208 INFO  [main]o.s.c.s.PostProcessorRegistrationDelegate$BeanPostProcessorChecker.postProcessAfterInitialization:330 -Bean 'authorizationAttributeSourceAdvisor' of type [org.apache.shiro.spring.security.interceptor.AuthorizationAttributeSourceAdvisor] is not eligible for getting processed by all BeanPostProcessors (for example: not eligible for auto-proxying)
2020-03-21 23:42:02.671 INFO  [main]o.s.boot.web.embedded.tomcat.TomcatWebServer.initialize:90 -Tomcat initialized with port(s): 1000 (http)
2020-03-21 23:42:02.685 INFO  [main]org.apache.coyote.http11.Http11NioProtocol.log:173 -Initializing ProtocolHandler ["http-nio-1000"]
2020-03-21 23:42:02.695 INFO  [main]org.apache.catalina.core.StandardService.log:173 -Starting service [Tomcat]
2020-03-21 23:42:02.695 INFO  [main]org.apache.catalina.core.StandardEngine.log:173 -Starting Servlet engine: [Apache Tomcat/9.0.31]
2020-03-21 23:42:02.850 INFO  [main]o.a.catalina.core.ContainerBase.[Tomcat].[localhost].[/].log:173 -Initializing Spring embedded WebApplicationContext
2020-03-21 23:42:02.850 INFO  [main]org.springframework.web.context.ContextLoader.prepareWebApplicationContext:284 -Root WebApplicationContext: initialization completed in 2913 ms
2020-03-21 23:42:03.041 INFO  [main]c.a.d.s.boot.autoconfigure.DruidDataSourceAutoConfigure.dataSource:56 -Init DruidDataSource
2020-03-21 23:42:03.330 INFO  [main]com.alibaba.druid.pool.DruidDataSource.init:930 -{dataSource-1} inited
2020-03-21 23:42:05.061 INFO  [main]org.apache.coyote.http11.Http11NioProtocol.log:173 -Starting ProtocolHandler ["http-nio-1000"]
2020-03-21 23:42:05.083 INFO  [main]o.s.boot.web.embedded.tomcat.TomcatWebServer.start:202 -Tomcat started on port(s): 1000 (http) with context path ''
2020-03-21 23:42:05.087 INFO  [main]com.jg.blog.DemoApplication.logStarted:59 -Started DemoApplication in 5.962 seconds (JVM running for 7.453)
2020-03-21 23:42:11.083 INFO  [http-nio-1000-exec-1]o.a.catalina.core.ContainerBase.[Tomcat].[localhost].[/].log:173 -Initializing Spring DispatcherServlet 'dispatcherServlet'
2020-03-21 23:42:11.083 INFO  [http-nio-1000-exec-1]org.springframework.web.servlet.DispatcherServlet.initServletBean:525 -Initializing Servlet 'dispatcherServlet'
2020-03-21 23:42:11.111 INFO  [http-nio-1000-exec-1]org.springframework.web.servlet.DispatcherServlet.initServletBean:547 -Completed initialization in 28 ms
2020-03-21 23:45:22.380 INFO  [main]com.jg.blog.DemoApplication.logStarting:50 -Starting DemoApplication on DESKTOP-BVT926S with PID 13616 (F:\javaBlog\blog\target\classes started by 76773 in F:\javaBlog\blog)
2020-03-21 23:45:22.384 INFO  [main]com.jg.blog.DemoApplication.logStartupProfileInfo:648 -No active profile set, falling back to default profiles: default
2020-03-21 23:45:23.864 INFO  [main]o.s.c.s.PostProcessorRegistrationDelegate$BeanPostProcessorChecker.postProcessAfterInitialization:330 -Bean 'shiroConfig' of type [com.jg.blog.config.ShiroConfig$$EnhancerBySpringCGLIB$$f3f24b36] is not eligible for getting processed by all BeanPostProcessors (for example: not eligible for auto-proxying)
2020-03-21 23:45:23.877 INFO  [main]o.s.c.s.PostProcessorRegistrationDelegate$BeanPostProcessorChecker.postProcessAfterInitialization:330 -Bean 'adminRealm' of type [com.jg.blog.realm.AdminRealm] is not eligible for getting processed by all BeanPostProcessors (for example: not eligible for auto-proxying)
2020-03-21 23:45:24.716 INFO  [main]o.s.c.s.PostProcessorRegistrationDelegate$BeanPostProcessorChecker.postProcessAfterInitialization:330 -Bean 'securityManager' of type [org.apache.shiro.web.mgt.DefaultWebSecurityManager] is not eligible for getting processed by all BeanPostProcessors (for example: not eligible for auto-proxying)
2020-03-21 23:45:24.751 INFO  [main]o.s.c.s.PostProcessorRegistrationDelegate$BeanPostProcessorChecker.postProcessAfterInitialization:330 -Bean 'authorizationAttributeSourceAdvisor' of type [org.apache.shiro.spring.security.interceptor.AuthorizationAttributeSourceAdvisor] is not eligible for getting processed by all BeanPostProcessors (for example: not eligible for auto-proxying)
2020-03-21 23:45:25.147 INFO  [main]o.s.boot.web.embedded.tomcat.TomcatWebServer.initialize:90 -Tomcat initialized with port(s): 1000 (http)
2020-03-21 23:45:25.163 INFO  [main]org.apache.coyote.http11.Http11NioProtocol.log:173 -Initializing ProtocolHandler ["http-nio-1000"]
2020-03-21 23:45:25.171 INFO  [main]org.apache.catalina.core.StandardService.log:173 -Starting service [Tomcat]
2020-03-21 23:45:25.171 INFO  [main]org.apache.catalina.core.StandardEngine.log:173 -Starting Servlet engine: [Apache Tomcat/9.0.31]
2020-03-21 23:45:25.344 INFO  [main]o.a.catalina.core.ContainerBase.[Tomcat].[localhost].[/].log:173 -Initializing Spring embedded WebApplicationContext
2020-03-21 23:45:25.345 INFO  [main]org.springframework.web.context.ContextLoader.prepareWebApplicationContext:284 -Root WebApplicationContext: initialization completed in 2846 ms
2020-03-21 23:45:25.531 INFO  [main]c.a.d.s.boot.autoconfigure.DruidDataSourceAutoConfigure.dataSource:56 -Init DruidDataSource
2020-03-21 23:45:25.833 INFO  [main]com.alibaba.druid.pool.DruidDataSource.init:930 -{dataSource-1} inited
2020-03-21 23:45:27.613 INFO  [main]org.apache.coyote.http11.Http11NioProtocol.log:173 -Starting ProtocolHandler ["http-nio-1000"]
2020-03-21 23:45:27.634 INFO  [main]o.s.boot.web.embedded.tomcat.TomcatWebServer.start:202 -Tomcat started on port(s): 1000 (http) with context path ''
2020-03-21 23:45:27.638 INFO  [main]com.jg.blog.DemoApplication.logStarted:59 -Started DemoApplication in 5.831 seconds (JVM running for 7.237)
2020-03-21 23:45:43.047 INFO  [http-nio-1000-exec-2]o.a.catalina.core.ContainerBase.[Tomcat].[localhost].[/].log:173 -Initializing Spring DispatcherServlet 'dispatcherServlet'
2020-03-21 23:45:43.047 INFO  [http-nio-1000-exec-2]org.springframework.web.servlet.DispatcherServlet.initServletBean:525 -Initializing Servlet 'dispatcherServlet'
2020-03-21 23:45:43.068 INFO  [http-nio-1000-exec-2]org.springframework.web.servlet.DispatcherServlet.initServletBean:547 -Completed initialization in 20 ms
2020-03-21 23:53:21.104 INFO  [main]com.jg.blog.DemoApplication.logStarting:50 -Starting DemoApplication on DESKTOP-BVT926S with PID 16036 (F:\javaBlog\blog\target\classes started by 76773 in F:\javaBlog\blog)
2020-03-21 23:53:21.109 INFO  [main]com.jg.blog.DemoApplication.logStartupProfileInfo:648 -No active profile set, falling back to default profiles: default
2020-03-21 23:53:22.704 INFO  [main]o.s.c.s.PostProcessorRegistrationDelegate$BeanPostProcessorChecker.postProcessAfterInitialization:330 -Bean 'shiroConfig' of type [com.jg.blog.config.ShiroConfig$$EnhancerBySpringCGLIB$$5fb76b6e] is not eligible for getting processed by all BeanPostProcessors (for example: not eligible for auto-proxying)
2020-03-21 23:53:22.720 INFO  [main]o.s.c.s.PostProcessorRegistrationDelegate$BeanPostProcessorChecker.postProcessAfterInitialization:330 -Bean 'adminRealm' of type [com.jg.blog.realm.AdminRealm] is not eligible for getting processed by all BeanPostProcessors (for example: not eligible for auto-proxying)
2020-03-21 23:53:23.637 INFO  [main]o.s.c.s.PostProcessorRegistrationDelegate$BeanPostProcessorChecker.postProcessAfterInitialization:330 -Bean 'securityManager' of type [org.apache.shiro.web.mgt.DefaultWebSecurityManager] is not eligible for getting processed by all BeanPostProcessors (for example: not eligible for auto-proxying)
2020-03-21 23:53:23.672 INFO  [main]o.s.c.s.PostProcessorRegistrationDelegate$BeanPostProcessorChecker.postProcessAfterInitialization:330 -Bean 'authorizationAttributeSourceAdvisor' of type [org.apache.shiro.spring.security.interceptor.AuthorizationAttributeSourceAdvisor] is not eligible for getting processed by all BeanPostProcessors (for example: not eligible for auto-proxying)
2020-03-21 23:53:24.025 INFO  [main]o.s.boot.web.embedded.tomcat.TomcatWebServer.initialize:90 -Tomcat initialized with port(s): 1000 (http)
2020-03-21 23:53:24.042 INFO  [main]org.apache.coyote.http11.Http11NioProtocol.log:173 -Initializing ProtocolHandler ["http-nio-1000"]
2020-03-21 23:53:24.055 INFO  [main]org.apache.catalina.core.StandardService.log:173 -Starting service [Tomcat]
2020-03-21 23:53:24.055 INFO  [main]org.apache.catalina.core.StandardEngine.log:173 -Starting Servlet engine: [Apache Tomcat/9.0.31]
2020-03-21 23:53:24.218 INFO  [main]o.a.catalina.core.ContainerBase.[Tomcat].[localhost].[/].log:173 -Initializing Spring embedded WebApplicationContext
2020-03-21 23:53:24.218 INFO  [main]org.springframework.web.context.ContextLoader.prepareWebApplicationContext:284 -Root WebApplicationContext: initialization completed in 2963 ms
2020-03-21 23:53:24.435 INFO  [main]c.a.d.s.boot.autoconfigure.DruidDataSourceAutoConfigure.dataSource:56 -Init DruidDataSource
2020-03-21 23:53:24.777 INFO  [main]com.alibaba.druid.pool.DruidDataSource.init:930 -{dataSource-1} inited
2020-03-21 23:53:26.722 INFO  [main]org.apache.coyote.http11.Http11NioProtocol.log:173 -Starting ProtocolHandler ["http-nio-1000"]
2020-03-21 23:53:26.766 INFO  [main]o.s.boot.web.embedded.tomcat.TomcatWebServer.start:202 -Tomcat started on port(s): 1000 (http) with context path ''
2020-03-21 23:53:26.769 INFO  [main]com.jg.blog.DemoApplication.logStarted:59 -Started DemoApplication in 6.365 seconds (JVM running for 7.96)
2020-03-21 23:53:41.820 INFO  [http-nio-1000-exec-2]o.a.catalina.core.ContainerBase.[Tomcat].[localhost].[/].log:173 -Initializing Spring DispatcherServlet 'dispatcherServlet'
2020-03-21 23:53:41.822 INFO  [http-nio-1000-exec-2]org.springframework.web.servlet.DispatcherServlet.initServletBean:525 -Initializing Servlet 'dispatcherServlet'
2020-03-21 23:53:41.840 INFO  [http-nio-1000-exec-2]org.springframework.web.servlet.DispatcherServlet.initServletBean:547 -Completed initialization in 18 ms
2020-03-21 23:56:24.354 INFO  [main]com.jg.blog.DemoApplication.logStarting:50 -Starting DemoApplication on DESKTOP-BVT926S with PID 16080 (F:\javaBlog\blog\target\classes started by 76773 in F:\javaBlog\blog)
2020-03-21 23:56:24.358 INFO  [main]com.jg.blog.DemoApplication.logStartupProfileInfo:648 -No active profile set, falling back to default profiles: default
2020-03-21 23:56:25.895 INFO  [main]o.s.c.s.PostProcessorRegistrationDelegate$BeanPostProcessorChecker.postProcessAfterInitialization:330 -Bean 'shiroConfig' of type [com.jg.blog.config.ShiroConfig$$EnhancerBySpringCGLIB$$14c3d015] is not eligible for getting processed by all BeanPostProcessors (for example: not eligible for auto-proxying)
2020-03-21 23:56:25.908 INFO  [main]o.s.c.s.PostProcessorRegistrationDelegate$BeanPostProcessorChecker.postProcessAfterInitialization:330 -Bean 'adminRealm' of type [com.jg.blog.realm.AdminRealm] is not eligible for getting processed by all BeanPostProcessors (for example: not eligible for auto-proxying)
2020-03-21 23:56:26.731 INFO  [main]o.s.c.s.PostProcessorRegistrationDelegate$BeanPostProcessorChecker.postProcessAfterInitialization:330 -Bean 'securityManager' of type [org.apache.shiro.web.mgt.DefaultWebSecurityManager] is not eligible for getting processed by all BeanPostProcessors (for example: not eligible for auto-proxying)
2020-03-21 23:56:26.763 INFO  [main]o.s.c.s.PostProcessorRegistrationDelegate$BeanPostProcessorChecker.postProcessAfterInitialization:330 -Bean 'authorizationAttributeSourceAdvisor' of type [org.apache.shiro.spring.security.interceptor.AuthorizationAttributeSourceAdvisor] is not eligible for getting processed by all BeanPostProcessors (for example: not eligible for auto-proxying)
2020-03-21 23:56:27.088 INFO  [main]o.s.boot.web.embedded.tomcat.TomcatWebServer.initialize:90 -Tomcat initialized with port(s): 1000 (http)
2020-03-21 23:56:27.102 INFO  [main]org.apache.coyote.http11.Http11NioProtocol.log:173 -Initializing ProtocolHandler ["http-nio-1000"]
2020-03-21 23:56:27.110 INFO  [main]org.apache.catalina.core.StandardService.log:173 -Starting service [Tomcat]
2020-03-21 23:56:27.111 INFO  [main]org.apache.catalina.core.StandardEngine.log:173 -Starting Servlet engine: [Apache Tomcat/9.0.31]
2020-03-21 23:56:27.240 INFO  [main]o.a.catalina.core.ContainerBase.[Tomcat].[localhost].[/].log:173 -Initializing Spring embedded WebApplicationContext
2020-03-21 23:56:27.240 INFO  [main]org.springframework.web.context.ContextLoader.prepareWebApplicationContext:284 -Root WebApplicationContext: initialization completed in 2787 ms
2020-03-21 23:56:27.426 INFO  [main]c.a.d.s.boot.autoconfigure.DruidDataSourceAutoConfigure.dataSource:56 -Init DruidDataSource
2020-03-21 23:56:27.716 INFO  [main]com.alibaba.druid.pool.DruidDataSource.init:930 -{dataSource-1} inited
2020-03-21 23:56:29.326 INFO  [main]org.apache.coyote.http11.Http11NioProtocol.log:173 -Starting ProtocolHandler ["http-nio-1000"]
2020-03-21 23:56:29.351 INFO  [main]o.s.boot.web.embedded.tomcat.TomcatWebServer.start:202 -Tomcat started on port(s): 1000 (http) with context path ''
2020-03-21 23:56:29.354 INFO  [main]com.jg.blog.DemoApplication.logStarted:59 -Started DemoApplication in 5.501 seconds (JVM running for 6.98)
2020-03-21 23:56:37.516 INFO  [http-nio-1000-exec-2]o.a.catalina.core.ContainerBase.[Tomcat].[localhost].[/].log:173 -Initializing Spring DispatcherServlet 'dispatcherServlet'
2020-03-21 23:56:37.516 INFO  [http-nio-1000-exec-2]org.springframework.web.servlet.DispatcherServlet.initServletBean:525 -Initializing Servlet 'dispatcherServlet'
2020-03-21 23:56:37.535 INFO  [http-nio-1000-exec-2]org.springframework.web.servlet.DispatcherServlet.initServletBean:547 -Completed initialization in 18 ms
