2020-03-25 17:38:46.272 INFO  [main]com.jg.blog.DemoApplication.logStarting:50 -Starting DemoApplication on DESKTOP-BVT926S with PID 10224 (F:\javaBlog\blog\target\classes started by 76773 in F:\javaBlog\blog)
2020-03-25 17:38:46.331 INFO  [main]com.jg.blog.DemoApplication.logStartupProfileInfo:648 -No active profile set, falling back to default profiles: default
2020-03-25 17:38:48.928 INFO  [main]o.s.c.s.PostProcessorRegistrationDelegate$BeanPostProcessorChecker.postProcessAfterInitialization:330 -Bean 'shiroConfig' of type [com.jg.blog.config.ShiroConfig$$EnhancerBySpringCGLIB$$8c5c5069] is not eligible for getting processed by all BeanPostProcessors (for example: not eligible for auto-proxying)
2020-03-25 17:38:48.980 INFO  [main]o.s.c.s.PostProcessorRegistrationDelegate$BeanPostProcessorChecker.postProcessAfterInitialization:330 -Bean 'mybatis-org.mybatis.spring.boot.autoconfigure.MybatisProperties' of type [org.mybatis.spring.boot.autoconfigure.MybatisProperties] is not eligible for getting processed by all BeanPostProcessors (for example: not eligible for auto-proxying)
2020-03-25 17:38:48.991 INFO  [main]o.s.c.s.PostProcessorRegistrationDelegate$BeanPostProcessorChecker.postProcessAfterInitialization:330 -Bean 'org.mybatis.spring.boot.autoconfigure.MybatisAutoConfiguration' of type [org.mybatis.spring.boot.autoconfigure.MybatisAutoConfiguration$$EnhancerBySpringCGLIB$$72af8ee5] is not eligible for getting processed by all BeanPostProcessors (for example: not eligible for auto-proxying)
2020-03-25 17:38:48.995 INFO  [main]o.s.c.s.PostProcessorRegistrationDelegate$BeanPostProcessorChecker.postProcessAfterInitialization:330 -Bean 'com.alibaba.druid.spring.boot.autoconfigure.DruidDataSourceAutoConfigure' of type [com.alibaba.druid.spring.boot.autoconfigure.DruidDataSourceAutoConfigure$$EnhancerBySpringCGLIB$$59873327] is not eligible for getting processed by all BeanPostProcessors (for example: not eligible for auto-proxying)
2020-03-25 17:38:48.999 INFO  [main]c.a.d.s.boot.autoconfigure.DruidDataSourceAutoConfigure.dataSource:56 -Init DruidDataSource
2020-03-25 17:38:49.053 INFO  [main]o.s.c.s.PostProcessorRegistrationDelegate$BeanPostProcessorChecker.postProcessAfterInitialization:330 -Bean 'spring.datasource-org.springframework.boot.autoconfigure.jdbc.DataSourceProperties' of type [org.springframework.boot.autoconfigure.jdbc.DataSourceProperties] is not eligible for getting processed by all BeanPostProcessors (for example: not eligible for auto-proxying)
2020-03-25 17:38:49.071 INFO  [main]o.s.c.s.PostProcessorRegistrationDelegate$BeanPostProcessorChecker.postProcessAfterInitialization:330 -Bean 'com.alibaba.druid.spring.boot.autoconfigure.stat.DruidFilterConfiguration' of type [com.alibaba.druid.spring.boot.autoconfigure.stat.DruidFilterConfiguration] is not eligible for getting processed by all BeanPostProcessors (for example: not eligible for auto-proxying)
2020-03-25 17:38:49.096 INFO  [main]o.s.c.s.PostProcessorRegistrationDelegate$BeanPostProcessorChecker.postProcessAfterInitialization:330 -Bean 'statFilter' of type [com.alibaba.druid.filter.stat.StatFilter] is not eligible for getting processed by all BeanPostProcessors (for example: not eligible for auto-proxying)
2020-03-25 17:38:49.448 INFO  [main]com.alibaba.druid.pool.DruidDataSource.init:930 -{dataSource-1} inited
2020-03-25 17:38:49.450 INFO  [main]o.s.c.s.PostProcessorRegistrationDelegate$BeanPostProcessorChecker.postProcessAfterInitialization:330 -Bean 'dataSource' of type [com.alibaba.druid.spring.boot.autoconfigure.DruidDataSourceWrapper] is not eligible for getting processed by all BeanPostProcessors (for example: not eligible for auto-proxying)
2020-03-25 17:38:49.526 INFO  [main]o.s.c.s.PostProcessorRegistrationDelegate$BeanPostProcessorChecker.postProcessAfterInitialization:330 -Bean 'org.springframework.boot.autoconfigure.jdbc.DataSourceInitializerInvoker' of type [org.springframework.boot.autoconfigure.jdbc.DataSourceInitializerInvoker] is not eligible for getting processed by all BeanPostProcessors (for example: not eligible for auto-proxying)
2020-03-25 17:38:49.935 INFO  [main]o.s.c.s.PostProcessorRegistrationDelegate$BeanPostProcessorChecker.postProcessAfterInitialization:330 -Bean 'sqlSessionFactory' of type [org.apache.ibatis.session.defaults.DefaultSqlSessionFactory] is not eligible for getting processed by all BeanPostProcessors (for example: not eligible for auto-proxying)
2020-03-25 17:38:49.941 INFO  [main]o.s.c.s.PostProcessorRegistrationDelegate$BeanPostProcessorChecker.postProcessAfterInitialization:330 -Bean 'sqlSessionTemplate' of type [org.mybatis.spring.SqlSessionTemplate] is not eligible for getting processed by all BeanPostProcessors (for example: not eligible for auto-proxying)
2020-03-25 17:38:49.950 INFO  [main]o.s.c.s.PostProcessorRegistrationDelegate$BeanPostProcessorChecker.postProcessAfterInitialization:330 -Bean 'adminMapper' of type [org.mybatis.spring.mapper.MapperFactoryBean] is not eligible for getting processed by all BeanPostProcessors (for example: not eligible for auto-proxying)
2020-03-25 17:38:49.953 INFO  [main]o.s.c.s.PostProcessorRegistrationDelegate$BeanPostProcessorChecker.postProcessAfterInitialization:330 -Bean 'adminMapper' of type [com.sun.proxy.$Proxy75] is not eligible for getting processed by all BeanPostProcessors (for example: not eligible for auto-proxying)
2020-03-25 17:38:49.955 INFO  [main]o.s.c.s.PostProcessorRegistrationDelegate$BeanPostProcessorChecker.postProcessAfterInitialization:330 -Bean 'adminServiceImpl' of type [com.jg.blog.service.impl.AdminServiceImpl] is not eligible for getting processed by all BeanPostProcessors (for example: not eligible for auto-proxying)
2020-03-25 17:38:49.956 INFO  [main]o.s.c.s.PostProcessorRegistrationDelegate$BeanPostProcessorChecker.postProcessAfterInitialization:330 -Bean 'adminRealm' of type [com.jg.blog.realm.AdminRealm] is not eligible for getting processed by all BeanPostProcessors (for example: not eligible for auto-proxying)
2020-03-25 17:38:50.910 INFO  [main]o.s.c.s.PostProcessorRegistrationDelegate$BeanPostProcessorChecker.postProcessAfterInitialization:330 -Bean 'securityManager' of type [org.apache.shiro.web.mgt.DefaultWebSecurityManager] is not eligible for getting processed by all BeanPostProcessors (for example: not eligible for auto-proxying)
2020-03-25 17:38:50.940 INFO  [main]o.s.c.s.PostProcessorRegistrationDelegate$BeanPostProcessorChecker.postProcessAfterInitialization:330 -Bean 'authorizationAttributeSourceAdvisor' of type [org.apache.shiro.spring.security.interceptor.AuthorizationAttributeSourceAdvisor] is not eligible for getting processed by all BeanPostProcessors (for example: not eligible for auto-proxying)
2020-03-25 17:38:51.596 INFO  [main]o.s.boot.web.embedded.tomcat.TomcatWebServer.initialize:90 -Tomcat initialized with port(s): 1000 (http)
2020-03-25 17:38:51.618 INFO  [main]org.apache.coyote.http11.Http11NioProtocol.log:173 -Initializing ProtocolHandler ["http-nio-1000"]
2020-03-25 17:38:51.637 INFO  [main]org.apache.catalina.core.StandardService.log:173 -Starting service [Tomcat]
2020-03-25 17:38:51.638 INFO  [main]org.apache.catalina.core.StandardEngine.log:173 -Starting Servlet engine: [Apache Tomcat/9.0.31]
2020-03-25 17:38:51.825 INFO  [main]o.a.catalina.core.ContainerBase.[Tomcat].[localhost].[/].log:173 -Initializing Spring embedded WebApplicationContext
2020-03-25 17:38:51.826 INFO  [main]org.springframework.web.context.ContextLoader.prepareWebApplicationContext:284 -Root WebApplicationContext: initialization completed in 5315 ms
2020-03-25 17:38:53.850 INFO  [main]org.apache.coyote.http11.Http11NioProtocol.log:173 -Starting ProtocolHandler ["http-nio-1000"]
2020-03-25 17:38:53.885 INFO  [main]o.s.boot.web.embedded.tomcat.TomcatWebServer.start:202 -Tomcat started on port(s): 1000 (http) with context path ''
2020-03-25 17:38:53.888 INFO  [main]com.jg.blog.DemoApplication.logStarted:59 -Started DemoApplication in 8.767 seconds (JVM running for 12.175)
2020-03-25 17:38:57.041 INFO  [http-nio-1000-exec-2]o.a.catalina.core.ContainerBase.[Tomcat].[localhost].[/].log:173 -Initializing Spring DispatcherServlet 'dispatcherServlet'
2020-03-25 17:38:57.042 INFO  [http-nio-1000-exec-2]org.springframework.web.servlet.DispatcherServlet.initServletBean:525 -Initializing Servlet 'dispatcherServlet'
2020-03-25 17:38:57.061 INFO  [http-nio-1000-exec-2]org.springframework.web.servlet.DispatcherServlet.initServletBean:547 -Completed initialization in 19 ms
2020-03-25 17:38:57.196 INFO  [http-nio-1000-exec-2]com.jg.blog.aspect.RequestAspect.printRequestLog:118 -请求地址 : /admin/login
2020-03-25 17:38:57.199 INFO  [http-nio-1000-exec-2]com.jg.blog.aspect.RequestAspect.printRequestLog:119 -请求方式 : POST
2020-03-25 17:38:57.200 INFO  [http-nio-1000-exec-2]com.jg.blog.aspect.RequestAspect.printRequestLog:122 -IP : 0:0:0:0:0:0:0:1
2020-03-25 17:38:57.202 INFO  [http-nio-1000-exec-2]com.jg.blog.aspect.RequestAspect.printRequestLog:124 -方法 : com.jg.blog.controller.AdminController.login
2020-03-25 17:38:57.202 INFO  [http-nio-1000-exec-2]com.jg.blog.aspect.RequestAspect.printRequestLog:126 -请求参数：[Admin(id=null, name=null, header=null, signature=null, comment=null, username=admin, password=123456)]
2020-03-25 17:38:57.203 INFO  [http-nio-1000-exec-2]com.jg.blog.aspect.RequestAspect.printRequestLog:128 -请求参数
2020-03-25 17:38:57.482 INFO  [http-nio-1000-exec-2]com.jg.blog.aspect.RequestAspect.doAround:69 -耗时 : 286
2020-03-25 17:38:57.559 INFO  [http-nio-1000-exec-2]com.jg.blog.aspect.RequestAspect.doAfterReturning:84 -返回值:{"code":20000,"data":{"token":"0D48CE1C1C6FA879CC8F56A2D480C804"},"msg":"操作成功"}
2020-03-25 17:42:52.414 INFO  [http-nio-1000-exec-9]com.jg.blog.aspect.RequestAspect.printRequestLog:118 -请求地址 : /admin/login
2020-03-25 17:42:52.415 INFO  [http-nio-1000-exec-9]com.jg.blog.aspect.RequestAspect.printRequestLog:119 -请求方式 : POST
2020-03-25 17:42:52.416 INFO  [http-nio-1000-exec-9]com.jg.blog.aspect.RequestAspect.printRequestLog:122 -IP : 0:0:0:0:0:0:0:1
2020-03-25 17:42:52.416 INFO  [http-nio-1000-exec-9]com.jg.blog.aspect.RequestAspect.printRequestLog:124 -方法 : com.jg.blog.controller.AdminController.login
2020-03-25 17:42:52.417 INFO  [http-nio-1000-exec-9]com.jg.blog.aspect.RequestAspect.printRequestLog:126 -请求参数：[Admin(id=null, name=null, header=null, signature=null, comment=null, username=admin, password=123456)]
2020-03-25 17:42:52.417 INFO  [http-nio-1000-exec-9]com.jg.blog.aspect.RequestAspect.printRequestLog:128 -请求参数
2020-03-25 17:42:52.427 INFO  [http-nio-1000-exec-9]com.jg.blog.aspect.RequestAspect.doAround:69 -耗时 : 13
2020-03-25 17:42:52.427 INFO  [http-nio-1000-exec-9]com.jg.blog.aspect.RequestAspect.doAfterReturning:84 -返回值:{"code":20000,"data":{"token":"0D48CE1C1C6FA879CC8F56A2D480C804"},"msg":"操作成功"}
2020-03-25 17:45:52.992 INFO  [http-nio-1000-exec-5]com.jg.blog.aspect.RequestAspect.printRequestLog:118 -请求地址 : /admin/login
2020-03-25 17:45:52.993 INFO  [http-nio-1000-exec-5]com.jg.blog.aspect.RequestAspect.printRequestLog:119 -请求方式 : POST
2020-03-25 17:45:52.993 INFO  [http-nio-1000-exec-5]com.jg.blog.aspect.RequestAspect.printRequestLog:122 -IP : 0:0:0:0:0:0:0:1
2020-03-25 17:45:52.993 INFO  [http-nio-1000-exec-5]com.jg.blog.aspect.RequestAspect.printRequestLog:124 -方法 : com.jg.blog.controller.AdminController.login
2020-03-25 17:45:52.994 INFO  [http-nio-1000-exec-5]com.jg.blog.aspect.RequestAspect.printRequestLog:126 -请求参数：[Admin(id=null, name=null, header=null, signature=null, comment=null, username=admin, password=123456)]
2020-03-25 17:45:52.994 INFO  [http-nio-1000-exec-5]com.jg.blog.aspect.RequestAspect.printRequestLog:128 -请求参数
2020-03-25 17:45:53.002 INFO  [http-nio-1000-exec-5]com.jg.blog.aspect.RequestAspect.doAround:69 -耗时 : 10
2020-03-25 17:45:53.002 INFO  [http-nio-1000-exec-5]com.jg.blog.aspect.RequestAspect.doAfterReturning:84 -返回值:{"code":20000,"data":{"token":"0D48CE1C1C6FA879CC8F56A2D480C804"},"msg":"操作成功"}
2020-03-25 17:47:01.577 INFO  [http-nio-1000-exec-9]com.jg.blog.aspect.RequestAspect.printRequestLog:118 -请求地址 : /type/save
2020-03-25 17:47:01.577 INFO  [http-nio-1000-exec-9]com.jg.blog.aspect.RequestAspect.printRequestLog:119 -请求方式 : POST
2020-03-25 17:47:01.578 INFO  [http-nio-1000-exec-9]com.jg.blog.aspect.RequestAspect.printRequestLog:122 -IP : 0:0:0:0:0:0:0:1
2020-03-25 17:47:01.578 INFO  [http-nio-1000-exec-9]com.jg.blog.aspect.RequestAspect.printRequestLog:124 -方法 : com.jg.blog.controller.TypeController.save
2020-03-25 17:47:01.578 INFO  [http-nio-1000-exec-9]com.jg.blog.aspect.RequestAspect.printRequestLog:126 -请求参数：[Type(typeId=null, typeName=null, typeBlogCount=null, enable=null, deleted=null)]
2020-03-25 17:47:01.579 INFO  [http-nio-1000-exec-9]com.jg.blog.aspect.RequestAspect.printRequestLog:128 -请求参数
2020-03-25 17:47:34.289 INFO  [http-nio-1000-exec-1]com.jg.blog.aspect.RequestAspect.printRequestLog:118 -请求地址 : /admin/login
2020-03-25 17:47:34.290 INFO  [http-nio-1000-exec-1]com.jg.blog.aspect.RequestAspect.printRequestLog:119 -请求方式 : POST
2020-03-25 17:47:34.290 INFO  [http-nio-1000-exec-1]com.jg.blog.aspect.RequestAspect.printRequestLog:122 -IP : 0:0:0:0:0:0:0:1
2020-03-25 17:47:34.290 INFO  [http-nio-1000-exec-1]com.jg.blog.aspect.RequestAspect.printRequestLog:124 -方法 : com.jg.blog.controller.AdminController.login
2020-03-25 17:47:34.291 INFO  [http-nio-1000-exec-1]com.jg.blog.aspect.RequestAspect.printRequestLog:126 -请求参数：[Admin(id=null, name=null, header=null, signature=null, comment=null, username=admin, password=123456)]
2020-03-25 17:47:34.291 INFO  [http-nio-1000-exec-1]com.jg.blog.aspect.RequestAspect.printRequestLog:128 -请求参数
2020-03-25 17:47:34.295 INFO  [http-nio-1000-exec-1]com.jg.blog.aspect.RequestAspect.doAround:69 -耗时 : 6
2020-03-25 17:47:34.296 INFO  [http-nio-1000-exec-1]com.jg.blog.aspect.RequestAspect.doAfterReturning:84 -返回值:{"code":20000,"data":{"token":"0D48CE1C1C6FA879CC8F56A2D480C804"},"msg":"操作成功"}
2020-03-25 17:48:18.486 INFO  [http-nio-1000-exec-2]com.jg.blog.aspect.RequestAspect.printRequestLog:118 -请求地址 : /type/save
2020-03-25 17:48:18.486 INFO  [http-nio-1000-exec-2]com.jg.blog.aspect.RequestAspect.printRequestLog:119 -请求方式 : POST
2020-03-25 17:48:18.487 INFO  [http-nio-1000-exec-2]com.jg.blog.aspect.RequestAspect.printRequestLog:122 -IP : 0:0:0:0:0:0:0:1
2020-03-25 17:48:18.487 INFO  [http-nio-1000-exec-2]com.jg.blog.aspect.RequestAspect.printRequestLog:124 -方法 : com.jg.blog.controller.TypeController.save
2020-03-25 17:48:18.487 INFO  [http-nio-1000-exec-2]com.jg.blog.aspect.RequestAspect.printRequestLog:126 -请求参数：[Type(typeId=null, typeName=null, typeBlogCount=null, enable=null, deleted=null)]
2020-03-25 17:48:18.488 INFO  [http-nio-1000-exec-2]com.jg.blog.aspect.RequestAspect.printRequestLog:128 -请求参数
2020-03-25 17:48:47.406 INFO  [http-nio-1000-exec-6]com.jg.blog.aspect.RequestAspect.printRequestLog:118 -请求地址 : /type/save
2020-03-25 17:48:47.406 INFO  [http-nio-1000-exec-6]com.jg.blog.aspect.RequestAspect.printRequestLog:119 -请求方式 : POST
2020-03-25 17:48:47.407 INFO  [http-nio-1000-exec-6]com.jg.blog.aspect.RequestAspect.printRequestLog:122 -IP : 0:0:0:0:0:0:0:1
2020-03-25 17:48:47.407 INFO  [http-nio-1000-exec-6]com.jg.blog.aspect.RequestAspect.printRequestLog:124 -方法 : com.jg.blog.controller.TypeController.save
2020-03-25 17:48:47.407 INFO  [http-nio-1000-exec-6]com.jg.blog.aspect.RequestAspect.printRequestLog:126 -请求参数：[Type(typeId=null, typeName=null, typeBlogCount=null, enable=null, deleted=null)]
2020-03-25 17:48:47.407 INFO  [http-nio-1000-exec-6]com.jg.blog.aspect.RequestAspect.printRequestLog:128 -请求参数
2020-03-25 17:57:53.990 INFO  [http-nio-1000-exec-5]com.jg.blog.aspect.RequestAspect.printRequestLog:118 -请求地址 : /type/save
2020-03-25 17:57:53.991 INFO  [http-nio-1000-exec-5]com.jg.blog.aspect.RequestAspect.printRequestLog:119 -请求方式 : POST
2020-03-25 17:57:53.991 INFO  [http-nio-1000-exec-5]com.jg.blog.aspect.RequestAspect.printRequestLog:122 -IP : 0:0:0:0:0:0:0:1
2020-03-25 17:57:53.992 INFO  [http-nio-1000-exec-5]com.jg.blog.aspect.RequestAspect.printRequestLog:124 -方法 : com.jg.blog.controller.TypeController.save
2020-03-25 17:57:53.992 INFO  [http-nio-1000-exec-5]com.jg.blog.aspect.RequestAspect.printRequestLog:126 -请求参数：[Type(typeId=null, typeName=null, typeBlogCount=null, enable=null, deleted=null)]
2020-03-25 17:57:53.992 INFO  [http-nio-1000-exec-5]com.jg.blog.aspect.RequestAspect.printRequestLog:128 -请求参数
2020-03-25 17:58:01.426 INFO  [http-nio-1000-exec-8]com.jg.blog.aspect.RequestAspect.printRequestLog:118 -请求地址 : /type/save
2020-03-25 17:58:01.426 INFO  [http-nio-1000-exec-8]com.jg.blog.aspect.RequestAspect.printRequestLog:119 -请求方式 : POST
2020-03-25 17:58:01.426 INFO  [http-nio-1000-exec-8]com.jg.blog.aspect.RequestAspect.printRequestLog:122 -IP : 0:0:0:0:0:0:0:1
2020-03-25 17:58:01.427 INFO  [http-nio-1000-exec-8]com.jg.blog.aspect.RequestAspect.printRequestLog:124 -方法 : com.jg.blog.controller.TypeController.save
2020-03-25 17:58:01.427 INFO  [http-nio-1000-exec-8]com.jg.blog.aspect.RequestAspect.printRequestLog:126 -请求参数：[Type(typeId=null, typeName=null, typeBlogCount=null, enable=null, deleted=null)]
2020-03-25 17:58:01.427 INFO  [http-nio-1000-exec-8]com.jg.blog.aspect.RequestAspect.printRequestLog:128 -请求参数
2020-03-25 17:58:48.963 INFO  [http-nio-1000-exec-10]com.jg.blog.aspect.RequestAspect.printRequestLog:118 -请求地址 : /type/save
2020-03-25 17:58:48.964 INFO  [http-nio-1000-exec-10]com.jg.blog.aspect.RequestAspect.printRequestLog:119 -请求方式 : POST
2020-03-25 17:58:48.964 INFO  [http-nio-1000-exec-10]com.jg.blog.aspect.RequestAspect.printRequestLog:122 -IP : 0:0:0:0:0:0:0:1
2020-03-25 17:58:48.964 INFO  [http-nio-1000-exec-10]com.jg.blog.aspect.RequestAspect.printRequestLog:124 -方法 : com.jg.blog.controller.TypeController.save
2020-03-25 17:58:48.965 INFO  [http-nio-1000-exec-10]com.jg.blog.aspect.RequestAspect.printRequestLog:126 -请求参数：[Type(typeId=null, typeName=null, typeBlogCount=null, enable=null, deleted=null)]
2020-03-25 17:58:48.965 INFO  [http-nio-1000-exec-10]com.jg.blog.aspect.RequestAspect.printRequestLog:128 -请求参数
2020-03-25 17:59:01.933 INFO  [main]com.jg.blog.DemoApplication.logStarting:50 -Starting DemoApplication on DESKTOP-BVT926S with PID 5696 (F:\javaBlog\blog\target\classes started by 76773 in F:\javaBlog\blog)
2020-03-25 17:59:01.938 INFO  [main]com.jg.blog.DemoApplication.logStartupProfileInfo:648 -No active profile set, falling back to default profiles: default
2020-03-25 17:59:03.285 INFO  [main]o.s.c.s.PostProcessorRegistrationDelegate$BeanPostProcessorChecker.postProcessAfterInitialization:330 -Bean 'shiroConfig' of type [com.jg.blog.config.ShiroConfig$$EnhancerBySpringCGLIB$$1c21eb4] is not eligible for getting processed by all BeanPostProcessors (for example: not eligible for auto-proxying)
2020-03-25 17:59:03.330 INFO  [main]o.s.c.s.PostProcessorRegistrationDelegate$BeanPostProcessorChecker.postProcessAfterInitialization:330 -Bean 'mybatis-org.mybatis.spring.boot.autoconfigure.MybatisProperties' of type [org.mybatis.spring.boot.autoconfigure.MybatisProperties] is not eligible for getting processed by all BeanPostProcessors (for example: not eligible for auto-proxying)
2020-03-25 17:59:03.341 INFO  [main]o.s.c.s.PostProcessorRegistrationDelegate$BeanPostProcessorChecker.postProcessAfterInitialization:330 -Bean 'org.mybatis.spring.boot.autoconfigure.MybatisAutoConfiguration' of type [org.mybatis.spring.boot.autoconfigure.MybatisAutoConfiguration$$EnhancerBySpringCGLIB$$e8155d30] is not eligible for getting processed by all BeanPostProcessors (for example: not eligible for auto-proxying)
2020-03-25 17:59:03.345 INFO  [main]o.s.c.s.PostProcessorRegistrationDelegate$BeanPostProcessorChecker.postProcessAfterInitialization:330 -Bean 'com.alibaba.druid.spring.boot.autoconfigure.DruidDataSourceAutoConfigure' of type [com.alibaba.druid.spring.boot.autoconfigure.DruidDataSourceAutoConfigure$$EnhancerBySpringCGLIB$$ceed0172] is not eligible for getting processed by all BeanPostProcessors (for example: not eligible for auto-proxying)
2020-03-25 17:59:03.348 INFO  [main]c.a.d.s.boot.autoconfigure.DruidDataSourceAutoConfigure.dataSource:56 -Init DruidDataSource
2020-03-25 17:59:03.391 INFO  [main]o.s.c.s.PostProcessorRegistrationDelegate$BeanPostProcessorChecker.postProcessAfterInitialization:330 -Bean 'spring.datasource-org.springframework.boot.autoconfigure.jdbc.DataSourceProperties' of type [org.springframework.boot.autoconfigure.jdbc.DataSourceProperties] is not eligible for getting processed by all BeanPostProcessors (for example: not eligible for auto-proxying)
2020-03-25 17:59:03.409 INFO  [main]o.s.c.s.PostProcessorRegistrationDelegate$BeanPostProcessorChecker.postProcessAfterInitialization:330 -Bean 'com.alibaba.druid.spring.boot.autoconfigure.stat.DruidFilterConfiguration' of type [com.alibaba.druid.spring.boot.autoconfigure.stat.DruidFilterConfiguration] is not eligible for getting processed by all BeanPostProcessors (for example: not eligible for auto-proxying)
2020-03-25 17:59:03.430 INFO  [main]o.s.c.s.PostProcessorRegistrationDelegate$BeanPostProcessorChecker.postProcessAfterInitialization:330 -Bean 'statFilter' of type [com.alibaba.druid.filter.stat.StatFilter] is not eligible for getting processed by all BeanPostProcessors (for example: not eligible for auto-proxying)
2020-03-25 17:59:03.656 INFO  [main]com.alibaba.druid.pool.DruidDataSource.init:930 -{dataSource-1} inited
2020-03-25 17:59:03.657 INFO  [main]o.s.c.s.PostProcessorRegistrationDelegate$BeanPostProcessorChecker.postProcessAfterInitialization:330 -Bean 'dataSource' of type [com.alibaba.druid.spring.boot.autoconfigure.DruidDataSourceWrapper] is not eligible for getting processed by all BeanPostProcessors (for example: not eligible for auto-proxying)
2020-03-25 17:59:03.724 INFO  [main]o.s.c.s.PostProcessorRegistrationDelegate$BeanPostProcessorChecker.postProcessAfterInitialization:330 -Bean 'org.springframework.boot.autoconfigure.jdbc.DataSourceInitializerInvoker' of type [org.springframework.boot.autoconfigure.jdbc.DataSourceInitializerInvoker] is not eligible for getting processed by all BeanPostProcessors (for example: not eligible for auto-proxying)
2020-03-25 17:59:03.904 INFO  [main]o.s.c.s.PostProcessorRegistrationDelegate$BeanPostProcessorChecker.postProcessAfterInitialization:330 -Bean 'sqlSessionFactory' of type [org.apache.ibatis.session.defaults.DefaultSqlSessionFactory] is not eligible for getting processed by all BeanPostProcessors (for example: not eligible for auto-proxying)
2020-03-25 17:59:03.911 INFO  [main]o.s.c.s.PostProcessorRegistrationDelegate$BeanPostProcessorChecker.postProcessAfterInitialization:330 -Bean 'sqlSessionTemplate' of type [org.mybatis.spring.SqlSessionTemplate] is not eligible for getting processed by all BeanPostProcessors (for example: not eligible for auto-proxying)
2020-03-25 17:59:03.919 INFO  [main]o.s.c.s.PostProcessorRegistrationDelegate$BeanPostProcessorChecker.postProcessAfterInitialization:330 -Bean 'adminMapper' of type [org.mybatis.spring.mapper.MapperFactoryBean] is not eligible for getting processed by all BeanPostProcessors (for example: not eligible for auto-proxying)
2020-03-25 17:59:03.923 INFO  [main]o.s.c.s.PostProcessorRegistrationDelegate$BeanPostProcessorChecker.postProcessAfterInitialization:330 -Bean 'adminMapper' of type [com.sun.proxy.$Proxy75] is not eligible for getting processed by all BeanPostProcessors (for example: not eligible for auto-proxying)
2020-03-25 17:59:03.924 INFO  [main]o.s.c.s.PostProcessorRegistrationDelegate$BeanPostProcessorChecker.postProcessAfterInitialization:330 -Bean 'adminServiceImpl' of type [com.jg.blog.service.impl.AdminServiceImpl] is not eligible for getting processed by all BeanPostProcessors (for example: not eligible for auto-proxying)
2020-03-25 17:59:03.925 INFO  [main]o.s.c.s.PostProcessorRegistrationDelegate$BeanPostProcessorChecker.postProcessAfterInitialization:330 -Bean 'adminRealm' of type [com.jg.blog.realm.AdminRealm] is not eligible for getting processed by all BeanPostProcessors (for example: not eligible for auto-proxying)
2020-03-25 17:59:04.711 INFO  [main]o.s.c.s.PostProcessorRegistrationDelegate$BeanPostProcessorChecker.postProcessAfterInitialization:330 -Bean 'securityManager' of type [org.apache.shiro.web.mgt.DefaultWebSecurityManager] is not eligible for getting processed by all BeanPostProcessors (for example: not eligible for auto-proxying)
2020-03-25 17:59:04.737 INFO  [main]o.s.c.s.PostProcessorRegistrationDelegate$BeanPostProcessorChecker.postProcessAfterInitialization:330 -Bean 'authorizationAttributeSourceAdvisor' of type [org.apache.shiro.spring.security.interceptor.AuthorizationAttributeSourceAdvisor] is not eligible for getting processed by all BeanPostProcessors (for example: not eligible for auto-proxying)
2020-03-25 17:59:05.008 INFO  [main]o.s.boot.web.embedded.tomcat.TomcatWebServer.initialize:90 -Tomcat initialized with port(s): 1000 (http)
2020-03-25 17:59:05.022 INFO  [main]org.apache.coyote.http11.Http11NioProtocol.log:173 -Initializing ProtocolHandler ["http-nio-1000"]
2020-03-25 17:59:05.030 INFO  [main]org.apache.catalina.core.StandardService.log:173 -Starting service [Tomcat]
2020-03-25 17:59:05.031 INFO  [main]org.apache.catalina.core.StandardEngine.log:173 -Starting Servlet engine: [Apache Tomcat/9.0.31]
2020-03-25 17:59:05.168 INFO  [main]o.a.catalina.core.ContainerBase.[Tomcat].[localhost].[/].log:173 -Initializing Spring embedded WebApplicationContext
2020-03-25 17:59:05.169 INFO  [main]org.springframework.web.context.ContextLoader.prepareWebApplicationContext:284 -Root WebApplicationContext: initialization completed in 3186 ms
2020-03-25 17:59:06.585 INFO  [main]org.apache.coyote.http11.Http11NioProtocol.log:173 -Starting ProtocolHandler ["http-nio-1000"]
2020-03-25 17:59:06.608 INFO  [main]o.s.boot.web.embedded.tomcat.TomcatWebServer.start:202 -Tomcat started on port(s): 1000 (http) with context path ''
2020-03-25 17:59:06.611 INFO  [main]com.jg.blog.DemoApplication.logStarted:59 -Started DemoApplication in 5.52 seconds (JVM running for 7.31)
2020-03-25 17:59:22.438 INFO  [http-nio-1000-exec-1]o.a.catalina.core.ContainerBase.[Tomcat].[localhost].[/].log:173 -Initializing Spring DispatcherServlet 'dispatcherServlet'
2020-03-25 17:59:22.439 INFO  [http-nio-1000-exec-1]org.springframework.web.servlet.DispatcherServlet.initServletBean:525 -Initializing Servlet 'dispatcherServlet'
2020-03-25 17:59:22.470 INFO  [http-nio-1000-exec-1]org.springframework.web.servlet.DispatcherServlet.initServletBean:547 -Completed initialization in 30 ms
2020-03-25 17:59:22.560 INFO  [http-nio-1000-exec-1]com.jg.blog.aspect.RequestAspect.printRequestLog:118 -请求地址 : /admin/login
2020-03-25 17:59:22.561 INFO  [http-nio-1000-exec-1]com.jg.blog.aspect.RequestAspect.printRequestLog:119 -请求方式 : POST
2020-03-25 17:59:22.562 INFO  [http-nio-1000-exec-1]com.jg.blog.aspect.RequestAspect.printRequestLog:122 -IP : 0:0:0:0:0:0:0:1
2020-03-25 17:59:22.564 INFO  [http-nio-1000-exec-1]com.jg.blog.aspect.RequestAspect.printRequestLog:124 -方法 : com.jg.blog.controller.AdminController.login
2020-03-25 17:59:22.564 INFO  [http-nio-1000-exec-1]com.jg.blog.aspect.RequestAspect.printRequestLog:126 -请求参数：[Admin(id=null, name=null, header=null, signature=null, comment=null, username=admin, password=123456)]
2020-03-25 17:59:22.565 INFO  [http-nio-1000-exec-1]com.jg.blog.aspect.RequestAspect.printRequestLog:128 -请求参数
2020-03-25 17:59:22.806 INFO  [http-nio-1000-exec-1]com.jg.blog.aspect.RequestAspect.doAround:69 -耗时 : 246
2020-03-25 17:59:22.887 INFO  [http-nio-1000-exec-1]com.jg.blog.aspect.RequestAspect.doAfterReturning:84 -返回值:{"code":20000,"data":{"token":"0E8EC28857B356E738F7FA41795CB2E3"},"msg":"操作成功"}
2020-03-25 18:01:37.323 INFO  [http-nio-1000-exec-10]com.jg.blog.aspect.RequestAspect.printRequestLog:118 -请求地址 : /textException/1
2020-03-25 18:01:37.323 INFO  [http-nio-1000-exec-10]com.jg.blog.aspect.RequestAspect.printRequestLog:119 -请求方式 : GET
2020-03-25 18:01:37.324 INFO  [http-nio-1000-exec-10]com.jg.blog.aspect.RequestAspect.printRequestLog:122 -IP : 0:0:0:0:0:0:0:1
2020-03-25 18:01:37.324 INFO  [http-nio-1000-exec-10]com.jg.blog.aspect.RequestAspect.printRequestLog:124 -方法 : com.jg.blog.controller.TestController.testExcoption
2020-03-25 18:01:37.324 INFO  [http-nio-1000-exec-10]com.jg.blog.aspect.RequestAspect.printRequestLog:126 -请求参数：[1]
2020-03-25 18:01:37.324 INFO  [http-nio-1000-exec-10]com.jg.blog.aspect.RequestAspect.printRequestLog:128 -请求参数
2020-03-25 18:01:37.326 INFO  [http-nio-1000-exec-10]com.jg.blog.aspect.RequestAspect.doAround:69 -耗时 : 3
2020-03-25 18:01:37.327 INFO  [http-nio-1000-exec-10]com.jg.blog.aspect.RequestAspect.doAfterReturning:84 -返回值:{"code":20000,"msg":"操作成功"}
2020-03-25 18:02:44.439 INFO  [http-nio-1000-exec-3]com.jg.blog.aspect.RequestAspect.printRequestLog:118 -请求地址 : /type/save
2020-03-25 18:02:44.439 INFO  [http-nio-1000-exec-3]com.jg.blog.aspect.RequestAspect.printRequestLog:119 -请求方式 : POST
2020-03-25 18:02:44.440 INFO  [http-nio-1000-exec-3]com.jg.blog.aspect.RequestAspect.printRequestLog:122 -IP : 0:0:0:0:0:0:0:1
2020-03-25 18:02:44.440 INFO  [http-nio-1000-exec-3]com.jg.blog.aspect.RequestAspect.printRequestLog:124 -方法 : com.jg.blog.controller.TypeController.save
2020-03-25 18:02:44.440 INFO  [http-nio-1000-exec-3]com.jg.blog.aspect.RequestAspect.printRequestLog:126 -请求参数：[Type(typeId=null, typeName=null, typeBlogCount=null, enable=null, deleted=null)]
2020-03-25 18:02:44.440 INFO  [http-nio-1000-exec-3]com.jg.blog.aspect.RequestAspect.printRequestLog:128 -请求参数
2020-03-25 18:04:40.308 INFO  [main]com.jg.blog.DemoApplication.logStarting:50 -Starting DemoApplication on DESKTOP-BVT926S with PID 22324 (F:\javaBlog\blog\target\classes started by 76773 in F:\javaBlog\blog)
2020-03-25 18:04:40.315 INFO  [main]com.jg.blog.DemoApplication.logStartupProfileInfo:648 -No active profile set, falling back to default profiles: default
2020-03-25 18:04:42.339 INFO  [main]o.s.c.s.PostProcessorRegistrationDelegate$BeanPostProcessorChecker.postProcessAfterInitialization:330 -Bean 'shiroConfig' of type [com.jg.blog.config.ShiroConfig$$EnhancerBySpringCGLIB$$937c47e7] is not eligible for getting processed by all BeanPostProcessors (for example: not eligible for auto-proxying)
2020-03-25 18:04:42.386 INFO  [main]o.s.c.s.PostProcessorRegistrationDelegate$BeanPostProcessorChecker.postProcessAfterInitialization:330 -Bean 'mybatis-org.mybatis.spring.boot.autoconfigure.MybatisProperties' of type [org.mybatis.spring.boot.autoconfigure.MybatisProperties] is not eligible for getting processed by all BeanPostProcessors (for example: not eligible for auto-proxying)
2020-03-25 18:04:42.399 INFO  [main]o.s.c.s.PostProcessorRegistrationDelegate$BeanPostProcessorChecker.postProcessAfterInitialization:330 -Bean 'org.mybatis.spring.boot.autoconfigure.MybatisAutoConfiguration' of type [org.mybatis.spring.boot.autoconfigure.MybatisAutoConfiguration$$EnhancerBySpringCGLIB$$79cf8663] is not eligible for getting processed by all BeanPostProcessors (for example: not eligible for auto-proxying)
2020-03-25 18:04:42.403 INFO  [main]o.s.c.s.PostProcessorRegistrationDelegate$BeanPostProcessorChecker.postProcessAfterInitialization:330 -Bean 'com.alibaba.druid.spring.boot.autoconfigure.DruidDataSourceAutoConfigure' of type [com.alibaba.druid.spring.boot.autoconfigure.DruidDataSourceAutoConfigure$$EnhancerBySpringCGLIB$$60a72aa5] is not eligible for getting processed by all BeanPostProcessors (for example: not eligible for auto-proxying)
2020-03-25 18:04:42.408 INFO  [main]c.a.d.s.boot.autoconfigure.DruidDataSourceAutoConfigure.dataSource:56 -Init DruidDataSource
2020-03-25 18:04:42.460 INFO  [main]o.s.c.s.PostProcessorRegistrationDelegate$BeanPostProcessorChecker.postProcessAfterInitialization:330 -Bean 'spring.datasource-org.springframework.boot.autoconfigure.jdbc.DataSourceProperties' of type [org.springframework.boot.autoconfigure.jdbc.DataSourceProperties] is not eligible for getting processed by all BeanPostProcessors (for example: not eligible for auto-proxying)
2020-03-25 18:04:42.485 INFO  [main]o.s.c.s.PostProcessorRegistrationDelegate$BeanPostProcessorChecker.postProcessAfterInitialization:330 -Bean 'com.alibaba.druid.spring.boot.autoconfigure.stat.DruidFilterConfiguration' of type [com.alibaba.druid.spring.boot.autoconfigure.stat.DruidFilterConfiguration] is not eligible for getting processed by all BeanPostProcessors (for example: not eligible for auto-proxying)
2020-03-25 18:04:42.511 INFO  [main]o.s.c.s.PostProcessorRegistrationDelegate$BeanPostProcessorChecker.postProcessAfterInitialization:330 -Bean 'statFilter' of type [com.alibaba.druid.filter.stat.StatFilter] is not eligible for getting processed by all BeanPostProcessors (for example: not eligible for auto-proxying)
2020-03-25 18:04:42.738 INFO  [main]com.alibaba.druid.pool.DruidDataSource.init:930 -{dataSource-1} inited
2020-03-25 18:04:42.739 INFO  [main]o.s.c.s.PostProcessorRegistrationDelegate$BeanPostProcessorChecker.postProcessAfterInitialization:330 -Bean 'dataSource' of type [com.alibaba.druid.spring.boot.autoconfigure.DruidDataSourceWrapper] is not eligible for getting processed by all BeanPostProcessors (for example: not eligible for auto-proxying)
2020-03-25 18:04:42.815 INFO  [main]o.s.c.s.PostProcessorRegistrationDelegate$BeanPostProcessorChecker.postProcessAfterInitialization:330 -Bean 'org.springframework.boot.autoconfigure.jdbc.DataSourceInitializerInvoker' of type [org.springframework.boot.autoconfigure.jdbc.DataSourceInitializerInvoker] is not eligible for getting processed by all BeanPostProcessors (for example: not eligible for auto-proxying)
2020-03-25 18:04:43.025 INFO  [main]o.s.c.s.PostProcessorRegistrationDelegate$BeanPostProcessorChecker.postProcessAfterInitialization:330 -Bean 'sqlSessionFactory' of type [org.apache.ibatis.session.defaults.DefaultSqlSessionFactory] is not eligible for getting processed by all BeanPostProcessors (for example: not eligible for auto-proxying)
2020-03-25 18:04:43.031 INFO  [main]o.s.c.s.PostProcessorRegistrationDelegate$BeanPostProcessorChecker.postProcessAfterInitialization:330 -Bean 'sqlSessionTemplate' of type [org.mybatis.spring.SqlSessionTemplate] is not eligible for getting processed by all BeanPostProcessors (for example: not eligible for auto-proxying)
2020-03-25 18:04:43.042 INFO  [main]o.s.c.s.PostProcessorRegistrationDelegate$BeanPostProcessorChecker.postProcessAfterInitialization:330 -Bean 'adminMapper' of type [org.mybatis.spring.mapper.MapperFactoryBean] is not eligible for getting processed by all BeanPostProcessors (for example: not eligible for auto-proxying)
2020-03-25 18:04:43.046 INFO  [main]o.s.c.s.PostProcessorRegistrationDelegate$BeanPostProcessorChecker.postProcessAfterInitialization:330 -Bean 'adminMapper' of type [com.sun.proxy.$Proxy75] is not eligible for getting processed by all BeanPostProcessors (for example: not eligible for auto-proxying)
2020-03-25 18:04:43.047 INFO  [main]o.s.c.s.PostProcessorRegistrationDelegate$BeanPostProcessorChecker.postProcessAfterInitialization:330 -Bean 'adminServiceImpl' of type [com.jg.blog.service.impl.AdminServiceImpl] is not eligible for getting processed by all BeanPostProcessors (for example: not eligible for auto-proxying)
2020-03-25 18:04:43.048 INFO  [main]o.s.c.s.PostProcessorRegistrationDelegate$BeanPostProcessorChecker.postProcessAfterInitialization:330 -Bean 'adminRealm' of type [com.jg.blog.realm.AdminRealm] is not eligible for getting processed by all BeanPostProcessors (for example: not eligible for auto-proxying)
2020-03-25 18:04:43.860 INFO  [main]o.s.c.s.PostProcessorRegistrationDelegate$BeanPostProcessorChecker.postProcessAfterInitialization:330 -Bean 'securityManager' of type [org.apache.shiro.web.mgt.DefaultWebSecurityManager] is not eligible for getting processed by all BeanPostProcessors (for example: not eligible for auto-proxying)
2020-03-25 18:04:43.886 INFO  [main]o.s.c.s.PostProcessorRegistrationDelegate$BeanPostProcessorChecker.postProcessAfterInitialization:330 -Bean 'authorizationAttributeSourceAdvisor' of type [org.apache.shiro.spring.security.interceptor.AuthorizationAttributeSourceAdvisor] is not eligible for getting processed by all BeanPostProcessors (for example: not eligible for auto-proxying)
2020-03-25 18:04:44.168 INFO  [main]o.s.boot.web.embedded.tomcat.TomcatWebServer.initialize:90 -Tomcat initialized with port(s): 1000 (http)
2020-03-25 18:04:44.181 INFO  [main]org.apache.coyote.http11.Http11NioProtocol.log:173 -Initializing ProtocolHandler ["http-nio-1000"]
2020-03-25 18:04:44.190 INFO  [main]org.apache.catalina.core.StandardService.log:173 -Starting service [Tomcat]
2020-03-25 18:04:44.190 INFO  [main]org.apache.catalina.core.StandardEngine.log:173 -Starting Servlet engine: [Apache Tomcat/9.0.31]
2020-03-25 18:04:44.315 INFO  [main]o.a.catalina.core.ContainerBase.[Tomcat].[localhost].[/].log:173 -Initializing Spring embedded WebApplicationContext
2020-03-25 18:04:44.315 INFO  [main]org.springframework.web.context.ContextLoader.prepareWebApplicationContext:284 -Root WebApplicationContext: initialization completed in 3866 ms
2020-03-25 18:04:45.857 INFO  [main]org.apache.coyote.http11.Http11NioProtocol.log:173 -Starting ProtocolHandler ["http-nio-1000"]
2020-03-25 18:04:45.882 INFO  [main]o.s.boot.web.embedded.tomcat.TomcatWebServer.start:202 -Tomcat started on port(s): 1000 (http) with context path ''
2020-03-25 18:04:45.884 INFO  [main]com.jg.blog.DemoApplication.logStarted:59 -Started DemoApplication in 6.282 seconds (JVM running for 7.77)
2020-03-25 18:05:03.414 INFO  [http-nio-1000-exec-2]o.a.catalina.core.ContainerBase.[Tomcat].[localhost].[/].log:173 -Initializing Spring DispatcherServlet 'dispatcherServlet'
2020-03-25 18:05:03.415 INFO  [http-nio-1000-exec-2]org.springframework.web.servlet.DispatcherServlet.initServletBean:525 -Initializing Servlet 'dispatcherServlet'
2020-03-25 18:05:03.435 INFO  [http-nio-1000-exec-2]org.springframework.web.servlet.DispatcherServlet.initServletBean:547 -Completed initialization in 20 ms
2020-03-25 18:05:27.401 INFO  [http-nio-1000-exec-3]com.jg.blog.aspect.RequestAspect.printRequestLog:118 -请求地址 : /admin/login
2020-03-25 18:05:27.403 INFO  [http-nio-1000-exec-3]com.jg.blog.aspect.RequestAspect.printRequestLog:119 -请求方式 : POST
2020-03-25 18:05:27.403 INFO  [http-nio-1000-exec-3]com.jg.blog.aspect.RequestAspect.printRequestLog:122 -IP : 0:0:0:0:0:0:0:1
2020-03-25 18:05:27.406 INFO  [http-nio-1000-exec-3]com.jg.blog.aspect.RequestAspect.printRequestLog:124 -方法 : com.jg.blog.controller.AdminController.login
2020-03-25 18:05:27.407 INFO  [http-nio-1000-exec-3]com.jg.blog.aspect.RequestAspect.printRequestLog:126 -请求参数：[Admin(id=null, name=null, header=null, signature=null, comment=null, username=admin, password=123456)]
2020-03-25 18:05:27.407 INFO  [http-nio-1000-exec-3]com.jg.blog.aspect.RequestAspect.printRequestLog:128 -请求参数
2020-03-25 18:05:27.625 INFO  [http-nio-1000-exec-3]com.jg.blog.aspect.RequestAspect.doAround:69 -耗时 : 224
2020-03-25 18:05:27.627 INFO  [http-nio-1000-exec-3]com.jg.blog.aspect.RequestAspect.doAfterReturning:84 -返回值:{"code":20000,"data":{"token":"F8937D03D553B9259B80FE8876D739E1"},"msg":"操作成功"}
2020-03-25 18:05:50.358 INFO  [http-nio-1000-exec-4]com.jg.blog.aspect.RequestAspect.printRequestLog:118 -请求地址 : /type/save
2020-03-25 18:05:50.359 INFO  [http-nio-1000-exec-4]com.jg.blog.aspect.RequestAspect.printRequestLog:119 -请求方式 : POST
2020-03-25 18:05:50.359 INFO  [http-nio-1000-exec-4]com.jg.blog.aspect.RequestAspect.printRequestLog:122 -IP : 0:0:0:0:0:0:0:1
2020-03-25 18:05:50.359 INFO  [http-nio-1000-exec-4]com.jg.blog.aspect.RequestAspect.printRequestLog:124 -方法 : com.jg.blog.controller.TypeController.save
2020-03-25 18:05:50.360 INFO  [http-nio-1000-exec-4]com.jg.blog.aspect.RequestAspect.printRequestLog:126 -请求参数：[Type(typeId=null, typeName=null, typeBlogCount=null, enable=null, deleted=null)]
2020-03-25 18:05:50.360 INFO  [http-nio-1000-exec-4]com.jg.blog.aspect.RequestAspect.printRequestLog:128 -请求参数
2020-03-25 18:10:11.465 INFO  [main]com.jg.blog.DemoApplication.logStarting:50 -Starting DemoApplication on DESKTOP-BVT926S with PID 9244 (F:\javaBlog\blog\target\classes started by 76773 in F:\javaBlog\blog)
2020-03-25 18:10:11.470 INFO  [main]com.jg.blog.DemoApplication.logStartupProfileInfo:648 -No active profile set, falling back to default profiles: default
2020-03-25 18:10:20.557 INFO  [main]com.jg.blog.DemoApplication.logStarting:50 -Starting DemoApplication on DESKTOP-BVT926S with PID 24540 (F:\javaBlog\blog\target\classes started by 76773 in F:\javaBlog\blog)
2020-03-25 18:10:20.562 INFO  [main]com.jg.blog.DemoApplication.logStartupProfileInfo:648 -No active profile set, falling back to default profiles: default
2020-03-25 18:10:21.903 INFO  [main]o.s.c.s.PostProcessorRegistrationDelegate$BeanPostProcessorChecker.postProcessAfterInitialization:330 -Bean 'shiroConfig' of type [com.jg.blog.config.ShiroConfig$$EnhancerBySpringCGLIB$$5036fb55] is not eligible for getting processed by all BeanPostProcessors (for example: not eligible for auto-proxying)
2020-03-25 18:10:21.962 INFO  [main]o.s.c.s.PostProcessorRegistrationDelegate$BeanPostProcessorChecker.postProcessAfterInitialization:330 -Bean 'mybatis-org.mybatis.spring.boot.autoconfigure.MybatisProperties' of type [org.mybatis.spring.boot.autoconfigure.MybatisProperties] is not eligible for getting processed by all BeanPostProcessors (for example: not eligible for auto-proxying)
2020-03-25 18:10:21.980 INFO  [main]o.s.c.s.PostProcessorRegistrationDelegate$BeanPostProcessorChecker.postProcessAfterInitialization:330 -Bean 'org.mybatis.spring.boot.autoconfigure.MybatisAutoConfiguration' of type [org.mybatis.spring.boot.autoconfigure.MybatisAutoConfiguration$$EnhancerBySpringCGLIB$$368a39d1] is not eligible for getting processed by all BeanPostProcessors (for example: not eligible for auto-proxying)
2020-03-25 18:10:21.985 INFO  [main]o.s.c.s.PostProcessorRegistrationDelegate$BeanPostProcessorChecker.postProcessAfterInitialization:330 -Bean 'com.alibaba.druid.spring.boot.autoconfigure.DruidDataSourceAutoConfigure' of type [com.alibaba.druid.spring.boot.autoconfigure.DruidDataSourceAutoConfigure$$EnhancerBySpringCGLIB$$1d61de13] is not eligible for getting processed by all BeanPostProcessors (for example: not eligible for auto-proxying)
2020-03-25 18:10:21.989 INFO  [main]c.a.d.s.boot.autoconfigure.DruidDataSourceAutoConfigure.dataSource:56 -Init DruidDataSource
2020-03-25 18:10:22.049 INFO  [main]o.s.c.s.PostProcessorRegistrationDelegate$BeanPostProcessorChecker.postProcessAfterInitialization:330 -Bean 'spring.datasource-org.springframework.boot.autoconfigure.jdbc.DataSourceProperties' of type [org.springframework.boot.autoconfigure.jdbc.DataSourceProperties] is not eligible for getting processed by all BeanPostProcessors (for example: not eligible for auto-proxying)
2020-03-25 18:10:22.068 INFO  [main]o.s.c.s.PostProcessorRegistrationDelegate$BeanPostProcessorChecker.postProcessAfterInitialization:330 -Bean 'com.alibaba.druid.spring.boot.autoconfigure.stat.DruidFilterConfiguration' of type [com.alibaba.druid.spring.boot.autoconfigure.stat.DruidFilterConfiguration] is not eligible for getting processed by all BeanPostProcessors (for example: not eligible for auto-proxying)
2020-03-25 18:10:22.091 INFO  [main]o.s.c.s.PostProcessorRegistrationDelegate$BeanPostProcessorChecker.postProcessAfterInitialization:330 -Bean 'statFilter' of type [com.alibaba.druid.filter.stat.StatFilter] is not eligible for getting processed by all BeanPostProcessors (for example: not eligible for auto-proxying)
2020-03-25 18:10:22.328 INFO  [main]com.alibaba.druid.pool.DruidDataSource.init:930 -{dataSource-1} inited
2020-03-25 18:10:22.328 INFO  [main]o.s.c.s.PostProcessorRegistrationDelegate$BeanPostProcessorChecker.postProcessAfterInitialization:330 -Bean 'dataSource' of type [com.alibaba.druid.spring.boot.autoconfigure.DruidDataSourceWrapper] is not eligible for getting processed by all BeanPostProcessors (for example: not eligible for auto-proxying)
2020-03-25 18:10:22.396 INFO  [main]o.s.c.s.PostProcessorRegistrationDelegate$BeanPostProcessorChecker.postProcessAfterInitialization:330 -Bean 'org.springframework.boot.autoconfigure.jdbc.DataSourceInitializerInvoker' of type [org.springframework.boot.autoconfigure.jdbc.DataSourceInitializerInvoker] is not eligible for getting processed by all BeanPostProcessors (for example: not eligible for auto-proxying)
2020-03-25 18:10:22.615 INFO  [main]o.s.c.s.PostProcessorRegistrationDelegate$BeanPostProcessorChecker.postProcessAfterInitialization:330 -Bean 'sqlSessionFactory' of type [org.apache.ibatis.session.defaults.DefaultSqlSessionFactory] is not eligible for getting processed by all BeanPostProcessors (for example: not eligible for auto-proxying)
2020-03-25 18:10:22.625 INFO  [main]o.s.c.s.PostProcessorRegistrationDelegate$BeanPostProcessorChecker.postProcessAfterInitialization:330 -Bean 'sqlSessionTemplate' of type [org.mybatis.spring.SqlSessionTemplate] is not eligible for getting processed by all BeanPostProcessors (for example: not eligible for auto-proxying)
2020-03-25 18:10:22.645 INFO  [main]o.s.c.s.PostProcessorRegistrationDelegate$BeanPostProcessorChecker.postProcessAfterInitialization:330 -Bean 'adminMapper' of type [org.mybatis.spring.mapper.MapperFactoryBean] is not eligible for getting processed by all BeanPostProcessors (for example: not eligible for auto-proxying)
2020-03-25 18:10:22.653 INFO  [main]o.s.c.s.PostProcessorRegistrationDelegate$BeanPostProcessorChecker.postProcessAfterInitialization:330 -Bean 'adminMapper' of type [com.sun.proxy.$Proxy75] is not eligible for getting processed by all BeanPostProcessors (for example: not eligible for auto-proxying)
2020-03-25 18:10:22.654 INFO  [main]o.s.c.s.PostProcessorRegistrationDelegate$BeanPostProcessorChecker.postProcessAfterInitialization:330 -Bean 'adminServiceImpl' of type [com.jg.blog.service.impl.AdminServiceImpl] is not eligible for getting processed by all BeanPostProcessors (for example: not eligible for auto-proxying)
2020-03-25 18:10:22.655 INFO  [main]o.s.c.s.PostProcessorRegistrationDelegate$BeanPostProcessorChecker.postProcessAfterInitialization:330 -Bean 'adminRealm' of type [com.jg.blog.realm.AdminRealm] is not eligible for getting processed by all BeanPostProcessors (for example: not eligible for auto-proxying)
2020-03-25 18:10:23.444 INFO  [main]o.s.c.s.PostProcessorRegistrationDelegate$BeanPostProcessorChecker.postProcessAfterInitialization:330 -Bean 'securityManager' of type [org.apache.shiro.web.mgt.DefaultWebSecurityManager] is not eligible for getting processed by all BeanPostProcessors (for example: not eligible for auto-proxying)
2020-03-25 18:10:23.476 INFO  [main]o.s.c.s.PostProcessorRegistrationDelegate$BeanPostProcessorChecker.postProcessAfterInitialization:330 -Bean 'authorizationAttributeSourceAdvisor' of type [org.apache.shiro.spring.security.interceptor.AuthorizationAttributeSourceAdvisor] is not eligible for getting processed by all BeanPostProcessors (for example: not eligible for auto-proxying)
2020-03-25 18:10:23.814 INFO  [main]o.s.boot.web.embedded.tomcat.TomcatWebServer.initialize:90 -Tomcat initialized with port(s): 1000 (http)
2020-03-25 18:10:23.830 INFO  [main]org.apache.coyote.http11.Http11NioProtocol.log:173 -Initializing ProtocolHandler ["http-nio-1000"]
2020-03-25 18:10:23.843 INFO  [main]org.apache.catalina.core.StandardService.log:173 -Starting service [Tomcat]
2020-03-25 18:10:23.843 INFO  [main]org.apache.catalina.core.StandardEngine.log:173 -Starting Servlet engine: [Apache Tomcat/9.0.31]
2020-03-25 18:10:23.983 INFO  [main]o.a.catalina.core.ContainerBase.[Tomcat].[localhost].[/].log:173 -Initializing Spring embedded WebApplicationContext
2020-03-25 18:10:23.983 INFO  [main]org.springframework.web.context.ContextLoader.prepareWebApplicationContext:284 -Root WebApplicationContext: initialization completed in 3368 ms
2020-03-25 18:10:25.914 INFO  [main]org.apache.coyote.http11.Http11NioProtocol.log:173 -Starting ProtocolHandler ["http-nio-1000"]
2020-03-25 18:10:25.945 INFO  [main]o.s.boot.web.embedded.tomcat.TomcatWebServer.start:202 -Tomcat started on port(s): 1000 (http) with context path ''
2020-03-25 18:10:25.949 INFO  [main]com.jg.blog.DemoApplication.logStarted:59 -Started DemoApplication in 6.376 seconds (JVM running for 8.033)
2020-03-25 18:10:31.687 INFO  [http-nio-1000-exec-1]o.a.catalina.core.ContainerBase.[Tomcat].[localhost].[/].log:173 -Initializing Spring DispatcherServlet 'dispatcherServlet'
2020-03-25 18:10:31.689 INFO  [http-nio-1000-exec-1]org.springframework.web.servlet.DispatcherServlet.initServletBean:525 -Initializing Servlet 'dispatcherServlet'
2020-03-25 18:10:31.711 INFO  [http-nio-1000-exec-1]org.springframework.web.servlet.DispatcherServlet.initServletBean:547 -Completed initialization in 22 ms
2020-03-25 18:10:31.847 INFO  [http-nio-1000-exec-1]com.jg.blog.aspect.RequestAspect.printRequestLog:118 -请求地址 : /admin/login
2020-03-25 18:10:31.849 INFO  [http-nio-1000-exec-1]com.jg.blog.aspect.RequestAspect.printRequestLog:119 -请求方式 : POST
2020-03-25 18:10:31.850 INFO  [http-nio-1000-exec-1]com.jg.blog.aspect.RequestAspect.printRequestLog:122 -IP : 0:0:0:0:0:0:0:1
2020-03-25 18:10:31.852 INFO  [http-nio-1000-exec-1]com.jg.blog.aspect.RequestAspect.printRequestLog:124 -方法 : com.jg.blog.controller.AdminController.login
2020-03-25 18:10:31.853 INFO  [http-nio-1000-exec-1]com.jg.blog.aspect.RequestAspect.printRequestLog:126 -请求参数：[Admin(id=null, name=null, header=null, signature=null, comment=null, username=admin, password=123456)]
2020-03-25 18:10:31.854 INFO  [http-nio-1000-exec-1]com.jg.blog.aspect.RequestAspect.printRequestLog:128 -请求参数
2020-03-25 18:10:32.072 INFO  [http-nio-1000-exec-1]com.jg.blog.aspect.RequestAspect.doAround:69 -耗时 : 225
2020-03-25 18:10:32.141 INFO  [http-nio-1000-exec-1]com.jg.blog.aspect.RequestAspect.doAfterReturning:84 -返回值:{"code":20000,"data":{"token":"A4BAE3E93FFCA8F3581B51D2124D52C9"},"msg":"操作成功"}
2020-03-25 18:10:57.000 INFO  [http-nio-1000-exec-4]com.jg.blog.aspect.RequestAspect.printRequestLog:118 -请求地址 : /type/save
2020-03-25 18:10:57.000 INFO  [http-nio-1000-exec-4]com.jg.blog.aspect.RequestAspect.printRequestLog:119 -请求方式 : POST
2020-03-25 18:10:57.000 INFO  [http-nio-1000-exec-4]com.jg.blog.aspect.RequestAspect.printRequestLog:122 -IP : 0:0:0:0:0:0:0:1
2020-03-25 18:10:57.001 INFO  [http-nio-1000-exec-4]com.jg.blog.aspect.RequestAspect.printRequestLog:124 -方法 : com.jg.blog.controller.TypeController.save
2020-03-25 18:10:57.001 INFO  [http-nio-1000-exec-4]com.jg.blog.aspect.RequestAspect.printRequestLog:126 -请求参数：[Type(typeId=null, typeName=null, typeBlogCount=null, enable=null, deleted=null)]
2020-03-25 18:10:57.001 INFO  [http-nio-1000-exec-4]com.jg.blog.aspect.RequestAspect.printRequestLog:128 -请求参数
2020-03-25 18:12:02.777 INFO  [Thread-16]o.s.jmx.export.annotation.AnnotationMBeanExporter.doUnregister:211 -Could not unregister MBean [com.github.tobato.fastdfs.domain.conn:name=fdfsConnectionPool,type=FdfsConnectionPool] as said MBean is not registered (perhaps already unregistered by an external process)
2020-03-25 18:12:02.788 INFO  [Thread-16]com.alibaba.druid.pool.DruidDataSource.close:1825 -{dataSource-1} closed
2020-03-25 18:12:09.122 INFO  [main]com.jg.blog.DemoApplication.logStarting:50 -Starting DemoApplication on DESKTOP-BVT926S with PID 11876 (F:\javaBlog\blog\target\classes started by 76773 in F:\javaBlog\blog)
2020-03-25 18:12:09.130 INFO  [main]com.jg.blog.DemoApplication.logStartupProfileInfo:648 -No active profile set, falling back to default profiles: default
2020-03-25 18:12:10.540 INFO  [main]o.s.c.s.PostProcessorRegistrationDelegate$BeanPostProcessorChecker.postProcessAfterInitialization:330 -Bean 'shiroConfig' of type [com.jg.blog.config.ShiroConfig$$EnhancerBySpringCGLIB$$a78bf659] is not eligible for getting processed by all BeanPostProcessors (for example: not eligible for auto-proxying)
2020-03-25 18:12:10.598 INFO  [main]o.s.c.s.PostProcessorRegistrationDelegate$BeanPostProcessorChecker.postProcessAfterInitialization:330 -Bean 'mybatis-org.mybatis.spring.boot.autoconfigure.MybatisProperties' of type [org.mybatis.spring.boot.autoconfigure.MybatisProperties] is not eligible for getting processed by all BeanPostProcessors (for example: not eligible for auto-proxying)
2020-03-25 18:12:10.610 INFO  [main]o.s.c.s.PostProcessorRegistrationDelegate$BeanPostProcessorChecker.postProcessAfterInitialization:330 -Bean 'org.mybatis.spring.boot.autoconfigure.MybatisAutoConfiguration' of type [org.mybatis.spring.boot.autoconfigure.MybatisAutoConfiguration$$EnhancerBySpringCGLIB$$8ddf34d5] is not eligible for getting processed by all BeanPostProcessors (for example: not eligible for auto-proxying)
2020-03-25 18:12:10.615 INFO  [main]o.s.c.s.PostProcessorRegistrationDelegate$BeanPostProcessorChecker.postProcessAfterInitialization:330 -Bean 'com.alibaba.druid.spring.boot.autoconfigure.DruidDataSourceAutoConfigure' of type [com.alibaba.druid.spring.boot.autoconfigure.DruidDataSourceAutoConfigure$$EnhancerBySpringCGLIB$$74b6d917] is not eligible for getting processed by all BeanPostProcessors (for example: not eligible for auto-proxying)
2020-03-25 18:12:10.619 INFO  [main]c.a.d.s.boot.autoconfigure.DruidDataSourceAutoConfigure.dataSource:56 -Init DruidDataSource
2020-03-25 18:12:10.681 INFO  [main]o.s.c.s.PostProcessorRegistrationDelegate$BeanPostProcessorChecker.postProcessAfterInitialization:330 -Bean 'spring.datasource-org.springframework.boot.autoconfigure.jdbc.DataSourceProperties' of type [org.springframework.boot.autoconfigure.jdbc.DataSourceProperties] is not eligible for getting processed by all BeanPostProcessors (for example: not eligible for auto-proxying)
2020-03-25 18:12:10.698 INFO  [main]o.s.c.s.PostProcessorRegistrationDelegate$BeanPostProcessorChecker.postProcessAfterInitialization:330 -Bean 'com.alibaba.druid.spring.boot.autoconfigure.stat.DruidFilterConfiguration' of type [com.alibaba.druid.spring.boot.autoconfigure.stat.DruidFilterConfiguration] is not eligible for getting processed by all BeanPostProcessors (for example: not eligible for auto-proxying)
2020-03-25 18:12:10.723 INFO  [main]o.s.c.s.PostProcessorRegistrationDelegate$BeanPostProcessorChecker.postProcessAfterInitialization:330 -Bean 'statFilter' of type [com.alibaba.druid.filter.stat.StatFilter] is not eligible for getting processed by all BeanPostProcessors (for example: not eligible for auto-proxying)
2020-03-25 18:12:10.962 INFO  [main]com.alibaba.druid.pool.DruidDataSource.init:930 -{dataSource-1} inited
2020-03-25 18:12:10.963 INFO  [main]o.s.c.s.PostProcessorRegistrationDelegate$BeanPostProcessorChecker.postProcessAfterInitialization:330 -Bean 'dataSource' of type [com.alibaba.druid.spring.boot.autoconfigure.DruidDataSourceWrapper] is not eligible for getting processed by all BeanPostProcessors (for example: not eligible for auto-proxying)
2020-03-25 18:12:11.029 INFO  [main]o.s.c.s.PostProcessorRegistrationDelegate$BeanPostProcessorChecker.postProcessAfterInitialization:330 -Bean 'org.springframework.boot.autoconfigure.jdbc.DataSourceInitializerInvoker' of type [org.springframework.boot.autoconfigure.jdbc.DataSourceInitializerInvoker] is not eligible for getting processed by all BeanPostProcessors (for example: not eligible for auto-proxying)
2020-03-25 18:12:11.387 INFO  [main]o.s.c.s.PostProcessorRegistrationDelegate$BeanPostProcessorChecker.postProcessAfterInitialization:330 -Bean 'sqlSessionFactory' of type [org.apache.ibatis.session.defaults.DefaultSqlSessionFactory] is not eligible for getting processed by all BeanPostProcessors (for example: not eligible for auto-proxying)
2020-03-25 18:12:11.394 INFO  [main]o.s.c.s.PostProcessorRegistrationDelegate$BeanPostProcessorChecker.postProcessAfterInitialization:330 -Bean 'sqlSessionTemplate' of type [org.mybatis.spring.SqlSessionTemplate] is not eligible for getting processed by all BeanPostProcessors (for example: not eligible for auto-proxying)
2020-03-25 18:12:11.405 INFO  [main]o.s.c.s.PostProcessorRegistrationDelegate$BeanPostProcessorChecker.postProcessAfterInitialization:330 -Bean 'adminMapper' of type [org.mybatis.spring.mapper.MapperFactoryBean] is not eligible for getting processed by all BeanPostProcessors (for example: not eligible for auto-proxying)
2020-03-25 18:12:11.410 INFO  [main]o.s.c.s.PostProcessorRegistrationDelegate$BeanPostProcessorChecker.postProcessAfterInitialization:330 -Bean 'adminMapper' of type [com.sun.proxy.$Proxy75] is not eligible for getting processed by all BeanPostProcessors (for example: not eligible for auto-proxying)
2020-03-25 18:12:11.411 INFO  [main]o.s.c.s.PostProcessorRegistrationDelegate$BeanPostProcessorChecker.postProcessAfterInitialization:330 -Bean 'adminServiceImpl' of type [com.jg.blog.service.impl.AdminServiceImpl] is not eligible for getting processed by all BeanPostProcessors (for example: not eligible for auto-proxying)
2020-03-25 18:12:11.412 INFO  [main]o.s.c.s.PostProcessorRegistrationDelegate$BeanPostProcessorChecker.postProcessAfterInitialization:330 -Bean 'adminRealm' of type [com.jg.blog.realm.AdminRealm] is not eligible for getting processed by all BeanPostProcessors (for example: not eligible for auto-proxying)
2020-03-25 18:12:12.377 INFO  [main]o.s.c.s.PostProcessorRegistrationDelegate$BeanPostProcessorChecker.postProcessAfterInitialization:330 -Bean 'securityManager' of type [org.apache.shiro.web.mgt.DefaultWebSecurityManager] is not eligible for getting processed by all BeanPostProcessors (for example: not eligible for auto-proxying)
2020-03-25 18:12:12.408 INFO  [main]o.s.c.s.PostProcessorRegistrationDelegate$BeanPostProcessorChecker.postProcessAfterInitialization:330 -Bean 'authorizationAttributeSourceAdvisor' of type [org.apache.shiro.spring.security.interceptor.AuthorizationAttributeSourceAdvisor] is not eligible for getting processed by all BeanPostProcessors (for example: not eligible for auto-proxying)
2020-03-25 18:12:12.735 INFO  [main]o.s.boot.web.embedded.tomcat.TomcatWebServer.initialize:90 -Tomcat initialized with port(s): 1000 (http)
2020-03-25 18:12:12.750 INFO  [main]org.apache.coyote.http11.Http11NioProtocol.log:173 -Initializing ProtocolHandler ["http-nio-1000"]
2020-03-25 18:12:12.760 INFO  [main]org.apache.catalina.core.StandardService.log:173 -Starting service [Tomcat]
2020-03-25 18:12:12.760 INFO  [main]org.apache.catalina.core.StandardEngine.log:173 -Starting Servlet engine: [Apache Tomcat/9.0.31]
2020-03-25 18:12:12.923 INFO  [main]o.a.catalina.core.ContainerBase.[Tomcat].[localhost].[/].log:173 -Initializing Spring embedded WebApplicationContext
2020-03-25 18:12:12.924 INFO  [main]org.springframework.web.context.ContextLoader.prepareWebApplicationContext:284 -Root WebApplicationContext: initialization completed in 3698 ms
2020-03-25 18:12:14.552 INFO  [main]org.apache.coyote.http11.Http11NioProtocol.log:173 -Starting ProtocolHandler ["http-nio-1000"]
2020-03-25 18:12:14.581 INFO  [main]o.s.boot.web.embedded.tomcat.TomcatWebServer.start:202 -Tomcat started on port(s): 1000 (http) with context path ''
2020-03-25 18:12:14.586 INFO  [main]com.jg.blog.DemoApplication.logStarted:59 -Started DemoApplication in 6.248 seconds (JVM running for 7.771)
2020-03-25 18:12:41.321 INFO  [http-nio-1000-exec-1]o.a.catalina.core.ContainerBase.[Tomcat].[localhost].[/].log:173 -Initializing Spring DispatcherServlet 'dispatcherServlet'
2020-03-25 18:12:41.322 INFO  [http-nio-1000-exec-1]org.springframework.web.servlet.DispatcherServlet.initServletBean:525 -Initializing Servlet 'dispatcherServlet'
2020-03-25 18:12:41.338 INFO  [http-nio-1000-exec-1]org.springframework.web.servlet.DispatcherServlet.initServletBean:547 -Completed initialization in 16 ms
2020-03-25 18:12:41.453 INFO  [http-nio-1000-exec-1]com.jg.blog.aspect.RequestAspect.printRequestLog:118 -请求地址 : /admin/login
2020-03-25 18:12:41.456 INFO  [http-nio-1000-exec-1]com.jg.blog.aspect.RequestAspect.printRequestLog:119 -请求方式 : POST
2020-03-25 18:12:41.457 INFO  [http-nio-1000-exec-1]com.jg.blog.aspect.RequestAspect.printRequestLog:122 -IP : 0:0:0:0:0:0:0:1
2020-03-25 18:12:41.462 INFO  [http-nio-1000-exec-1]com.jg.blog.aspect.RequestAspect.printRequestLog:124 -方法 : com.jg.blog.controller.AdminController.login
2020-03-25 18:12:41.462 INFO  [http-nio-1000-exec-1]com.jg.blog.aspect.RequestAspect.printRequestLog:126 -请求参数：[Admin(id=null, name=null, header=null, signature=null, comment=null, username=admin, password=123456)]
2020-03-25 18:12:41.463 INFO  [http-nio-1000-exec-1]com.jg.blog.aspect.RequestAspect.printRequestLog:128 -请求参数
2020-03-25 18:12:41.724 INFO  [http-nio-1000-exec-1]com.jg.blog.aspect.RequestAspect.doAround:69 -耗时 : 271
2020-03-25 18:12:41.800 INFO  [http-nio-1000-exec-1]com.jg.blog.aspect.RequestAspect.doAfterReturning:84 -返回值:{"code":20000,"data":{"token":"00DCB1E556608C34DC638EBAC3D89BFA"},"msg":"操作成功"}
2020-03-25 18:12:59.873 INFO  [http-nio-1000-exec-2]com.jg.blog.aspect.RequestAspect.printRequestLog:118 -请求地址 : /type/save
2020-03-25 18:12:59.874 INFO  [http-nio-1000-exec-2]com.jg.blog.aspect.RequestAspect.printRequestLog:119 -请求方式 : POST
2020-03-25 18:12:59.874 INFO  [http-nio-1000-exec-2]com.jg.blog.aspect.RequestAspect.printRequestLog:122 -IP : 0:0:0:0:0:0:0:1
2020-03-25 18:12:59.875 INFO  [http-nio-1000-exec-2]com.jg.blog.aspect.RequestAspect.printRequestLog:124 -方法 : com.jg.blog.controller.TypeController.save
2020-03-25 18:12:59.875 INFO  [http-nio-1000-exec-2]com.jg.blog.aspect.RequestAspect.printRequestLog:126 -请求参数：[Type(typeId=null, typeName=null, typeBlogCount=null, enable=null, deleted=null)]
2020-03-25 18:12:59.875 INFO  [http-nio-1000-exec-2]com.jg.blog.aspect.RequestAspect.printRequestLog:128 -请求参数
2020-03-25 18:16:56.979 INFO  [Thread-15]o.s.jmx.export.annotation.AnnotationMBeanExporter.doUnregister:211 -Could not unregister MBean [com.github.tobato.fastdfs.domain.conn:name=fdfsConnectionPool,type=FdfsConnectionPool] as said MBean is not registered (perhaps already unregistered by an external process)
2020-03-25 18:16:56.988 INFO  [Thread-15]com.alibaba.druid.pool.DruidDataSource.close:1825 -{dataSource-1} closed
2020-03-25 18:17:05.952 INFO  [main]com.jg.blog.DemoApplication.logStarting:50 -Starting DemoApplication on DESKTOP-BVT926S with PID 17472 (F:\javaBlog\blog\target\classes started by 76773 in F:\javaBlog\blog)
2020-03-25 18:17:05.957 INFO  [main]com.jg.blog.DemoApplication.logStartupProfileInfo:648 -No active profile set, falling back to default profiles: default
2020-03-25 18:17:07.144 INFO  [main]o.s.c.s.PostProcessorRegistrationDelegate$BeanPostProcessorChecker.postProcessAfterInitialization:330 -Bean 'shiroConfig' of type [com.jg.blog.config.ShiroConfig$$EnhancerBySpringCGLIB$$4de088e6] is not eligible for getting processed by all BeanPostProcessors (for example: not eligible for auto-proxying)
2020-03-25 18:17:07.195 INFO  [main]o.s.c.s.PostProcessorRegistrationDelegate$BeanPostProcessorChecker.postProcessAfterInitialization:330 -Bean 'mybatis-org.mybatis.spring.boot.autoconfigure.MybatisProperties' of type [org.mybatis.spring.boot.autoconfigure.MybatisProperties] is not eligible for getting processed by all BeanPostProcessors (for example: not eligible for auto-proxying)
2020-03-25 18:17:07.207 INFO  [main]o.s.c.s.PostProcessorRegistrationDelegate$BeanPostProcessorChecker.postProcessAfterInitialization:330 -Bean 'org.mybatis.spring.boot.autoconfigure.MybatisAutoConfiguration' of type [org.mybatis.spring.boot.autoconfigure.MybatisAutoConfiguration$$EnhancerBySpringCGLIB$$3433c762] is not eligible for getting processed by all BeanPostProcessors (for example: not eligible for auto-proxying)
2020-03-25 18:17:07.211 INFO  [main]o.s.c.s.PostProcessorRegistrationDelegate$BeanPostProcessorChecker.postProcessAfterInitialization:330 -Bean 'com.alibaba.druid.spring.boot.autoconfigure.DruidDataSourceAutoConfigure' of type [com.alibaba.druid.spring.boot.autoconfigure.DruidDataSourceAutoConfigure$$EnhancerBySpringCGLIB$$1b0b6ba4] is not eligible for getting processed by all BeanPostProcessors (for example: not eligible for auto-proxying)
2020-03-25 18:17:07.215 INFO  [main]c.a.d.s.boot.autoconfigure.DruidDataSourceAutoConfigure.dataSource:56 -Init DruidDataSource
2020-03-25 18:17:07.267 INFO  [main]o.s.c.s.PostProcessorRegistrationDelegate$BeanPostProcessorChecker.postProcessAfterInitialization:330 -Bean 'spring.datasource-org.springframework.boot.autoconfigure.jdbc.DataSourceProperties' of type [org.springframework.boot.autoconfigure.jdbc.DataSourceProperties] is not eligible for getting processed by all BeanPostProcessors (for example: not eligible for auto-proxying)
2020-03-25 18:17:07.283 INFO  [main]o.s.c.s.PostProcessorRegistrationDelegate$BeanPostProcessorChecker.postProcessAfterInitialization:330 -Bean 'com.alibaba.druid.spring.boot.autoconfigure.stat.DruidFilterConfiguration' of type [com.alibaba.druid.spring.boot.autoconfigure.stat.DruidFilterConfiguration] is not eligible for getting processed by all BeanPostProcessors (for example: not eligible for auto-proxying)
2020-03-25 18:17:07.307 INFO  [main]o.s.c.s.PostProcessorRegistrationDelegate$BeanPostProcessorChecker.postProcessAfterInitialization:330 -Bean 'statFilter' of type [com.alibaba.druid.filter.stat.StatFilter] is not eligible for getting processed by all BeanPostProcessors (for example: not eligible for auto-proxying)
2020-03-25 18:17:07.611 INFO  [main]com.alibaba.druid.pool.DruidDataSource.init:930 -{dataSource-1} inited
2020-03-25 18:17:07.612 INFO  [main]o.s.c.s.PostProcessorRegistrationDelegate$BeanPostProcessorChecker.postProcessAfterInitialization:330 -Bean 'dataSource' of type [com.alibaba.druid.spring.boot.autoconfigure.DruidDataSourceWrapper] is not eligible for getting processed by all BeanPostProcessors (for example: not eligible for auto-proxying)
2020-03-25 18:17:07.749 INFO  [main]o.s.c.s.PostProcessorRegistrationDelegate$BeanPostProcessorChecker.postProcessAfterInitialization:330 -Bean 'org.springframework.boot.autoconfigure.jdbc.DataSourceInitializerInvoker' of type [org.springframework.boot.autoconfigure.jdbc.DataSourceInitializerInvoker] is not eligible for getting processed by all BeanPostProcessors (for example: not eligible for auto-proxying)
2020-03-25 18:17:07.983 INFO  [main]o.s.c.s.PostProcessorRegistrationDelegate$BeanPostProcessorChecker.postProcessAfterInitialization:330 -Bean 'sqlSessionFactory' of type [org.apache.ibatis.session.defaults.DefaultSqlSessionFactory] is not eligible for getting processed by all BeanPostProcessors (for example: not eligible for auto-proxying)
2020-03-25 18:17:07.990 INFO  [main]o.s.c.s.PostProcessorRegistrationDelegate$BeanPostProcessorChecker.postProcessAfterInitialization:330 -Bean 'sqlSessionTemplate' of type [org.mybatis.spring.SqlSessionTemplate] is not eligible for getting processed by all BeanPostProcessors (for example: not eligible for auto-proxying)
2020-03-25 18:17:07.999 INFO  [main]o.s.c.s.PostProcessorRegistrationDelegate$BeanPostProcessorChecker.postProcessAfterInitialization:330 -Bean 'adminMapper' of type [org.mybatis.spring.mapper.MapperFactoryBean] is not eligible for getting processed by all BeanPostProcessors (for example: not eligible for auto-proxying)
2020-03-25 18:17:08.004 INFO  [main]o.s.c.s.PostProcessorRegistrationDelegate$BeanPostProcessorChecker.postProcessAfterInitialization:330 -Bean 'adminMapper' of type [com.sun.proxy.$Proxy75] is not eligible for getting processed by all BeanPostProcessors (for example: not eligible for auto-proxying)
2020-03-25 18:17:08.005 INFO  [main]o.s.c.s.PostProcessorRegistrationDelegate$BeanPostProcessorChecker.postProcessAfterInitialization:330 -Bean 'adminServiceImpl' of type [com.jg.blog.service.impl.AdminServiceImpl] is not eligible for getting processed by all BeanPostProcessors (for example: not eligible for auto-proxying)
2020-03-25 18:17:08.006 INFO  [main]o.s.c.s.PostProcessorRegistrationDelegate$BeanPostProcessorChecker.postProcessAfterInitialization:330 -Bean 'adminRealm' of type [com.jg.blog.realm.AdminRealm] is not eligible for getting processed by all BeanPostProcessors (for example: not eligible for auto-proxying)
2020-03-25 18:17:08.857 INFO  [main]o.s.c.s.PostProcessorRegistrationDelegate$BeanPostProcessorChecker.postProcessAfterInitialization:330 -Bean 'securityManager' of type [org.apache.shiro.web.mgt.DefaultWebSecurityManager] is not eligible for getting processed by all BeanPostProcessors (for example: not eligible for auto-proxying)
2020-03-25 18:17:08.899 INFO  [main]o.s.c.s.PostProcessorRegistrationDelegate$BeanPostProcessorChecker.postProcessAfterInitialization:330 -Bean 'authorizationAttributeSourceAdvisor' of type [org.apache.shiro.spring.security.interceptor.AuthorizationAttributeSourceAdvisor] is not eligible for getting processed by all BeanPostProcessors (for example: not eligible for auto-proxying)
2020-03-25 18:17:09.255 INFO  [main]o.s.boot.web.embedded.tomcat.TomcatWebServer.initialize:90 -Tomcat initialized with port(s): 1000 (http)
2020-03-25 18:17:09.270 INFO  [main]org.apache.coyote.http11.Http11NioProtocol.log:173 -Initializing ProtocolHandler ["http-nio-1000"]
2020-03-25 18:17:09.278 INFO  [main]org.apache.catalina.core.StandardService.log:173 -Starting service [Tomcat]
2020-03-25 18:17:09.278 INFO  [main]org.apache.catalina.core.StandardEngine.log:173 -Starting Servlet engine: [Apache Tomcat/9.0.31]
2020-03-25 18:17:09.428 INFO  [main]o.a.catalina.core.ContainerBase.[Tomcat].[localhost].[/].log:173 -Initializing Spring embedded WebApplicationContext
2020-03-25 18:17:09.429 INFO  [main]org.springframework.web.context.ContextLoader.prepareWebApplicationContext:284 -Root WebApplicationContext: initialization completed in 3368 ms
2020-03-25 18:17:11.265 INFO  [main]org.apache.coyote.http11.Http11NioProtocol.log:173 -Starting ProtocolHandler ["http-nio-1000"]
2020-03-25 18:17:11.289 INFO  [main]o.s.boot.web.embedded.tomcat.TomcatWebServer.start:202 -Tomcat started on port(s): 1000 (http) with context path ''
2020-03-25 18:17:11.292 INFO  [main]com.jg.blog.DemoApplication.logStarted:59 -Started DemoApplication in 6.037 seconds (JVM running for 8.363)
2020-03-25 18:17:28.621 INFO  [http-nio-1000-exec-2]o.a.catalina.core.ContainerBase.[Tomcat].[localhost].[/].log:173 -Initializing Spring DispatcherServlet 'dispatcherServlet'
2020-03-25 18:17:28.622 INFO  [http-nio-1000-exec-2]org.springframework.web.servlet.DispatcherServlet.initServletBean:525 -Initializing Servlet 'dispatcherServlet'
2020-03-25 18:17:28.641 INFO  [http-nio-1000-exec-2]org.springframework.web.servlet.DispatcherServlet.initServletBean:547 -Completed initialization in 19 ms
2020-03-25 18:17:28.758 INFO  [http-nio-1000-exec-2]com.jg.blog.aspect.RequestAspect.printRequestLog:118 -请求地址 : /admin/login
2020-03-25 18:17:28.760 INFO  [http-nio-1000-exec-2]com.jg.blog.aspect.RequestAspect.printRequestLog:119 -请求方式 : POST
2020-03-25 18:17:28.761 INFO  [http-nio-1000-exec-2]com.jg.blog.aspect.RequestAspect.printRequestLog:122 -IP : 0:0:0:0:0:0:0:1
2020-03-25 18:17:28.764 INFO  [http-nio-1000-exec-2]com.jg.blog.aspect.RequestAspect.printRequestLog:124 -方法 : com.jg.blog.controller.AdminController.login
2020-03-25 18:17:28.764 INFO  [http-nio-1000-exec-2]com.jg.blog.aspect.RequestAspect.printRequestLog:126 -请求参数：[Admin(id=null, name=null, header=null, signature=null, comment=null, username=admin, password=123456)]
2020-03-25 18:17:28.764 INFO  [http-nio-1000-exec-2]com.jg.blog.aspect.RequestAspect.printRequestLog:128 -请求参数
2020-03-25 18:17:29.012 INFO  [http-nio-1000-exec-2]com.jg.blog.aspect.RequestAspect.doAround:69 -耗时 : 254
2020-03-25 18:17:29.084 INFO  [http-nio-1000-exec-2]com.jg.blog.aspect.RequestAspect.doAfterReturning:84 -返回值:{"code":20000,"data":{"token":"AB8B9717B5B389B1FFF447189F7BC40A"},"msg":"操作成功"}
2020-03-25 18:23:09.679 INFO  [http-nio-1000-exec-5]com.jg.blog.aspect.RequestAspect.printRequestLog:118 -请求地址 : /type/save
2020-03-25 18:23:09.680 INFO  [http-nio-1000-exec-5]com.jg.blog.aspect.RequestAspect.printRequestLog:119 -请求方式 : POST
2020-03-25 18:23:09.681 INFO  [http-nio-1000-exec-5]com.jg.blog.aspect.RequestAspect.printRequestLog:122 -IP : 0:0:0:0:0:0:0:1
2020-03-25 18:23:09.681 INFO  [http-nio-1000-exec-5]com.jg.blog.aspect.RequestAspect.printRequestLog:124 -方法 : com.jg.blog.controller.TypeController.save
2020-03-25 18:23:09.681 INFO  [http-nio-1000-exec-5]com.jg.blog.aspect.RequestAspect.printRequestLog:126 -请求参数：[com.jg.blog.pojo.Type@74bc4bc]
2020-03-25 18:23:09.682 INFO  [http-nio-1000-exec-5]com.jg.blog.aspect.RequestAspect.printRequestLog:128 -请求参数
2020-03-25 18:24:50.883 INFO  [Thread-15]o.s.jmx.export.annotation.AnnotationMBeanExporter.doUnregister:211 -Could not unregister MBean [com.github.tobato.fastdfs.domain.conn:name=fdfsConnectionPool,type=FdfsConnectionPool] as said MBean is not registered (perhaps already unregistered by an external process)
2020-03-25 18:24:50.897 INFO  [Thread-15]com.alibaba.druid.pool.DruidDataSource.close:1825 -{dataSource-1} closed
2020-03-25 18:57:08.762 INFO  [main]com.jg.blog.DemoApplication.logStarting:50 -Starting DemoApplication on DESKTOP-BVT926S with PID 6640 (F:\javaBlog\blog\target\classes started by 76773 in F:\javaBlog\blog)
2020-03-25 18:57:08.787 INFO  [main]com.jg.blog.DemoApplication.logStartupProfileInfo:648 -No active profile set, falling back to default profiles: default
2020-03-25 18:57:11.207 INFO  [main]o.s.c.s.PostProcessorRegistrationDelegate$BeanPostProcessorChecker.postProcessAfterInitialization:330 -Bean 'shiroConfig' of type [com.jg.blog.config.ShiroConfig$$EnhancerBySpringCGLIB$$d9d377e1] is not eligible for getting processed by all BeanPostProcessors (for example: not eligible for auto-proxying)
2020-03-25 18:57:11.257 INFO  [main]o.s.c.s.PostProcessorRegistrationDelegate$BeanPostProcessorChecker.postProcessAfterInitialization:330 -Bean 'mybatis-org.mybatis.spring.boot.autoconfigure.MybatisProperties' of type [org.mybatis.spring.boot.autoconfigure.MybatisProperties] is not eligible for getting processed by all BeanPostProcessors (for example: not eligible for auto-proxying)
2020-03-25 18:57:11.267 INFO  [main]o.s.c.s.PostProcessorRegistrationDelegate$BeanPostProcessorChecker.postProcessAfterInitialization:330 -Bean 'org.mybatis.spring.boot.autoconfigure.MybatisAutoConfiguration' of type [org.mybatis.spring.boot.autoconfigure.MybatisAutoConfiguration$$EnhancerBySpringCGLIB$$c026b65d] is not eligible for getting processed by all BeanPostProcessors (for example: not eligible for auto-proxying)
2020-03-25 18:57:11.271 INFO  [main]o.s.c.s.PostProcessorRegistrationDelegate$BeanPostProcessorChecker.postProcessAfterInitialization:330 -Bean 'com.alibaba.druid.spring.boot.autoconfigure.DruidDataSourceAutoConfigure' of type [com.alibaba.druid.spring.boot.autoconfigure.DruidDataSourceAutoConfigure$$EnhancerBySpringCGLIB$$a6fe5a9f] is not eligible for getting processed by all BeanPostProcessors (for example: not eligible for auto-proxying)
2020-03-25 18:57:11.274 INFO  [main]c.a.d.s.boot.autoconfigure.DruidDataSourceAutoConfigure.dataSource:56 -Init DruidDataSource
2020-03-25 18:57:11.356 INFO  [main]o.s.c.s.PostProcessorRegistrationDelegate$BeanPostProcessorChecker.postProcessAfterInitialization:330 -Bean 'spring.datasource-org.springframework.boot.autoconfigure.jdbc.DataSourceProperties' of type [org.springframework.boot.autoconfigure.jdbc.DataSourceProperties] is not eligible for getting processed by all BeanPostProcessors (for example: not eligible for auto-proxying)
2020-03-25 18:57:11.373 INFO  [main]o.s.c.s.PostProcessorRegistrationDelegate$BeanPostProcessorChecker.postProcessAfterInitialization:330 -Bean 'com.alibaba.druid.spring.boot.autoconfigure.stat.DruidFilterConfiguration' of type [com.alibaba.druid.spring.boot.autoconfigure.stat.DruidFilterConfiguration] is not eligible for getting processed by all BeanPostProcessors (for example: not eligible for auto-proxying)
2020-03-25 18:57:11.401 INFO  [main]o.s.c.s.PostProcessorRegistrationDelegate$BeanPostProcessorChecker.postProcessAfterInitialization:330 -Bean 'statFilter' of type [com.alibaba.druid.filter.stat.StatFilter] is not eligible for getting processed by all BeanPostProcessors (for example: not eligible for auto-proxying)
2020-03-25 18:57:11.714 INFO  [main]com.alibaba.druid.pool.DruidDataSource.init:930 -{dataSource-1} inited
2020-03-25 18:57:11.715 INFO  [main]o.s.c.s.PostProcessorRegistrationDelegate$BeanPostProcessorChecker.postProcessAfterInitialization:330 -Bean 'dataSource' of type [com.alibaba.druid.spring.boot.autoconfigure.DruidDataSourceWrapper] is not eligible for getting processed by all BeanPostProcessors (for example: not eligible for auto-proxying)
2020-03-25 18:57:11.801 INFO  [main]o.s.c.s.PostProcessorRegistrationDelegate$BeanPostProcessorChecker.postProcessAfterInitialization:330 -Bean 'org.springframework.boot.autoconfigure.jdbc.DataSourceInitializerInvoker' of type [org.springframework.boot.autoconfigure.jdbc.DataSourceInitializerInvoker] is not eligible for getting processed by all BeanPostProcessors (for example: not eligible for auto-proxying)
2020-03-25 18:57:12.449 INFO  [main]o.s.c.s.PostProcessorRegistrationDelegate$BeanPostProcessorChecker.postProcessAfterInitialization:330 -Bean 'sqlSessionFactory' of type [org.apache.ibatis.session.defaults.DefaultSqlSessionFactory] is not eligible for getting processed by all BeanPostProcessors (for example: not eligible for auto-proxying)
2020-03-25 18:57:12.456 INFO  [main]o.s.c.s.PostProcessorRegistrationDelegate$BeanPostProcessorChecker.postProcessAfterInitialization:330 -Bean 'sqlSessionTemplate' of type [org.mybatis.spring.SqlSessionTemplate] is not eligible for getting processed by all BeanPostProcessors (for example: not eligible for auto-proxying)
2020-03-25 18:57:12.465 INFO  [main]o.s.c.s.PostProcessorRegistrationDelegate$BeanPostProcessorChecker.postProcessAfterInitialization:330 -Bean 'adminMapper' of type [org.mybatis.spring.mapper.MapperFactoryBean] is not eligible for getting processed by all BeanPostProcessors (for example: not eligible for auto-proxying)
2020-03-25 18:57:12.469 INFO  [main]o.s.c.s.PostProcessorRegistrationDelegate$BeanPostProcessorChecker.postProcessAfterInitialization:330 -Bean 'adminMapper' of type [com.sun.proxy.$Proxy75] is not eligible for getting processed by all BeanPostProcessors (for example: not eligible for auto-proxying)
2020-03-25 18:57:12.471 INFO  [main]o.s.c.s.PostProcessorRegistrationDelegate$BeanPostProcessorChecker.postProcessAfterInitialization:330 -Bean 'adminServiceImpl' of type [com.jg.blog.service.impl.AdminServiceImpl] is not eligible for getting processed by all BeanPostProcessors (for example: not eligible for auto-proxying)
2020-03-25 18:57:12.472 INFO  [main]o.s.c.s.PostProcessorRegistrationDelegate$BeanPostProcessorChecker.postProcessAfterInitialization:330 -Bean 'adminRealm' of type [com.jg.blog.realm.AdminRealm] is not eligible for getting processed by all BeanPostProcessors (for example: not eligible for auto-proxying)
2020-03-25 18:57:13.747 INFO  [main]o.s.c.s.PostProcessorRegistrationDelegate$BeanPostProcessorChecker.postProcessAfterInitialization:330 -Bean 'securityManager' of type [org.apache.shiro.web.mgt.DefaultWebSecurityManager] is not eligible for getting processed by all BeanPostProcessors (for example: not eligible for auto-proxying)
2020-03-25 18:57:13.774 INFO  [main]o.s.c.s.PostProcessorRegistrationDelegate$BeanPostProcessorChecker.postProcessAfterInitialization:330 -Bean 'authorizationAttributeSourceAdvisor' of type [org.apache.shiro.spring.security.interceptor.AuthorizationAttributeSourceAdvisor] is not eligible for getting processed by all BeanPostProcessors (for example: not eligible for auto-proxying)
2020-03-25 18:57:14.214 INFO  [main]o.s.boot.web.embedded.tomcat.TomcatWebServer.initialize:90 -Tomcat initialized with port(s): 1000 (http)
2020-03-25 18:57:14.231 INFO  [main]org.apache.coyote.http11.Http11NioProtocol.log:173 -Initializing ProtocolHandler ["http-nio-1000"]
2020-03-25 18:57:14.240 INFO  [main]org.apache.catalina.core.StandardService.log:173 -Starting service [Tomcat]
2020-03-25 18:57:14.241 INFO  [main]org.apache.catalina.core.StandardEngine.log:173 -Starting Servlet engine: [Apache Tomcat/9.0.31]
2020-03-25 18:57:14.386 INFO  [main]o.a.catalina.core.ContainerBase.[Tomcat].[localhost].[/].log:173 -Initializing Spring embedded WebApplicationContext
2020-03-25 18:57:14.387 INFO  [main]org.springframework.web.context.ContextLoader.prepareWebApplicationContext:284 -Root WebApplicationContext: initialization completed in 5373 ms
2020-03-25 18:57:15.940 INFO  [main]org.apache.coyote.http11.Http11NioProtocol.log:173 -Starting ProtocolHandler ["http-nio-1000"]
2020-03-25 18:57:15.983 INFO  [main]o.s.boot.web.embedded.tomcat.TomcatWebServer.start:202 -Tomcat started on port(s): 1000 (http) with context path ''
2020-03-25 18:57:15.985 INFO  [main]com.jg.blog.DemoApplication.logStarted:59 -Started DemoApplication in 8.642 seconds (JVM running for 11.372)
2020-03-25 18:58:03.058 INFO  [http-nio-1000-exec-1]o.a.catalina.core.ContainerBase.[Tomcat].[localhost].[/].log:173 -Initializing Spring DispatcherServlet 'dispatcherServlet'
2020-03-25 18:58:03.058 INFO  [http-nio-1000-exec-1]org.springframework.web.servlet.DispatcherServlet.initServletBean:525 -Initializing Servlet 'dispatcherServlet'
2020-03-25 18:58:03.079 INFO  [http-nio-1000-exec-1]org.springframework.web.servlet.DispatcherServlet.initServletBean:547 -Completed initialization in 20 ms
2020-03-25 18:58:16.326 INFO  [http-nio-1000-exec-3]com.jg.blog.aspect.RequestAspect.printRequestLog:118 -请求地址 : /admin/login
2020-03-25 18:58:16.327 INFO  [http-nio-1000-exec-3]com.jg.blog.aspect.RequestAspect.printRequestLog:119 -请求方式 : POST
2020-03-25 18:58:16.328 INFO  [http-nio-1000-exec-3]com.jg.blog.aspect.RequestAspect.printRequestLog:122 -IP : 0:0:0:0:0:0:0:1
2020-03-25 18:58:16.330 INFO  [http-nio-1000-exec-3]com.jg.blog.aspect.RequestAspect.printRequestLog:124 -方法 : com.jg.blog.controller.AdminController.login
2020-03-25 18:58:16.330 INFO  [http-nio-1000-exec-3]com.jg.blog.aspect.RequestAspect.printRequestLog:126 -请求参数：[Admin(id=null, name=null, header=null, signature=null, comment=null, username=admin, password=123456)]
2020-03-25 18:58:16.331 INFO  [http-nio-1000-exec-3]com.jg.blog.aspect.RequestAspect.printRequestLog:128 -请求参数
2020-03-25 18:58:16.639 INFO  [http-nio-1000-exec-3]com.jg.blog.aspect.RequestAspect.doAround:69 -耗时 : 314
2020-03-25 18:58:16.641 INFO  [http-nio-1000-exec-3]com.jg.blog.aspect.RequestAspect.doAfterReturning:84 -返回值:{"code":20000,"data":{"token":"21261B18492645905ED8AE5A50346374"},"msg":"操作成功"}
2020-03-25 18:59:06.017 INFO  [http-nio-1000-exec-4]com.jg.blog.aspect.RequestAspect.printRequestLog:118 -请求地址 : /type/save
2020-03-25 18:59:06.017 INFO  [http-nio-1000-exec-4]com.jg.blog.aspect.RequestAspect.printRequestLog:119 -请求方式 : POST
2020-03-25 18:59:06.019 INFO  [http-nio-1000-exec-4]com.jg.blog.aspect.RequestAspect.printRequestLog:122 -IP : 0:0:0:0:0:0:0:1
2020-03-25 18:59:06.019 INFO  [http-nio-1000-exec-4]com.jg.blog.aspect.RequestAspect.printRequestLog:124 -方法 : com.jg.blog.controller.TypeController.save
2020-03-25 18:59:06.019 INFO  [http-nio-1000-exec-4]com.jg.blog.aspect.RequestAspect.printRequestLog:126 -请求参数：[com.jg.blog.pojo.Type@1e417d51]
2020-03-25 18:59:06.019 INFO  [http-nio-1000-exec-4]com.jg.blog.aspect.RequestAspect.printRequestLog:128 -请求参数
2020-03-25 19:04:46.883 INFO  [http-nio-1000-exec-6]com.jg.blog.aspect.RequestAspect.printRequestLog:118 -请求地址 : /type/save
2020-03-25 19:04:46.884 INFO  [http-nio-1000-exec-6]com.jg.blog.aspect.RequestAspect.printRequestLog:119 -请求方式 : POST
2020-03-25 19:04:46.884 INFO  [http-nio-1000-exec-6]com.jg.blog.aspect.RequestAspect.printRequestLog:122 -IP : 0:0:0:0:0:0:0:1
2020-03-25 19:04:46.884 INFO  [http-nio-1000-exec-6]com.jg.blog.aspect.RequestAspect.printRequestLog:124 -方法 : com.jg.blog.controller.TypeController.save
2020-03-25 19:04:46.884 INFO  [http-nio-1000-exec-6]com.jg.blog.aspect.RequestAspect.printRequestLog:126 -请求参数：[com.jg.blog.pojo.Type@3c9c83a3]
2020-03-25 19:04:46.885 INFO  [http-nio-1000-exec-6]com.jg.blog.aspect.RequestAspect.printRequestLog:128 -请求参数
2020-03-25 19:07:54.004 INFO  [main]com.jg.blog.DemoApplication.logStarting:50 -Starting DemoApplication on DESKTOP-BVT926S with PID 21408 (F:\javaBlog\blog\target\classes started by 76773 in F:\javaBlog\blog)
2020-03-25 19:07:54.007 INFO  [main]com.jg.blog.DemoApplication.logStartupProfileInfo:648 -No active profile set, falling back to default profiles: default
2020-03-25 19:07:55.172 INFO  [main]o.s.c.s.PostProcessorRegistrationDelegate$BeanPostProcessorChecker.postProcessAfterInitialization:330 -Bean 'shiroConfig' of type [com.jg.blog.config.ShiroConfig$$EnhancerBySpringCGLIB$$a7d611d8] is not eligible for getting processed by all BeanPostProcessors (for example: not eligible for auto-proxying)
2020-03-25 19:07:55.217 INFO  [main]o.s.c.s.PostProcessorRegistrationDelegate$BeanPostProcessorChecker.postProcessAfterInitialization:330 -Bean 'mybatis-org.mybatis.spring.boot.autoconfigure.MybatisProperties' of type [org.mybatis.spring.boot.autoconfigure.MybatisProperties] is not eligible for getting processed by all BeanPostProcessors (for example: not eligible for auto-proxying)
2020-03-25 19:07:55.228 INFO  [main]o.s.c.s.PostProcessorRegistrationDelegate$BeanPostProcessorChecker.postProcessAfterInitialization:330 -Bean 'org.mybatis.spring.boot.autoconfigure.MybatisAutoConfiguration' of type [org.mybatis.spring.boot.autoconfigure.MybatisAutoConfiguration$$EnhancerBySpringCGLIB$$8e295054] is not eligible for getting processed by all BeanPostProcessors (for example: not eligible for auto-proxying)
2020-03-25 19:07:55.232 INFO  [main]o.s.c.s.PostProcessorRegistrationDelegate$BeanPostProcessorChecker.postProcessAfterInitialization:330 -Bean 'com.alibaba.druid.spring.boot.autoconfigure.DruidDataSourceAutoConfigure' of type [com.alibaba.druid.spring.boot.autoconfigure.DruidDataSourceAutoConfigure$$EnhancerBySpringCGLIB$$7500f496] is not eligible for getting processed by all BeanPostProcessors (for example: not eligible for auto-proxying)
2020-03-25 19:07:55.235 INFO  [main]c.a.d.s.boot.autoconfigure.DruidDataSourceAutoConfigure.dataSource:56 -Init DruidDataSource
2020-03-25 19:07:55.276 INFO  [main]o.s.c.s.PostProcessorRegistrationDelegate$BeanPostProcessorChecker.postProcessAfterInitialization:330 -Bean 'spring.datasource-org.springframework.boot.autoconfigure.jdbc.DataSourceProperties' of type [org.springframework.boot.autoconfigure.jdbc.DataSourceProperties] is not eligible for getting processed by all BeanPostProcessors (for example: not eligible for auto-proxying)
2020-03-25 19:07:55.293 INFO  [main]o.s.c.s.PostProcessorRegistrationDelegate$BeanPostProcessorChecker.postProcessAfterInitialization:330 -Bean 'com.alibaba.druid.spring.boot.autoconfigure.stat.DruidFilterConfiguration' of type [com.alibaba.druid.spring.boot.autoconfigure.stat.DruidFilterConfiguration] is not eligible for getting processed by all BeanPostProcessors (for example: not eligible for auto-proxying)
2020-03-25 19:07:55.315 INFO  [main]o.s.c.s.PostProcessorRegistrationDelegate$BeanPostProcessorChecker.postProcessAfterInitialization:330 -Bean 'statFilter' of type [com.alibaba.druid.filter.stat.StatFilter] is not eligible for getting processed by all BeanPostProcessors (for example: not eligible for auto-proxying)
2020-03-25 19:07:55.546 INFO  [main]com.alibaba.druid.pool.DruidDataSource.init:930 -{dataSource-1} inited
2020-03-25 19:07:55.546 INFO  [main]o.s.c.s.PostProcessorRegistrationDelegate$BeanPostProcessorChecker.postProcessAfterInitialization:330 -Bean 'dataSource' of type [com.alibaba.druid.spring.boot.autoconfigure.DruidDataSourceWrapper] is not eligible for getting processed by all BeanPostProcessors (for example: not eligible for auto-proxying)
2020-03-25 19:07:55.607 INFO  [main]o.s.c.s.PostProcessorRegistrationDelegate$BeanPostProcessorChecker.postProcessAfterInitialization:330 -Bean 'org.springframework.boot.autoconfigure.jdbc.DataSourceInitializerInvoker' of type [org.springframework.boot.autoconfigure.jdbc.DataSourceInitializerInvoker] is not eligible for getting processed by all BeanPostProcessors (for example: not eligible for auto-proxying)
2020-03-25 19:07:55.803 INFO  [main]o.s.c.s.PostProcessorRegistrationDelegate$BeanPostProcessorChecker.postProcessAfterInitialization:330 -Bean 'sqlSessionFactory' of type [org.apache.ibatis.session.defaults.DefaultSqlSessionFactory] is not eligible for getting processed by all BeanPostProcessors (for example: not eligible for auto-proxying)
2020-03-25 19:07:55.811 INFO  [main]o.s.c.s.PostProcessorRegistrationDelegate$BeanPostProcessorChecker.postProcessAfterInitialization:330 -Bean 'sqlSessionTemplate' of type [org.mybatis.spring.SqlSessionTemplate] is not eligible for getting processed by all BeanPostProcessors (for example: not eligible for auto-proxying)
2020-03-25 19:07:55.822 INFO  [main]o.s.c.s.PostProcessorRegistrationDelegate$BeanPostProcessorChecker.postProcessAfterInitialization:330 -Bean 'adminMapper' of type [org.mybatis.spring.mapper.MapperFactoryBean] is not eligible for getting processed by all BeanPostProcessors (for example: not eligible for auto-proxying)
2020-03-25 19:07:55.825 INFO  [main]o.s.c.s.PostProcessorRegistrationDelegate$BeanPostProcessorChecker.postProcessAfterInitialization:330 -Bean 'adminMapper' of type [com.sun.proxy.$Proxy75] is not eligible for getting processed by all BeanPostProcessors (for example: not eligible for auto-proxying)
2020-03-25 19:07:55.827 INFO  [main]o.s.c.s.PostProcessorRegistrationDelegate$BeanPostProcessorChecker.postProcessAfterInitialization:330 -Bean 'adminServiceImpl' of type [com.jg.blog.service.impl.AdminServiceImpl] is not eligible for getting processed by all BeanPostProcessors (for example: not eligible for auto-proxying)
2020-03-25 19:07:55.829 INFO  [main]o.s.c.s.PostProcessorRegistrationDelegate$BeanPostProcessorChecker.postProcessAfterInitialization:330 -Bean 'adminRealm' of type [com.jg.blog.realm.AdminRealm] is not eligible for getting processed by all BeanPostProcessors (for example: not eligible for auto-proxying)
2020-03-25 19:07:56.687 INFO  [main]o.s.c.s.PostProcessorRegistrationDelegate$BeanPostProcessorChecker.postProcessAfterInitialization:330 -Bean 'securityManager' of type [org.apache.shiro.web.mgt.DefaultWebSecurityManager] is not eligible for getting processed by all BeanPostProcessors (for example: not eligible for auto-proxying)
2020-03-25 19:07:56.711 INFO  [main]o.s.c.s.PostProcessorRegistrationDelegate$BeanPostProcessorChecker.postProcessAfterInitialization:330 -Bean 'authorizationAttributeSourceAdvisor' of type [org.apache.shiro.spring.security.interceptor.AuthorizationAttributeSourceAdvisor] is not eligible for getting processed by all BeanPostProcessors (for example: not eligible for auto-proxying)
2020-03-25 19:07:56.987 INFO  [main]o.s.boot.web.embedded.tomcat.TomcatWebServer.initialize:90 -Tomcat initialized with port(s): 1000 (http)
2020-03-25 19:07:57.004 INFO  [main]org.apache.coyote.http11.Http11NioProtocol.log:173 -Initializing ProtocolHandler ["http-nio-1000"]
2020-03-25 19:07:57.016 INFO  [main]org.apache.catalina.core.StandardService.log:173 -Starting service [Tomcat]
2020-03-25 19:07:57.016 INFO  [main]org.apache.catalina.core.StandardEngine.log:173 -Starting Servlet engine: [Apache Tomcat/9.0.31]
2020-03-25 19:07:57.139 INFO  [main]o.a.catalina.core.ContainerBase.[Tomcat].[localhost].[/].log:173 -Initializing Spring embedded WebApplicationContext
2020-03-25 19:07:57.139 INFO  [main]org.springframework.web.context.ContextLoader.prepareWebApplicationContext:284 -Root WebApplicationContext: initialization completed in 3011 ms
2020-03-25 19:07:58.609 INFO  [main]org.apache.coyote.http11.Http11NioProtocol.log:173 -Starting ProtocolHandler ["http-nio-1000"]
2020-03-25 19:07:58.762 INFO  [main]o.s.boot.web.embedded.tomcat.TomcatWebServer.start:202 -Tomcat started on port(s): 1000 (http) with context path ''
2020-03-25 19:07:58.768 INFO  [main]com.jg.blog.DemoApplication.logStarted:59 -Started DemoApplication in 5.263 seconds (JVM running for 6.614)
2020-03-25 19:08:13.658 INFO  [http-nio-1000-exec-1]o.a.catalina.core.ContainerBase.[Tomcat].[localhost].[/].log:173 -Initializing Spring DispatcherServlet 'dispatcherServlet'
2020-03-25 19:08:13.658 INFO  [http-nio-1000-exec-1]org.springframework.web.servlet.DispatcherServlet.initServletBean:525 -Initializing Servlet 'dispatcherServlet'
2020-03-25 19:08:13.679 INFO  [http-nio-1000-exec-1]org.springframework.web.servlet.DispatcherServlet.initServletBean:547 -Completed initialization in 20 ms
2020-03-25 19:08:40.371 INFO  [http-nio-1000-exec-3]com.jg.blog.aspect.RequestAspect.printRequestLog:118 -请求地址 : /admin/login
2020-03-25 19:08:40.373 INFO  [http-nio-1000-exec-3]com.jg.blog.aspect.RequestAspect.printRequestLog:119 -请求方式 : POST
2020-03-25 19:08:40.374 INFO  [http-nio-1000-exec-3]com.jg.blog.aspect.RequestAspect.printRequestLog:122 -IP : 0:0:0:0:0:0:0:1
2020-03-25 19:08:40.378 INFO  [http-nio-1000-exec-3]com.jg.blog.aspect.RequestAspect.printRequestLog:124 -方法 : com.jg.blog.controller.AdminController.login
2020-03-25 19:08:40.381 INFO  [http-nio-1000-exec-3]com.jg.blog.aspect.RequestAspect.printRequestLog:126 -请求参数：[Admin(id=null, name=null, header=null, signature=null, comment=null, username=admin, password=123456)]
2020-03-25 19:08:40.381 INFO  [http-nio-1000-exec-3]com.jg.blog.aspect.RequestAspect.printRequestLog:128 -请求参数
2020-03-25 19:08:40.636 INFO  [http-nio-1000-exec-3]com.jg.blog.aspect.RequestAspect.doAround:69 -耗时 : 264
2020-03-25 19:08:40.638 INFO  [http-nio-1000-exec-3]com.jg.blog.aspect.RequestAspect.doAfterReturning:84 -返回值:{"code":20000,"data":{"token":"B5182C27CF5579E4E0F1C5559387F87A"},"msg":"操作成功"}
2020-03-25 19:09:20.832 INFO  [http-nio-1000-exec-4]com.jg.blog.aspect.RequestAspect.printRequestLog:118 -请求地址 : /type/save
2020-03-25 19:09:20.833 INFO  [http-nio-1000-exec-4]com.jg.blog.aspect.RequestAspect.printRequestLog:119 -请求方式 : POST
2020-03-25 19:09:20.833 INFO  [http-nio-1000-exec-4]com.jg.blog.aspect.RequestAspect.printRequestLog:122 -IP : 0:0:0:0:0:0:0:1
2020-03-25 19:09:20.834 INFO  [http-nio-1000-exec-4]com.jg.blog.aspect.RequestAspect.printRequestLog:124 -方法 : com.jg.blog.controller.TypeController.save
2020-03-25 19:09:20.834 INFO  [http-nio-1000-exec-4]com.jg.blog.aspect.RequestAspect.printRequestLog:126 -请求参数：[com.jg.blog.pojo.Type@5de874f6]
2020-03-25 19:09:20.834 INFO  [http-nio-1000-exec-4]com.jg.blog.aspect.RequestAspect.printRequestLog:128 -请求参数
2020-03-25 19:09:20.847 INFO  [http-nio-1000-exec-4]com.jg.blog.aspect.RequestAspect.doAround:69 -耗时 : 15
2020-03-25 19:09:20.849 INFO  [http-nio-1000-exec-4]com.jg.blog.aspect.RequestAspect.doAfterReturning:84 -返回值:{"code":20000,"msg":"添加成功"}
